
Buildfile: G:\picatrix1899_portable\workspace\git\CodeRed3\CodeRedDemo\CodeRedDemo.xml

create_jar_barghos:
         [jar] Building jar: G:\picatrix1899_portable\workspace\git\CodeRed3\CodeRedDemo\lib\barghos-math.jar

create_jar_utilslib:

create_jar_codered:
         [jar] Building jar: G:\picatrix1899_portable\workspace\git\CodeRed3\CodeRedDemo\lib\CodeRed.jar

create_jar_codereddemo:
BUILD SUCCESSFUL
Total time: 561 milliseconds

Buildfile: G:\picatrix1899_portable\workspace\git\CodeRed3\CodeRedDemo\CodeRedDemo.xml

create_jar_barghos:
         [jar] Building jar: G:\picatrix1899_portable\workspace\git\CodeRed3\CodeRedDemo\lib\barghos-math.jar

create_jar_utilslib:

create_jar_codered:
         [jar] Building jar: G:\picatrix1899_portable\workspace\git\CodeRed3\CodeRedDemo\lib\CodeRed.jar

create_jar_codereddemo:
BUILD SUCCESSFUL
Total time: 551 milliseconds

Buildfile: G:\picatrix1899_portable\workspace\git\CodeRed3\CodeRedDemo\CodeRedDemo.xml

create_jar_barghos:
         [jar] Building jar: G:\picatrix1899_portable\workspace\git\CodeRed3\CodeRedDemo\lib\barghos-math.jar

create_jar_utilslib:

create_jar_codered:

create_jar_codereddemo:
         [jar] Building jar: G:\picatrix1899_portable\workspace\git\CodeRed3\CodeRedDemo\CodeRedDemo.jar
BUILD SUCCESSFUL
Total time: 515 milliseconds
