#
# A fatal error has been detected by the Java Runtime Environment:
#
#  EXCEPTION_ACCESS_VIOLATION (0xc0000005) at pc=0x000000006bb54848, pid=6732, tid=0x00000000000021c0
#
# JRE version: Java(TM) SE Runtime Environment (8.0_121-b13) (build 1.8.0_121-b13)
# Java VM: Java HotSpot(TM) 64-Bit Server VM (25.121-b13 mixed mode windows-amd64 compressed oops)
# Problematic frame:
# C  [nvoglv64.DLL+0xac4848]
#
# Failed to write core dump. Minidumps are not enabled by default on client versions of Windows
#
# If you would like to submit a bug report, please visit:
#   http://bugreport.java.com/bugreport/crash.jsp
# The crash happened outside the Java Virtual Machine in native code.
# See problematic frame for where to report the bug.
#

---------------  T H R E A D  ---------------

Current thread (0x0000000005212800):  JavaThread "main" [_thread_in_native, id=8640, stack(0x0000000005020000,0x0000000005120000)]

siginfo: ExceptionCode=0xc0000005, reading address 0x0000000000000000

Registers:
RAX=0x0000000000000144, RBX=0x0000000000000000, RCX=0x000000000000000a, RDX=0x0008c27100000000
RSP=0x000000000511ea90, RBP=0x0000000000000144, RSI=0x0000000023cae080, RDI=0x0000000023cae080
R8 =0x0000000000000008, R9 =0x0000000000000000, R10=0x000000000000000f, R11=0x00000000f800d08d
R12=0x0000000000000000, R13=0x0000000023cae828, R14=0x0000000000001405, R15=0x0000000000000000
RIP=0x000000006bb54848, EFLAGS=0x0000000000010246

Top of Stack: (sp=0x000000000511ea90)
0x000000000511ea90:   0000000000000004 0000000000000000
0x000000000511eaa0:   0000000023cae828 0000000000000000
0x000000000511eab0:   000000000000c50c 000000006b81bf35
0x000000000511eac0:   0000000000000001 0000000023cae080
0x000000000511ead0:   000000000511eb50 000000076d4a5a08
0x000000000511eae0:   0000000000000004 0000000000000144
0x000000000511eaf0:   0000000000000001 0000000000001405
0x000000000511eb00:   0000000000000000 0000000000000000
0x000000000511eb10:   0000000000000000 000000006b8266c6
0x000000000511eb20:   0000000023cae828 0000000000000004
0x000000000511eb30:   0000000023cae080 0000000000000000
0x000000000511eb40:   0000000600000144 0000000000000510
0x000000000511eb50:   0000000000000000 0000000000000000
0x000000000511eb60:   0000000000000000 0000000000000000
0x000000000511eb70:   000000003f800000 000000076d24f410
0x000000000511eb80:   0000000005212800 000000000511ec18 

Instructions: (pc=0x000000006bb54848)
0x000000006bb54828:   89 bc 24 a0 00 00 00 e8 8c fd e9 ff 41 81 fe 05
0x000000006bb54838:   14 00 00 75 1f 48 8b 9c 24 c0 00 00 00 48 63 c5
0x000000006bb54848:   8b 0b 8b 54 83 fc 3b ca 8b fa 0f 47 f9 0f 42 d1
0x000000006bb54858:   2b fa eb 6a 41 81 fe 03 14 00 00 75 29 48 8b 9c 


Register to memory mapping:

RAX=0x0000000000000144 is an unknown value
RBX=0x0000000000000000 is an unknown value
RCX=0x000000000000000a is an unknown value
RDX=0x0008c27100000000 is an unknown value
RSP=0x000000000511ea90 is pointing into the stack for thread: 0x0000000005212800
RBP=0x0000000000000144 is an unknown value
RSI=0x0000000023cae080 is an unknown value
RDI=0x0000000023cae080 is an unknown value
R8 =0x0000000000000008 is an unknown value
R9 =0x0000000000000000 is an unknown value
R10=0x000000000000000f is an unknown value
R11=0x00000000f800d08d is an unknown value
R12=0x0000000000000000 is an unknown value
R13=0x0000000023cae828 is an unknown value
R14=0x0000000000001405 is an unknown value
R15=0x0000000000000000 is an unknown value


Stack: [0x0000000005020000,0x0000000005120000],  sp=0x000000000511ea90,  free space=1018k
Native frames: (J=compiled Java code, j=interpreted, Vv=VM code, C=native code)
C  [nvoglv64.DLL+0xac4848]
C  [nvoglv64.DLL+0x7966c6]
C  0x000000000578c7dc

Java frames: (J=compiled Java code, j=interpreted, Vv=VM code)
J 1286  org.lwjgl.system.JNI.callPV(JIIIJ)V (0 bytes) @ 0x000000000578c756 [0x000000000578c700+0x56]
J 1239 C1 com.codered.engine.rendering.DefaultEntityRenderer.renderObject(Lcom/codered/engine/entities/StaticEntity;Lcom/codered/engine/entities/Camera;Lcom/codered/engine/shaders/object/SimpleObjectShader;)V (103 bytes) @ 0x000000000576917c [0x0000000005767ee0+0x129c]
J 1327 C1 com.codered.engine.rendering.DefaultEntityRenderer.render(Lcom/codered/engine/entities/StaticEntity;)V (264 bytes) @ 0x00000000057adb04 [0x00000000057ad340+0x7c4]
j  com.codered.engine.rendering.WorldRenderer.render(Lcom/codered/engine/managing/World;Lcom/codered/engine/entities/Camera;)V+46
j  com.codered.demo.DemoGame.render()V+161
J 1203% C2 com.codered.engine.GameRoutine.run()V (136 bytes) @ 0x000000000574ff64 [0x000000000574fe80+0xe4]
j  com.codered.engine.GameRoutine.start()V+10
j  com.codered.engine.Game.start()V+4
j  com.codered.demo.Main.main([Ljava/lang/String;)V+9
v  ~StubRoutines::call_stub

---------------  P R O C E S S  ---------------

Java Threads: ( => current thread )
  0x000000002230e000 JavaThread "Java2D Disposer" daemon [_thread_blocked, id=3436, stack(0x00000000288f0000,0x00000000289f0000)]
  0x0000000020d6b000 JavaThread "Service Thread" daemon [_thread_blocked, id=10588, stack(0x00000000219d0000,0x0000000021ad0000)]
  0x0000000020cec000 JavaThread "C1 CompilerThread3" daemon [_thread_blocked, id=11064, stack(0x00000000218d0000,0x00000000219d0000)]
  0x0000000020ce3800 JavaThread "C2 CompilerThread2" daemon [_thread_blocked, id=9560, stack(0x00000000217d0000,0x00000000218d0000)]
  0x0000000020ce2000 JavaThread "C2 CompilerThread1" daemon [_thread_blocked, id=9416, stack(0x00000000216d0000,0x00000000217d0000)]
  0x0000000020cda000 JavaThread "C2 CompilerThread0" daemon [_thread_blocked, id=7940, stack(0x00000000215d0000,0x00000000216d0000)]
  0x0000000020cd8800 JavaThread "Attach Listener" daemon [_thread_blocked, id=2536, stack(0x00000000214d0000,0x00000000215d0000)]
  0x0000000020cd7800 JavaThread "Signal Dispatcher" daemon [_thread_blocked, id=7916, stack(0x00000000213d0000,0x00000000214d0000)]
  0x0000000005309000 JavaThread "Finalizer" daemon [_thread_blocked, id=11992, stack(0x00000000210b0000,0x00000000211b0000)]
  0x0000000005306000 JavaThread "Reference Handler" daemon [_thread_blocked, id=12860, stack(0x0000000020bb0000,0x0000000020cb0000)]
=>0x0000000005212800 JavaThread "main" [_thread_in_native, id=8640, stack(0x0000000005020000,0x0000000005120000)]

Other Threads:
  0x000000001edc6800 VMThread [stack: 0x0000000020ab0000,0x0000000020bb0000] [id=13180]
  0x0000000020d95000 WatcherThread [stack: 0x0000000021e80000,0x0000000021f80000] [id=3792]

VM state:not at safepoint (normal execution)

VM Mutex/Monitor currently owned by a thread: None

Heap:
 PSYoungGen      total 76288K, used 58238K [0x000000076ae00000, 0x0000000770300000, 0x00000007c0000000)
  eden space 65536K, 81% used [0x000000076ae00000,0x000000076e25a228,0x000000076ee00000)
  from space 10752K, 43% used [0x000000076f880000,0x000000076fd05728,0x0000000770300000)
  to   space 10752K, 0% used [0x000000076ee00000,0x000000076ee00000,0x000000076f880000)
 ParOldGen       total 175104K, used 36904K [0x00000006c0a00000, 0x00000006cb500000, 0x000000076ae00000)
  object space 175104K, 21% used [0x00000006c0a00000,0x00000006c2e0a030,0x00000006cb500000)
 Metaspace       used 11823K, capacity 12115K, committed 12288K, reserved 1060864K
  class space    used 1086K, capacity 1175K, committed 1280K, reserved 1048576K

Card table byte_map: [0x00000000146d0000,0x0000000014ed0000] byte_map_base: 0x00000000110cb000

Marking Bits: (ParMarkBitMap*) 0x000000006adbb6d0
 Begin Bits: [0x0000000015c30000, 0x0000000019c08000)
 End Bits:   [0x0000000019c08000, 0x000000001dbe0000)

Polling page: 0x0000000003820000

CodeCache: size=245760Kb used=4873Kb max_used=4873Kb free=240886Kb
 bounds [0x0000000005310000, 0x00000000057e0000, 0x0000000014310000]
 total_blobs=2234 nmethods=1361 adapters=786
 compilation: enabled

Compilation events (10 events):
Event: 5.906 Thread 0x0000000020ce3800 1357       4       java.lang.String::indexOf (7 bytes)
Event: 5.908 Thread 0x0000000020cec000 nmethod 1356 0x00000000057d2590 code [0x00000000057d2980, 0x00000000057d4808]
Event: 5.909 Thread 0x0000000020ce2000 nmethod 1355 0x00000000057c3750 code [0x00000000057c38a0, 0x00000000057c3b38]
Event: 5.911 Thread 0x0000000020ce3800 nmethod 1357 0x00000000057cc450 code [0x00000000057cc5a0, 0x00000000057cc9f8]
Event: 6.038 Thread 0x0000000020cec000 1359       1       com.codered.demo.Session::getPlayer (5 bytes)
Event: 6.039 Thread 0x0000000020cec000 nmethod 1359 0x00000000057b8010 code [0x00000000057b8160, 0x00000000057b8270]
Event: 6.039 Thread 0x0000000020cec000 1360       3       com.codered.engine.rendering.DefaultTerrainRenderer::renderTerrain (87 bytes)
Event: 6.041 Thread 0x0000000020cec000 nmethod 1360 0x00000000057d63d0 code [0x00000000057d6760, 0x00000000057d8318]
Event: 6.041 Thread 0x0000000020cec000 1361       3       com.codered.engine.terrain.Terrain::getTransformationMatrix (20 bytes)
Event: 6.041 Thread 0x0000000020cec000 nmethod 1361 0x00000000057cf250 code [0x00000000057cf420, 0x00000000057cfa98]

GC Heap History (8 events):
Event: 3.247 GC heap before
{Heap before GC invocations=1 (full 0):
 PSYoungGen      total 76288K, used 65536K [0x000000076ae00000, 0x0000000770300000, 0x00000007c0000000)
  eden space 65536K, 100% used [0x000000076ae00000,0x000000076ee00000,0x000000076ee00000)
  from space 10752K, 0% used [0x000000076f880000,0x000000076f880000,0x0000000770300000)
  to   space 10752K, 0% used [0x000000076ee00000,0x000000076ee00000,0x000000076f880000)
 ParOldGen       total 175104K, used 0K [0x00000006c0a00000, 0x00000006cb500000, 0x000000076ae00000)
  object space 175104K, 0% used [0x00000006c0a00000,0x00000006c0a00000,0x00000006cb500000)
 Metaspace       used 10756K, capacity 11019K, committed 11392K, reserved 1058816K
  class space    used 958K, capacity 1037K, committed 1152K, reserved 1048576K
Event: 3.251 GC heap after
Heap after GC invocations=1 (full 0):
 PSYoungGen      total 76288K, used 5215K [0x000000076ae00000, 0x0000000770300000, 0x00000007c0000000)
  eden space 65536K, 0% used [0x000000076ae00000,0x000000076ae00000,0x000000076ee00000)
  from space 10752K, 48% used [0x000000076ee00000,0x000000076f317e28,0x000000076f880000)
  to   space 10752K, 0% used [0x000000076f880000,0x000000076f880000,0x0000000770300000)
 ParOldGen       total 175104K, used 16K [0x00000006c0a00000, 0x00000006cb500000, 0x000000076ae00000)
  object space 175104K, 0% used [0x00000006c0a00000,0x00000006c0a04000,0x00000006cb500000)
 Metaspace       used 10756K, capacity 11019K, committed 11392K, reserved 1058816K
  class space    used 958K, capacity 1037K, committed 1152K, reserved 1048576K
}
Event: 3.662 GC heap before
{Heap before GC invocations=2 (full 0):
 PSYoungGen      total 76288K, used 70340K [0x000000076ae00000, 0x0000000770300000, 0x00000007c0000000)
  eden space 65536K, 99% used [0x000000076ae00000,0x000000076ed99548,0x000000076ee00000)
  from space 10752K, 48% used [0x000000076ee00000,0x000000076f317e28,0x000000076f880000)
  to   space 10752K, 0% used [0x000000076f880000,0x000000076f880000,0x0000000770300000)
 ParOldGen       total 175104K, used 16K [0x00000006c0a00000, 0x00000006cb500000, 0x000000076ae00000)
  object space 175104K, 0% used [0x00000006c0a00000,0x00000006c0a04000,0x00000006cb500000)
 Metaspace       used 10785K, capacity 11019K, committed 11392K, reserved 1058816K
  class space    used 960K, capacity 1037K, committed 1152K, reserved 1048576K
Event: 3.666 GC heap after
Heap after GC invocations=2 (full 0):
 PSYoungGen      total 76288K, used 7679K [0x000000076ae00000, 0x0000000770300000, 0x00000007c0000000)
  eden space 65536K, 0% used [0x000000076ae00000,0x000000076ae00000,0x000000076ee00000)
  from space 10752K, 71% used [0x000000076f880000,0x000000076ffffce0,0x0000000770300000)
  to   space 10752K, 0% used [0x000000076ee00000,0x000000076ee00000,0x000000076f880000)
 ParOldGen       total 175104K, used 24K [0x00000006c0a00000, 0x00000006cb500000, 0x000000076ae00000)
  object space 175104K, 0% used [0x00000006c0a00000,0x00000006c0a06000,0x00000006cb500000)
 Metaspace       used 10785K, capacity 11019K, committed 11392K, reserved 1058816K
  class space    used 960K, capacity 1037K, committed 1152K, reserved 1048576K
}
Event: 4.142 GC heap before
{Heap before GC invocations=3 (full 0):
 PSYoungGen      total 76288K, used 71536K [0x000000076ae00000, 0x0000000770300000, 0x00000007c0000000)
  eden space 65536K, 97% used [0x000000076ae00000,0x000000076ec5c4c0,0x000000076ee00000)
  from space 10752K, 71% used [0x000000076f880000,0x000000076ffffce0,0x0000000770300000)
  to   space 10752K, 0% used [0x000000076ee00000,0x000000076ee00000,0x000000076f880000)
 ParOldGen       total 175104K, used 24K [0x00000006c0a00000, 0x00000006cb500000, 0x000000076ae00000)
  object space 175104K, 0% used [0x00000006c0a00000,0x00000006c0a06000,0x00000006cb500000)
 Metaspace       used 10791K, capacity 11019K, committed 11392K, reserved 1058816K
  class space    used 960K, capacity 1037K, committed 1152K, reserved 1048576K
Event: 4.144 GC heap after
Heap after GC invocations=3 (full 0):
 PSYoungGen      total 76288K, used 4654K [0x000000076ae00000, 0x0000000770300000, 0x00000007c0000000)
  eden space 65536K, 0% used [0x000000076ae00000,0x000000076ae00000,0x000000076ee00000)
  from space 10752K, 43% used [0x000000076ee00000,0x000000076f28b8d0,0x000000076f880000)
  to   space 10752K, 0% used [0x000000076f880000,0x000000076f880000,0x0000000770300000)
 ParOldGen       total 175104K, used 32K [0x00000006c0a00000, 0x00000006cb500000, 0x000000076ae00000)
  object space 175104K, 0% used [0x00000006c0a00000,0x00000006c0a08000,0x00000006cb500000)
 Metaspace       used 10791K, capacity 11019K, committed 11392K, reserved 1058816K
  class space    used 960K, capacity 1037K, committed 1152K, reserved 1048576K
}
Event: 4.589 GC heap before
{Heap before GC invocations=4 (full 0):
 PSYoungGen      total 76288K, used 68136K [0x000000076ae00000, 0x0000000770300000, 0x00000007c0000000)
  eden space 65536K, 96% used [0x000000076ae00000,0x000000076ebfeae0,0x000000076ee00000)
  from space 10752K, 43% used [0x000000076ee00000,0x000000076f28b8d0,0x000000076f880000)
  to   space 10752K, 0% used [0x000000076f880000,0x000000076f880000,0x0000000770300000)
 ParOldGen       total 175104K, used 32K [0x00000006c0a00000, 0x00000006cb500000, 0x000000076ae00000)
  object space 175104K, 0% used [0x00000006c0a00000,0x00000006c0a08000,0x00000006cb500000)
 Metaspace       used 10793K, capacity 11019K, committed 11392K, reserved 1058816K
  class space    used 960K, capacity 1037K, committed 1152K, reserved 1048576K
Event: 4.598 GC heap after
Heap after GC invocations=4 (full 0):
 PSYoungGen      total 76288K, used 4629K [0x000000076ae00000, 0x0000000770300000, 0x00000007c0000000)
  eden space 65536K, 0% used [0x000000076ae00000,0x000000076ae00000,0x000000076ee00000)
  from space 10752K, 43% used [0x000000076f880000,0x000000076fd05728,0x0000000770300000)
  to   space 10752K, 0% used [0x000000076ee00000,0x000000076ee00000,0x000000076f880000)
 ParOldGen       total 175104K, used 36904K [0x00000006c0a00000, 0x00000006cb500000, 0x000000076ae00000)
  object space 175104K, 21% used [0x00000006c0a00000,0x00000006c2e0a030,0x00000006cb500000)
 Metaspace       used 10793K, capacity 11019K, committed 11392K, reserved 1058816K
  class space    used 960K, capacity 1037K, committed 1152K, reserved 1048576K
}

Deoptimization events (10 events):
Event: 3.501 Thread 0x0000000005212800 Uncommon trap: reason=unstable_if action=reinterpret pc=0x00000000055c8d20 method=java.awt.image.ComponentColorModel.getAlpha(Ljava/lang/Object;)I @ 4
Event: 3.536 Thread 0x0000000005212800 Uncommon trap: reason=unstable_if action=reinterpret pc=0x000000000569ec34 method=java.awt.image.BufferedImage.getRGB(IIII[III)[I @ 163
Event: 3.606 Thread 0x0000000005212800 Uncommon trap: reason=unstable_if action=reinterpret pc=0x00000000056a1504 method=java.awt.image.BufferedImage.getRGB(IIII[III)[I @ 163
Event: 3.906 Thread 0x0000000005212800 Uncommon trap: reason=unstable_if action=reinterpret pc=0x0000000005637a74 method=sun.misc.FloatingDecimal.readJavaFormatString(Ljava/lang/String;)Lsun/misc/FloatingDecimal$ASCIIToBinaryConverter; @ 445
Event: 4.874 Thread 0x0000000005212800 Uncommon trap: reason=class_check action=maybe_recompile pc=0x000000000563b380 method=java.util.Arrays.copyOf([Ljava/lang/Object;ILjava/lang/Class;)[Ljava/lang/Object; @ 24
Event: 4.874 Thread 0x0000000005212800 Uncommon trap: reason=class_check action=maybe_recompile pc=0x000000000563b380 method=java.util.Arrays.copyOf([Ljava/lang/Object;ILjava/lang/Class;)[Ljava/lang/Object; @ 24
Event: 4.875 Thread 0x0000000005212800 Uncommon trap: reason=unstable_if action=reinterpret pc=0x00000000056c1e04 method=java.util.HashMap.getNode(ILjava/lang/Object;)Ljava/util/HashMap$Node; @ 62
Event: 4.876 Thread 0x0000000005212800 Uncommon trap: reason=class_check action=maybe_recompile pc=0x000000000563b380 method=java.util.Arrays.copyOf([Ljava/lang/Object;ILjava/lang/Class;)[Ljava/lang/Object; @ 24
Event: 4.878 Thread 0x0000000005212800 Uncommon trap: reason=class_check action=maybe_recompile pc=0x000000000563b380 method=java.util.Arrays.copyOf([Ljava/lang/Object;ILjava/lang/Class;)[Ljava/lang/Object; @ 24
Event: 4.972 Thread 0x0000000005212800 Uncommon trap: reason=unstable_if action=reinterpret pc=0x0000000005716604 method=com.codered.engine.GameRoutine.run()V @ 110

Internal exceptions (10 events):
Event: 0.085 Thread 0x0000000005212800 Exception <a 'java/io/FileNotFoundException'> (0x000000076ae6ecf0) thrown at [C:\re\workspace\8-2-build-windows-amd64-cygwin\jdk8u121\8372\hotspot\src\share\vm\prims\jni.cpp, line 709]
Event: 0.131 Thread 0x0000000005212800 Exception <a 'java/security/PrivilegedActionException'> (0x000000076b0ff978) thrown at [C:\re\workspace\8-2-build-windows-amd64-cygwin\jdk8u121\8372\hotspot\src\share\vm\prims\jvm.cpp, line 1390]
Event: 0.131 Thread 0x0000000005212800 Exception <a 'java/security/PrivilegedActionException'> (0x000000076b0ffb88) thrown at [C:\re\workspace\8-2-build-windows-amd64-cygwin\jdk8u121\8372\hotspot\src\share\vm\prims\jvm.cpp, line 1390]
Event: 0.132 Thread 0x0000000005212800 Exception <a 'java/security/PrivilegedActionException'> (0x000000076b1037f8) thrown at [C:\re\workspace\8-2-build-windows-amd64-cygwin\jdk8u121\8372\hotspot\src\share\vm\prims\jvm.cpp, line 1390]
Event: 0.132 Thread 0x0000000005212800 Exception <a 'java/security/PrivilegedActionException'> (0x000000076b103a08) thrown at [C:\re\workspace\8-2-build-windows-amd64-cygwin\jdk8u121\8372\hotspot\src\share\vm\prims\jvm.cpp, line 1390]
Event: 0.162 Thread 0x0000000005212800 Exception <a 'java/lang/NoSuchFieldError': method resolution failed> (0x000000076b1ed1c8) thrown at [C:\re\workspace\8-2-build-windows-amd64-cygwin\jdk8u121\8372\hotspot\src\share\vm\prims\methodHandles.cpp, line 1146]
Event: 0.163 Thread 0x0000000005212800 Exception <a 'java/lang/NoSuchFieldError': method resolution failed> (0x000000076b1fa8e8) thrown at [C:\re\workspace\8-2-build-windows-amd64-cygwin\jdk8u121\8372\hotspot\src\share\vm\prims\methodHandles.cpp, line 1146]
Event: 2.435 Thread 0x0000000005212800 Exception <a 'sun/nio/fs/WindowsException'> (0x000000076b4609e8) thrown at [C:\re\workspace\8-2-build-windows-amd64-cygwin\jdk8u121\8372\hotspot\src\share\vm\prims\jni.cpp, line 709]
Event: 2.435 Thread 0x0000000005212800 Exception <a 'sun/nio/fs/WindowsException'> (0x000000076b461e60) thrown at [C:\re\workspace\8-2-build-windows-amd64-cygwin\jdk8u121\8372\hotspot\src\share\vm\prims\jni.cpp, line 709]
Event: 2.919 Thread 0x0000000005212800 Exception <a 'java/io/FileNotFoundException'> (0x000000076bc85bc0) thrown at [C:\re\workspace\8-2-build-windows-amd64-cygwin\jdk8u121\8372\hotspot\src\share\vm\prims\jni.cpp, line 709]

Events (10 events):
Event: 4.987 loading class cmn/utilslib/math/Quaternion
Event: 4.987 loading class cmn/utilslib/math/Quaternion done
Event: 5.005 loading class com/codered/demo/TestRenderer
Event: 5.005 loading class com/codered/demo/TestRenderer done
Event: 5.048 loading class com/codered/engine/rendering/DefaultTerrainRenderer
Event: 5.048 loading class com/codered/engine/rendering/DefaultTerrainRenderer done
Event: 5.068 Thread 0x0000000005212800 DEOPT PACKING pc=0x0000000005744d25 sp=0x000000000511eff0
Event: 5.068 Thread 0x0000000005212800 DEOPT UNPACKING pc=0x000000000535787f sp=0x000000000511ed68 mode 0
Event: 5.805 loading class java/nio/DirectByteBuffer$1
Event: 5.805 loading class java/nio/DirectByteBuffer$1 done


Dynamic libraries:
0x00007ff71a390000 - 0x00007ff71a3c7000 	C:\Program Files\Java\jre1.8.0_121\bin\javaw.exe
0x00007ffb4baa0000 - 0x00007ffb4bc80000 	C:\WINDOWS\SYSTEM32\ntdll.dll
0x00007ffb49560000 - 0x00007ffb4960e000 	C:\WINDOWS\System32\KERNEL32.DLL
0x00007ffb482b0000 - 0x00007ffb48516000 	C:\WINDOWS\System32\KERNELBASE.dll
0x00007ffb491a0000 - 0x00007ffb49241000 	C:\WINDOWS\System32\ADVAPI32.dll
0x00007ffb49100000 - 0x00007ffb4919d000 	C:\WINDOWS\System32\msvcrt.dll
0x00007ffb4b190000 - 0x00007ffb4b1eb000 	C:\WINDOWS\System32\sechost.dll
0x00007ffb4b4e0000 - 0x00007ffb4b5ff000 	C:\WINDOWS\System32\RPCRT4.dll
0x00007ffb48f70000 - 0x00007ffb490ff000 	C:\WINDOWS\System32\USER32.dll
0x00007ffb48230000 - 0x00007ffb48250000 	C:\WINDOWS\System32\win32u.dll
0x00007ffb4b160000 - 0x00007ffb4b188000 	C:\WINDOWS\System32\GDI32.dll
0x00007ffb47ef0000 - 0x00007ffb48083000 	C:\WINDOWS\System32\gdi32full.dll
0x00007ffb48090000 - 0x00007ffb4812b000 	C:\WINDOWS\System32\msvcp_win.dll
0x00007ffb48130000 - 0x00007ffb48226000 	C:\WINDOWS\System32\ucrtbase.dll
0x00007ffb33380000 - 0x00007ffb335e9000 	C:\WINDOWS\WinSxS\amd64_microsoft.windows.common-controls_6595b64144ccf1df_6.0.16299.309_none_15cfd4c4935e6b11\COMCTL32.dll
0x00007ffb49250000 - 0x00007ffb49558000 	C:\WINDOWS\System32\combase.dll
0x00007ffb487a0000 - 0x00007ffb48812000 	C:\WINDOWS\System32\bcryptPrimitives.dll
0x00007ffb4b4b0000 - 0x00007ffb4b4dd000 	C:\WINDOWS\System32\IMM32.DLL
0x000000006a460000 - 0x000000006a532000 	C:\Program Files\Java\jre1.8.0_121\bin\msvcr100.dll
0x000000006a5a0000 - 0x000000006ae3b000 	C:\Program Files\Java\jre1.8.0_121\bin\server\jvm.dll
0x00007ffb4ba60000 - 0x00007ffb4ba68000 	C:\WINDOWS\System32\PSAPI.DLL
0x00007ffb3c770000 - 0x00007ffb3c779000 	C:\WINDOWS\SYSTEM32\WSOCK32.dll
0x00007ffb456b0000 - 0x00007ffb456d3000 	C:\WINDOWS\SYSTEM32\WINMM.dll
0x00007ffb43c40000 - 0x00007ffb43c4a000 	C:\WINDOWS\SYSTEM32\VERSION.dll
0x00007ffb4b0f0000 - 0x00007ffb4b15c000 	C:\WINDOWS\System32\WS2_32.dll
0x00007ffb45680000 - 0x00007ffb456aa000 	C:\WINDOWS\SYSTEM32\WINMMBASE.dll
0x00007ffb47ea0000 - 0x00007ffb47eea000 	C:\WINDOWS\System32\cfgmgr32.dll
0x000000006def0000 - 0x000000006deff000 	C:\Program Files\Java\jre1.8.0_121\bin\verify.dll
0x000000006af70000 - 0x000000006af99000 	C:\Program Files\Java\jre1.8.0_121\bin\java.dll
0x000000006af50000 - 0x000000006af66000 	C:\Program Files\Java\jre1.8.0_121\bin\zip.dll
0x00007ffb49b60000 - 0x00007ffb4af96000 	C:\WINDOWS\System32\SHELL32.dll
0x00007ffb4b8d0000 - 0x00007ffb4b976000 	C:\WINDOWS\System32\shcore.dll
0x00007ffb48820000 - 0x00007ffb48f67000 	C:\WINDOWS\System32\windows.storage.dll
0x00007ffb4b810000 - 0x00007ffb4b861000 	C:\WINDOWS\System32\shlwapi.dll
0x00007ffb47df0000 - 0x00007ffb47e01000 	C:\WINDOWS\System32\kernel.appcore.dll
0x00007ffb47e30000 - 0x00007ffb47e7c000 	C:\WINDOWS\System32\powrprof.dll
0x00007ffb47e10000 - 0x00007ffb47e2b000 	C:\WINDOWS\System32\profapi.dll
0x000000006af30000 - 0x000000006af4a000 	C:\Program Files\Java\jre1.8.0_121\bin\net.dll
0x00007ffb47330000 - 0x00007ffb47396000 	C:\WINDOWS\system32\mswsock.dll
0x000000006af10000 - 0x000000006af21000 	C:\Program Files\Java\jre1.8.0_121\bin\nio.dll
0x00007ffb24ef0000 - 0x00007ffb24f45000 	C:\Users\necrostyle1\AppData\Local\Temp\lwjglnecrostyle1\3.1.0-build-40\lwjgl.dll
0x00007ffb3ba80000 - 0x00007ffb3babc000 	C:\Users\necrostyle1\AppData\Local\Temp\lwjglnecrostyle1\3.1.0-build-40\glfw.dll
0x00007ffb474f0000 - 0x00007ffb474fb000 	C:\WINDOWS\SYSTEM32\CRYPTBASE.DLL
0x00007ffb45900000 - 0x00007ffb45995000 	C:\WINDOWS\system32\uxtheme.dll
0x00007ffb24f50000 - 0x00007ffb24f93000 	C:\WINDOWS\SYSTEM32\dinput8.dll
0x00007ffb3e490000 - 0x00007ffb3e4a0000 	C:\WINDOWS\SYSTEM32\xinput1_4.dll
0x00007ffb47c00000 - 0x00007ffb47c27000 	C:\WINDOWS\SYSTEM32\DEVOBJ.dll
0x00007ffb45a70000 - 0x00007ffb45a9a000 	C:\WINDOWS\SYSTEM32\dwmapi.dll
0x00007ffb43cc0000 - 0x00007ffb43cee000 	C:\WINDOWS\SYSTEM32\inputhost.dll
0x00007ffb43a60000 - 0x00007ffb43b3c000 	C:\WINDOWS\SYSTEM32\CoreMessaging.dll
0x00007ffb41650000 - 0x00007ffb4193e000 	C:\WINDOWS\SYSTEM32\CoreUIComponents.dll
0x00007ffb46b90000 - 0x00007ffb46bc1000 	C:\WINDOWS\SYSTEM32\ntmarta.dll
0x00007ffb42360000 - 0x00007ffb42496000 	C:\WINDOWS\SYSTEM32\wintypes.dll
0x00007ffb33770000 - 0x00007ffb33819000 	C:\Program Files\Common Files\microsoft shared\ink\tiptsf.dll
0x00007ffb4b980000 - 0x00007ffb4ba45000 	C:\WINDOWS\System32\OLEAUT32.dll
0x00007ffb46cb0000 - 0x00007ffb46cbc000 	C:\WINDOWS\SYSTEM32\HID.DLL
0x00007ffb496b0000 - 0x00007ffb49afe000 	C:\WINDOWS\System32\SETUPAPI.DLL
0x00007ffb48250000 - 0x00007ffb482a8000 	C:\WINDOWS\System32\WINTRUST.dll
0x00007ffb47e80000 - 0x00007ffb47e92000 	C:\WINDOWS\System32\MSASN1.dll
0x00007ffb485d0000 - 0x00007ffb4879e000 	C:\WINDOWS\System32\CRYPT32.dll
0x00007ffb4b620000 - 0x00007ffb4b787000 	C:\WINDOWS\System32\MSCTF.dll
0x00007ffb253e0000 - 0x00007ffb254fe000 	C:\WINDOWS\SYSTEM32\opengl32.dll
0x00007ffb2d900000 - 0x00007ffb2d92c000 	C:\WINDOWS\SYSTEM32\GLU32.dll
0x000000006b090000 - 0x000000006d1e0000 	C:\WINDOWS\SYSTEM32\nvoglv64.DLL
0x00007ffb44060000 - 0x00007ffb44073000 	C:\WINDOWS\SYSTEM32\WTSAPI32.dll
0x00007ffb46c50000 - 0x00007ffb46ca5000 	C:\WINDOWS\SYSTEM32\WINSTA.dll
0x00007ffb46870000 - 0x00007ffb4691f000 	C:\WINDOWS\SYSTEM32\dxgi.dll
0x00007ffb43610000 - 0x00007ffb438f2000 	C:\WINDOWS\SYSTEM32\d3d11.dll
0x00007ffb3f910000 - 0x00007ffb41041000 	C:\WINDOWS\System32\DriverStore\FileRepository\nvddi.inf_amd64_ecf4171f88569c29\nvwgf2umx.dll
0x00007ffb47920000 - 0x00007ffb47945000 	C:\WINDOWS\SYSTEM32\bcrypt.dll
0x00007ffb39d30000 - 0x00007ffb39efb000 	C:\WINDOWS\system32\nvspcap64.dll
0x00007ffb4afa0000 - 0x00007ffb4b0e9000 	C:\WINDOWS\System32\ole32.dll
0x00007ffb42960000 - 0x00007ffb42a3e000 	C:\WINDOWS\SYSTEM32\WINHTTP.dll
0x00007ffb33f50000 - 0x00007ffb3434b000 	C:\WINDOWS\system32\nvapi64.dll
0x00007ffb3de10000 - 0x00007ffb3dea8000 	C:\WINDOWS\System32\TextInputFramework.dll
0x00007ffb49610000 - 0x00007ffb496ae000 	C:\WINDOWS\System32\clbcatq.dll
0x000000006a2c0000 - 0x000000006a458000 	C:\Program Files\Java\jre1.8.0_121\bin\awt.dll
0x00007ffb45330000 - 0x00007ffb453b8000 	C:\WINDOWS\SYSTEM32\apphelp.dll
0x00007ffb3c490000 - 0x00007ffb3c696000 	C:\Windows\System32\uiautomationcore.dll
0x00007ffb47c50000 - 0x00007ffb47cea000 	C:\WINDOWS\SYSTEM32\sxs.dll
0x00007ffb32df0000 - 0x00007ffb32e5e000 	C:\Windows\System32\OLEACC.dll
0x00007ffb47970000 - 0x00007ffb47b38000 	C:\WINDOWS\SYSTEM32\dbghelp.dll

VM Arguments:
jvm_args: -Djava.library.path=K:\picatrix1899_portable\workspace\git\CodeRed3\CodeRed\lib\natives -Dfile.encoding=Cp1252 
java_command: com.codered.demo.Main
java_class_path (initial): K:\picatrix1899_portable\workspace\git\CodeRed3\CodeRedDemo\bin;K:\picatrix1899_portable\workspace\git\utilslib\utilslib\bin;K:\picatrix1899_portable\workspace\git\CodeRed3\CodeRedDemo\lib\lwjgl-glfw.jar;K:\picatrix1899_portable\workspace\git\CodeRed3\CodeRedDemo\lib\lwjgl.jar;K:\picatrix1899_portable\workspace\git\CodeRed3\CodeRedDemo\lib\lwjgl-natives-windows.jar;K:\picatrix1899_portable\workspace\git\CodeRed3\CodeRedDemo\lib\lwjgl-opengl.jar;K:\picatrix1899_portable\workspace\git\CodeRed3\CodeRedDemo\lib\guava-19.0.jar;K:\picatrix1899_portable\workspace\git\CodeRed3\CodeRed\bin;K:\picatrix1899_portable\workspace\git\CodeRed3\CodeRed\lib\guava-19.0.jar;K:\picatrix1899_portable\workspace\git\CodeRed3\CodeRed\lib\jorbis-0.0.15.jar;K:\picatrix1899_portable\workspace\git\CodeRed3\CodeRed\lib\jogg-0.0.7.jar;K:\picatrix1899_portable\workspace\git\CodeRed3\CodeRed\lib\lwjgl-glfw-natives-windows.jar;K:\picatrix1899_portable\workspace\git\CodeRed3\CodeRed\lib\lwjgl-glfw.jar;K:\picatrix1899_portable\workspace\git\CodeRed3\CodeRed\lib\lwjgl-natives-windows.jar;K:\picatrix1899_portable\workspace\git\CodeRed3\CodeRed\lib\lwjgl-nuklear-natives-windows.jar;K:\picatrix1899_portable\workspace\git\CodeRed3\CodeRed\lib\lwjgl-nuklear.jar;K:\picatrix1899_portable\workspace\git\CodeRed3\CodeRed\lib\lwjgl-openal.jar;K:\picatrix1899_portable\workspace\git\CodeRed3\CodeRed\lib\lwjgl-opencl.jar;K:\picatrix1899_portable\workspace\git\CodeRed3\CodeRed\lib\lwjgl-opengl.jar;K:\picatrix1899_portable\workspace\git\CodeRed3\CodeRed\lib\lwjgl-ovr.jar;K:\picatrix1899_portable\workspace\git\CodeRed3\CodeRed\lib\lwjgl-ovr-natives-windows.jar;K:\picatrix1899_portable\workspace\git\CodeRed3\CodeRed\lib\lwjgl-openal-natives-windows.jar;K:\picatrix1899_portable\workspace\git\CodeRed3\CodeRed\lib\lwjgl.jar
Launcher Type: SUN_STANDARD

Environment Variables:
JAVA_HOME=C:\Program Files\Java\jdk1.8.0_121
JRE_HOME=C:\Program Files\Java\jdk1.8.0_121\jre
CLASSPATH=.;C:\Program Files\Java\jdk1.8.0_121\lib;C:\Program Files\Java\jdk1.8.0_121\jre\lib
PATH=C:/Program Files/Java/jre1.8.0_121/bin/server;C:/Program Files/Java/jre1.8.0_121/bin;C:/Program Files/Java/jre1.8.0_121/lib/amd64;C:\ProgramData\Oracle\Java\javapath;C:\Program Files (x86)\Microsoft DirectX SDK (August 2006)\Utilities\Bin\x86;C:\Program Files (x86)\Intel\iCLS Client\;C:\Program Files\Intel\iCLS Client\;C:\WINDOWS\system32;C:\WINDOWS;C:\WINDOWS\System32\Wbem;C:\WINDOWS\System32\WindowsPowerShell\v1.0\;C:\Program Files (x86)\EgisTec MyWinLocker\x64;C:\Program Files (x86)\EgisTec MyWinLocker\;C:\Program Files (x86)\ATI Technologies\ATI.ACE\Core-Static;C:\Program Files\Intel\Intel(R) Management Engine Components\DAL;C:\Program Files\Intel\Intel(R) Management Engine Components\IPT;C:\Program Files (x86)\Intel\Intel(R) Management Engine Components\DAL;C:\Program Files (x86)\Intel\Intel(R) Management Engine Components\IPT;C:\Program Files (x86)\Microsoft SQL Server\90\Tools\binn\;c:\Program Files (x86)\Microsoft SQL Server\100\Tools\Binn\;c:\Program Files (x86)\Microsoft SQL Server\100\DTS\Binn\;C:\Program Files\Common Files\Autodesk Shared\;C:\Program Files\Microsoft SQL Server\110\Tools\Binn\;C:\Program Files (x86)\AMD\ATI.ACE\Core-Static;C:\Program Files\Git\cmd;C:\Users\necrostyle1\.dnx\bin;C:\Program Files\Microsoft DNX\Dnvm\;C:\Program Files (x86)\Windows Kits\8.1\Windows Performance Toolkit\;C:\Program Files\Microsoft SQL Server\120\Tools\Binn\;C:\Program Files (x86)\QuickTime\QTSystem\;C:\Program Files (x86)\NVIDIA Corporation\PhysX\Common;D:\Tools\Mingw\bin;C:\Program Files (x86)\Skype\Phone\;C:\Program Files\WorldPainter;C:\WINDOWS\system32;C:\WINDOWS;C:\WINDOWS\System32\Wbem;C:\WINDOWS\System32\WindowsPowerShell\v1.0\;C:\Program Files\Java\jdk1.8.0_121\bin;C:\Program Files\Java\jdk1.8.0_121\bin;%USERPROFILE%\AppData\Local\Microsoft\WindowsApps;;K:\picatrix1899_portable\eclipse oxygen;
USERNAME=necrostyle1
OS=Windows_NT
PROCESSOR_IDENTIFIER=Intel64 Family 6 Model 58 Stepping 9, GenuineIntel



---------------  S Y S T E M  ---------------

OS: Windows 10.0 , 64 bit Build 16299 (10.0.16299.15)

CPU:total 8 (4 cores per cpu, 2 threads per core) family 6 model 58 stepping 9, cmov, cx8, fxsr, mmx, sse, sse2, sse3, ssse3, sse4.1, sse4.2, popcnt, avx, clmul, erms, ht, tsc, tscinvbit, tscinv

Memory: 4k page, physical 16734036k(6114172k free), swap 29841236k(8626752k free)

vm_info: Java HotSpot(TM) 64-Bit Server VM (25.121-b13) for windows-amd64 JRE (1.8.0_121-b13), built on Dec 12 2016 18:21:36 by "java_re" with MS VC++ 10.0 (VS2010)

time: Sun Apr 01 18:35:30 2018
elapsed time: 6 seconds (0d 0h 0m 6s)

