#
# A fatal error has been detected by the Java Runtime Environment:
#
#  EXCEPTION_ACCESS_VIOLATION (0xc0000005) at pc=0x000000005efdad47, pid=10512, tid=0x0000000000003108
#
# JRE version: Java(TM) SE Runtime Environment (8.0_201-b09) (build 1.8.0_201-b09)
# Java VM: Java HotSpot(TM) 64-Bit Server VM (25.201-b09 mixed mode windows-amd64 compressed oops)
# Problematic frame:
# C  [nvoglv64.dll+0x9aad47]
#
# Failed to write core dump. Minidumps are not enabled by default on client versions of Windows
#
# If you would like to submit a bug report, please visit:
#   http://bugreport.java.com/bugreport/crash.jsp
# The crash happened outside the Java Virtual Machine in native code.
# See problematic frame for where to report the bug.
#

---------------  T H R E A D  ---------------

Current thread (0x0000000002462800):  JavaThread "main" [_thread_in_native, id=12552, stack(0x0000000002330000,0x0000000002430000)]

siginfo: ExceptionCode=0xc0000005, reading address 0x0000000000000000

Registers:
RAX=0x0000000000000143, RBX=0x0000000000000000, RCX=0x000000000000000a, RDX=0x00058a20649ea601
RSP=0x000000000242ee60, RBP=0x0000000021438080, RSI=0x0000000000000144, RDI=0x0000000000000144
R8 =0x0000000000000005, R9 =0x0000000000000000, R10=0x000000000000000f, R11=0x0000000061c3cd40
R12=0x0000000000000000, R13=0x0000000000000143, R14=0x0000000000000000, R15=0x0000000000001405
RIP=0x000000005efdad47, EFLAGS=0x0000000000010246

Top of Stack: (sp=0x000000000242ee60)
0x000000000242ee60:   0000000000000004 000000000242eec8
0x000000000242ee70:   000000000242ee70 000000001ba15e50
0x000000000242ee80:   000000000242eec0 000000001ba19788
0x000000000242ee90:   0000000037092ee4 000000001ba15e60
0x000000000242eea0:   00000000edbb94da 00007ff8d7b2b7b2
0x000000000242eeb0:   0000000021438e18 000000001fa89d40
0x000000000242eec0:   0000000000001405 0000000002462800
0x000000000242eed0:   0000000000000000 0000000000000004
0x000000000242eee0:   0000000021438080 000000000242f030
0x000000000242eef0:   0000000000000000 000000005ec69416
0x000000000242ef00:   0000000000000fff 0000000000000004
0x000000000242ef10:   0000000000000144 000000005f0bbf40
0x000000000242ef20:   0000000000000144 0000000000000510
0x000000000242ef30:   0000000000000000 0000000000000000
0x000000000242ef40:   0000000021438000 000000005ee4ad61
0x000000000242ef50:   0000017f3813e5ae 00000000ffffffff 

Instructions: (pc=0x000000005efdad47)
0x000000005efdad27:   89 6c 24 60 e8 10 27 e7 ff 41 81 ff 05 14 00 00
0x000000005efdad37:   75 20 48 8b 9c 24 d0 00 00 00 8d 47 ff 4c 63 e8
0x000000005efdad47:   8b 0b 42 8b 04 ab 3b c8 8b f0 0f 47 f1 0f 42 c1
0x000000005efdad57:   eb 6e 41 81 ff 03 14 00 00 75 2c 48 8b 9c 24 d0 


Register to memory mapping:

RAX=0x0000000000000143 is an unknown value
RBX=0x0000000000000000 is an unknown value
RCX=0x000000000000000a is an unknown value
RDX=0x00058a20649ea601 is an unknown value
RSP=0x000000000242ee60 is pointing into the stack for thread: 0x0000000002462800
RBP=0x0000000021438080 is an unknown value
RSI=0x0000000000000144 is an unknown value
RDI=0x0000000000000144 is an unknown value
R8 =0x0000000000000005 is an unknown value
R9 =0x0000000000000000 is an unknown value
R10=0x000000000000000f is an unknown value
R11=0x0000000061c3cd40 is an unknown value
R12=0x0000000000000000 is an unknown value
R13=0x0000000000000143 is an unknown value
R14=0x0000000000000000 is an unknown value
R15=0x0000000000001405 is an unknown value


Stack: [0x0000000002330000,0x0000000002430000],  sp=0x000000000242ee60,  free space=1019k
Native frames: (J=compiled Java code, j=interpreted, Vv=VM code, C=native code)
C  [nvoglv64.dll+0x9aad47]
C  [nvoglv64.dll+0x639416]
C  0x0000000002578c67

Java frames: (J=compiled Java code, j=interpreted, Vv=VM code)
j  org.lwjgl.system.JNI.callPV(JIIIJ)V+0
j  org.lwjgl.opengl.GL11.nglDrawElements(IIIJ)V+14
j  org.lwjgl.opengl.GL11.glDrawElements(IIIJ)V+4
j  com.codered.utils.RenderHelper.renderStaticEntity(Lcom/codered/entities/StaticEntity;Lcom/codered/entities/Camera;Lcom/codered/shaders/object/simple/TexturedObjectShader;Lorg/barghos/math/matrix/Mat4f;)V+88
j  com.codered.demo.Routine2.renderWorldFromCamera(DLcom/codered/entities/Camera;)V+56
j  com.codered.demo.Routine2.render(D)V+14
j  com.codered.window.WindowContext.render(D)V+17
j  com.codered.demo.DemoGame.render(D)V+20
j  com.codered.engine.EngineRoutine.run()V+183
j  com.codered.engine.EngineRoutine.start()V+1
j  com.codered.engine.Engine.start()V+4
j  com.codered.engine.EngineBootstrap.start()V+4
j  com.codered.engine.EngineBootstrap.boot()V+5
j  com.codered.demo.Main.main([Ljava/lang/String;)V+16
v  ~StubRoutines::call_stub

---------------  P R O C E S S  ---------------

Java Threads: ( => current thread )
  0x000000001f9a6000 JavaThread "pool-2-thread-1" [_thread_blocked, id=14240, stack(0x0000000035c10000,0x0000000035d10000)]
  0x000000001f9a5800 JavaThread "pool-1-thread-2" [_thread_blocked, id=5732, stack(0x0000000035b10000,0x0000000035c10000)]
  0x000000001f9a4800 JavaThread "pool-1-thread-1" [_thread_blocked, id=8264, stack(0x0000000035a10000,0x0000000035b10000)]
  0x000000001f99b800 JavaThread "ResourceManager - Texture Loader" daemon [_thread_blocked, id=11512, stack(0x0000000035910000,0x0000000035a10000)]
  0x000000001f9f0800 JavaThread "Java2D Disposer" daemon [_thread_blocked, id=14508, stack(0x000000002f640000,0x000000002f740000)]
  0x000000001d98d800 JavaThread "Service Thread" daemon [_thread_blocked, id=3372, stack(0x000000001f370000,0x000000001f470000)]
  0x000000001d907000 JavaThread "C1 CompilerThread3" daemon [_thread_blocked, id=8272, stack(0x000000001f270000,0x000000001f370000)]
  0x000000001d905800 JavaThread "C2 CompilerThread2" daemon [_thread_in_native, id=7868, stack(0x000000001f170000,0x000000001f270000)]
  0x000000001d900800 JavaThread "C2 CompilerThread1" daemon [_thread_blocked, id=14928, stack(0x000000001f070000,0x000000001f170000)]
  0x000000001d8f7000 JavaThread "C2 CompilerThread0" daemon [_thread_blocked, id=1588, stack(0x000000001ef70000,0x000000001f070000)]
  0x000000001d8f6000 JavaThread "Attach Listener" daemon [_thread_blocked, id=4184, stack(0x000000001ee70000,0x000000001ef70000)]
  0x000000001d8f4000 JavaThread "Signal Dispatcher" daemon [_thread_blocked, id=9128, stack(0x000000001ed70000,0x000000001ee70000)]
  0x000000000255c000 JavaThread "Finalizer" daemon [_thread_blocked, id=13612, stack(0x000000001eb50000,0x000000001ec50000)]
  0x000000001d8e3000 JavaThread "Reference Handler" daemon [_thread_blocked, id=1472, stack(0x000000001ea50000,0x000000001eb50000)]
=>0x0000000002462800 JavaThread "main" [_thread_in_native, id=12552, stack(0x0000000002330000,0x0000000002430000)]

Other Threads:
  0x000000001d8c2800 VMThread [stack: 0x000000001e950000,0x000000001ea50000] [id=6616]
  0x000000001d9a0000 WatcherThread [stack: 0x000000001f470000,0x000000001f570000] [id=14136]

VM state:not at safepoint (normal execution)

VM Mutex/Monitor currently owned by a thread: None

heap address: 0x00000006c1800000, size: 4072 MB, Compressed Oops mode: Zero based, Oop shift amount: 3
Narrow klass base: 0x0000000000000000, Narrow klass shift: 3
Compressed class space size: 1073741824 Address: 0x00000007c0000000

Heap:
 PSYoungGen      total 76288K, used 54894K [0x000000076b300000, 0x0000000770800000, 0x00000007c0000000)
  eden space 65536K, 67% used [0x000000076b300000,0x000000076de1f940,0x000000076f300000)
  from space 10752K, 99% used [0x000000076f300000,0x000000076fd7c040,0x000000076fd80000)
  to   space 10752K, 0% used [0x000000076fd80000,0x000000076fd80000,0x0000000770800000)
 ParOldGen       total 175104K, used 11528K [0x00000006c1800000, 0x00000006cc300000, 0x000000076b300000)
  object space 175104K, 6% used [0x00000006c1800000,0x00000006c23421d0,0x00000006cc300000)
 Metaspace       used 11730K, capacity 12033K, committed 12288K, reserved 1060864K
  class space    used 1123K, capacity 1214K, committed 1280K, reserved 1048576K

Card table byte_map: [0x0000000011920000,0x0000000012120000] byte_map_base: 0x000000000e314000

Marking Bits: (ParMarkBitMap*) 0x0000000062234ce0
 Begin Bits: [0x0000000013070000, 0x0000000017010000)
 End Bits:   [0x0000000017010000, 0x000000001afb0000)

Polling page: 0x0000000000580000

CodeCache: size=245760Kb used=3752Kb max_used=3758Kb free=242007Kb
 bounds [0x0000000002560000, 0x0000000002910000, 0x0000000011560000]
 total_blobs=1796 nmethods=912 adapters=797
 compilation: enabled

Compilation events (10 events):
Event: 3.108 Thread 0x000000001d907000  908       3       org.barghos.core.api.tuple.ITup3fR::getUniY (8 bytes)
Event: 3.109 Thread 0x000000001d907000 nmethod 908 0x000000000290cb90 code [0x000000000290cd00, 0x000000000290cf08]
Event: 3.109 Thread 0x000000001d907000  909       3       org.barghos.core.api.tuple.ITup3fR::getUniZ (8 bytes)
Event: 3.109 Thread 0x000000001d907000 nmethod 909 0x000000000290c790 code [0x000000000290c900, 0x000000000290cb08]
Event: 3.109 Thread 0x000000001d907000  906       3       java.lang.String::valueOf (14 bytes)
Event: 3.109 Thread 0x000000001d907000 nmethod 906 0x000000000290c310 code [0x000000000290c480, 0x000000000290c6c8]
Event: 3.109 Thread 0x000000001d907000  900       3       java.nio.ByteBuffer::<init> (45 bytes)
Event: 3.109 Thread 0x000000001d907000 nmethod 900 0x000000000290be50 code [0x000000000290bfc0, 0x000000000290c208]
Event: 3.110 Thread 0x000000001d907000  913       3       java.lang.ref.PhantomReference::<init> (7 bytes)
Event: 3.110 Thread 0x000000001d907000 nmethod 913 0x000000000290b950 code [0x000000000290bac0, 0x000000000290bd70]

GC Heap History (2 events):
Event: 2.575 GC heap before
{Heap before GC invocations=1 (full 0):
 PSYoungGen      total 76288K, used 63937K [0x000000076b300000, 0x0000000770800000, 0x00000007c0000000)
  eden space 65536K, 97% used [0x000000076b300000,0x000000076f170650,0x000000076f300000)
  from space 10752K, 0% used [0x000000076fd80000,0x000000076fd80000,0x0000000770800000)
  to   space 10752K, 0% used [0x000000076f300000,0x000000076f300000,0x000000076fd80000)
 ParOldGen       total 175104K, used 0K [0x00000006c1800000, 0x00000006cc300000, 0x000000076b300000)
  object space 175104K, 0% used [0x00000006c1800000,0x00000006c1800000,0x00000006cc300000)
 Metaspace       used 11285K, capacity 11549K, committed 11648K, reserved 1060864K
  class space    used 1051K, capacity 1144K, committed 1152K, reserved 1048576K
Event: 2.588 GC heap after
Heap after GC invocations=1 (full 0):
 PSYoungGen      total 76288K, used 10736K [0x000000076b300000, 0x0000000770800000, 0x00000007c0000000)
  eden space 65536K, 0% used [0x000000076b300000,0x000000076b300000,0x000000076f300000)
  from space 10752K, 99% used [0x000000076f300000,0x000000076fd7c040,0x000000076fd80000)
  to   space 10752K, 0% used [0x000000076fd80000,0x000000076fd80000,0x0000000770800000)
 ParOldGen       total 175104K, used 11528K [0x00000006c1800000, 0x00000006cc300000, 0x000000076b300000)
  object space 175104K, 6% used [0x00000006c1800000,0x00000006c23421d0,0x00000006cc300000)
 Metaspace       used 11285K, capacity 11549K, committed 11648K, reserved 1060864K
  class space    used 1051K, capacity 1144K, committed 1152K, reserved 1048576K
}

Deoptimization events (10 events):
Event: 2.244 Thread 0x0000000002462800 Uncommon trap: reason=unstable_if action=reinterpret pc=0x0000000002879d98 method=com.codered.engine.EngineRoutine.run()V @ 164
Event: 2.355 Thread 0x000000001f9a6000 Uncommon trap: reason=unstable_if action=reinterpret pc=0x00000000028155ac method=java.io.BufferedReader.readLine(Z)Ljava/lang/String; @ 192
Event: 2.356 Thread 0x0000000002462800 Uncommon trap: reason=unstable_if action=reinterpret pc=0x000000000284fcfc method=java.awt.image.ComponentColorModel.getRGB(Ljava/lang/Object;)I @ 4
Event: 2.356 Thread 0x0000000002462800 Uncommon trap: reason=unstable_if action=reinterpret pc=0x00000000028427a0 method=java.awt.image.ComponentColorModel.getAlpha(Ljava/lang/Object;)I @ 4
Event: 2.356 Thread 0x0000000002462800 Uncommon trap: reason=unstable_if action=reinterpret pc=0x000000000284a590 method=java.awt.image.ComponentColorModel.extractComponent(Ljava/lang/Object;II)I @ 4
Event: 2.360 Thread 0x0000000002462800 Uncommon trap: reason=unstable_if action=reinterpret pc=0x000000000285879c method=java.awt.image.ComponentColorModel.getAlpha(Ljava/lang/Object;)I @ 4
Event: 2.394 Thread 0x0000000002462800 Uncommon trap: reason=unstable_if action=reinterpret pc=0x00000000028c3938 method=java.awt.image.BufferedImage.getRGB(IIII[III)[I @ 163
Event: 2.394 Thread 0x000000001f9a5800 Uncommon trap: reason=unstable_if action=reinterpret pc=0x00000000028c3938 method=java.awt.image.BufferedImage.getRGB(IIII[III)[I @ 163
Event: 2.395 Thread 0x000000001f9a5800 Uncommon trap: reason=unstable_if action=reinterpret pc=0x00000000028556b4 method=org.resources.textures.TextureLoader.loadResource(Ljava/io/InputStream;)Lorg/resources/textures/TextureData; @ 181
Event: 2.400 Thread 0x000000001f9a4800 Uncommon trap: reason=unstable_if action=reinterpret pc=0x00000000028bcddc method=java.awt.image.BufferedImage.getRGB(IIII[III)[I @ 163

Classes redefined (0 events):
No events

Internal exceptions (10 events):
Event: 0.043 Thread 0x0000000002462800 Exception <a 'java/lang/NoSuchMethodError': Method sun.misc.Unsafe.prefetchRead(Ljava/lang/Object;J)V name or signature does not match> (0x000000076b307f98) thrown at [C:\re\workspace\8-2-build-windows-amd64-cygwin\jdk8u201\12322\hotspot\src\share\vm\prim
Event: 0.150 Thread 0x0000000002462800 Exception <a 'java/lang/NoSuchFieldError': method resolution failed> (0x000000076b67dbb8) thrown at [C:\re\workspace\8-2-build-windows-amd64-cygwin\jdk8u201\12322\hotspot\src\share\vm\prims\methodHandles.cpp, line 1167]
Event: 0.151 Thread 0x0000000002462800 Exception <a 'java/lang/NoSuchFieldError': method resolution failed> (0x000000076b68afb8) thrown at [C:\re\workspace\8-2-build-windows-amd64-cygwin\jdk8u201\12322\hotspot\src\share\vm\prims\methodHandles.cpp, line 1167]
Event: 0.198 Thread 0x0000000002462800 Exception <a 'java/security/PrivilegedActionException'> (0x000000076b8b9688) thrown at [C:\re\workspace\8-2-build-windows-amd64-cygwin\jdk8u201\12322\hotspot\src\share\vm\prims\jvm.cpp, line 1502]
Event: 0.198 Thread 0x0000000002462800 Exception <a 'java/security/PrivilegedActionException'> (0x000000076b8b9898) thrown at [C:\re\workspace\8-2-build-windows-amd64-cygwin\jdk8u201\12322\hotspot\src\share\vm\prims\jvm.cpp, line 1502]
Event: 0.198 Thread 0x0000000002462800 Exception <a 'java/security/PrivilegedActionException'> (0x000000076b8bd7a8) thrown at [C:\re\workspace\8-2-build-windows-amd64-cygwin\jdk8u201\12322\hotspot\src\share\vm\prims\jvm.cpp, line 1502]
Event: 0.198 Thread 0x0000000002462800 Exception <a 'java/security/PrivilegedActionException'> (0x000000076b8bd9b8) thrown at [C:\re\workspace\8-2-build-windows-amd64-cygwin\jdk8u201\12322\hotspot\src\share\vm\prims\jvm.cpp, line 1502]
Event: 1.298 Thread 0x0000000002462800 Exception <a 'sun/nio/fs/WindowsException'> (0x000000076ba84708) thrown at [C:\re\workspace\8-2-build-windows-amd64-cygwin\jdk8u201\12322\hotspot\src\share\vm\prims\jni.cpp, line 709]
Event: 1.298 Thread 0x0000000002462800 Exception <a 'sun/nio/fs/WindowsException'> (0x000000076ba85b70) thrown at [C:\re\workspace\8-2-build-windows-amd64-cygwin\jdk8u201\12322\hotspot\src\share\vm\prims\jni.cpp, line 709]
Event: 1.610 Thread 0x0000000002462800 Exception <a 'java/io/FileNotFoundException'> (0x000000076c5be2b0) thrown at [C:\re\workspace\8-2-build-windows-amd64-cygwin\jdk8u201\12322\hotspot\src\share\vm\prims\jni.cpp, line 709]

Events (10 events):
Event: 3.103 loading class org/barghos/core/BufferUtils
Event: 3.103 loading class org/barghos/core/BufferUtils done
Event: 3.103 loading class org/barghos/core/tuple/Tup4f
Event: 3.103 loading class org/barghos/core/tuple/Tup4f done
Event: 3.103 loading class org/barghos/core/api/tuple/ITup4fR
Event: 3.103 loading class org/barghos/core/api/tuple/ITup4fR done
Event: 3.104 loading class org/barghos/core/api/tuple/ITup4fW
Event: 3.104 loading class org/barghos/core/api/tuple/ITup4fW done
Event: 3.104 loading class org/barghos/core/tuple/Tupf
Event: 3.104 loading class org/barghos/core/tuple/Tupf done


Dynamic libraries:
0x00007ff7ce770000 - 0x00007ff7ce7a7000 	C:\Program Files\Java\jdk1.8.0_201\bin\javaw.exe
0x00007ff8dad20000 - 0x00007ff8daf01000 	C:\WINDOWS\SYSTEM32\ntdll.dll
0x00007ff8da960000 - 0x00007ff8daa12000 	C:\WINDOWS\System32\KERNEL32.DLL
0x00007ff8d7ac0000 - 0x00007ff8d7d33000 	C:\WINDOWS\System32\KERNELBASE.dll
0x00007ff8d98c0000 - 0x00007ff8d9961000 	C:\WINDOWS\System32\ADVAPI32.dll
0x00007ff8d8210000 - 0x00007ff8d82ae000 	C:\WINDOWS\System32\msvcrt.dll
0x00007ff8d81b0000 - 0x00007ff8d820b000 	C:\WINDOWS\System32\sechost.dll
0x00007ff8d9970000 - 0x00007ff8d9a94000 	C:\WINDOWS\System32\RPCRT4.dll
0x00007ff8dab60000 - 0x00007ff8dacf0000 	C:\WINDOWS\System32\USER32.dll
0x00007ff8d7aa0000 - 0x00007ff8d7ac0000 	C:\WINDOWS\System32\win32u.dll
0x00007ff8d9dc0000 - 0x00007ff8d9de8000 	C:\WINDOWS\System32\GDI32.dll
0x00007ff8d7150000 - 0x00007ff8d72e2000 	C:\WINDOWS\System32\gdi32full.dll
0x00007ff8d72f0000 - 0x00007ff8d738f000 	C:\WINDOWS\System32\msvcp_win.dll
0x00007ff8d7d40000 - 0x00007ff8d7e3a000 	C:\WINDOWS\System32\ucrtbase.dll
0x00007ff8cb350000 - 0x00007ff8cb5b9000 	C:\WINDOWS\WinSxS\amd64_microsoft.windows.common-controls_6595b64144ccf1df_6.0.17134.523_none_fb409dd930672a56\COMCTL32.dll
0x00007ff8d9df0000 - 0x00007ff8da112000 	C:\WINDOWS\System32\combase.dll
0x00007ff8d8030000 - 0x00007ff8d80aa000 	C:\WINDOWS\System32\bcryptPrimitives.dll
0x00007ff8d8450000 - 0x00007ff8d847d000 	C:\WINDOWS\System32\IMM32.DLL
0x00000000622c0000 - 0x0000000062391000 	C:\Program Files\Java\jdk1.8.0_201\jre\bin\msvcr100.dll
0x0000000061a10000 - 0x00000000622b4000 	C:\Program Files\Java\jdk1.8.0_201\jre\bin\server\jvm.dll
0x00007ff8da180000 - 0x00007ff8da188000 	C:\WINDOWS\System32\PSAPI.DLL
0x00007ff8d3c30000 - 0x00007ff8d3c53000 	C:\WINDOWS\SYSTEM32\WINMM.dll
0x00007ff8bfe90000 - 0x00007ff8bfe99000 	C:\WINDOWS\SYSTEM32\WSOCK32.dll
0x00007ff8d3c00000 - 0x00007ff8d3c2a000 	C:\WINDOWS\SYSTEM32\WINMMBASE.dll
0x00007ff8d0bc0000 - 0x00007ff8d0bca000 	C:\WINDOWS\SYSTEM32\VERSION.dll
0x00007ff8d82c0000 - 0x00007ff8d832c000 	C:\WINDOWS\System32\WS2_32.dll
0x00007ff8d8160000 - 0x00007ff8d81a9000 	C:\WINDOWS\System32\cfgmgr32.dll
0x00007ff8c4d40000 - 0x00007ff8c4d4f000 	C:\Program Files\Java\jdk1.8.0_201\jre\bin\verify.dll
0x00007ff8b66c0000 - 0x00007ff8b66e9000 	C:\Program Files\Java\jdk1.8.0_201\jre\bin\java.dll
0x00007ff8b66a0000 - 0x00007ff8b66b6000 	C:\Program Files\Java\jdk1.8.0_201\jre\bin\zip.dll
0x00007ff8d8480000 - 0x00007ff8d98c0000 	C:\WINDOWS\System32\SHELL32.dll
0x00007ff8da400000 - 0x00007ff8da4a9000 	C:\WINDOWS\System32\shcore.dll
0x00007ff8d7390000 - 0x00007ff8d7a9d000 	C:\WINDOWS\System32\windows.storage.dll
0x00007ff8daa20000 - 0x00007ff8daa71000 	C:\WINDOWS\System32\shlwapi.dll
0x00007ff8d70b0000 - 0x00007ff8d70c1000 	C:\WINDOWS\System32\kernel.appcore.dll
0x00007ff8d7090000 - 0x00007ff8d70af000 	C:\WINDOWS\System32\profapi.dll
0x00007ff8d7040000 - 0x00007ff8d708c000 	C:\WINDOWS\System32\powrprof.dll
0x00007ff8d7030000 - 0x00007ff8d703a000 	C:\WINDOWS\System32\FLTLIB.DLL
0x00007ff8b6380000 - 0x00007ff8b639a000 	C:\Program Files\Java\jdk1.8.0_201\jre\bin\net.dll
0x00007ff8cc320000 - 0x00007ff8cc4e9000 	C:\WINDOWS\SYSTEM32\urlmon.dll
0x00007ff8c9ce0000 - 0x00007ff8c9f85000 	C:\WINDOWS\SYSTEM32\iertutil.dll
0x00007ff8d6a60000 - 0x00007ff8d6a6b000 	C:\WINDOWS\SYSTEM32\CRYPTBASE.DLL
0x00007ff8d68b0000 - 0x00007ff8d6916000 	C:\WINDOWS\system32\mswsock.dll
0x00007ff8af880000 - 0x00007ff8af891000 	C:\Program Files\Java\jdk1.8.0_201\jre\bin\nio.dll
0x00007ff8aa580000 - 0x00007ff8aa5d5000 	C:\Users\florian\AppData\Local\Temp\lwjglflorian\3.1.0-build-40\lwjgl.dll
0x00007ff8af1d0000 - 0x00007ff8af20c000 	C:\Users\florian\AppData\Local\Temp\lwjglflorian\3.1.0-build-40\glfw.dll
0x00007ff8d54c0000 - 0x00007ff8d5558000 	C:\WINDOWS\system32\uxtheme.dll
0x00007ff89f610000 - 0x00007ff89f653000 	C:\WINDOWS\SYSTEM32\dinput8.dll
0x00007ff8c2740000 - 0x00007ff8c2750000 	C:\WINDOWS\SYSTEM32\xinput1_4.dll
0x00007ff8d6e40000 - 0x00007ff8d6e67000 	C:\WINDOWS\SYSTEM32\DEVOBJ.dll
0x00007ff8d57a0000 - 0x00007ff8d57c9000 	C:\WINDOWS\SYSTEM32\dwmapi.dll
0x00007ff8cafc0000 - 0x00007ff8cb039000 	C:\WINDOWS\SYSTEM32\inputhost.dll
0x00007ff8d5190000 - 0x00007ff8d526a000 	C:\WINDOWS\SYSTEM32\CoreMessaging.dll
0x00007ff8d2d00000 - 0x00007ff8d2e4d000 	C:\WINDOWS\SYSTEM32\wintypes.dll
0x00007ff8d1930000 - 0x00007ff8d1c4e000 	C:\WINDOWS\SYSTEM32\CoreUIComponents.dll
0x00007ff8d6210000 - 0x00007ff8d6241000 	C:\WINDOWS\SYSTEM32\ntmarta.dll
0x00007ff8d5d40000 - 0x00007ff8d5d4c000 	C:\WINDOWS\SYSTEM32\HID.DLL
0x00007ff8da4b0000 - 0x00007ff8da8fb000 	C:\WINDOWS\System32\SETUPAPI.DLL
0x00007ff8d70f0000 - 0x00007ff8d7147000 	C:\WINDOWS\System32\WINTRUST.dll
0x00007ff8d70d0000 - 0x00007ff8d70e2000 	C:\WINDOWS\System32\MSASN1.dll
0x00007ff8d7e40000 - 0x00007ff8d8022000 	C:\WINDOWS\System32\CRYPT32.dll
0x00007ff8da280000 - 0x00007ff8da3f3000 	C:\WINDOWS\System32\MSCTF.dll
0x00007ff8daa90000 - 0x00007ff8dab52000 	C:\WINDOWS\System32\OLEAUT32.dll
0x00007ff89f7b0000 - 0x00007ff89f8d0000 	C:\WINDOWS\SYSTEM32\opengl32.dll
0x00007ff8af0f0000 - 0x00007ff8af11c000 	C:\WINDOWS\SYSTEM32\GLU32.dll
0x000000005e630000 - 0x0000000060cb9000 	C:\WINDOWS\System32\DriverStore\FileRepository\nv_dispi.inf_amd64_5db32447b43ce666\nvoglv64.dll
0x00007ff8d9aa0000 - 0x00007ff8d9bf1000 	C:\WINDOWS\System32\ole32.dll
0x00007ff8d3010000 - 0x00007ff8d3023000 	C:\WINDOWS\SYSTEM32\WTSAPI32.dll
0x00007ff891ad0000 - 0x00007ff891d96000 	C:\WINDOWS\system32\nvspcap64.dll
0x00007ff8d61b0000 - 0x00007ff8d6206000 	C:\WINDOWS\SYSTEM32\WINSTA.dll
0x00007ff8cb040000 - 0x00007ff8cb0d6000 	C:\WINDOWS\System32\TextInputFramework.dll
0x00007ff8cbe20000 - 0x00007ff8cbe8b000 	C:\WINDOWS\system32\Oleacc.dll
0x00007ff891930000 - 0x00007ff891ac9000 	C:\Program Files\Java\jdk1.8.0_201\jre\bin\awt.dll
0x00007ff8d5390000 - 0x00007ff8d541b000 	C:\WINDOWS\SYSTEM32\apphelp.dll
0x00007ff8d6a70000 - 0x00007ff8d6a87000 	C:\WINDOWS\SYSTEM32\CRYPTSP.dll
0x00007ff8d6490000 - 0x00007ff8d64c3000 	C:\WINDOWS\system32\rsaenh.dll
0x00007ff8d6b90000 - 0x00007ff8d6bb5000 	C:\WINDOWS\SYSTEM32\bcrypt.dll
0x00007ff8d6f30000 - 0x00007ff8d6f58000 	C:\WINDOWS\SYSTEM32\USERENV.dll
0x00007ff8d6630000 - 0x00007ff8d6668000 	C:\WINDOWS\SYSTEM32\IPHLPAPI.DLL
0x00007ff8d82b0000 - 0x00007ff8d82b8000 	C:\WINDOWS\System32\NSI.dll
0x00007ff8d01f0000 - 0x00007ff8d0206000 	C:\WINDOWS\SYSTEM32\dhcpcsvc6.DLL
0x00007ff8d0a70000 - 0x00007ff8d0a8a000 	C:\WINDOWS\SYSTEM32\dhcpcsvc.DLL
0x00007ff8c20c0000 - 0x00007ff8c2289000 	C:\WINDOWS\SYSTEM32\dbghelp.dll

VM Arguments:
jvm_args: -da -Djava.library.path=G:\picatrix1899_portable\workspace\git\CodeRed3\CodeRed\lib\natives -Dfile.encoding=Cp1252 
java_command: com.codered.demo.Main
java_class_path (initial): G:\picatrix1899_portable\workspace\git\CodeRed3\CodeRedDemo\bin;G:\picatrix1899_portable\workspace\git\utilslib\utilslib\bin;G:\picatrix1899_portable\workspace\git\CodeRed3\CodeRedDemo\lib\lwjgl-glfw.jar;G:\picatrix1899_portable\workspace\git\CodeRed3\CodeRedDemo\lib\lwjgl.jar;G:\picatrix1899_portable\workspace\git\CodeRed3\CodeRedDemo\lib\lwjgl-natives-windows.jar;G:\picatrix1899_portable\workspace\git\CodeRed3\CodeRedDemo\lib\lwjgl-opengl.jar;G:\picatrix1899_portable\workspace\git\CodeRed3\CodeRed\bin;G:\picatrix1899_portable\workspace\git\CodeRed3\CodeRed\lib\jorbis-0.0.15.jar;G:\picatrix1899_portable\workspace\git\CodeRed3\CodeRed\lib\jogg-0.0.7.jar;G:\picatrix1899_portable\workspace\git\CodeRed3\CodeRed\lib\lwjgl-glfw-natives-windows.jar;G:\picatrix1899_portable\workspace\git\CodeRed3\CodeRed\lib\lwjgl-glfw.jar;G:\picatrix1899_portable\workspace\git\CodeRed3\CodeRed\lib\lwjgl-natives-windows.jar;G:\picatrix1899_portable\workspace\git\CodeRed3\CodeRed\lib\lwjgl-nuklear-natives-windows.jar;G:\picatrix1899_portable\workspace\git\CodeRed3\CodeRed\lib\lwjgl-nuklear.jar;G:\picatrix1899_portable\workspace\git\CodeRed3\CodeRed\lib\lwjgl-openal.jar;G:\picatrix1899_portable\workspace\git\CodeRed3\CodeRed\lib\lwjgl-opencl.jar;G:\picatrix1899_portable\workspace\git\CodeRed3\CodeRed\lib\lwjgl-opengl.jar;G:\picatrix1899_portable\workspace\git\CodeRed3\CodeRed\lib\lwjgl-ovr.jar;G:\picatrix1899_portable\workspace\git\CodeRed3\CodeRed\lib\lwjgl-ovr-natives-windows.jar;G:\picatrix1899_portable\workspace\git\CodeRed3\CodeRed\lib\lwjgl-openal-natives-windows.jar;G:\picatrix1899_portable\workspace\git\CodeRed3\CodeRed\lib\lwjgl.jar;G:\picatrix1899_portable\workspace\git\barghos\barghos-core\bin;G:\picatrix1899_portable\workspace\git\barghos\barghos-math\bin;G:\picatrix1899_portable\workspace\git\barghos\barghos-structs\bin;G:\picatrix1899_portable\workspace\git\CodeRed3\ResourceManager\bin;G:\picatrix1899_portable\workspace\git\CodeRed3\ResourceManager\
Launcher Type: SUN_STANDARD

Environment Variables:
JAVA_HOME=C:\Program Files\Java\jdk1.8.0_171
PATH=C:/Program Files/Java/jre1.8.0_201/bin/server;C:/Program Files/Java/jre1.8.0_201/bin;C:/Program Files/Java/jre1.8.0_201/lib/amd64;C:\Program Files (x86)\Common Files\Oracle\Java\javapath;C:\WINDOWS\system32;C:\WINDOWS;C:\WINDOWS\System32\Wbem;C:\WINDOWS\System32\WindowsPowerShell\v1.0\;C:\WINDOWS\System32\OpenSSH\;C:\Program Files\Git\cmd;C:\Program Files\dotnet\;C:\Program Files (x86)\QuickTime\QTSystem\;C:\Program Files (x86)\NVIDIA Corporation\PhysX\Common;C:\Program Files\NVIDIA Corporation\NVIDIA NvDLISR;C:\Program Files\Gradle\gradle-5.1.1\bin;C:\Program Files\Maven\apache-maven-3.6.0\bin;C:\Program Files\Java\jdk1.8.0_181\bin;C:\Users\florian\AppData\Local\Microsoft\WindowsApps;C:\Program Files\Java\jdk1.8.0_171\bin;C:\Program Files\Maven\apache-maven-3.6.0\bin;C:\Program Files\Gradle\gradle-5.1.1\bin;;G:\Programmes\eclipse 2018-12\eclipse;
USERNAME=florian
OS=Windows_NT
PROCESSOR_IDENTIFIER=Intel64 Family 6 Model 79 Stepping 1, GenuineIntel



---------------  S Y S T E M  ---------------

OS: Windows 10.0 , 64 bit Build 17134 (10.0.17134.1)

CPU:total 12 (initial active 12) (6 cores per cpu, 2 threads per core) family 6 model 79 stepping 1, cmov, cx8, fxsr, mmx, sse, sse2, sse3, ssse3, sse4.1, sse4.2, popcnt, avx, avx2, aes, clmul, erms, rtm, 3dnowpref, lzcnt, ht, tsc, tscinvbit, bmi1, bmi2, adx

Memory: 4k page, physical 16674884k(8915112k free), swap 17723460k(6047372k free)

vm_info: Java HotSpot(TM) 64-Bit Server VM (25.201-b09) for windows-amd64 JRE (1.8.0_201-b09), built on Dec 15 2018 18:36:39 by "java_re" with MS VC++ 10.0 (VS2010)

time: Sun Jan 27 18:04:29 2019
timezone: Mitteleuropäische Zeit
elapsed time: 3 seconds (0d 0h 0m 3s)

