#
# A fatal error has been detected by the Java Runtime Environment:
#
#  EXCEPTION_ACCESS_VIOLATION (0xc0000005) at pc=0x00007ffee5861222, pid=5456, tid=0x0000000000002558
#
# JRE version: Java(TM) SE Runtime Environment (8.0_101-b13) (build 1.8.0_101-b13)
# Java VM: Java HotSpot(TM) 64-Bit Server VM (25.101-b13 mixed mode windows-amd64 compressed oops)
# Problematic frame:
# C  [glfw.dll+0x1222]
#
# Failed to write core dump. Minidumps are not enabled by default on client versions of Windows
#
# If you would like to submit a bug report, please visit:
#   http://bugreport.java.com/bugreport/crash.jsp
# The crash happened outside the Java Virtual Machine in native code.
# See problematic frame for where to report the bug.
#

---------------  T H R E A D  ---------------

Current thread (0x000000000265d800):  JavaThread "main" [_thread_in_native, id=9560, stack(0x0000000002460000,0x0000000002560000)]

siginfo: ExceptionCode=0xc0000005, reading address 0x00000000000001f1

Registers:
RAX=0x0000000000000001, RBX=0x0000000016e3ed70, RCX=0x000000000255ecd8, RDX=0x0000000000000000
RSP=0x000000000255ec80, RBP=0x000000000255edb0, RSI=0x0000000000000258, RDI=0x0000000000000320
R8 =0x00000000193b496b, R9 =0x0000000000000000, R10=0x0000000000000001, R11=0x00007ffee5865d40
R12=0x0000000000000000, R13=0x0000000016e3ed70, R14=0x0000000000000000, R15=0x000000000265d800
RIP=0x00007ffee5861222, EFLAGS=0x0000000000010202

Top of Stack: (sp=0x000000000255ec80)
0x000000000255ec80:   0000000016e8e040 000000000265d800
0x000000000255ec90:   0000000000000002 000000000265d800
0x000000000255eca0:   0000000016e8e040 00007ffee5865ebd
0x000000000255ecb0:   0000000002657e00 000000000255efc0
0x000000000255ecc0:   00000000000002c0 000000000265d800
0x000000000255ecd0:   000000000265d800 0003600100030001
0x000000000255ece0:   0000000200000004 0000000000000000
0x000000000255ecf0:   0003200100000000 0000000000000000
0x000000000255ed00:   0000000000000001 0000000000000000
0x000000000255ed10:   0000025800000320 00000000193b496b
0x000000000255ed20:   0000000100000001 0000000100000001
0x000000000255ed30:   0000000000000001 0000000100000000
0x000000000255ed40:   0000000000000001 0000000000000001
0x000000000255ed50:   0000000000000000 0000000000000000
0x000000000255ed60:   0000000000000000 0000000000000000
0x000000000255ed70:   0000000000000000 0000000000000000 

Instructions: (pc=0x00007ffee5861222)
0x00007ffee5861202:   c3 cc cc cc cc cc cc cc cc cc cc cc cc cc 48 83
0x00007ffee5861212:   ec 28 48 8b 41 28 48 85 c0 74 21 83 39 00 74 09
0x00007ffee5861222:   83 b8 f0 01 00 00 00 75 13 33 d2 b9 0a 00 01 00
0x00007ffee5861232:   e8 29 0a 00 00 33 c0 48 83 c4 28 c3 44 8b 41 04 


Register to memory mapping:

RAX=0x0000000000000001 is an unknown value
RBX={method} {0x0000000016e3ed78} 'invokePPPP' '(JIIJJJ)J' in 'org/lwjgl/system/JNI'
RCX=0x000000000255ecd8 is pointing into the stack for thread: 0x000000000265d800
RDX=0x0000000000000000 is an unknown value
RSP=0x000000000255ec80 is pointing into the stack for thread: 0x000000000265d800
RBP=0x000000000255edb0 is pointing into the stack for thread: 0x000000000265d800
RSI=0x0000000000000258 is an unknown value
RDI=0x0000000000000320 is an unknown value
R8 =0x00000000193b496b is an unknown value
R9 =0x0000000000000000 is an unknown value
R10=0x0000000000000001 is an unknown value
R11=0x00007ffee5865d40 is an unknown value
R12=0x0000000000000000 is an unknown value
R13={method} {0x0000000016e3ed78} 'invokePPPP' '(JIIJJJ)J' in 'org/lwjgl/system/JNI'
R14=0x0000000000000000 is an unknown value
R15=0x000000000265d800 is a thread


Stack: [0x0000000002460000,0x0000000002560000],  sp=0x000000000255ec80,  free space=1019k
Native frames: (J=compiled Java code, j=interpreted, Vv=VM code, C=native code)
C  [glfw.dll+0x1222]
C  [glfw.dll+0x5ebd]
C  0x0000000002777f54

Java frames: (J=compiled Java code, j=interpreted, Vv=VM code)
j  org.lwjgl.system.JNI.invokePPPP(JIIJJJ)J+0
j  org.lwjgl.glfw.GLFW.nglfwCreateWindow(IIJJJ)J+14
j  org.lwjgl.glfw.GLFW.glfwCreateWindow(IILjava/lang/CharSequence;JJ)J+37
j  com.codered.window.Window.init()V+35
j  com.codered.window.WindowContext.init()V+8
j  com.codered.demo.DemoGame.init()V+30
j  com.codered.engine.EngineRoutine.run()V+4
j  com.codered.engine.EngineRoutine.start()V+1
j  com.codered.engine.Engine.start()V+4
j  com.codered.engine.EngineBootstrap.start()V+4
j  com.codered.engine.EngineBootstrap.boot()V+5
j  com.codered.demo.Main.main([Ljava/lang/String;)V+16
v  ~StubRoutines::call_stub

---------------  P R O C E S S  ---------------

Java Threads: ( => current thread )
  0x0000000019592000 JavaThread "Thread-8" daemon [_thread_blocked, id=6476, stack(0x000000002c5c0000,0x000000002c6c0000)]
  0x0000000019591000 JavaThread "Thread-7" daemon [_thread_blocked, id=7528, stack(0x000000002c4c0000,0x000000002c5c0000)]
  0x000000001958f800 JavaThread "Thread-6" daemon [_thread_blocked, id=8476, stack(0x000000002c3c0000,0x000000002c4c0000)]
  0x000000001958e800 JavaThread "Thread-5" daemon [_thread_blocked, id=10452, stack(0x000000002c2c0000,0x000000002c3c0000)]
  0x0000000019636800 JavaThread "Java2D Disposer" daemon [_thread_blocked, id=2064, stack(0x000000002bb20000,0x000000002bc20000)]
  0x0000000018b6f000 JavaThread "Service Thread" daemon [_thread_blocked, id=1112, stack(0x0000000019050000,0x0000000019150000)]
  0x00000000172fd800 JavaThread "C1 CompilerThread2" daemon [_thread_blocked, id=5168, stack(0x0000000018f50000,0x0000000019050000)]
  0x00000000172f4800 JavaThread "C2 CompilerThread1" daemon [_thread_blocked, id=5608, stack(0x0000000018a50000,0x0000000018b50000)]
  0x000000001729d800 JavaThread "C2 CompilerThread0" daemon [_thread_blocked, id=2012, stack(0x0000000018950000,0x0000000018a50000)]
  0x000000001729c000 JavaThread "Attach Listener" daemon [_thread_blocked, id=10652, stack(0x0000000018850000,0x0000000018950000)]
  0x000000001729b000 JavaThread "Signal Dispatcher" daemon [_thread_blocked, id=9036, stack(0x0000000018750000,0x0000000018850000)]
  0x000000001728a800 JavaThread "Finalizer" daemon [_thread_blocked, id=9108, stack(0x0000000018520000,0x0000000018620000)]
  0x0000000017269000 JavaThread "Reference Handler" daemon [_thread_blocked, id=3160, stack(0x0000000018420000,0x0000000018520000)]
=>0x000000000265d800 JavaThread "main" [_thread_in_native, id=9560, stack(0x0000000002460000,0x0000000002560000)]

Other Threads:
  0x0000000017267000 VMThread [stack: 0x0000000018320000,0x0000000018420000] [id=9988]
  0x0000000018b74000 WatcherThread [stack: 0x0000000019150000,0x0000000019250000] [id=10660]

VM state:not at safepoint (normal execution)

VM Mutex/Monitor currently owned by a thread: None

Heap:
 PSYoungGen      total 38400K, used 25688K [0x00000000d5e00000, 0x00000000d8880000, 0x0000000100000000)
  eden space 33280K, 61% used [0x00000000d5e00000,0x00000000d7219a80,0x00000000d7e80000)
  from space 5120K, 99% used [0x00000000d7e80000,0x00000000d837c6a8,0x00000000d8380000)
  to   space 5120K, 0% used [0x00000000d8380000,0x00000000d8380000,0x00000000d8880000)
 ParOldGen       total 87552K, used 12191K [0x0000000081a00000, 0x0000000086f80000, 0x00000000d5e00000)
  object space 87552K, 13% used [0x0000000081a00000,0x00000000825e7dc8,0x0000000086f80000)
 Metaspace       used 11713K, capacity 12051K, committed 12288K, reserved 1060864K
  class space    used 1093K, capacity 1191K, committed 1280K, reserved 1048576K

Card table byte_map: [0x0000000011b20000,0x0000000011f20000] byte_map_base: 0x0000000011713000

Marking Bits: (ParMarkBitMap*) 0x000000005e3da6d0
 Begin Bits: [0x00000000125d0000, 0x0000000014568000)
 End Bits:   [0x0000000014568000, 0x0000000016500000)

Polling page: 0x0000000000750000

CodeCache: size=245760Kb used=3611Kb max_used=3611Kb free=242148Kb
 bounds [0x0000000002760000, 0x0000000002af0000, 0x0000000011760000]
 total_blobs=1843 nmethods=899 adapters=857
 compilation: enabled

Compilation events (10 events):
Event: 1.637 Thread 0x00000000172fd800  894       3       com.codered.font.MetaFile::getValueOfVariable (17 bytes)
Event: 1.637 Thread 0x00000000172fd800 nmethod 894 0x0000000002ae59d0 code [0x0000000002ae5b60, 0x0000000002ae5ef8]
Event: 1.637 Thread 0x000000001729d800 nmethod 895 0x0000000002ae55d0 code [0x0000000002ae5720, 0x0000000002ae5858]
Event: 1.638 Thread 0x00000000172fd800  896       3       sun.net.www.protocol.file.Handler::hostsEqual (69 bytes)
Event: 1.638 Thread 0x00000000172fd800 nmethod 896 0x0000000002ae8710 code [0x0000000002ae88c0, 0x0000000002ae9028]
Event: 1.638 Thread 0x00000000172fd800  898       3       jdk.internal.org.objectweb.asm.ClassWriter::newNameType (10 bytes)
Event: 1.638 Thread 0x00000000172fd800 nmethod 898 0x0000000002ae51d0 code [0x0000000002ae5340, 0x0000000002ae54e8]
Event: 1.638 Thread 0x00000000172fd800  899       3       jdk.internal.org.objectweb.asm.ClassWriter::newNameTypeItem (71 bytes)
Event: 1.638 Thread 0x00000000172fd800 nmethod 899 0x0000000002ae7d10 code [0x0000000002ae7f00, 0x0000000002ae8438]
Event: 1.638 Thread 0x00000000172fd800  897       3       java.security.CodeSource::matchCerts (254 bytes)

GC Heap History (2 events):
Event: 1.377 GC heap before
{Heap before GC invocations=1 (full 0):
 PSYoungGen      total 38400K, used 30528K [0x00000000d5e00000, 0x00000000d8880000, 0x0000000100000000)
  eden space 33280K, 91% used [0x00000000d5e00000,0x00000000d7bd0288,0x00000000d7e80000)
  from space 5120K, 0% used [0x00000000d8380000,0x00000000d8380000,0x00000000d8880000)
  to   space 5120K, 0% used [0x00000000d7e80000,0x00000000d7e80000,0x00000000d8380000)
 ParOldGen       total 87552K, used 0K [0x0000000081a00000, 0x0000000086f80000, 0x00000000d5e00000)
  object space 87552K, 0% used [0x0000000081a00000,0x0000000081a00000,0x0000000086f80000)
 Metaspace       used 11205K, capacity 11507K, committed 11648K, reserved 1060864K
  class space    used 1045K, capacity 1143K, committed 1152K, reserved 1048576K
Event: 1.385 GC heap after
Heap after GC invocations=1 (full 0):
 PSYoungGen      total 38400K, used 5105K [0x00000000d5e00000, 0x00000000d8880000, 0x0000000100000000)
  eden space 33280K, 0% used [0x00000000d5e00000,0x00000000d5e00000,0x00000000d7e80000)
  from space 5120K, 99% used [0x00000000d7e80000,0x00000000d837c6a8,0x00000000d8380000)
  to   space 5120K, 0% used [0x00000000d8380000,0x00000000d8380000,0x00000000d8880000)
 ParOldGen       total 87552K, used 12191K [0x0000000081a00000, 0x0000000086f80000, 0x00000000d5e00000)
  object space 87552K, 13% used [0x0000000081a00000,0x00000000825e7dc8,0x0000000086f80000)
 Metaspace       used 11205K, capacity 11507K, committed 11648K, reserved 1060864K
  class space    used 1045K, capacity 1143K, committed 1152K, reserved 1048576K
}

Deoptimization events (10 events):
Event: 0.864 Thread 0x000000000265d800 Uncommon trap: reason=unstable_if action=reinterpret pc=0x00000000029a2c1c method=java.lang.String.indexOf([CII[CIII)I @ 3
Event: 1.309 Thread 0x000000000265d800 Uncommon trap: reason=unstable_if action=reinterpret pc=0x00000000029ff0a0 method=java.io.WinNTFileSystem.normalize(Ljava/lang/String;)Ljava/lang/String; @ 128
Event: 1.400 Thread 0x000000000265d800 Uncommon trap: reason=unstable_if action=reinterpret pc=0x0000000002a84acc method=org.resources.textures.TextureLoader.loadResource(Ljava/io/InputStream;)Lorg/resources/textures/TextureData; @ 181
Event: 1.550 Thread 0x000000001958e800 Uncommon trap: reason=unstable_if action=reinterpret pc=0x0000000002a68118 method=sun.awt.image.ByteInterleavedRaster.putByteData(IIII[B)V @ 395
Event: 1.566 Thread 0x000000000265d800 Uncommon trap: reason=unstable_if action=reinterpret pc=0x0000000002a66dfc method=java.awt.image.ComponentColorModel.getRGB(Ljava/lang/Object;)I @ 4
Event: 1.566 Thread 0x000000000265d800 Uncommon trap: reason=unstable_if action=reinterpret pc=0x0000000002a6e820 method=java.awt.image.ComponentColorModel.getAlpha(Ljava/lang/Object;)I @ 4
Event: 1.566 Thread 0x000000000265d800 Uncommon trap: reason=unstable_if action=reinterpret pc=0x0000000002a719c4 method=java.awt.image.ComponentColorModel.extractComponent(Ljava/lang/Object;II)I @ 4
Event: 1.569 Thread 0x000000000265d800 Uncommon trap: reason=unstable_if action=reinterpret pc=0x0000000002a78fe4 method=java.awt.image.ComponentColorModel.getAlpha(Ljava/lang/Object;)I @ 4
Event: 1.583 Thread 0x0000000019591000 Uncommon trap: reason=unstable_if action=reinterpret pc=0x0000000002a356e8 method=java.io.BufferedReader.readLine(Z)Ljava/lang/String; @ 192
Event: 1.609 Thread 0x000000001958e800 Uncommon trap: reason=unstable_if action=reinterpret pc=0x0000000002ac14b0 method=java.awt.image.BufferedImage.getRGB(IIII[III)[I @ 163

Internal exceptions (10 events):
Event: 0.312 Thread 0x000000000265d800 Exception <a 'java/lang/NoSuchMethodError': java.lang.Object.lambda$static$0(Ljava/lang/String;)Ljava/lang/Boolean;> (0x00000000d627ff60) thrown at [C:\re\workspace\8-2-build-windows-amd64-cygwin\jdk8u101\7261\hotspot\src\share\vm\interpreter\linkResolver.*§=%çÄÕ?
Event: 0.340 Thread 0x000000000265d800 Exception <a 'java/security/PrivilegedActionException'> (0x00000000d6354c90) thrown at [C:\re\workspace\8-2-build-windows-amd64-cygwin\jdk8u101\7261\hotspot\src\share\vm\prims\jvm.cpp, line 1386]
Event: 0.340 Thread 0x000000000265d800 Exception <a 'java/security/PrivilegedActionException'> (0x00000000d6354ea0) thrown at [C:\re\workspace\8-2-build-windows-amd64-cygwin\jdk8u101\7261\hotspot\src\share\vm\prims\jvm.cpp, line 1386]
Event: 0.341 Thread 0x000000000265d800 Exception <a 'java/security/PrivilegedActionException'> (0x00000000d6358ae8) thrown at [C:\re\workspace\8-2-build-windows-amd64-cygwin\jdk8u101\7261\hotspot\src\share\vm\prims\jvm.cpp, line 1386]
Event: 0.341 Thread 0x000000000265d800 Exception <a 'java/security/PrivilegedActionException'> (0x00000000d6358cf8) thrown at [C:\re\workspace\8-2-build-windows-amd64-cygwin\jdk8u101\7261\hotspot\src\share\vm\prims\jvm.cpp, line 1386]
Event: 0.855 Thread 0x000000000265d800 Exception <a 'sun/nio/fs/WindowsException'> (0x00000000d6557348) thrown at [C:\re\workspace\8-2-build-windows-amd64-cygwin\jdk8u101\7261\hotspot\src\share\vm\prims\jni.cpp, line 709]
Event: 0.856 Thread 0x000000000265d800 Exception <a 'sun/nio/fs/WindowsException'> (0x00000000d6557b18) thrown at [C:\re\workspace\8-2-build-windows-amd64-cygwin\jdk8u101\7261\hotspot\src\share\vm\prims\jni.cpp, line 709]
Event: 0.880 Thread 0x000000000265d800 Exception <a 'sun/nio/fs/WindowsException'> (0x00000000d65a1780) thrown at [C:\re\workspace\8-2-build-windows-amd64-cygwin\jdk8u101\7261\hotspot\src\share\vm\prims\jni.cpp, line 709]
Event: 0.880 Thread 0x000000000265d800 Exception <a 'sun/nio/fs/WindowsException'> (0x00000000d65a1d38) thrown at [C:\re\workspace\8-2-build-windows-amd64-cygwin\jdk8u101\7261\hotspot\src\share\vm\prims\jni.cpp, line 709]
Event: 1.237 Thread 0x000000000265d800 Exception <a 'java/io/FileNotFoundException'> (0x00000000d70d3a78) thrown at [C:\re\workspace\8-2-build-windows-amd64-cygwin\jdk8u101\7261\hotspot\src\share\vm\prims\jni.cpp, line 709]

Events (10 events):
Event: 1.637 loading class org/barghos/core/event/EventArgs
Event: 1.637 loading class org/barghos/core/event/EventArgs done
Event: 1.638 loading class org/barghos/core/event/NoArgs
Event: 1.638 loading class org/barghos/core/event/NoArgs done
Event: 1.638 loading class org/barghos/core/event/NoArgs
Event: 1.638 loading class org/barghos/core/event/NoArgs done
Event: 1.638 loading class org/barghos/core/event/NoArgs
Event: 1.638 loading class org/barghos/core/event/NoArgs done
Event: 1.638 loading class org/barghos/core/event/EventHandler
Event: 1.638 loading class org/barghos/core/event/EventHandler done


Dynamic libraries:
0x00007ff7de840000 - 0x00007ff7de877000 	C:\Program Files\Java\jre1.8.0_101\bin\javaw.exe
0x00007fff11880000 - 0x00007fff11a6d000 	C:\WINDOWS\SYSTEM32\ntdll.dll
0x00007fff0fad0000 - 0x00007fff0fb83000 	C:\WINDOWS\System32\KERNEL32.DLL
0x00007fff0dd80000 - 0x00007fff0e013000 	C:\WINDOWS\System32\KERNELBASE.dll
0x00007fff10000000 - 0x00007fff100a3000 	C:\WINDOWS\System32\ADVAPI32.dll
0x00007fff0ff60000 - 0x00007fff0fffe000 	C:\WINDOWS\System32\msvcrt.dll
0x00007fff0fb90000 - 0x00007fff0fc2e000 	C:\WINDOWS\System32\sechost.dll
0x00007fff0f4b0000 - 0x00007fff0f5d2000 	C:\WINDOWS\System32\RPCRT4.dll
0x00007fff10100000 - 0x00007fff10297000 	C:\WINDOWS\System32\USER32.dll
0x00007fff0e990000 - 0x00007fff0e9b0000 	C:\WINDOWS\System32\win32u.dll
0x00007fff11790000 - 0x00007fff117b9000 	C:\WINDOWS\System32\GDI32.dll
0x00007fff0dbe0000 - 0x00007fff0dd7a000 	C:\WINDOWS\System32\gdi32full.dll
0x00007fff0e0c0000 - 0x00007fff0e160000 	C:\WINDOWS\System32\msvcp_win.dll
0x00007fff0e9b0000 - 0x00007fff0eaac000 	C:\WINDOWS\System32\ucrtbase.dll
0x00007ffefe2d0000 - 0x00007ffefe549000 	C:\WINDOWS\WinSxS\amd64_microsoft.windows.common-controls_6595b64144ccf1df_6.0.17763.292_none_05b137b40722e6bb\COMCTL32.dll
0x00007fff0fc30000 - 0x00007fff0ff5d000 	C:\WINDOWS\System32\combase.dll
0x00007fff0e040000 - 0x00007fff0e0be000 	C:\WINDOWS\System32\bcryptPrimitives.dll
0x00007fff100b0000 - 0x00007fff100de000 	C:\WINDOWS\System32\IMM32.DLL
0x000000005e460000 - 0x000000005e532000 	C:\Program Files\Java\jre1.8.0_101\bin\msvcr100.dll
0x000000005dbc0000 - 0x000000005e45a000 	C:\Program Files\Java\jre1.8.0_101\bin\server\jvm.dll
0x00007fff11840000 - 0x00007fff11848000 	C:\WINDOWS\System32\PSAPI.DLL
0x00007ffefd150000 - 0x00007ffefd159000 	C:\WINDOWS\SYSTEM32\WSOCK32.dll
0x00007fff0b710000 - 0x00007fff0b734000 	C:\WINDOWS\SYSTEM32\WINMM.dll
0x00007fff0f850000 - 0x00007fff0f8bd000 	C:\WINDOWS\System32\WS2_32.dll
0x00007fff03110000 - 0x00007fff0311a000 	C:\WINDOWS\SYSTEM32\VERSION.dll
0x00007fff0b6e0000 - 0x00007fff0b70d000 	C:\WINDOWS\SYSTEM32\WINMMBASE.dll
0x00007fff0e160000 - 0x00007fff0e1aa000 	C:\WINDOWS\System32\cfgmgr32.dll
0x000000005dbb0000 - 0x000000005dbbf000 	C:\Program Files\Java\jre1.8.0_101\bin\verify.dll
0x000000005db80000 - 0x000000005dba9000 	C:\Program Files\Java\jre1.8.0_101\bin\java.dll
0x000000005db60000 - 0x000000005db76000 	C:\Program Files\Java\jre1.8.0_101\bin\zip.dll
0x00007fff102a0000 - 0x00007fff1178f000 	C:\WINDOWS\System32\SHELL32.dll
0x00007fff0f200000 - 0x00007fff0f2a8000 	C:\WINDOWS\System32\shcore.dll
0x00007fff0e210000 - 0x00007fff0e95a000 	C:\WINDOWS\System32\windows.storage.dll
0x00007fff0d8c0000 - 0x00007fff0d8e4000 	C:\WINDOWS\System32\profapi.dll
0x00007fff0d8f0000 - 0x00007fff0d94d000 	C:\WINDOWS\System32\powrprof.dll
0x00007fff0eab0000 - 0x00007fff0eb02000 	C:\WINDOWS\System32\shlwapi.dll
0x00007fff0d8a0000 - 0x00007fff0d8b1000 	C:\WINDOWS\System32\kernel.appcore.dll
0x00007fff0e020000 - 0x00007fff0e037000 	C:\WINDOWS\System32\cryptsp.dll
0x000000005db40000 - 0x000000005db5a000 	C:\Program Files\Java\jre1.8.0_101\bin\net.dll
0x00007fff0d110000 - 0x00007fff0d177000 	C:\WINDOWS\system32\mswsock.dll
0x000000005db20000 - 0x000000005db31000 	C:\Program Files\Java\jre1.8.0_101\bin\nio.dll
0x00007ffef0cc0000 - 0x00007ffef0d23000 	C:\Users\fz\AppData\Local\Temp\lwjglfz\3.2.1-build-12\lwjgl.dll
0x00007ffee5860000 - 0x00007ffee58be000 	C:\Users\fz\AppData\Local\Temp\lwjglfz\3.2.1-build-12\glfw.dll
0x00007fff0bac0000 - 0x00007fff0bb5c000 	C:\WINDOWS\system32\uxtheme.dll
0x00007ffee5810000 - 0x00007ffee5854000 	C:\WINDOWS\SYSTEM32\dinput8.dll
0x00007ffef5700000 - 0x00007ffef5711000 	C:\WINDOWS\SYSTEM32\xinput1_4.dll
0x00007fff0d690000 - 0x00007fff0d6b9000 	C:\WINDOWS\SYSTEM32\DEVOBJ.dll
0x00007fff0bbb0000 - 0x00007fff0bbde000 	C:\WINDOWS\SYSTEM32\dwmapi.dll
0x00007fff0d950000 - 0x00007fff0db2b000 	C:\WINDOWS\System32\CRYPT32.dll
0x00007fff0d880000 - 0x00007fff0d892000 	C:\WINDOWS\System32\MSASN1.dll
0x00007ffefbeb0000 - 0x00007ffefbf7c000 	C:\WINDOWS\SYSTEM32\inputhost.dll
0x00007fff0b100000 - 0x00007fff0b1e2000 	C:\WINDOWS\SYSTEM32\CoreMessaging.dll
0x00007fff0bbe0000 - 0x00007fff0bded000 	C:\WINDOWS\SYSTEM32\twinapi.appcore.dll
0x00007fff0a5c0000 - 0x00007fff0ab7e000 	C:\WINDOWS\SYSTEM32\d2d1.dll
0x00007fff08cf0000 - 0x00007fff09012000 	C:\WINDOWS\SYSTEM32\CoreUIComponents.dll
0x00007fff0a340000 - 0x00007fff0a5be000 	C:\WINDOWS\SYSTEM32\d3d11.dll
0x00007fff0c360000 - 0x00007fff0c508000 	C:\WINDOWS\SYSTEM32\PROPSYS.dll
0x00007fff08b90000 - 0x00007fff08ce3000 	C:\WINDOWS\SYSTEM32\wintypes.dll
0x00007fff0ef90000 - 0x00007fff0f05b000 	C:\WINDOWS\System32\OLEAUT32.dll
0x00007fff0bdf0000 - 0x00007fff0be18000 	C:\WINDOWS\SYSTEM32\RMCLIENT.dll
0x00007fff0c8c0000 - 0x00007fff0c8f1000 	C:\WINDOWS\SYSTEM32\ntmarta.dll
0x00007fff0c6d0000 - 0x00007fff0c792000 	C:\WINDOWS\SYSTEM32\dxgi.dll
0x00007fff0f2b0000 - 0x00007fff0f41a000 	C:\WINDOWS\System32\MSCTF.dll
0x00007fff0c580000 - 0x00007fff0c58e000 	C:\WINDOWS\SYSTEM32\HID.DLL
0x00007fff0eb10000 - 0x00007fff0ef85000 	C:\WINDOWS\System32\SETUPAPI.DLL
0x00007fff0e960000 - 0x00007fff0e986000 	C:\WINDOWS\System32\bcrypt.dll
0x00007fff0e1b0000 - 0x00007fff0e208000 	C:\WINDOWS\System32\WINTRUST.dll
0x00007ffef6470000 - 0x00007ffef6597000 	C:\WINDOWS\SYSTEM32\opengl32.dll
0x00007ffef7460000 - 0x00007ffef748c000 	C:\WINDOWS\SYSTEM32\GLU32.dll
0x00007ffec3260000 - 0x00007ffec40ce000 	C:\WINDOWS\System32\DriverStore\FileRepository\igdlh64.inf_amd64_8a9535cd18c90bc3\ig9icd64.dll
0x00007ffedf6c0000 - 0x00007ffedf7a1000 	C:\WINDOWS\System32\DriverStore\FileRepository\igdlh64.inf_amd64_8a9535cd18c90bc3\igdgmm64.dll
0x00007fff04320000 - 0x00007fff06259000 	C:\WINDOWS\System32\DriverStore\FileRepository\igdlh64.inf_amd64_8a9535cd18c90bc3\igc64.dll
0x00007ffefbf80000 - 0x00007ffefc015000 	C:\WINDOWS\System32\TextInputFramework.dll
0x00007ffee38b0000 - 0x00007ffee3908000 	C:\Users\fz\git\CodeRed3\CodeRed\lib\natives\lwjgl_opengl.dll
0x000000005d980000 - 0x000000005db18000 	C:\Program Files\Java\jre1.8.0_101\bin\awt.dll
0x00007fff0b4e0000 - 0x00007fff0b56c000 	C:\WINDOWS\SYSTEM32\apphelp.dll
0x00007fff0ccd0000 - 0x00007fff0cd03000 	C:\WINDOWS\system32\rsaenh.dll
0x00007fff0d780000 - 0x00007fff0d7a8000 	C:\WINDOWS\SYSTEM32\USERENV.dll
0x00007fff0d2e0000 - 0x00007fff0d2ec000 	C:\WINDOWS\SYSTEM32\CRYPTBASE.dll
0x00007fff0ce70000 - 0x00007fff0cead000 	C:\WINDOWS\SYSTEM32\IPHLPAPI.DLL
0x00007fff0f420000 - 0x00007fff0f428000 	C:\WINDOWS\System32\NSI.dll
0x00007fff09cb0000 - 0x00007fff09cc6000 	C:\WINDOWS\SYSTEM32\dhcpcsvc6.DLL
0x00007fff09c90000 - 0x00007fff09cac000 	C:\WINDOWS\SYSTEM32\dhcpcsvc.DLL
0x00007fff0ceb0000 - 0x00007fff0cf76000 	C:\WINDOWS\SYSTEM32\DNSAPI.dll
0x00007fff03b50000 - 0x00007fff03d3d000 	C:\WINDOWS\SYSTEM32\dbghelp.dll

VM Arguments:
jvm_args: -Djava.library.path=C:\Users\fz\git\CodeRed3\CodeRed\lib\natives -Dfile.encoding=Cp1252 
java_command: com.codered.demo.Main
java_class_path (initial): C:\Users\fz\git\CodeRed3\CodeRedDemo\bin;C:\Users\fz\git\utilslib\utilslib\bin;C:\Users\fz\git\CodeRed3\CodeRedDemo\lib\lwjgl-glfw.jar;C:\Users\fz\git\CodeRed3\CodeRedDemo\lib\lwjgl.jar;C:\Users\fz\git\CodeRed3\CodeRedDemo\lib\lwjgl-natives-windows.jar;C:\Users\fz\git\CodeRed3\CodeRedDemo\lib\lwjgl-opengl.jar;C:\Users\fz\git\CodeRed3\CodeRed\bin;C:\Users\fz\git\CodeRed3\CodeRed\lib\lwjgl-glfw-natives-windows.jar;C:\Users\fz\git\CodeRed3\CodeRed\lib\lwjgl-glfw.jar;C:\Users\fz\git\CodeRed3\CodeRed\lib\lwjgl-natives-windows.jar;C:\Users\fz\git\CodeRed3\CodeRed\lib\lwjgl-opengl.jar;C:\Users\fz\git\CodeRed3\CodeRed\lib\lwjgl.jar;C:\Users\fz\git\barghos\barghos-core\bin;C:\Users\fz\git\barghos\barghos-math\bin;C:\Users\fz\git\barghos\barghos-structs\bin;C:\Users\fz\git\CodeRed3\ResourceManager\bin;C:\Users\fz\git\CodeRed3\ResourceManager\lib\json-20180813.jar;C:\Users\fz\git\CodeRed3\ResourceManager\lib\guava-27.0.1-jre.jar;C:\Users\fz\git\CodeRed3\CodeRed\lib\json-20180813.jar;C:\Users\fz\git\CodeRed3\CodeRed\lib\guava-27.0.1-jre.jar;C:\Users\fz\git\CodeRed3\CodeRed\lib\lwjgl-stb.jar;C:\Users\fz\git\CodeRed3\CodeRed\lib\lwjgl-stb-natives-windows.jar;C:\Users\fz\git\CodeRed3\CodeRedDemo\lib\json-20180813.jar;C:\Users\fz\git\CodeRed3\CodeRedDemo\lib\guava-27.0.1-jre.jar
Launcher Type: SUN_STANDARD

Environment Variables:
JAVA_HOME=C:\Program Files\Java\jdk1.8.0_121
PATH=C:/Program Files/Java/jre1.8.0_202/bin/server;C:/Program Files/Java/jre1.8.0_202/bin;C:/Program Files/Java/jre1.8.0_202/lib/amd64;C:\Program Files (x86)\Common Files\Oracle\Java\javapath;C:\ProgramData\Oracle\Java\javapath;C:\Program Files (x86)\Intel\iCLS Client\;C:\Program Files\Intel\iCLS Client\;C:\WINDOWS\system32;C:\WINDOWS;C:\WINDOWS\System32\Wbem;C:\WINDOWS\System32\WindowsPowerShell\v1.0\;C:\Program Files (x86)\Intel\Intel(R) Management Engine Components\DAL;C:\Program Files\Intel\Intel(R) Management Engine Components\DAL;C:\Program Files (x86)\Intel\Intel(R) Management Engine Components\IPT;C:\Program Files\Intel\Intel(R) Management Engine Components\IPT;C:\Program Files (x86)\IBM\Client Access\Emulator;C:\Program Files (x86)\IBM\Client Access\Shared;C:\Program Files (x86)\IBM\Client Access\;C:\WINDOWS\system32\config\systemprofile\.dnx\bin;C:\Program Files\Microsoft DNX\Dnvm\;C:\Program Files\Microsoft SQL Server\130\Tools\Binn\;C:\Program Files\Microsoft\Web Platform Installer\;C:\Program Files\Microsoft SQL Server\120\Tools\Binn\;C:\Program Files (x86)\Windows Kits\10\Windows Performance Toolkit\;C:\Program Files (x86)\Microsoft Emulator Manager\1.0\;C:\Program Files (x86)\nodejs\;C:\Program Files\Git\cmd;C:\WINDOWS\System32\OpenSSH\;C:\Program Files\TortoiseSVN\bin;C:\Program Files\MikTeX\miktex\bin\x64\;C:\Users\fz\AppData\Local\Microsoft\WindowsApps;C:\Program Files\CMake\bin;C:\Program Files\Maven\apache-maven-3.5.0\bin;;C:\Program Files\Microsoft VS Code\bin;C:\Program Files\eclipse 2018-12;
USERNAME=fz
OS=Windows_NT
PROCESSOR_IDENTIFIER=Intel64 Family 6 Model 94 Stepping 3, GenuineIntel



---------------  S Y S T E M  ---------------

OS: Windows 10.0 , 64 bit Build 17763 (10.0.17763.292)

CPU:total 4 (4 cores per cpu, 1 threads per core) family 6 model 94 stepping 3, cmov, cx8, fxsr, mmx, sse, sse2, sse3, ssse3, sse4.1, sse4.2, popcnt, avx, avx2, aes, clmul, erms, rtm, 3dnowpref, lzcnt, tsc, tscinvbit, bmi1, bmi2, adx

Memory: 4k page, physical 8276840k(3894652k free), swap 10242920k(4763596k free)

vm_info: Java HotSpot(TM) 64-Bit Server VM (25.101-b13) for windows-amd64 JRE (1.8.0_101-b13), built on Jun 22 2016 01:21:29 by "java_re" with MS VC++ 10.0 (VS2010)

time: Tue Feb 05 14:26:32 2019
elapsed time: 1 seconds (0d 0h 0m 1s)

