#
# A fatal error has been detected by the Java Runtime Environment:
#
#  EXCEPTION_ACCESS_VIOLATION (0xc0000005) at pc=0x0000000074f2e1a0, pid=13932, tid=0x0000000000001bb0
#
# JRE version: Java(TM) SE Runtime Environment (8.0_171-b11) (build 1.8.0_171-b11)
# Java VM: Java HotSpot(TM) 64-Bit Server VM (25.171-b11 mixed mode windows-amd64 compressed oops)
# Problematic frame:
# C  [nvoglv64.dll+0x59e1a0]
#
# Failed to write core dump. Minidumps are not enabled by default on client versions of Windows
#
# If you would like to submit a bug report, please visit:
#   http://bugreport.java.com/bugreport/crash.jsp
# The crash happened outside the Java Virtual Machine in native code.
# See problematic frame for where to report the bug.
#

---------------  T H R E A D  ---------------

Current thread (0x000000001fb4e000):  JavaThread "WindowTickRoutine" [_thread_in_native, id=7088, stack(0x0000000021050000,0x0000000021150000)]

siginfo: ExceptionCode=0xc0000005, reading address 0x0000000000000000

Registers:
RAX=0x0000000000000000, RBX=0x0000000000000000, RCX=0x00000000ffffffd8, RDX=0x0000000023c264c0
RSP=0x000000002114ecc0, RBP=0x000000000000053c, RSI=0x0000000000000144, RDI=0x0000000021784080
R8 =0x0000000000000004, R9 =0x0000000000000510, R10=0x0000000023c264a4, R11=0x0000000023c264bc
R12=0x0000000000000000, R13=0x0000000023c264c0, R14=0x0000000000000000, R15=0x0000000000000028
RIP=0x0000000074f2e1a0, EFLAGS=0x0000000000010297

Top of Stack: (sp=0x000000002114ecc0)
0x000000002114ecc0:   0000000000000103 0000000000546000
0x000000002114ecd0:   000000000000366c 0000000000002948
0x000000002114ece0:   0000000000000fff 0000000000000009
0x000000002114ecf0:   0000000000000002 0000000075350030
0x000000002114ed00:   0000000021784080 0000000000000000
0x000000002114ed10:   0000000000000000 0000000000000000
0x000000002114ed20:   000000002114ee38 000000001c037df8
0x000000002114ed30:   0000000000000000 0000000000000004
0x000000002114ed40:   0000000000000004 0000000002908c67
0x000000002114ed50:   000000002114ede8 0000000000000510
0x000000002114ed60:   000000001fb4e000 000000001c037df8
0x000000002114ed70:   0000000000000144 0000000000001405
0x000000002114ed80:   0000000000000000 0000000000000000
0x000000002114ed90:   00000000000010f3 0000000074f23b15
0x000000002114eda0:   000000002114ee30 000000002114eda8
0x000000002114edb0:   0000000000000000 000000002114ee38 

Instructions: (pc=0x0000000074f2e1a0)
0x0000000074f2e180:   6f 2d 1a 1e 3d 01 66 0f 6f 5c 24 50 c1 e9 03 ff
0x0000000074f2e190:   c1 44 8b f9 f7 d9 45 8d 04 c8 66 0f 1f 44 00 00
0x0000000074f2e1a0:   f3 0f 6f 10 f3 0f 6f 48 10 66 0f 6f c2 66 0f eb
0x0000000074f2e1b0:   c3 48 83 c0 20 66 0f 6f d8 66 0f eb d9 0f 18 00 


Register to memory mapping:

RAX=0x0000000000000000 is an unknown value
RBX=0x0000000000000000 is an unknown value
RCX=0x00000000ffffffd8 is an unknown value
RDX=0x0000000023c264c0 is an unknown value
RSP=0x000000002114ecc0 is pointing into the stack for thread: 0x000000001fb4e000
RBP=0x000000000000053c is an unknown value
RSI=0x0000000000000144 is an unknown value
RDI=0x0000000021784080 is an unknown value
R8 =0x0000000000000004 is an unknown value
R9 =0x0000000000000510 is an unknown value
R10=0x0000000023c264a4 is an unknown value
R11=0x0000000023c264bc is an unknown value
R12=0x0000000000000000 is an unknown value
R13=0x0000000023c264c0 is an unknown value
R14=0x0000000000000000 is an unknown value
R15=0x0000000000000028 is an unknown value


Stack: [0x0000000021050000,0x0000000021150000],  sp=0x000000002114ecc0,  free space=1019k
Native frames: (J=compiled Java code, j=interpreted, Vv=VM code, C=native code)
C  [nvoglv64.dll+0x59e1a0]
C  0x0000000002908c67

Java frames: (J=compiled Java code, j=interpreted, Vv=VM code)
j  org.lwjgl.system.JNI.callPV(JIIIJ)V+0
j  org.lwjgl.opengl.GL11.nglDrawElements(IIIJ)V+14
j  org.lwjgl.opengl.GL11.glDrawElements(IIIJ)V+4
j  com.codered.utils.RenderHelper.renderStaticEntity(Lcom/codered/entities/StaticEntity;Lcom/codered/entities/Camera;Lcom/codered/shaders/object/simple/TexturedObjectShader;Lcmn/utilslib/math/matrix/Matrix4f;)V+92
j  com.codered.demo.DemoWindowContext1.renderWorld(D)V+49
j  com.codered.demo.DemoWindowContext1.render(D)V+49
j  com.codered.window.WindowImpl.render(D)V+17
J 813% C2 com.codered.window.WindowTickRoutineImpl.run()V (194 bytes) @ 0x0000000002c79b10 [0x0000000002c79a20+0xf0]
v  ~StubRoutines::call_stub

---------------  P R O C E S S  ---------------

Java Threads: ( => current thread )
  0x000000001fc4d000 JavaThread "Java2D Disposer" daemon [_thread_blocked, id=1824, stack(0x000000002b1b0000,0x000000002b2b0000)]
  0x00000000027f3000 JavaThread "DestroyJavaVM" [_thread_blocked, id=12180, stack(0x0000000002640000,0x0000000002740000)]
=>0x000000001fb4e000 JavaThread "WindowTickRoutine" [_thread_in_native, id=7088, stack(0x0000000021050000,0x0000000021150000)]
  0x000000001dca7000 JavaThread "Service Thread" daemon [_thread_blocked, id=7512, stack(0x000000001f670000,0x000000001f770000)]
  0x000000001dc14000 JavaThread "C1 CompilerThread3" daemon [_thread_blocked, id=9176, stack(0x000000001f570000,0x000000001f670000)]
  0x000000001dc13800 JavaThread "C2 CompilerThread2" daemon [_thread_blocked, id=12804, stack(0x000000001f470000,0x000000001f570000)]
  0x000000001dc0a000 JavaThread "C2 CompilerThread1" daemon [_thread_blocked, id=13904, stack(0x000000001f370000,0x000000001f470000)]
  0x000000001dc05000 JavaThread "C2 CompilerThread0" daemon [_thread_blocked, id=6692, stack(0x000000001f270000,0x000000001f370000)]
  0x000000001dbff800 JavaThread "Attach Listener" daemon [_thread_blocked, id=2748, stack(0x000000001f170000,0x000000001f270000)]
  0x000000001c53e800 JavaThread "Signal Dispatcher" daemon [_thread_blocked, id=4544, stack(0x000000001f070000,0x000000001f170000)]
  0x000000001dbf3000 JavaThread "Finalizer" daemon [_thread_blocked, id=12844, stack(0x000000001ee50000,0x000000001ef50000)]
  0x00000000028ec000 JavaThread "Reference Handler" daemon [_thread_blocked, id=10816, stack(0x000000001ed50000,0x000000001ee50000)]

Other Threads:
  0x000000001dbd2800 VMThread [stack: 0x000000001ec50000,0x000000001ed50000] [id=12476]
  0x000000001dc34000 WatcherThread [stack: 0x000000001f770000,0x000000001f870000] [id=6948]

VM state:not at safepoint (normal execution)

VM Mutex/Monitor currently owned by a thread: None

Heap:
 PSYoungGen      total 76288K, used 36320K [0x000000076b300000, 0x0000000770800000, 0x00000007c0000000)
  eden space 65536K, 39% used [0x000000076b300000,0x000000076cbf86a0,0x000000076f300000)
  from space 10752K, 99% used [0x000000076f300000,0x000000076fd7fcc0,0x000000076fd80000)
  to   space 10752K, 0% used [0x000000076fd80000,0x000000076fd80000,0x0000000770800000)
 ParOldGen       total 175104K, used 5302K [0x00000006c1800000, 0x00000006cc300000, 0x000000076b300000)
  object space 175104K, 3% used [0x00000006c1800000,0x00000006c1d2d910,0x00000006cc300000)
 Metaspace       used 11593K, capacity 11887K, committed 12160K, reserved 1060864K
  class space    used 1038K, capacity 1107K, committed 1152K, reserved 1048576K

Card table byte_map: [0x0000000011cb0000,0x00000000124b0000] byte_map_base: 0x000000000e6a4000

Marking Bits: (ParMarkBitMap*) 0x00000000778408c0
 Begin Bits: [0x0000000013400000, 0x00000000173a0000)
 End Bits:   [0x00000000173a0000, 0x000000001b340000)

Polling page: 0x0000000000840000

CodeCache: size=245760Kb used=3857Kb max_used=3857Kb free=241902Kb
 bounds [0x00000000028f0000, 0x0000000002cc0000, 0x00000000118f0000]
 total_blobs=1825 nmethods=950 adapters=788
 compilation: enabled

Compilation events (10 events):
Event: 4.751 Thread 0x000000001dc14000 nmethod 945 0x0000000002cb57d0 code [0x0000000002cb5940, 0x0000000002cb5c50]
Event: 4.751 Thread 0x000000001dc14000  946       3       org.lwjgl.system.MemoryUtil::memAddress (10 bytes)
Event: 4.751 Thread 0x000000001dc14000 nmethod 946 0x0000000002cb5350 code [0x0000000002cb54c0, 0x0000000002cb56d0]
Event: 4.751 Thread 0x000000001dc14000  947       3       org.lwjgl.system.MemoryUtil::memIntBuffer (45 bytes)
Event: 4.752 Thread 0x000000001dc14000 nmethod 947 0x0000000002cb4790 code [0x0000000002cb4940, 0x0000000002cb5028]
Event: 4.752 Thread 0x000000001dc14000  948   !   3       org.lwjgl.system.MemoryAccess$MemoryAccessorUnsafe::memIntBuffer (31 bytes)
Event: 4.752 Thread 0x000000001dc14000 nmethod 948 0x0000000002cb3d50 code [0x0000000002cb3f00, 0x0000000002cb4508]
Event: 4.752 Thread 0x000000001dc14000  949       3       org.lwjgl.system.MemoryAccess$MemoryAccessorUnsafe::memSetupBuffer (14 bytes)
Event: 4.752 Thread 0x000000001dc14000 nmethod 949 0x0000000002cb3890 code [0x0000000002cb3a00, 0x0000000002cb3c88]
Event: 4.761 Thread 0x000000001dc14000  950       3       org.lwjgl.opengl.GL20::glUniform1i (25 bytes)

GC Heap History (2 events):
Event: 2.552 GC heap before
{Heap before GC invocations=1 (full 0):
 PSYoungGen      total 76288K, used 64412K [0x000000076b300000, 0x0000000770800000, 0x00000007c0000000)
  eden space 65536K, 98% used [0x000000076b300000,0x000000076f1e7218,0x000000076f300000)
  from space 10752K, 0% used [0x000000076fd80000,0x000000076fd80000,0x0000000770800000)
  to   space 10752K, 0% used [0x000000076f300000,0x000000076f300000,0x000000076fd80000)
 ParOldGen       total 175104K, used 0K [0x00000006c1800000, 0x00000006cc300000, 0x000000076b300000)
  object space 175104K, 0% used [0x00000006c1800000,0x00000006c1800000,0x00000006cc300000)
 Metaspace       used 11131K, capacity 11371K, committed 11648K, reserved 1060864K
  class space    used 999K, capacity 1069K, committed 1152K, reserved 1048576K
Event: 2.557 GC heap after
Heap after GC invocations=1 (full 0):
 PSYoungGen      total 76288K, used 10751K [0x000000076b300000, 0x0000000770800000, 0x00000007c0000000)
  eden space 65536K, 0% used [0x000000076b300000,0x000000076b300000,0x000000076f300000)
  from space 10752K, 99% used [0x000000076f300000,0x000000076fd7fcc0,0x000000076fd80000)
  to   space 10752K, 0% used [0x000000076fd80000,0x000000076fd80000,0x0000000770800000)
 ParOldGen       total 175104K, used 5302K [0x00000006c1800000, 0x00000006cc300000, 0x000000076b300000)
  object space 175104K, 3% used [0x00000006c1800000,0x00000006c1d2d910,0x00000006cc300000)
 Metaspace       used 11131K, capacity 11371K, committed 11648K, reserved 1060864K
  class space    used 999K, capacity 1069K, committed 1152K, reserved 1048576K
}

Deoptimization events (10 events):
Event: 2.247 Thread 0x000000001fb4e000 Uncommon trap: reason=unstable_if action=reinterpret pc=0x0000000002ba71d0 method=java.io.BufferedReader.readLine(Z)Ljava/lang/String; @ 192
Event: 2.397 Thread 0x000000001fb4e000 Uncommon trap: reason=unstable_if action=reinterpret pc=0x0000000002c1507c method=com.codered.texture.TextureLoader.loadTexture(Ljava/io/File;)Lcom/codered/texture/TextureData; @ 176
Event: 2.415 Thread 0x000000001fb4e000 Uncommon trap: reason=unstable_if action=reinterpret pc=0x0000000002c0c924 method=sun.awt.image.ByteInterleavedRaster.putByteData(IIII[B)V @ 395
Event: 2.459 Thread 0x000000001fb4e000 Uncommon trap: reason=unstable_if action=reinterpret pc=0x0000000002c1e9c8 method=java.awt.image.ComponentColorModel.getRGB(Ljava/lang/Object;)I @ 4
Event: 2.459 Thread 0x000000001fb4e000 Uncommon trap: reason=unstable_if action=reinterpret pc=0x0000000002c13d9c method=java.awt.image.ComponentColorModel.getAlpha(Ljava/lang/Object;)I @ 4
Event: 2.459 Thread 0x000000001fb4e000 Uncommon trap: reason=unstable_if action=reinterpret pc=0x0000000002c21a1c method=java.awt.image.ComponentColorModel.extractComponent(Ljava/lang/Object;II)I @ 4
Event: 2.461 Thread 0x000000001fb4e000 Uncommon trap: reason=unstable_if action=reinterpret pc=0x0000000002c3210c method=java.awt.image.ComponentColorModel.getAlpha(Ljava/lang/Object;)I @ 4
Event: 2.502 Thread 0x000000001fb4e000 Uncommon trap: reason=unstable_if action=reinterpret pc=0x0000000002c4a6e4 method=java.awt.image.BufferedImage.getRGB(IIII[III)[I @ 163
Event: 2.585 Thread 0x000000001fb4e000 Uncommon trap: reason=unstable_if action=reinterpret pc=0x0000000002c4dad8 method=java.awt.image.BufferedImage.getRGB(IIII[III)[I @ 163
Event: 2.749 Thread 0x000000001fb4e000 Uncommon trap: reason=unstable_if action=reinterpret pc=0x0000000002c74ed8 method=com.codered.window.WindowTickRoutineImpl.run()V @ 161

Classes redefined (0 events):
No events

Internal exceptions (10 events):
Event: 0.024 Thread 0x00000000027f3000 Exception <a 'java/lang/NoSuchMethodError': Method sun.misc.Unsafe.prefetchRead(Ljava/lang/Object;J)V name or signature does not match> (0x000000076b307f98) thrown at [C:\re\workspace\8-2-build-windows-amd64-cygwin\jdk8u171\10807\hotspot\src\share\vm\prim
Event: 0.093 Thread 0x00000000027f3000 Exception <a 'java/security/PrivilegedActionException'> (0x000000076b608930) thrown at [C:\re\workspace\8-2-build-windows-amd64-cygwin\jdk8u171\10807\hotspot\src\share\vm\prims\jvm.cpp, line 1435]
Event: 0.093 Thread 0x00000000027f3000 Exception <a 'java/security/PrivilegedActionException'> (0x000000076b608b40) thrown at [C:\re\workspace\8-2-build-windows-amd64-cygwin\jdk8u171\10807\hotspot\src\share\vm\prims\jvm.cpp, line 1435]
Event: 0.094 Thread 0x00000000027f3000 Exception <a 'java/security/PrivilegedActionException'> (0x000000076b60caf0) thrown at [C:\re\workspace\8-2-build-windows-amd64-cygwin\jdk8u171\10807\hotspot\src\share\vm\prims\jvm.cpp, line 1435]
Event: 0.094 Thread 0x00000000027f3000 Exception <a 'java/security/PrivilegedActionException'> (0x000000076b60cd00) thrown at [C:\re\workspace\8-2-build-windows-amd64-cygwin\jdk8u171\10807\hotspot\src\share\vm\prims\jvm.cpp, line 1435]
Event: 0.119 Thread 0x00000000027f3000 Exception <a 'java/lang/NoSuchFieldError': method resolution failed> (0x000000076b6fbb50) thrown at [C:\re\workspace\8-2-build-windows-amd64-cygwin\jdk8u171\10807\hotspot\src\share\vm\prims\methodHandles.cpp, line 1167]
Event: 0.120 Thread 0x00000000027f3000 Exception <a 'java/lang/NoSuchFieldError': method resolution failed> (0x000000076b7092a0) thrown at [C:\re\workspace\8-2-build-windows-amd64-cygwin\jdk8u171\10807\hotspot\src\share\vm\prims\methodHandles.cpp, line 1167]
Event: 1.974 Thread 0x000000001fb4e000 Exception <a 'sun/nio/fs/WindowsException'> (0x000000076bc75be8) thrown at [C:\re\workspace\8-2-build-windows-amd64-cygwin\jdk8u171\10807\hotspot\src\share\vm\prims\jni.cpp, line 709]
Event: 1.974 Thread 0x000000001fb4e000 Exception <a 'sun/nio/fs/WindowsException'> (0x000000076bc77070) thrown at [C:\re\workspace\8-2-build-windows-amd64-cygwin\jdk8u171\10807\hotspot\src\share\vm\prims\jni.cpp, line 709]
Event: 2.264 Thread 0x000000001fb4e000 Exception <a 'java/io/FileNotFoundException'> (0x000000076ca180d0) thrown at [C:\re\workspace\8-2-build-windows-amd64-cygwin\jdk8u171\10807\hotspot\src\share\vm\prims\jni.cpp, line 709]

Events (10 events):
Event: 3.654 loading class com/codered/font/Line
Event: 3.654 loading class com/codered/font/Line done
Event: 3.654 loading class java/lang/StrictMath
Event: 3.654 loading class java/lang/StrictMath done
Event: 3.654 loading class com/codered/font/Word
Event: 3.654 loading class com/codered/font/Word done
Event: 3.655 loading class com/codered/font/TextMeshData
Event: 3.655 loading class com/codered/font/TextMeshData done
Event: 4.087 Executing VM operation: EnableBiasedLocking
Event: 4.087 Executing VM operation: EnableBiasedLocking done


Dynamic libraries:
0x00007ff710900000 - 0x00007ff710937000 	C:\Program Files\Java\jdk1.8.0_171\bin\javaw.exe
0x00007fff7d7d0000 - 0x00007fff7d9b1000 	C:\WINDOWS\SYSTEM32\ntdll.dll
0x00007fff7ad10000 - 0x00007fff7adc2000 	C:\WINDOWS\System32\KERNEL32.DLL
0x00007fff7a080000 - 0x00007fff7a2f3000 	C:\WINDOWS\System32\KERNELBASE.dll
0x00007fff7b300000 - 0x00007fff7b3a1000 	C:\WINDOWS\System32\ADVAPI32.dll
0x00007fff7d240000 - 0x00007fff7d2de000 	C:\WINDOWS\System32\msvcrt.dll
0x00007fff7cb70000 - 0x00007fff7cbcb000 	C:\WINDOWS\System32\sechost.dll
0x00007fff7d600000 - 0x00007fff7d724000 	C:\WINDOWS\System32\RPCRT4.dll
0x00007fff7c8e0000 - 0x00007fff7ca70000 	C:\WINDOWS\System32\USER32.dll
0x00007fff79ba0000 - 0x00007fff79bc0000 	C:\WINDOWS\System32\win32u.dll
0x00007fff7cdc0000 - 0x00007fff7cde8000 	C:\WINDOWS\System32\GDI32.dll
0x00007fff79ee0000 - 0x00007fff7a072000 	C:\WINDOWS\System32\gdi32full.dll
0x00007fff7ab10000 - 0x00007fff7abaf000 	C:\WINDOWS\System32\msvcp_win.dll
0x00007fff7aa10000 - 0x00007fff7ab0a000 	C:\WINDOWS\System32\ucrtbase.dll
0x00007fff6b470000 - 0x00007fff6b6d9000 	C:\WINDOWS\WinSxS\amd64_microsoft.windows.common-controls_6595b64144ccf1df_6.0.17134.228_none_fb4599993062b194\COMCTL32.dll
0x00007fff7af70000 - 0x00007fff7b293000 	C:\WINDOWS\System32\combase.dll
0x00007fff79bc0000 - 0x00007fff79c3a000 	C:\WINDOWS\System32\bcryptPrimitives.dll
0x00007fff7af30000 - 0x00007fff7af5d000 	C:\WINDOWS\System32\IMM32.DLL
0x00000000501f0000 - 0x00000000502c2000 	C:\Program Files\Java\jdk1.8.0_171\jre\bin\msvcr100.dll
0x0000000077020000 - 0x00000000778c0000 	C:\Program Files\Java\jdk1.8.0_171\jre\bin\server\jvm.dll
0x00007fff7cbd0000 - 0x00007fff7cbd8000 	C:\WINDOWS\System32\PSAPI.DLL
0x00007fff62800000 - 0x00007fff62809000 	C:\WINDOWS\SYSTEM32\WSOCK32.dll
0x00007fff72c20000 - 0x00007fff72c2a000 	C:\WINDOWS\SYSTEM32\VERSION.dll
0x00007fff77d50000 - 0x00007fff77d73000 	C:\WINDOWS\SYSTEM32\WINMM.dll
0x00007fff7d730000 - 0x00007fff7d79c000 	C:\WINDOWS\System32\WS2_32.dll
0x00007fff77cf0000 - 0x00007fff77d1a000 	C:\WINDOWS\SYSTEM32\winmmbase.dll
0x00007fff79e30000 - 0x00007fff79e79000 	C:\WINDOWS\System32\cfgmgr32.dll
0x00000000501e0000 - 0x00000000501ef000 	C:\Program Files\Java\jdk1.8.0_171\jre\bin\verify.dll
0x00000000501b0000 - 0x00000000501d9000 	C:\Program Files\Java\jdk1.8.0_171\jre\bin\java.dll
0x0000000050190000 - 0x00000000501a6000 	C:\Program Files\Java\jdk1.8.0_171\jre\bin\zip.dll
0x00007fff7b3b0000 - 0x00007fff7c7f0000 	C:\WINDOWS\System32\SHELL32.dll
0x00007fff7ac60000 - 0x00007fff7ad09000 	C:\WINDOWS\System32\shcore.dll
0x00007fff7a300000 - 0x00007fff7aa0d000 	C:\WINDOWS\System32\windows.storage.dll
0x00007fff7cb10000 - 0x00007fff7cb61000 	C:\WINDOWS\System32\shlwapi.dll
0x00007fff79b80000 - 0x00007fff79b91000 	C:\WINDOWS\System32\kernel.appcore.dll
0x00007fff79b50000 - 0x00007fff79b6f000 	C:\WINDOWS\System32\profapi.dll
0x00007fff79b00000 - 0x00007fff79b4c000 	C:\WINDOWS\System32\powrprof.dll
0x00007fff79b70000 - 0x00007fff79b7a000 	C:\WINDOWS\System32\FLTLIB.DLL
0x0000000050170000 - 0x000000005018a000 	C:\Program Files\Java\jdk1.8.0_171\jre\bin\net.dll
0x00007fff79360000 - 0x00007fff793c6000 	C:\WINDOWS\system32\mswsock.dll
0x0000000050150000 - 0x0000000050161000 	C:\Program Files\Java\jdk1.8.0_171\jre\bin\nio.dll
0x00007fff71d10000 - 0x00007fff71d65000 	C:\Users\florian\AppData\Local\Temp\lwjglflorian\3.1.0-build-40\lwjgl.dll
0x00007fff731e0000 - 0x00007fff7321c000 	C:\Users\florian\AppData\Local\Temp\lwjglflorian\3.1.0-build-40\glfw.dll
0x00007fff79510000 - 0x00007fff7951b000 	C:\WINDOWS\SYSTEM32\CRYPTBASE.DLL
0x00007fff77f70000 - 0x00007fff78008000 	C:\WINDOWS\system32\uxtheme.dll
0x00007fff73190000 - 0x00007fff731d3000 	C:\WINDOWS\SYSTEM32\dinput8.dll
0x00007fff775f0000 - 0x00007fff77600000 	C:\WINDOWS\SYSTEM32\xinput1_4.dll
0x00007fff798f0000 - 0x00007fff79917000 	C:\WINDOWS\SYSTEM32\DEVOBJ.dll
0x00007fff78250000 - 0x00007fff78279000 	C:\WINDOWS\SYSTEM32\dwmapi.dll
0x00007fff6d490000 - 0x00007fff6d509000 	C:\WINDOWS\SYSTEM32\inputhost.dll
0x00007fff759e0000 - 0x00007fff75b2d000 	C:\WINDOWS\SYSTEM32\wintypes.dll
0x00007fff779d0000 - 0x00007fff77aaa000 	C:\WINDOWS\SYSTEM32\CoreMessaging.dll
0x00007fff73a60000 - 0x00007fff73d7e000 	C:\WINDOWS\SYSTEM32\CoreUIComponents.dll
0x00007fff78bb0000 - 0x00007fff78be1000 	C:\WINDOWS\SYSTEM32\ntmarta.dll
0x00007fff787f0000 - 0x00007fff787fc000 	C:\WINDOWS\SYSTEM32\HID.DLL
0x00007fff7cdf0000 - 0x00007fff7d23b000 	C:\WINDOWS\System32\SETUPAPI.DLL
0x00007fff79e80000 - 0x00007fff79ed7000 	C:\WINDOWS\System32\WINTRUST.dll
0x00007fff79ae0000 - 0x00007fff79af2000 	C:\WINDOWS\System32\MSASN1.dll
0x00007fff79c40000 - 0x00007fff79e22000 	C:\WINDOWS\System32\CRYPT32.dll
0x00007fff7cbe0000 - 0x00007fff7cd55000 	C:\WINDOWS\System32\MSCTF.dll
0x00007fff7d530000 - 0x00007fff7d5f2000 	C:\WINDOWS\System32\OLEAUT32.dll
0x00007fff4c700000 - 0x00007fff4c820000 	C:\WINDOWS\SYSTEM32\opengl32.dll
0x00007fff73410000 - 0x00007fff7343c000 	C:\WINDOWS\SYSTEM32\GLU32.dll
0x0000000074990000 - 0x0000000077014000 	C:\WINDOWS\System32\DriverStore\FileRepository\nvddi.inf_amd64_932aa56f94c69d29\nvoglv64.dll
0x00007fff7add0000 - 0x00007fff7af21000 	C:\WINDOWS\System32\ole32.dll
0x00007fff75b30000 - 0x00007fff75b43000 	C:\WINDOWS\SYSTEM32\WTSAPI32.dll
0x00007fff78c50000 - 0x00007fff78ca6000 	C:\WINDOWS\SYSTEM32\WINSTA.dll
0x00007fff6d510000 - 0x00007fff6d5a7000 	C:\WINDOWS\System32\TextInputFramework.dll
0x0000000077a60000 - 0x0000000077bf8000 	C:\Program Files\Java\jdk1.8.0_171\jre\bin\awt.dll
0x00007fff77e40000 - 0x00007fff77ecb000 	C:\WINDOWS\SYSTEM32\apphelp.dll
0x00007fff4ea30000 - 0x00007fff4ebf9000 	C:\WINDOWS\SYSTEM32\dbghelp.dll

VM Arguments:
jvm_args: -Djava.library.path=G:\picatrix1899_portable\workspace\git\CodeRed3\CodeRed\lib\natives -Dfile.encoding=Cp1252 
java_command: com.codered.demo.Main
java_class_path (initial): C:\Program Files\Java\jdk1.8.0_171\jre\lib\resources.jar;C:\Program Files\Java\jdk1.8.0_171\jre\lib\rt.jar;C:\Program Files\Java\jdk1.8.0_171\jre\lib\jsse.jar;C:\Program Files\Java\jdk1.8.0_171\jre\lib\jce.jar;C:\Program Files\Java\jdk1.8.0_171\jre\lib\charsets.jar;C:\Program Files\Java\jdk1.8.0_171\jre\lib\jfr.jar;C:\Program Files\Java\jdk1.8.0_171\jre\lib\ext\access-bridge-64.jar;C:\Program Files\Java\jdk1.8.0_171\jre\lib\ext\cldrdata.jar;C:\Program Files\Java\jdk1.8.0_171\jre\lib\ext\dnsns.jar;C:\Program Files\Java\jdk1.8.0_171\jre\lib\ext\jaccess.jar;C:\Program Files\Java\jdk1.8.0_171\jre\lib\ext\jfxrt.jar;C:\Program Files\Java\jdk1.8.0_171\jre\lib\ext\localedata.jar;C:\Program Files\Java\jdk1.8.0_171\jre\lib\ext\nashorn.jar;C:\Program Files\Java\jdk1.8.0_171\jre\lib\ext\sunec.jar;C:\Program Files\Java\jdk1.8.0_171\jre\lib\ext\sunjce_provider.jar;C:\Program Files\Java\jdk1.8.0_171\jre\lib\ext\sunmscapi.jar;C:\Program Files\Java\jdk1.8.0_171\jre\lib\ext\sunpkcs11.jar;C:\Program Files\Java\jdk1.8.0_171\jre\lib\ext\zipfs.jar;G:\picatrix1899_portable\workspace\git\CodeRed3\CodeRedDemo\bin;G:\picatrix1899_portable\workspace\git\utilslib\utilslib\bin;G:\picatrix1899_portable\workspace\git\CodeRed3\CodeRedDemo\lib\lwjgl-glfw.jar;G:\picatrix1899_portable\workspace\git\CodeRed3\CodeRedDemo\lib\lwjgl.jar;G:\picatrix1899_portable\workspace\git\CodeRed3\CodeRedDemo\lib\lwjgl-natives-windows.jar;G:\picatrix1899_portable\workspace\git\CodeRed3\CodeRedDemo\lib\lwjgl-opengl.jar;G:\picatrix1899_portable\workspace\git\CodeRed3\CodeRedDemo\lib\guava-19.0.jar;G:\picatrix1899_portable\workspace\git\CodeRed3\CodeRed\bin;G:\picatrix1899_portable\workspace\git\CodeRed3\CodeRed\lib\guava-19.0.jar;G:\picatrix1899_portable\workspace\git\CodeRed3\CodeRed\lib\jorbis-0.0.15.jar;G:\picatrix1899_portable\workspace\git\CodeRed3\CodeRed\lib\jogg-0.0.7.jar;G:\picatrix1899_portable\workspace\git\CodeRed3\CodeRed\lib\lwjgl-glfw-natives-windows.jar;G:\picatrix1899_portab
Launcher Type: SUN_STANDARD

Environment Variables:
JAVA_HOME=C:\Program Files\Java\jdk1.8.0_171
PATH=C:/Program Files/Java/jdk1.8.0_171/bin/../jre/bin/server;C:/Program Files/Java/jdk1.8.0_171/bin/../jre/bin;C:/Program Files/Java/jdk1.8.0_171/bin/../jre/lib/amd64;C:\WINDOWS\system32;C:\WINDOWS;C:\WINDOWS\System32\Wbem;C:\WINDOWS\System32\WindowsPowerShell\v1.0\;C:\WINDOWS\System32\OpenSSH\;C:\Program Files\Git\cmd;C:\Users\florian\AppData\Local\Microsoft\WindowsApps;C:\Program Files\Java\jdk1.8.0_171\bin;;G:\picatrix1899_portable\eclipse photon;
USERNAME=florian
OS=Windows_NT
PROCESSOR_IDENTIFIER=Intel64 Family 6 Model 79 Stepping 1, GenuineIntel



---------------  S Y S T E M  ---------------

OS: Windows 10.0 , 64 bit Build 17134 (10.0.17134.1)

CPU:total 12 (initial active 12) (6 cores per cpu, 2 threads per core) family 6 model 79 stepping 1, cmov, cx8, fxsr, mmx, sse, sse2, sse3, ssse3, sse4.1, sse4.2, popcnt, avx, avx2, aes, clmul, erms, rtm, 3dnowpref, lzcnt, ht, tsc, tscinvbit, bmi1, bmi2, adx

Memory: 4k page, physical 16675080k(6244368k free), swap 25587976k(3070492k free)

vm_info: Java HotSpot(TM) 64-Bit Server VM (25.171-b11) for windows-amd64 JRE (1.8.0_171-b11), built on Mar 28 2018 16:06:12 by "java_re" with MS VC++ 10.0 (VS2010)

time: Thu Sep 13 19:03:01 2018
elapsed time: 4 seconds (0d 0h 0m 4s)

