#
# A fatal error has been detected by the Java Runtime Environment:
#
#  EXCEPTION_ACCESS_VIOLATION (0xc0000005) at pc=0x00007ffa22114518, pid=12364, tid=0x0000000000000180
#
# JRE version: Java(TM) SE Runtime Environment (8.0_121-b13) (build 1.8.0_121-b13)
# Java VM: Java HotSpot(TM) 64-Bit Server VM (25.121-b13 mixed mode windows-amd64 compressed oops)
# Problematic frame:
# C  [glfw.dll+0x4518]
#
# Failed to write core dump. Minidumps are not enabled by default on client versions of Windows
#
# If you would like to submit a bug report, please visit:
#   http://bugreport.java.com/bugreport/crash.jsp
# The crash happened outside the Java Virtual Machine in native code.
# See problematic frame for where to report the bug.
#

---------------  T H R E A D  ---------------

Current thread (0x0000000021cb0000):  JavaThread "Thread-0" [_thread_in_native, id=384, stack(0x0000000023290000,0x0000000023390000)]

siginfo: ExceptionCode=0xc0000005, reading address 0x0000000000000000

Registers:
RAX=0x0000000000000000, RBX=0x0000000003027e50, RCX=0x0000000000000000, RDX=0x0000000000000000
RSP=0x000000002338ed80, RBP=0x000000002338ee38, RSI=0x0000000001000020, RDI=0x0000000004e07da0
R8 =0x0000000000000000, R9 =0x0000000000000000, R10=0x0000000004e17f48, R11=0x00000000030280f0
R12=0x0000000000000000, R13=0x000000001e3eeff0, R14=0x000000002338ee70, R15=0x0000000021cb0000
RIP=0x00007ffa22114518, EFLAGS=0x0000000000010283

Top of Stack: (sp=0x000000002338ed80)
0x000000002338ed80:   0000000003027e50 0000000000000000
0x000000002338ed90:   0000000000000108 0000000004f16299
0x000000002338eda0:   000000001e3eeff0 0000000004e17f74
0x000000002338edb0:   0000c33704dae726 000000002338ef80
0x000000002338edc0:   0000000000000000 000000001e3eeff0
0x000000002338edd0:   0000000000000000 00007ffa16210000
0x000000002338ede0:   000000076c2cdbe0 0000000000000001
0x000000002338edf0:   000000002338ee58 000000002338edf8
0x000000002338ee00:   0000000000000000 000000002338ee70
0x000000002338ee10:   000000001e40ad58 0000000000000000
0x000000002338ee20:   000000001e3eeff0 0000000000000000
0x000000002338ee30:   000000002338ee58 000000002338eeb8
0x000000002338ee40:   0000000004e0835d 000000076b34b6c8
0x000000002338ee50:   0000000004e119d8 0000000003027e50
0x000000002338ee60:   0000000004e0835d 00007ffa221144b0
0x000000002338ee70:   000000076c2cdbe0 000000002338ee78 

Instructions: (pc=0x00007ffa22114518)
0x00007ffa221144f8:   e8 33 d7 ff ff 48 8b cb e8 9b 39 00 00 48 39 1d
0x00007ffa22114508:   cc 1a 03 00 48 8d 05 c5 1a 03 00 74 08 48 8b 00
0x00007ffa22114518:   48 39 18 75 f8 48 8b 0b 48 89 08 48 8b cb 48 83
0x00007ffa22114528:   c4 20 5b e9 9c 0f 01 00 48 83 c4 20 5b c3 cc cc 


Register to memory mapping:

RAX=0x0000000000000000 is an unknown value
RBX=0x0000000003027e50 is an unknown value
RCX=0x0000000000000000 is an unknown value
RDX=0x0000000000000000 is an unknown value
RSP=0x000000002338ed80 is pointing into the stack for thread: 0x0000000021cb0000
RBP=0x000000002338ee38 is pointing into the stack for thread: 0x0000000021cb0000
RSI=0x0000000001000020 is an unknown value
RDI=0x0000000004e07da0 is at code_begin+832 in an Interpreter codelet
invoke return entry points  [0x0000000004e07a60, 0x0000000004e08440]  2528 bytes
R8 =0x0000000000000000 is an unknown value
R9 =0x0000000000000000 is an unknown value
R10=0x0000000004e17f48 is at code_begin+840 in an Interpreter codelet
method entry point (kind = native)  [0x0000000004e17c00, 0x0000000004e18560]  2400 bytes
R11=0x00000000030280f0 is an unknown value
R12=0x0000000000000000 is an unknown value
R13={method} {0x000000001e3eeff8} 'invokePV' '(JJ)V' in 'org/lwjgl/system/JNI'
R14=0x000000002338ee70 is pointing into the stack for thread: 0x0000000021cb0000
R15=0x0000000021cb0000 is a thread


Stack: [0x0000000023290000,0x0000000023390000],  sp=0x000000002338ed80,  free space=1019k
Native frames: (J=compiled Java code, j=interpreted, Vv=VM code, C=native code)
C  [glfw.dll+0x4518]
C  0x0000000004e17f74

Java frames: (J=compiled Java code, j=interpreted, Vv=VM code)
j  org.lwjgl.system.JNI.invokePV(JJ)V+0
j  org.lwjgl.glfw.GLFW.glfwDestroyWindow(J)V+6
j  com.codered.engine.window.Window.internalRelease()V+22
j  com.codered.engine.window.WindowManager.end()V+21
j  com.codered.engine.window.Window.release()V+0
j  com.codered.engine.window.Window.update(D)V+21
J 555% C2 com.codered.engine.window.WindowTickRoutine.run()V (194 bytes) @ 0x00000000050837d0 [0x0000000005083720+0xb0]
j  java.lang.Thread.run()V+11
v  ~StubRoutines::call_stub

---------------  P R O C E S S  ---------------

Java Threads: ( => current thread )
  0x0000000004d02800 JavaThread "DestroyJavaVM" [_thread_blocked, id=8260, stack(0x0000000004ba0000,0x0000000004ca0000)]
=>0x0000000021cb0000 JavaThread "Thread-0" [_thread_in_native, id=384, stack(0x0000000023290000,0x0000000023390000)]
  0x00000000208b3800 JavaThread "Service Thread" daemon [_thread_blocked, id=7812, stack(0x0000000021510000,0x0000000021610000)]
  0x000000002082c800 JavaThread "C1 CompilerThread3" daemon [_thread_blocked, id=10804, stack(0x0000000021410000,0x0000000021510000)]
  0x0000000020824000 JavaThread "C2 CompilerThread2" daemon [_thread_blocked, id=10460, stack(0x0000000021310000,0x0000000021410000)]
  0x0000000020822800 JavaThread "C2 CompilerThread1" daemon [_thread_blocked, id=10372, stack(0x0000000021210000,0x0000000021310000)]
  0x000000002081f000 JavaThread "C2 CompilerThread0" daemon [_thread_blocked, id=7588, stack(0x0000000021110000,0x0000000021210000)]
  0x000000002081b800 JavaThread "Attach Listener" daemon [_thread_blocked, id=6176, stack(0x0000000021010000,0x0000000021110000)]
  0x000000002081a000 JavaThread "Signal Dispatcher" daemon [_thread_blocked, id=12688, stack(0x0000000020f10000,0x0000000021010000)]
  0x0000000004df9000 JavaThread "Finalizer" daemon [_thread_blocked, id=9768, stack(0x0000000020bf0000,0x0000000020cf0000)]
  0x0000000004df6000 JavaThread "Reference Handler" daemon [_thread_blocked, id=8152, stack(0x00000000206f0000,0x00000000207f0000)]

Other Threads:
  0x000000001e906800 VMThread [stack: 0x00000000205f0000,0x00000000206f0000] [id=8144]
  0x00000000208d6000 WatcherThread [stack: 0x00000000219c0000,0x0000000021ac0000] [id=4068]

VM state:not at safepoint (normal execution)

VM Mutex/Monitor currently owned by a thread: None

Heap:
 PSYoungGen      total 76288K, used 22559K [0x000000076ae00000, 0x0000000770300000, 0x00000007c0000000)
  eden space 65536K, 34% used [0x000000076ae00000,0x000000076c407cd0,0x000000076ee00000)
  from space 10752K, 0% used [0x000000076f880000,0x000000076f880000,0x0000000770300000)
  to   space 10752K, 0% used [0x000000076ee00000,0x000000076ee00000,0x000000076f880000)
 ParOldGen       total 175104K, used 0K [0x00000006c0a00000, 0x00000006cb500000, 0x000000076ae00000)
  object space 175104K, 0% used [0x00000006c0a00000,0x00000006c0a00000,0x00000006cb500000)
 Metaspace       used 8672K, capacity 8865K, committed 9088K, reserved 1056768K
  class space    used 758K, capacity 832K, committed 896K, reserved 1048576K

Card table byte_map: [0x00000000141c0000,0x00000000149c0000] byte_map_base: 0x0000000010bbb000

Marking Bits: (ParMarkBitMap*) 0x0000000077f7b6d0
 Begin Bits: [0x0000000015720000, 0x00000000196f8000)
 End Bits:   [0x00000000196f8000, 0x000000001d6d0000)

Polling page: 0x0000000002fb0000

CodeCache: size=245760Kb used=2626Kb max_used=2626Kb free=243133Kb
 bounds [0x0000000004e00000, 0x00000000050a0000, 0x0000000013e00000]
 total_blobs=1366 nmethods=559 adapters=720
 compilation: enabled

Compilation events (10 events):
Event: 1.810 Thread 0x0000000020824000  555 %     4       com.codered.engine.window.WindowTickRoutine::run @ 43 (194 bytes)
Event: 1.813 Thread 0x0000000020824000 nmethod 555% 0x0000000005083590 code [0x0000000005083720, 0x00000000050839b8]
Event: 1.963 Thread 0x000000002082c800  556       3       org.lwjgl.system.Checks::checkPointer (16 bytes)
Event: 1.963 Thread 0x000000002082c800 nmethod 556 0x000000000507ca50 code [0x000000000507cbc0, 0x000000000507cde8]
Event: 2.029 Thread 0x000000002082c800  557       3       org.lwjgl.system.Checks::checkBuffer (14 bytes)
Event: 2.030 Thread 0x000000002082c800 nmethod 557 0x0000000005084210 code [0x0000000005084380, 0x0000000005084608]
Event: 2.463 Thread 0x000000002082c800  558       3       java.util.ArrayList::<init> (12 bytes)
Event: 2.463 Thread 0x000000002082c800 nmethod 558 0x0000000005083090 code [0x0000000005083200, 0x0000000005083490]
Event: 4.348 Thread 0x000000002082c800  559       3       java.util.ArrayList::isEmpty (13 bytes)
Event: 4.348 Thread 0x000000002082c800 nmethod 559 0x0000000005089410 code [0x0000000005089560, 0x0000000005089710]

GC Heap History (0 events):
No events

Deoptimization events (1 events):
Event: 1.796 Thread 0x0000000021cb0000 Uncommon trap: reason=unstable_if action=reinterpret pc=0x000000000507c898 method=com.codered.engine.window.WindowTickRoutine.run()V @ 161

Internal exceptions (10 events):
Event: 0.027 Thread 0x0000000004d02800 Exception <a 'java/lang/NoSuchMethodError': Method sun.misc.Unsafe.prefetchRead(Ljava/lang/Object;J)V name or signature does not match> (0x000000076ae07f90) thrown at [C:\re\workspace\8-2-build-windows-amd64-cygwin\jdk8u121\8372\hotspot\src\share\vm\prims
Event: 0.061 Thread 0x0000000004d02800 Exception <a 'java/io/FileNotFoundException'> (0x000000076ae6ecf0) thrown at [C:\re\workspace\8-2-build-windows-amd64-cygwin\jdk8u121\8372\hotspot\src\share\vm\prims\jni.cpp, line 709]
Event: 0.105 Thread 0x0000000004d02800 Exception <a 'java/security/PrivilegedActionException'> (0x000000076b0df000) thrown at [C:\re\workspace\8-2-build-windows-amd64-cygwin\jdk8u121\8372\hotspot\src\share\vm\prims\jvm.cpp, line 1390]
Event: 0.105 Thread 0x0000000004d02800 Exception <a 'java/security/PrivilegedActionException'> (0x000000076b0df210) thrown at [C:\re\workspace\8-2-build-windows-amd64-cygwin\jdk8u121\8372\hotspot\src\share\vm\prims\jvm.cpp, line 1390]
Event: 0.105 Thread 0x0000000004d02800 Exception <a 'java/security/PrivilegedActionException'> (0x000000076b0e2e80) thrown at [C:\re\workspace\8-2-build-windows-amd64-cygwin\jdk8u121\8372\hotspot\src\share\vm\prims\jvm.cpp, line 1390]
Event: 0.105 Thread 0x0000000004d02800 Exception <a 'java/security/PrivilegedActionException'> (0x000000076b0e3090) thrown at [C:\re\workspace\8-2-build-windows-amd64-cygwin\jdk8u121\8372\hotspot\src\share\vm\prims\jvm.cpp, line 1390]
Event: 0.134 Thread 0x0000000004d02800 Exception <a 'java/lang/NoSuchFieldError': method resolution failed> (0x000000076b1cc880) thrown at [C:\re\workspace\8-2-build-windows-amd64-cygwin\jdk8u121\8372\hotspot\src\share\vm\prims\methodHandles.cpp, line 1146]
Event: 0.136 Thread 0x0000000004d02800 Exception <a 'java/lang/NoSuchFieldError': method resolution failed> (0x000000076b1da088) thrown at [C:\re\workspace\8-2-build-windows-amd64-cygwin\jdk8u121\8372\hotspot\src\share\vm\prims\methodHandles.cpp, line 1146]
Event: 1.509 Thread 0x0000000021cb0000 Exception <a 'sun/nio/fs/WindowsException'> (0x000000076b71e018) thrown at [C:\re\workspace\8-2-build-windows-amd64-cygwin\jdk8u121\8372\hotspot\src\share\vm\prims\jni.cpp, line 709]
Event: 1.510 Thread 0x0000000021cb0000 Exception <a 'sun/nio/fs/WindowsException'> (0x000000076b71f4b0) thrown at [C:\re\workspace\8-2-build-windows-amd64-cygwin\jdk8u121\8372\hotspot\src\share\vm\prims\jni.cpp, line 709]

Events (10 events):
Event: 1.773 Thread 0x0000000021cb0000 DEOPT UNPACKING pc=0x0000000004e4787f sp=0x000000002338ed48 mode 0
Event: 1.796 Thread 0x0000000021cb0000 Uncommon trap: trap_request=0xffffff65 fr.pc=0x000000000507c898
Event: 1.796 Thread 0x0000000021cb0000 DEOPT PACKING pc=0x000000000507c898 sp=0x000000002338f060
Event: 1.796 Thread 0x0000000021cb0000 DEOPT UNPACKING pc=0x0000000004e4582a sp=0x000000002338efd8 mode 2
Event: 1.807 loading class cmn/utilslib/essentials/BufferUtils
Event: 1.807 loading class cmn/utilslib/essentials/BufferUtils done
Event: 1.813 Thread 0x0000000021cb0000 DEOPT PACKING pc=0x0000000005085335 sp=0x000000002338efc0
Event: 1.813 Thread 0x0000000021cb0000 DEOPT UNPACKING pc=0x0000000004e4787f sp=0x000000002338ed48 mode 0
Event: 4.081 Executing VM operation: EnableBiasedLocking
Event: 4.082 Executing VM operation: EnableBiasedLocking done


Dynamic libraries:
0x00007ff6a04e0000 - 0x00007ff6a0517000 	C:\Program Files\Java\jre1.8.0_121\bin\javaw.exe
0x00007ffa30620000 - 0x00007ffa30800000 	C:\WINDOWS\SYSTEM32\ntdll.dll
0x00007ffa2fe20000 - 0x00007ffa2fece000 	C:\WINDOWS\System32\KERNEL32.DLL
0x00007ffa2d880000 - 0x00007ffa2dae6000 	C:\WINDOWS\System32\KERNELBASE.dll
0x00007ffa2f880000 - 0x00007ffa2f921000 	C:\WINDOWS\System32\ADVAPI32.dll
0x00007ffa2f450000 - 0x00007ffa2f4ed000 	C:\WINDOWS\System32\msvcrt.dll
0x00007ffa2fa00000 - 0x00007ffa2fa5b000 	C:\WINDOWS\System32\sechost.dll
0x00007ffa2f560000 - 0x00007ffa2f67f000 	C:\WINDOWS\System32\RPCRT4.dll
0x00007ffa2de30000 - 0x00007ffa2dfbf000 	C:\WINDOWS\System32\USER32.dll
0x00007ffa2d690000 - 0x00007ffa2d6b0000 	C:\WINDOWS\System32\win32u.dll
0x00007ffa2ddf0000 - 0x00007ffa2de18000 	C:\WINDOWS\System32\GDI32.dll
0x00007ffa2d270000 - 0x00007ffa2d403000 	C:\WINDOWS\System32\gdi32full.dll
0x00007ffa2d5f0000 - 0x00007ffa2d68b000 	C:\WINDOWS\System32\msvcp_win.dll
0x00007ffa2ca20000 - 0x00007ffa2cb16000 	C:\WINDOWS\System32\ucrtbase.dll
0x00007ffa18d20000 - 0x00007ffa18f89000 	C:\WINDOWS\WinSxS\amd64_microsoft.windows.common-controls_6595b64144ccf1df_6.0.16299.371_none_15c7d1789365a290\COMCTL32.dll
0x00007ffa2fb10000 - 0x00007ffa2fe18000 	C:\WINDOWS\System32\combase.dll
0x00007ffa2d520000 - 0x00007ffa2d592000 	C:\WINDOWS\System32\bcryptPrimitives.dll
0x00007ffa2f420000 - 0x00007ffa2f44d000 	C:\WINDOWS\System32\IMM32.DLL
0x0000000051e00000 - 0x0000000051ed2000 	C:\Program Files\Java\jre1.8.0_121\bin\msvcr100.dll
0x0000000077760000 - 0x0000000077ffb000 	C:\Program Files\Java\jre1.8.0_121\bin\server\jvm.dll
0x00007ffa2fa60000 - 0x00007ffa2fa68000 	C:\WINDOWS\System32\PSAPI.DLL
0x00007ffa29c30000 - 0x00007ffa29c53000 	C:\WINDOWS\SYSTEM32\WINMM.dll
0x00007ffa27990000 - 0x00007ffa2799a000 	C:\WINDOWS\SYSTEM32\VERSION.dll
0x00007ffa1fb10000 - 0x00007ffa1fb19000 	C:\WINDOWS\SYSTEM32\WSOCK32.dll
0x00007ffa300d0000 - 0x00007ffa3013c000 	C:\WINDOWS\System32\WS2_32.dll
0x00007ffa29bd0000 - 0x00007ffa29bfa000 	C:\WINDOWS\SYSTEM32\winmmbase.dll
0x00007ffa2d5a0000 - 0x00007ffa2d5ea000 	C:\WINDOWS\System32\cfgmgr32.dll
0x00000000510c0000 - 0x00000000510cf000 	C:\Program Files\Java\jre1.8.0_121\bin\verify.dll
0x0000000051090000 - 0x00000000510b9000 	C:\Program Files\Java\jre1.8.0_121\bin\java.dll
0x0000000051070000 - 0x0000000051086000 	C:\Program Files\Java\jre1.8.0_121\bin\zip.dll
0x00007ffa2dfe0000 - 0x00007ffa2f416000 	C:\WINDOWS\System32\SHELL32.dll
0x00007ffa30020000 - 0x00007ffa300c6000 	C:\WINDOWS\System32\shcore.dll
0x00007ffa2cb20000 - 0x00007ffa2d267000 	C:\WINDOWS\System32\windows.storage.dll
0x00007ffa30590000 - 0x00007ffa305e1000 	C:\WINDOWS\System32\shlwapi.dll
0x00007ffa2c9e0000 - 0x00007ffa2c9f1000 	C:\WINDOWS\System32\kernel.appcore.dll
0x00007ffa2c990000 - 0x00007ffa2c9dc000 	C:\WINDOWS\System32\powrprof.dll
0x00007ffa2c970000 - 0x00007ffa2c98b000 	C:\WINDOWS\System32\profapi.dll
0x0000000051050000 - 0x000000005106a000 	C:\Program Files\Java\jre1.8.0_121\bin\net.dll
0x00007ffa2beb0000 - 0x00007ffa2bf16000 	C:\WINDOWS\system32\mswsock.dll
0x0000000051030000 - 0x0000000051041000 	C:\Program Files\Java\jre1.8.0_121\bin\nio.dll
0x00007ffa222e0000 - 0x00007ffa22335000 	C:\Users\necrostyle1\AppData\Local\Temp\lwjglnecrostyle1\3.1.0-build-40\lwjgl.dll
0x00007ffa22110000 - 0x00007ffa2214c000 	C:\Users\necrostyle1\AppData\Local\Temp\lwjglnecrostyle1\3.1.0-build-40\glfw.dll
0x00007ffa2c070000 - 0x00007ffa2c07b000 	C:\WINDOWS\SYSTEM32\CRYPTBASE.DLL
0x00007ffa2a3e0000 - 0x00007ffa2a475000 	C:\WINDOWS\system32\uxtheme.dll
0x00007ffa18890000 - 0x00007ffa188d3000 	C:\WINDOWS\SYSTEM32\dinput8.dll
0x00007ffa29c80000 - 0x00007ffa29c90000 	C:\WINDOWS\SYSTEM32\xinput1_4.dll
0x00007ffa2c780000 - 0x00007ffa2c7a7000 	C:\WINDOWS\SYSTEM32\DEVOBJ.dll
0x00007ffa2a790000 - 0x00007ffa2a7ba000 	C:\WINDOWS\SYSTEM32\dwmapi.dll
0x00007ffa26d40000 - 0x00007ffa26d6e000 	C:\WINDOWS\SYSTEM32\inputhost.dll
0x00007ffa28fb0000 - 0x00007ffa2908c000 	C:\WINDOWS\SYSTEM32\CoreMessaging.dll
0x00007ffa27070000 - 0x00007ffa2735e000 	C:\WINDOWS\SYSTEM32\CoreUIComponents.dll
0x00007ffa2b710000 - 0x00007ffa2b741000 	C:\WINDOWS\SYSTEM32\ntmarta.dll
0x00007ffa26f30000 - 0x00007ffa27066000 	C:\WINDOWS\SYSTEM32\wintypes.dll
0x00007ffa1f9f0000 - 0x00007ffa1fa99000 	C:\Program Files\Common Files\microsoft shared\ink\tiptsf.dll
0x00007ffa2f930000 - 0x00007ffa2f9f5000 	C:\WINDOWS\System32\OLEAUT32.dll
0x00007ffa2b830000 - 0x00007ffa2b83c000 	C:\WINDOWS\SYSTEM32\HID.DLL
0x00007ffa30140000 - 0x00007ffa3058e000 	C:\WINDOWS\System32\SETUPAPI.DLL
0x00007ffa2d410000 - 0x00007ffa2d468000 	C:\WINDOWS\System32\WINTRUST.dll
0x00007ffa2ca00000 - 0x00007ffa2ca12000 	C:\WINDOWS\System32\MSASN1.dll
0x00007ffa2d6b0000 - 0x00007ffa2d87e000 	C:\WINDOWS\System32\CRYPT32.dll
0x00007ffa2dc80000 - 0x00007ffa2dde7000 	C:\WINDOWS\System32\MSCTF.dll
0x00007ffa16210000 - 0x00007ffa1632e000 	C:\WINDOWS\SYSTEM32\opengl32.dll
0x00007ffa18860000 - 0x00007ffa1888c000 	C:\WINDOWS\SYSTEM32\GLU32.dll
0x0000000075610000 - 0x0000000077760000 	C:\WINDOWS\SYSTEM32\nvoglv64.DLL
0x00007ffa290e0000 - 0x00007ffa290f3000 	C:\WINDOWS\SYSTEM32\WTSAPI32.dll
0x00007ffa2b7d0000 - 0x00007ffa2b825000 	C:\WINDOWS\SYSTEM32\WINSTA.dll
0x00007ffa2ae70000 - 0x00007ffa2af1f000 	C:\WINDOWS\SYSTEM32\dxgi.dll
0x00007ffa28cc0000 - 0x00007ffa28fa2000 	C:\WINDOWS\SYSTEM32\d3d11.dll
0x00007ffa2c430000 - 0x00007ffa2c455000 	C:\WINDOWS\SYSTEM32\bcrypt.dll
0x00007ffa217c0000 - 0x00007ffa2198b000 	C:\WINDOWS\system32\nvspcap64.dll
0x00007ffa2fed0000 - 0x00007ffa30019000 	C:\WINDOWS\System32\ole32.dll
0x00007ffa21dc0000 - 0x00007ffa21e9e000 	C:\WINDOWS\SYSTEM32\WINHTTP.dll
0x00007ffa13970000 - 0x00007ffa13d6b000 	C:\WINDOWS\system32\nvapi64.dll
0x00007ffa248c0000 - 0x00007ffa24958000 	C:\WINDOWS\System32\TextInputFramework.dll
0x00007ffa2fa70000 - 0x00007ffa2fb0e000 	C:\WINDOWS\System32\clbcatq.dll
0x00007ffa23060000 - 0x00007ffa23266000 	C:\Windows\System32\uiautomationcore.dll
0x00007ffa2c7d0000 - 0x00007ffa2c86a000 	C:\WINDOWS\SYSTEM32\sxs.dll
0x00007ffa13ff0000 - 0x00007ffa1405e000 	C:\Windows\System32\OLEACC.dll
0x00007ffa2c460000 - 0x00007ffa2c628000 	C:\WINDOWS\SYSTEM32\dbghelp.dll

VM Arguments:
jvm_args: -Djava.library.path=K:\picatrix1899_portable\workspace\git\CodeRed3\CodeRed\lib\natives -Dfile.encoding=Cp1252 
java_command: com.codered.demo.Main
java_class_path (initial): K:\picatrix1899_portable\workspace\git\CodeRed3\CodeRedDemo\bin;K:\picatrix1899_portable\workspace\git\utilslib\utilslib\bin;K:\picatrix1899_portable\workspace\git\CodeRed3\CodeRedDemo\lib\lwjgl-glfw.jar;K:\picatrix1899_portable\workspace\git\CodeRed3\CodeRedDemo\lib\lwjgl.jar;K:\picatrix1899_portable\workspace\git\CodeRed3\CodeRedDemo\lib\lwjgl-natives-windows.jar;K:\picatrix1899_portable\workspace\git\CodeRed3\CodeRedDemo\lib\lwjgl-opengl.jar;K:\picatrix1899_portable\workspace\git\CodeRed3\CodeRedDemo\lib\guava-19.0.jar;K:\picatrix1899_portable\workspace\git\CodeRed3\CodeRed\bin;K:\picatrix1899_portable\workspace\git\CodeRed3\CodeRed\lib\guava-19.0.jar;K:\picatrix1899_portable\workspace\git\CodeRed3\CodeRed\lib\jorbis-0.0.15.jar;K:\picatrix1899_portable\workspace\git\CodeRed3\CodeRed\lib\jogg-0.0.7.jar;K:\picatrix1899_portable\workspace\git\CodeRed3\CodeRed\lib\lwjgl-glfw-natives-windows.jar;K:\picatrix1899_portable\workspace\git\CodeRed3\CodeRed\lib\lwjgl-glfw.jar;K:\picatrix1899_portable\workspace\git\CodeRed3\CodeRed\lib\lwjgl-natives-windows.jar;K:\picatrix1899_portable\workspace\git\CodeRed3\CodeRed\lib\lwjgl-nuklear-natives-windows.jar;K:\picatrix1899_portable\workspace\git\CodeRed3\CodeRed\lib\lwjgl-nuklear.jar;K:\picatrix1899_portable\workspace\git\CodeRed3\CodeRed\lib\lwjgl-openal.jar;K:\picatrix1899_portable\workspace\git\CodeRed3\CodeRed\lib\lwjgl-opencl.jar;K:\picatrix1899_portable\workspace\git\CodeRed3\CodeRed\lib\lwjgl-opengl.jar;K:\picatrix1899_portable\workspace\git\CodeRed3\CodeRed\lib\lwjgl-ovr.jar;K:\picatrix1899_portable\workspace\git\CodeRed3\CodeRed\lib\lwjgl-ovr-natives-windows.jar;K:\picatrix1899_portable\workspace\git\CodeRed3\CodeRed\lib\lwjgl-openal-natives-windows.jar;K:\picatrix1899_portable\workspace\git\CodeRed3\CodeRed\lib\lwjgl.jar
Launcher Type: SUN_STANDARD

Environment Variables:
JAVA_HOME=C:\Program Files\Java\jdk1.8.0_121
JRE_HOME=C:\Program Files\Java\jdk1.8.0_121\jre
CLASSPATH=.;C:\Program Files\Java\jdk1.8.0_121\lib;C:\Program Files\Java\jdk1.8.0_121\jre\lib
PATH=C:/Program Files/Java/jre1.8.0_121/bin/server;C:/Program Files/Java/jre1.8.0_121/bin;C:/Program Files/Java/jre1.8.0_121/lib/amd64;C:\ProgramData\Oracle\Java\javapath;C:\Program Files (x86)\Microsoft DirectX SDK (August 2006)\Utilities\Bin\x86;C:\Program Files (x86)\Intel\iCLS Client\;C:\Program Files\Intel\iCLS Client\;C:\WINDOWS\system32;C:\WINDOWS;C:\WINDOWS\System32\Wbem;C:\WINDOWS\System32\WindowsPowerShell\v1.0\;C:\Program Files (x86)\EgisTec MyWinLocker\x64;C:\Program Files (x86)\EgisTec MyWinLocker\;C:\Program Files (x86)\ATI Technologies\ATI.ACE\Core-Static;C:\Program Files\Intel\Intel(R) Management Engine Components\DAL;C:\Program Files\Intel\Intel(R) Management Engine Components\IPT;C:\Program Files (x86)\Intel\Intel(R) Management Engine Components\DAL;C:\Program Files (x86)\Intel\Intel(R) Management Engine Components\IPT;C:\Program Files (x86)\Microsoft SQL Server\90\Tools\binn\;c:\Program Files (x86)\Microsoft SQL Server\100\Tools\Binn\;c:\Program Files (x86)\Microsoft SQL Server\100\DTS\Binn\;C:\Program Files\Common Files\Autodesk Shared\;C:\Program Files\Microsoft SQL Server\110\Tools\Binn\;C:\Program Files (x86)\AMD\ATI.ACE\Core-Static;C:\Program Files\Git\cmd;C:\Users\necrostyle1\.dnx\bin;C:\Program Files\Microsoft DNX\Dnvm\;C:\Program Files (x86)\Windows Kits\8.1\Windows Performance Toolkit\;C:\Program Files\Microsoft SQL Server\120\Tools\Binn\;C:\Program Files (x86)\QuickTime\QTSystem\;C:\Program Files (x86)\NVIDIA Corporation\PhysX\Common;D:\Tools\Mingw\bin;C:\Program Files (x86)\Skype\Phone\;C:\Program Files\WorldPainter;C:\WINDOWS\system32;C:\WINDOWS;C:\WINDOWS\System32\Wbem;C:\WINDOWS\System32\WindowsPowerShell\v1.0\;C:\Program Files\Java\jdk1.8.0_121\bin;C:\Program Files\Java\jdk1.8.0_121\bin;%USERPROFILE%\AppData\Local\Microsoft\WindowsApps;;K:\picatrix1899_portable\eclipse oxygen;
USERNAME=necrostyle1
OS=Windows_NT
PROCESSOR_IDENTIFIER=Intel64 Family 6 Model 58 Stepping 9, GenuineIntel



---------------  S Y S T E M  ---------------

OS: Windows 10.0 , 64 bit Build 16299 (10.0.16299.15)

CPU:total 8 (4 cores per cpu, 2 threads per core) family 6 model 58 stepping 9, cmov, cx8, fxsr, mmx, sse, sse2, sse3, ssse3, sse4.1, sse4.2, popcnt, avx, clmul, erms, ht, tsc, tscinvbit, tscinv

Memory: 4k page, physical 16734036k(12249264k free), swap 26171220k(19698376k free)

vm_info: Java HotSpot(TM) 64-Bit Server VM (25.121-b13) for windows-amd64 JRE (1.8.0_121-b13), built on Dec 12 2016 18:21:36 by "java_re" with MS VC++ 10.0 (VS2010)

time: Fri Apr 13 15:54:40 2018
elapsed time: 4 seconds (0d 0h 0m 4s)

