#
# A fatal error has been detected by the Java Runtime Environment:
#
#  EXCEPTION_ACCESS_VIOLATION (0xc0000005) at pc=0x00007ffb27331222, pid=5080, tid=16028
#
# JRE version: OpenJDK Runtime Environment (13.0.2+8) (build 13.0.2+8)
# Java VM: OpenJDK 64-Bit Server VM (13.0.2+8, mixed mode, sharing, tiered, compressed oops, g1 gc, windows-amd64)
# Problematic frame:
# C  [glfw.dll+0x1222]
#
# No core dump will be written. Minidumps are not enabled by default on client versions of Windows
#
# If you would like to submit a bug report, please visit:
#   http://bugreport.java.com/bugreport/crash.jsp
# The crash happened outside the Java Virtual Machine in native code.
# See problematic frame for where to report the bug.
#

---------------  S U M M A R Y ------------

Command Line: -da -XX:+UseG1GC -Dfile.encoding=UTF-8 --enable-preview com.codered.demo.Main

Host: Intel(R) Core(TM) i7-6850K CPU @ 3.60GHz, 12 cores, 31G,  Windows 10 , 64 bit Build 18362 (10.0.18362.959)
Time: Sun Jul 26 20:16:15 2020 Mitteleuropäische Sommerzeit elapsed time: 0 seconds (0d 0h 0m 0s)

---------------  T H R E A D  ---------------

Current thread (0x000001e28c3a8000):  JavaThread "CodeRedDemo" [_thread_in_native, id=16028, stack(0x000000b94de00000,0x000000b94df00000)]

Stack: [0x000000b94de00000,0x000000b94df00000],  sp=0x000000b94defe6d0,  free space=1017k
Native frames: (J=compiled Java code, j=interpreted, Vv=VM code, C=native code)
C  [glfw.dll+0x1222]

Java frames: (J=compiled Java code, j=interpreted, Vv=VM code)
j  org.lwjgl.system.JNI.invokePPPP(IIJJJJ)J+0
j  org.lwjgl.glfw.GLFW.nglfwCreateWindow(IIJJJ)J+14
j  org.lwjgl.glfw.GLFW.glfwCreateWindow(IILjava/lang/CharSequence;JJ)J+37
j  com.codered.window.Window.init()V+51
j  com.codered.window.WindowContext.initWindow()V+4
j  com.codered.demo.DemoGame.init()V+4
j  com.codered.engine.Engine.run()V+1
j  com.codered.engine.Engine.start()V+1
j  com.codered.engine.EngineBootstrap.start()V+4
j  com.codered.engine.EngineBootstrap.boot()V+5
j  com.codered.demo.Main.main([Ljava/lang/String;)V+44
v  ~StubRoutines::call_stub

siginfo: EXCEPTION_ACCESS_VIOLATION (0xc0000005), reading address 0x00000000000006c6


Register to memory mapping:

RIP=0x00007ffb27331222 glfw.dll
RAX=0x00000000000004ce is an unknown value
RBX={method} {0x000001e2ba0d7300} 'invokePPPP' '(IIJJJJ)J' in 'org/lwjgl/system/JNI'
RCX=0x000000b94defe720 is pointing into the stack for thread: 0x000001e28c3a8000
RDX=0x0 is NULL
RSP=0x000000b94defe6d0 is pointing into the stack for thread: 0x000001e28c3a8000
RBP=0x000000b94defe800 is pointing into the stack for thread: 0x000001e28c3a8000
RSI=0x0000000000000258 is an unknown value
RDI=0x0000000000000320 is an unknown value
R8 =0x000001e2baeff540 points into unknown readable memory: 43 6f 64 65 72 52 65 64
R9 =0x0 is NULL
R10=0x00000000000004ce is an unknown value
R11=0x0000000620ebc5f0 is an oop: java.lang.Class 
{0x0000000620ebc5f0} - klass: 'java/lang/Class'
R12=0x0 is NULL
R13={method} {0x000001e2ba0d7300} 'invokePPPP' '(IIJJJJ)J' in 'org/lwjgl/system/JNI'
R14=0x0 is NULL
R15=0x000001e28c3a8000 is a thread


Registers:
RAX=0x00000000000004ce, RBX=0x000001e2ba0d72f8, RCX=0x000000b94defe720, RDX=0x0000000000000000
RSP=0x000000b94defe6d0, RBP=0x000000b94defe800, RSI=0x0000000000000258, RDI=0x0000000000000320
R8 =0x000001e2baeff540, R9 =0x0000000000000000, R10=0x00000000000004ce, R11=0x0000000620ebc5f0
R12=0x0000000000000000, R13=0x000001e2ba0d72f8, R14=0x0000000000000000, R15=0x000001e28c3a8000
RIP=0x00007ffb27331222, EFLAGS=0x0000000000010202

Top of Stack: (sp=0x000000b94defe6d0)
0x000000b94defe6d0:   000000b94defea20 00007ffb12a24ee0
0x000000b94defe6e0:   0000000000000021 000001e20000000b
0x000000b94defe6f0:   0000000000400000 00007ffb2733617d
0x000000b94defe700:   000000014ccccab7 00007ffb12824790
0x000000b94defe710:   0000000000000021 000000014ccccab7
0x000000b94defe720:   0003600100030001 0000000500000004
0x000000b94defe730:   0000000000000000 0003200100000000
0x000000b94defe740:   0000000000000000 00000000000004ce
0x000000b94defe750:   0000000000000000 000001e20000000b
0x000000b94defe760:   0000025800000320 000001e2baeff540
0x000000b94defe770:   0000000000000001 0000000100000001
0x000000b94defe780:   0000000000000001 0000000100000000
0x000000b94defe790:   0000000000000001 0000000000000001
0x000000b94defe7a0:   0000000000000000 0000000000000000
0x000000b94defe7b0:   0000000000000000 0000000000000000
0x000000b94defe7c0:   0000000000000000 0000000000000000 

Instructions: (pc=0x00007ffb27331222)
0x00007ffb27331122:   0b 44 2b 58 d8 45 0f af db 41 03 d3 41 83 fa ff
0x00007ffb27331132:   74 0b 44 2b 50 dc 45 0f af d2 41 03 d2 41 8b 49
0x00007ffb27331142:   18 83 f9 ff 74 08 2b 48 e0 0f af c9 03 d1 41 8b
0x00007ffb27331152:   49 1c 83 f9 ff 74 08 2b 48 e4 0f af c9 03 d1 41
0x00007ffb27331162:   8b 49 20 83 f9 ff 74 08 2b 48 e8 0f af c9 03 d1
0x00007ffb27331172:   41 8b 49 24 83 f9 ff 74 08 2b 48 ec 0f af c9 03
0x00007ffb27331182:   d1 83 fb ff 74 08 2b 58 f8 0f af db 03 d3 41 83
0x00007ffb27331192:   79 34 00 74 08 83 78 fc 00 75 02 ff c2 41 3b f6
0x00007ffb273311a2:   73 06 48 8d 68 c8 eb 1d 75 12 45 3b c7 72 07 75
0x00007ffb273311b2:   0b 41 3b d4 73 06 48 8d 68 c8 eb 09 48 8d 48 c8
0x00007ffb273311c2:   48 3b cd 75 09 44 8b f6 45 8b f8 44 8b e2 41 b8
0x00007ffb273311d2:   01 00 00 00 48 83 c0 48 49 83 ed 01 0f 85 6d fe
0x00007ffb273311e2:   ff ff 4c 8b 6c 24 40 48 8b 7c 24 38 48 8b 74 24
0x00007ffb273311f2:   30 48 8b 5c 24 28 48 8b c5 41 5f 41 5e 41 5c 5d
0x00007ffb27331202:   c3 cc cc cc cc cc cc cc cc cc cc cc cc cc 48 83
0x00007ffb27331212:   ec 28 48 8b 41 28 48 85 c0 74 21 83 39 00 74 09
0x00007ffb27331222:   83 b8 f8 01 00 00 00 75 13 33 d2 b9 0a 00 01 00
0x00007ffb27331232:   e8 29 0a 00 00 33 c0 48 83 c4 28 c3 44 8b 41 04
0x00007ffb27331242:   41 8d 80 ff 9f fc ff 83 f8 02 76 18 48 8d 15 cb
0x00007ffb27331252:   83 02 00 b9 03 00 01 00 e8 01 0a 00 00 33 c0 48
0x00007ffb27331262:   83 c4 28 c3 8b 01 85 c0 74 29 3d 01 00 03 00 74
0x00007ffb27331272:   2d 3d 02 00 03 00 74 1b 44 8b c0 48 8d 15 c4 83
0x00007ffb27331282:   02 00 b9 03 00 01 00 e8 d2 09 00 00 33 c0 48 83
0x00007ffb27331292:   c4 28 c3 3d 01 00 03 00 0f 85 d3 00 00 00 44 8b
0x00007ffb273312a2:   41 08 41 83 f8 01 0f 8c a9 00 00 00 8b 51 0c 85
0x00007ffb273312b2:   d2 0f 88 9e 00 00 00 41 83 f8 01 75 05 83 fa 05
0x00007ffb273312c2:   eb 14 41 83 f8 02 75 05 83 fa 01 eb 09 41 83 f8
0x00007ffb273312d2:   03 75 05 41 3b d0 7f 7d 44 8b 49 1c 45 85 c9 74
0x00007ffb273312e2:   50 41 8d 81 ff df fc ff 83 f8 01 76 1b 45 8b c1
0x00007ffb273312f2:   48 8d 15 8f 83 02 00 b9 03 00 01 00 e8 5d 09 00
0x00007ffb27331302:   00 33 c0 48 83 c4 28 c3 41 83 f8 02 7e 0b 41 83
0x00007ffb27331312:   f8 03 75 1d 83 fa 02 7d 18 48 8d 15 8e 83 02 00 


Stack slot to memory mapping:
stack at sp + 0 slots: 0x000000b94defea20 is pointing into the stack for thread: 0x000001e28c3a8000
stack at sp + 1 slots: 0x00007ffb12a24ee0 jvm.dll
stack at sp + 2 slots: 0x0000000000000021 is an unknown value
stack at sp + 3 slots: 0x000001e20000000b is an unknown value
stack at sp + 4 slots: 0x0000000000400000 is an unknown value
stack at sp + 5 slots: 0x00007ffb2733617d glfw.dll
stack at sp + 6 slots: 0x000000014ccccab7 is an unknown value
stack at sp + 7 slots: 0x00007ffb12824790 jvm.dll


---------------  P R O C E S S  ---------------

Threads class SMR info:
_java_thread_list=0x000001e2baf20480, length=10, elements={
0x000001e28c3a8000, 0x000001e2ba517000, 0x000001e2ba51a800, 0x000001e2ba532800,
0x000001e2ba535800, 0x000001e2ba537800, 0x000001e2ba53e800, 0x000001e2ba568000,
0x000001e2ba68f800, 0x000001e2ba69a800
}

Java Threads: ( => current thread )
=>0x000001e28c3a8000 JavaThread "CodeRedDemo" [_thread_in_native, id=16028, stack(0x000000b94de00000,0x000000b94df00000)]
  0x000001e2ba517000 JavaThread "Reference Handler" daemon [_thread_blocked, id=18856, stack(0x000000b94e500000,0x000000b94e600000)]
  0x000001e2ba51a800 JavaThread "Finalizer" daemon [_thread_blocked, id=7732, stack(0x000000b94e600000,0x000000b94e700000)]
  0x000001e2ba532800 JavaThread "Signal Dispatcher" daemon [_thread_blocked, id=13068, stack(0x000000b94e700000,0x000000b94e800000)]
  0x000001e2ba535800 JavaThread "Attach Listener" daemon [_thread_blocked, id=10316, stack(0x000000b94e800000,0x000000b94e900000)]
  0x000001e2ba537800 JavaThread "C2 CompilerThread0" daemon [_thread_blocked, id=10772, stack(0x000000b94e900000,0x000000b94ea00000)]
  0x000001e2ba53e800 JavaThread "C1 CompilerThread0" daemon [_thread_blocked, id=14500, stack(0x000000b94ea00000,0x000000b94eb00000)]
  0x000001e2ba568000 JavaThread "Sweeper thread" daemon [_thread_blocked, id=8204, stack(0x000000b94eb00000,0x000000b94ec00000)]
  0x000001e2ba68f800 JavaThread "Service Thread" daemon [_thread_blocked, id=10384, stack(0x000000b94ec00000,0x000000b94ed00000)]
  0x000001e2ba69a800 JavaThread "Common-Cleaner" daemon [_thread_blocked, id=18532, stack(0x000000b94ee00000,0x000000b94ef00000)]

Other Threads:
  0x000001e2ba513000 VMThread "VM Thread" [stack: 0x000000b94e400000,0x000000b94e500000] [id=17444]
  0x000001e2ba6a6800 WatcherThread [stack: 0x000000b94ed00000,0x000000b94ee00000] [id=3004]
  0x000001e28c42d000 GCTaskThread "GC Thread#0" [stack: 0x000000b94df00000,0x000000b94e000000] [id=3816]
  0x000001e28c450000 ConcurrentGCThread "G1 Main Marker" [stack: 0x000000b94e000000,0x000000b94e100000] [id=3748]
  0x000001e28c451800 ConcurrentGCThread "G1 Conc#0" [stack: 0x000000b94e100000,0x000000b94e200000] [id=18840]
  0x000001e2b985b800 ConcurrentGCThread "G1 Refine#0" [stack: 0x000000b94e200000,0x000000b94e300000] [id=17520]
  0x000001e2b985d800 ConcurrentGCThread "G1 Young RemSet Sampling" [stack: 0x000000b94e300000,0x000000b94e400000] [id=18876]

Threads with active compile tasks:

VM state:not at safepoint (normal execution)

VM Mutex/Monitor currently owned by a thread: None

Heap address: 0x0000000601800000, size: 8168 MB, Compressed Oops mode: Zero based, Oop shift amount: 3
Narrow klass base: 0x0000000800000000, Narrow klass shift: 3
Compressed class space size: 1073741824 Address: 0x0000000800b40000

Heap:
 garbage-first heap   total 524288K, used 8192K [0x0000000601800000, 0x0000000800000000)
  region size 2048K, 5 young (10240K), 0 survivors (0K)
 Metaspace       used 2595K, capacity 5814K, committed 6016K, reserved 1056768K
  class space    used 212K, capacity 533K, committed 640K, reserved 1048576K
Heap Regions: E=young(eden), S=young(survivor), O=old, HS=humongous(starts), HC=humongous(continues), CS=collection set, F=free, A=archive, TAMS=top-at-mark-start (previous, next)
|   0|0x0000000601800000, 0x0000000601800000, 0x0000000601a00000|  0%| F|  |TAMS 0x0000000601800000, 0x0000000601800000| Untracked 
|   1|0x0000000601a00000, 0x0000000601a00000, 0x0000000601c00000|  0%| F|  |TAMS 0x0000000601a00000, 0x0000000601a00000| Untracked 
|   2|0x0000000601c00000, 0x0000000601c00000, 0x0000000601e00000|  0%| F|  |TAMS 0x0000000601c00000, 0x0000000601c00000| Untracked 
|   3|0x0000000601e00000, 0x0000000601e00000, 0x0000000602000000|  0%| F|  |TAMS 0x0000000601e00000, 0x0000000601e00000| Untracked 
|   4|0x0000000602000000, 0x0000000602000000, 0x0000000602200000|  0%| F|  |TAMS 0x0000000602000000, 0x0000000602000000| Untracked 
|   5|0x0000000602200000, 0x0000000602200000, 0x0000000602400000|  0%| F|  |TAMS 0x0000000602200000, 0x0000000602200000| Untracked 
|   6|0x0000000602400000, 0x0000000602400000, 0x0000000602600000|  0%| F|  |TAMS 0x0000000602400000, 0x0000000602400000| Untracked 
|   7|0x0000000602600000, 0x0000000602600000, 0x0000000602800000|  0%| F|  |TAMS 0x0000000602600000, 0x0000000602600000| Untracked 
|   8|0x0000000602800000, 0x0000000602800000, 0x0000000602a00000|  0%| F|  |TAMS 0x0000000602800000, 0x0000000602800000| Untracked 
|   9|0x0000000602a00000, 0x0000000602a00000, 0x0000000602c00000|  0%| F|  |TAMS 0x0000000602a00000, 0x0000000602a00000| Untracked 
|  10|0x0000000602c00000, 0x0000000602c00000, 0x0000000602e00000|  0%| F|  |TAMS 0x0000000602c00000, 0x0000000602c00000| Untracked 
|  11|0x0000000602e00000, 0x0000000602e00000, 0x0000000603000000|  0%| F|  |TAMS 0x0000000602e00000, 0x0000000602e00000| Untracked 
|  12|0x0000000603000000, 0x0000000603000000, 0x0000000603200000|  0%| F|  |TAMS 0x0000000603000000, 0x0000000603000000| Untracked 
|  13|0x0000000603200000, 0x0000000603200000, 0x0000000603400000|  0%| F|  |TAMS 0x0000000603200000, 0x0000000603200000| Untracked 
|  14|0x0000000603400000, 0x0000000603400000, 0x0000000603600000|  0%| F|  |TAMS 0x0000000603400000, 0x0000000603400000| Untracked 
|  15|0x0000000603600000, 0x0000000603600000, 0x0000000603800000|  0%| F|  |TAMS 0x0000000603600000, 0x0000000603600000| Untracked 
|  16|0x0000000603800000, 0x0000000603800000, 0x0000000603a00000|  0%| F|  |TAMS 0x0000000603800000, 0x0000000603800000| Untracked 
|  17|0x0000000603a00000, 0x0000000603a00000, 0x0000000603c00000|  0%| F|  |TAMS 0x0000000603a00000, 0x0000000603a00000| Untracked 
|  18|0x0000000603c00000, 0x0000000603c00000, 0x0000000603e00000|  0%| F|  |TAMS 0x0000000603c00000, 0x0000000603c00000| Untracked 
|  19|0x0000000603e00000, 0x0000000603e00000, 0x0000000604000000|  0%| F|  |TAMS 0x0000000603e00000, 0x0000000603e00000| Untracked 
|  20|0x0000000604000000, 0x0000000604000000, 0x0000000604200000|  0%| F|  |TAMS 0x0000000604000000, 0x0000000604000000| Untracked 
|  21|0x0000000604200000, 0x0000000604200000, 0x0000000604400000|  0%| F|  |TAMS 0x0000000604200000, 0x0000000604200000| Untracked 
|  22|0x0000000604400000, 0x0000000604400000, 0x0000000604600000|  0%| F|  |TAMS 0x0000000604400000, 0x0000000604400000| Untracked 
|  23|0x0000000604600000, 0x0000000604600000, 0x0000000604800000|  0%| F|  |TAMS 0x0000000604600000, 0x0000000604600000| Untracked 
|  24|0x0000000604800000, 0x0000000604800000, 0x0000000604a00000|  0%| F|  |TAMS 0x0000000604800000, 0x0000000604800000| Untracked 
|  25|0x0000000604a00000, 0x0000000604a00000, 0x0000000604c00000|  0%| F|  |TAMS 0x0000000604a00000, 0x0000000604a00000| Untracked 
|  26|0x0000000604c00000, 0x0000000604c00000, 0x0000000604e00000|  0%| F|  |TAMS 0x0000000604c00000, 0x0000000604c00000| Untracked 
|  27|0x0000000604e00000, 0x0000000604e00000, 0x0000000605000000|  0%| F|  |TAMS 0x0000000604e00000, 0x0000000604e00000| Untracked 
|  28|0x0000000605000000, 0x0000000605000000, 0x0000000605200000|  0%| F|  |TAMS 0x0000000605000000, 0x0000000605000000| Untracked 
|  29|0x0000000605200000, 0x0000000605200000, 0x0000000605400000|  0%| F|  |TAMS 0x0000000605200000, 0x0000000605200000| Untracked 
|  30|0x0000000605400000, 0x0000000605400000, 0x0000000605600000|  0%| F|  |TAMS 0x0000000605400000, 0x0000000605400000| Untracked 
|  31|0x0000000605600000, 0x0000000605600000, 0x0000000605800000|  0%| F|  |TAMS 0x0000000605600000, 0x0000000605600000| Untracked 
|  32|0x0000000605800000, 0x0000000605800000, 0x0000000605a00000|  0%| F|  |TAMS 0x0000000605800000, 0x0000000605800000| Untracked 
|  33|0x0000000605a00000, 0x0000000605a00000, 0x0000000605c00000|  0%| F|  |TAMS 0x0000000605a00000, 0x0000000605a00000| Untracked 
|  34|0x0000000605c00000, 0x0000000605c00000, 0x0000000605e00000|  0%| F|  |TAMS 0x0000000605c00000, 0x0000000605c00000| Untracked 
|  35|0x0000000605e00000, 0x0000000605e00000, 0x0000000606000000|  0%| F|  |TAMS 0x0000000605e00000, 0x0000000605e00000| Untracked 
|  36|0x0000000606000000, 0x0000000606000000, 0x0000000606200000|  0%| F|  |TAMS 0x0000000606000000, 0x0000000606000000| Untracked 
|  37|0x0000000606200000, 0x0000000606200000, 0x0000000606400000|  0%| F|  |TAMS 0x0000000606200000, 0x0000000606200000| Untracked 
|  38|0x0000000606400000, 0x0000000606400000, 0x0000000606600000|  0%| F|  |TAMS 0x0000000606400000, 0x0000000606400000| Untracked 
|  39|0x0000000606600000, 0x0000000606600000, 0x0000000606800000|  0%| F|  |TAMS 0x0000000606600000, 0x0000000606600000| Untracked 
|  40|0x0000000606800000, 0x0000000606800000, 0x0000000606a00000|  0%| F|  |TAMS 0x0000000606800000, 0x0000000606800000| Untracked 
|  41|0x0000000606a00000, 0x0000000606a00000, 0x0000000606c00000|  0%| F|  |TAMS 0x0000000606a00000, 0x0000000606a00000| Untracked 
|  42|0x0000000606c00000, 0x0000000606c00000, 0x0000000606e00000|  0%| F|  |TAMS 0x0000000606c00000, 0x0000000606c00000| Untracked 
|  43|0x0000000606e00000, 0x0000000606e00000, 0x0000000607000000|  0%| F|  |TAMS 0x0000000606e00000, 0x0000000606e00000| Untracked 
|  44|0x0000000607000000, 0x0000000607000000, 0x0000000607200000|  0%| F|  |TAMS 0x0000000607000000, 0x0000000607000000| Untracked 
|  45|0x0000000607200000, 0x0000000607200000, 0x0000000607400000|  0%| F|  |TAMS 0x0000000607200000, 0x0000000607200000| Untracked 
|  46|0x0000000607400000, 0x0000000607400000, 0x0000000607600000|  0%| F|  |TAMS 0x0000000607400000, 0x0000000607400000| Untracked 
|  47|0x0000000607600000, 0x0000000607600000, 0x0000000607800000|  0%| F|  |TAMS 0x0000000607600000, 0x0000000607600000| Untracked 
|  48|0x0000000607800000, 0x0000000607800000, 0x0000000607a00000|  0%| F|  |TAMS 0x0000000607800000, 0x0000000607800000| Untracked 
|  49|0x0000000607a00000, 0x0000000607a00000, 0x0000000607c00000|  0%| F|  |TAMS 0x0000000607a00000, 0x0000000607a00000| Untracked 
|  50|0x0000000607c00000, 0x0000000607c00000, 0x0000000607e00000|  0%| F|  |TAMS 0x0000000607c00000, 0x0000000607c00000| Untracked 
|  51|0x0000000607e00000, 0x0000000607e00000, 0x0000000608000000|  0%| F|  |TAMS 0x0000000607e00000, 0x0000000607e00000| Untracked 
|  52|0x0000000608000000, 0x0000000608000000, 0x0000000608200000|  0%| F|  |TAMS 0x0000000608000000, 0x0000000608000000| Untracked 
|  53|0x0000000608200000, 0x0000000608200000, 0x0000000608400000|  0%| F|  |TAMS 0x0000000608200000, 0x0000000608200000| Untracked 
|  54|0x0000000608400000, 0x0000000608400000, 0x0000000608600000|  0%| F|  |TAMS 0x0000000608400000, 0x0000000608400000| Untracked 
|  55|0x0000000608600000, 0x0000000608600000, 0x0000000608800000|  0%| F|  |TAMS 0x0000000608600000, 0x0000000608600000| Untracked 
|  56|0x0000000608800000, 0x0000000608800000, 0x0000000608a00000|  0%| F|  |TAMS 0x0000000608800000, 0x0000000608800000| Untracked 
|  57|0x0000000608a00000, 0x0000000608a00000, 0x0000000608c00000|  0%| F|  |TAMS 0x0000000608a00000, 0x0000000608a00000| Untracked 
|  58|0x0000000608c00000, 0x0000000608c00000, 0x0000000608e00000|  0%| F|  |TAMS 0x0000000608c00000, 0x0000000608c00000| Untracked 
|  59|0x0000000608e00000, 0x0000000608e00000, 0x0000000609000000|  0%| F|  |TAMS 0x0000000608e00000, 0x0000000608e00000| Untracked 
|  60|0x0000000609000000, 0x0000000609000000, 0x0000000609200000|  0%| F|  |TAMS 0x0000000609000000, 0x0000000609000000| Untracked 
|  61|0x0000000609200000, 0x0000000609200000, 0x0000000609400000|  0%| F|  |TAMS 0x0000000609200000, 0x0000000609200000| Untracked 
|  62|0x0000000609400000, 0x0000000609400000, 0x0000000609600000|  0%| F|  |TAMS 0x0000000609400000, 0x0000000609400000| Untracked 
|  63|0x0000000609600000, 0x0000000609600000, 0x0000000609800000|  0%| F|  |TAMS 0x0000000609600000, 0x0000000609600000| Untracked 
|  64|0x0000000609800000, 0x0000000609800000, 0x0000000609a00000|  0%| F|  |TAMS 0x0000000609800000, 0x0000000609800000| Untracked 
|  65|0x0000000609a00000, 0x0000000609a00000, 0x0000000609c00000|  0%| F|  |TAMS 0x0000000609a00000, 0x0000000609a00000| Untracked 
|  66|0x0000000609c00000, 0x0000000609c00000, 0x0000000609e00000|  0%| F|  |TAMS 0x0000000609c00000, 0x0000000609c00000| Untracked 
|  67|0x0000000609e00000, 0x0000000609e00000, 0x000000060a000000|  0%| F|  |TAMS 0x0000000609e00000, 0x0000000609e00000| Untracked 
|  68|0x000000060a000000, 0x000000060a000000, 0x000000060a200000|  0%| F|  |TAMS 0x000000060a000000, 0x000000060a000000| Untracked 
|  69|0x000000060a200000, 0x000000060a200000, 0x000000060a400000|  0%| F|  |TAMS 0x000000060a200000, 0x000000060a200000| Untracked 
|  70|0x000000060a400000, 0x000000060a400000, 0x000000060a600000|  0%| F|  |TAMS 0x000000060a400000, 0x000000060a400000| Untracked 
|  71|0x000000060a600000, 0x000000060a600000, 0x000000060a800000|  0%| F|  |TAMS 0x000000060a600000, 0x000000060a600000| Untracked 
|  72|0x000000060a800000, 0x000000060a800000, 0x000000060aa00000|  0%| F|  |TAMS 0x000000060a800000, 0x000000060a800000| Untracked 
|  73|0x000000060aa00000, 0x000000060aa00000, 0x000000060ac00000|  0%| F|  |TAMS 0x000000060aa00000, 0x000000060aa00000| Untracked 
|  74|0x000000060ac00000, 0x000000060ac00000, 0x000000060ae00000|  0%| F|  |TAMS 0x000000060ac00000, 0x000000060ac00000| Untracked 
|  75|0x000000060ae00000, 0x000000060ae00000, 0x000000060b000000|  0%| F|  |TAMS 0x000000060ae00000, 0x000000060ae00000| Untracked 
|  76|0x000000060b000000, 0x000000060b000000, 0x000000060b200000|  0%| F|  |TAMS 0x000000060b000000, 0x000000060b000000| Untracked 
|  77|0x000000060b200000, 0x000000060b200000, 0x000000060b400000|  0%| F|  |TAMS 0x000000060b200000, 0x000000060b200000| Untracked 
|  78|0x000000060b400000, 0x000000060b400000, 0x000000060b600000|  0%| F|  |TAMS 0x000000060b400000, 0x000000060b400000| Untracked 
|  79|0x000000060b600000, 0x000000060b600000, 0x000000060b800000|  0%| F|  |TAMS 0x000000060b600000, 0x000000060b600000| Untracked 
|  80|0x000000060b800000, 0x000000060b800000, 0x000000060ba00000|  0%| F|  |TAMS 0x000000060b800000, 0x000000060b800000| Untracked 
|  81|0x000000060ba00000, 0x000000060ba00000, 0x000000060bc00000|  0%| F|  |TAMS 0x000000060ba00000, 0x000000060ba00000| Untracked 
|  82|0x000000060bc00000, 0x000000060bc00000, 0x000000060be00000|  0%| F|  |TAMS 0x000000060bc00000, 0x000000060bc00000| Untracked 
|  83|0x000000060be00000, 0x000000060be00000, 0x000000060c000000|  0%| F|  |TAMS 0x000000060be00000, 0x000000060be00000| Untracked 
|  84|0x000000060c000000, 0x000000060c000000, 0x000000060c200000|  0%| F|  |TAMS 0x000000060c000000, 0x000000060c000000| Untracked 
|  85|0x000000060c200000, 0x000000060c200000, 0x000000060c400000|  0%| F|  |TAMS 0x000000060c200000, 0x000000060c200000| Untracked 
|  86|0x000000060c400000, 0x000000060c400000, 0x000000060c600000|  0%| F|  |TAMS 0x000000060c400000, 0x000000060c400000| Untracked 
|  87|0x000000060c600000, 0x000000060c600000, 0x000000060c800000|  0%| F|  |TAMS 0x000000060c600000, 0x000000060c600000| Untracked 
|  88|0x000000060c800000, 0x000000060c800000, 0x000000060ca00000|  0%| F|  |TAMS 0x000000060c800000, 0x000000060c800000| Untracked 
|  89|0x000000060ca00000, 0x000000060ca00000, 0x000000060cc00000|  0%| F|  |TAMS 0x000000060ca00000, 0x000000060ca00000| Untracked 
|  90|0x000000060cc00000, 0x000000060cc00000, 0x000000060ce00000|  0%| F|  |TAMS 0x000000060cc00000, 0x000000060cc00000| Untracked 
|  91|0x000000060ce00000, 0x000000060ce00000, 0x000000060d000000|  0%| F|  |TAMS 0x000000060ce00000, 0x000000060ce00000| Untracked 
|  92|0x000000060d000000, 0x000000060d000000, 0x000000060d200000|  0%| F|  |TAMS 0x000000060d000000, 0x000000060d000000| Untracked 
|  93|0x000000060d200000, 0x000000060d200000, 0x000000060d400000|  0%| F|  |TAMS 0x000000060d200000, 0x000000060d200000| Untracked 
|  94|0x000000060d400000, 0x000000060d400000, 0x000000060d600000|  0%| F|  |TAMS 0x000000060d400000, 0x000000060d400000| Untracked 
|  95|0x000000060d600000, 0x000000060d600000, 0x000000060d800000|  0%| F|  |TAMS 0x000000060d600000, 0x000000060d600000| Untracked 
|  96|0x000000060d800000, 0x000000060d800000, 0x000000060da00000|  0%| F|  |TAMS 0x000000060d800000, 0x000000060d800000| Untracked 
|  97|0x000000060da00000, 0x000000060da00000, 0x000000060dc00000|  0%| F|  |TAMS 0x000000060da00000, 0x000000060da00000| Untracked 
|  98|0x000000060dc00000, 0x000000060dc00000, 0x000000060de00000|  0%| F|  |TAMS 0x000000060dc00000, 0x000000060dc00000| Untracked 
|  99|0x000000060de00000, 0x000000060de00000, 0x000000060e000000|  0%| F|  |TAMS 0x000000060de00000, 0x000000060de00000| Untracked 
| 100|0x000000060e000000, 0x000000060e000000, 0x000000060e200000|  0%| F|  |TAMS 0x000000060e000000, 0x000000060e000000| Untracked 
| 101|0x000000060e200000, 0x000000060e200000, 0x000000060e400000|  0%| F|  |TAMS 0x000000060e200000, 0x000000060e200000| Untracked 
| 102|0x000000060e400000, 0x000000060e400000, 0x000000060e600000|  0%| F|  |TAMS 0x000000060e400000, 0x000000060e400000| Untracked 
| 103|0x000000060e600000, 0x000000060e600000, 0x000000060e800000|  0%| F|  |TAMS 0x000000060e600000, 0x000000060e600000| Untracked 
| 104|0x000000060e800000, 0x000000060e800000, 0x000000060ea00000|  0%| F|  |TAMS 0x000000060e800000, 0x000000060e800000| Untracked 
| 105|0x000000060ea00000, 0x000000060ea00000, 0x000000060ec00000|  0%| F|  |TAMS 0x000000060ea00000, 0x000000060ea00000| Untracked 
| 106|0x000000060ec00000, 0x000000060ec00000, 0x000000060ee00000|  0%| F|  |TAMS 0x000000060ec00000, 0x000000060ec00000| Untracked 
| 107|0x000000060ee00000, 0x000000060ee00000, 0x000000060f000000|  0%| F|  |TAMS 0x000000060ee00000, 0x000000060ee00000| Untracked 
| 108|0x000000060f000000, 0x000000060f000000, 0x000000060f200000|  0%| F|  |TAMS 0x000000060f000000, 0x000000060f000000| Untracked 
| 109|0x000000060f200000, 0x000000060f200000, 0x000000060f400000|  0%| F|  |TAMS 0x000000060f200000, 0x000000060f200000| Untracked 
| 110|0x000000060f400000, 0x000000060f400000, 0x000000060f600000|  0%| F|  |TAMS 0x000000060f400000, 0x000000060f400000| Untracked 
| 111|0x000000060f600000, 0x000000060f600000, 0x000000060f800000|  0%| F|  |TAMS 0x000000060f600000, 0x000000060f600000| Untracked 
| 112|0x000000060f800000, 0x000000060f800000, 0x000000060fa00000|  0%| F|  |TAMS 0x000000060f800000, 0x000000060f800000| Untracked 
| 113|0x000000060fa00000, 0x000000060fa00000, 0x000000060fc00000|  0%| F|  |TAMS 0x000000060fa00000, 0x000000060fa00000| Untracked 
| 114|0x000000060fc00000, 0x000000060fc00000, 0x000000060fe00000|  0%| F|  |TAMS 0x000000060fc00000, 0x000000060fc00000| Untracked 
| 115|0x000000060fe00000, 0x000000060fe00000, 0x0000000610000000|  0%| F|  |TAMS 0x000000060fe00000, 0x000000060fe00000| Untracked 
| 116|0x0000000610000000, 0x0000000610000000, 0x0000000610200000|  0%| F|  |TAMS 0x0000000610000000, 0x0000000610000000| Untracked 
| 117|0x0000000610200000, 0x0000000610200000, 0x0000000610400000|  0%| F|  |TAMS 0x0000000610200000, 0x0000000610200000| Untracked 
| 118|0x0000000610400000, 0x0000000610400000, 0x0000000610600000|  0%| F|  |TAMS 0x0000000610400000, 0x0000000610400000| Untracked 
| 119|0x0000000610600000, 0x0000000610600000, 0x0000000610800000|  0%| F|  |TAMS 0x0000000610600000, 0x0000000610600000| Untracked 
| 120|0x0000000610800000, 0x0000000610800000, 0x0000000610a00000|  0%| F|  |TAMS 0x0000000610800000, 0x0000000610800000| Untracked 
| 121|0x0000000610a00000, 0x0000000610a00000, 0x0000000610c00000|  0%| F|  |TAMS 0x0000000610a00000, 0x0000000610a00000| Untracked 
| 122|0x0000000610c00000, 0x0000000610c00000, 0x0000000610e00000|  0%| F|  |TAMS 0x0000000610c00000, 0x0000000610c00000| Untracked 
| 123|0x0000000610e00000, 0x0000000610e00000, 0x0000000611000000|  0%| F|  |TAMS 0x0000000610e00000, 0x0000000610e00000| Untracked 
| 124|0x0000000611000000, 0x0000000611000000, 0x0000000611200000|  0%| F|  |TAMS 0x0000000611000000, 0x0000000611000000| Untracked 
| 125|0x0000000611200000, 0x0000000611200000, 0x0000000611400000|  0%| F|  |TAMS 0x0000000611200000, 0x0000000611200000| Untracked 
| 126|0x0000000611400000, 0x0000000611400000, 0x0000000611600000|  0%| F|  |TAMS 0x0000000611400000, 0x0000000611400000| Untracked 
| 127|0x0000000611600000, 0x0000000611600000, 0x0000000611800000|  0%| F|  |TAMS 0x0000000611600000, 0x0000000611600000| Untracked 
| 128|0x0000000611800000, 0x0000000611800000, 0x0000000611a00000|  0%| F|  |TAMS 0x0000000611800000, 0x0000000611800000| Untracked 
| 129|0x0000000611a00000, 0x0000000611a00000, 0x0000000611c00000|  0%| F|  |TAMS 0x0000000611a00000, 0x0000000611a00000| Untracked 
| 130|0x0000000611c00000, 0x0000000611c00000, 0x0000000611e00000|  0%| F|  |TAMS 0x0000000611c00000, 0x0000000611c00000| Untracked 
| 131|0x0000000611e00000, 0x0000000611e00000, 0x0000000612000000|  0%| F|  |TAMS 0x0000000611e00000, 0x0000000611e00000| Untracked 
| 132|0x0000000612000000, 0x0000000612000000, 0x0000000612200000|  0%| F|  |TAMS 0x0000000612000000, 0x0000000612000000| Untracked 
| 133|0x0000000612200000, 0x0000000612200000, 0x0000000612400000|  0%| F|  |TAMS 0x0000000612200000, 0x0000000612200000| Untracked 
| 134|0x0000000612400000, 0x0000000612400000, 0x0000000612600000|  0%| F|  |TAMS 0x0000000612400000, 0x0000000612400000| Untracked 
| 135|0x0000000612600000, 0x0000000612600000, 0x0000000612800000|  0%| F|  |TAMS 0x0000000612600000, 0x0000000612600000| Untracked 
| 136|0x0000000612800000, 0x0000000612800000, 0x0000000612a00000|  0%| F|  |TAMS 0x0000000612800000, 0x0000000612800000| Untracked 
| 137|0x0000000612a00000, 0x0000000612a00000, 0x0000000612c00000|  0%| F|  |TAMS 0x0000000612a00000, 0x0000000612a00000| Untracked 
| 138|0x0000000612c00000, 0x0000000612c00000, 0x0000000612e00000|  0%| F|  |TAMS 0x0000000612c00000, 0x0000000612c00000| Untracked 
| 139|0x0000000612e00000, 0x0000000612e00000, 0x0000000613000000|  0%| F|  |TAMS 0x0000000612e00000, 0x0000000612e00000| Untracked 
| 140|0x0000000613000000, 0x0000000613000000, 0x0000000613200000|  0%| F|  |TAMS 0x0000000613000000, 0x0000000613000000| Untracked 
| 141|0x0000000613200000, 0x0000000613200000, 0x0000000613400000|  0%| F|  |TAMS 0x0000000613200000, 0x0000000613200000| Untracked 
| 142|0x0000000613400000, 0x0000000613400000, 0x0000000613600000|  0%| F|  |TAMS 0x0000000613400000, 0x0000000613400000| Untracked 
| 143|0x0000000613600000, 0x0000000613600000, 0x0000000613800000|  0%| F|  |TAMS 0x0000000613600000, 0x0000000613600000| Untracked 
| 144|0x0000000613800000, 0x0000000613800000, 0x0000000613a00000|  0%| F|  |TAMS 0x0000000613800000, 0x0000000613800000| Untracked 
| 145|0x0000000613a00000, 0x0000000613a00000, 0x0000000613c00000|  0%| F|  |TAMS 0x0000000613a00000, 0x0000000613a00000| Untracked 
| 146|0x0000000613c00000, 0x0000000613c00000, 0x0000000613e00000|  0%| F|  |TAMS 0x0000000613c00000, 0x0000000613c00000| Untracked 
| 147|0x0000000613e00000, 0x0000000613e00000, 0x0000000614000000|  0%| F|  |TAMS 0x0000000613e00000, 0x0000000613e00000| Untracked 
| 148|0x0000000614000000, 0x0000000614000000, 0x0000000614200000|  0%| F|  |TAMS 0x0000000614000000, 0x0000000614000000| Untracked 
| 149|0x0000000614200000, 0x0000000614200000, 0x0000000614400000|  0%| F|  |TAMS 0x0000000614200000, 0x0000000614200000| Untracked 
| 150|0x0000000614400000, 0x0000000614400000, 0x0000000614600000|  0%| F|  |TAMS 0x0000000614400000, 0x0000000614400000| Untracked 
| 151|0x0000000614600000, 0x0000000614600000, 0x0000000614800000|  0%| F|  |TAMS 0x0000000614600000, 0x0000000614600000| Untracked 
| 152|0x0000000614800000, 0x0000000614800000, 0x0000000614a00000|  0%| F|  |TAMS 0x0000000614800000, 0x0000000614800000| Untracked 
| 153|0x0000000614a00000, 0x0000000614a00000, 0x0000000614c00000|  0%| F|  |TAMS 0x0000000614a00000, 0x0000000614a00000| Untracked 
| 154|0x0000000614c00000, 0x0000000614c00000, 0x0000000614e00000|  0%| F|  |TAMS 0x0000000614c00000, 0x0000000614c00000| Untracked 
| 155|0x0000000614e00000, 0x0000000614e00000, 0x0000000615000000|  0%| F|  |TAMS 0x0000000614e00000, 0x0000000614e00000| Untracked 
| 156|0x0000000615000000, 0x0000000615000000, 0x0000000615200000|  0%| F|  |TAMS 0x0000000615000000, 0x0000000615000000| Untracked 
| 157|0x0000000615200000, 0x0000000615200000, 0x0000000615400000|  0%| F|  |TAMS 0x0000000615200000, 0x0000000615200000| Untracked 
| 158|0x0000000615400000, 0x0000000615400000, 0x0000000615600000|  0%| F|  |TAMS 0x0000000615400000, 0x0000000615400000| Untracked 
| 159|0x0000000615600000, 0x0000000615600000, 0x0000000615800000|  0%| F|  |TAMS 0x0000000615600000, 0x0000000615600000| Untracked 
| 160|0x0000000615800000, 0x0000000615800000, 0x0000000615a00000|  0%| F|  |TAMS 0x0000000615800000, 0x0000000615800000| Untracked 
| 161|0x0000000615a00000, 0x0000000615a00000, 0x0000000615c00000|  0%| F|  |TAMS 0x0000000615a00000, 0x0000000615a00000| Untracked 
| 162|0x0000000615c00000, 0x0000000615c00000, 0x0000000615e00000|  0%| F|  |TAMS 0x0000000615c00000, 0x0000000615c00000| Untracked 
| 163|0x0000000615e00000, 0x0000000615e00000, 0x0000000616000000|  0%| F|  |TAMS 0x0000000615e00000, 0x0000000615e00000| Untracked 
| 164|0x0000000616000000, 0x0000000616000000, 0x0000000616200000|  0%| F|  |TAMS 0x0000000616000000, 0x0000000616000000| Untracked 
| 165|0x0000000616200000, 0x0000000616200000, 0x0000000616400000|  0%| F|  |TAMS 0x0000000616200000, 0x0000000616200000| Untracked 
| 166|0x0000000616400000, 0x0000000616400000, 0x0000000616600000|  0%| F|  |TAMS 0x0000000616400000, 0x0000000616400000| Untracked 
| 167|0x0000000616600000, 0x0000000616600000, 0x0000000616800000|  0%| F|  |TAMS 0x0000000616600000, 0x0000000616600000| Untracked 
| 168|0x0000000616800000, 0x0000000616800000, 0x0000000616a00000|  0%| F|  |TAMS 0x0000000616800000, 0x0000000616800000| Untracked 
| 169|0x0000000616a00000, 0x0000000616a00000, 0x0000000616c00000|  0%| F|  |TAMS 0x0000000616a00000, 0x0000000616a00000| Untracked 
| 170|0x0000000616c00000, 0x0000000616c00000, 0x0000000616e00000|  0%| F|  |TAMS 0x0000000616c00000, 0x0000000616c00000| Untracked 
| 171|0x0000000616e00000, 0x0000000616e00000, 0x0000000617000000|  0%| F|  |TAMS 0x0000000616e00000, 0x0000000616e00000| Untracked 
| 172|0x0000000617000000, 0x0000000617000000, 0x0000000617200000|  0%| F|  |TAMS 0x0000000617000000, 0x0000000617000000| Untracked 
| 173|0x0000000617200000, 0x0000000617200000, 0x0000000617400000|  0%| F|  |TAMS 0x0000000617200000, 0x0000000617200000| Untracked 
| 174|0x0000000617400000, 0x0000000617400000, 0x0000000617600000|  0%| F|  |TAMS 0x0000000617400000, 0x0000000617400000| Untracked 
| 175|0x0000000617600000, 0x0000000617600000, 0x0000000617800000|  0%| F|  |TAMS 0x0000000617600000, 0x0000000617600000| Untracked 
| 176|0x0000000617800000, 0x0000000617800000, 0x0000000617a00000|  0%| F|  |TAMS 0x0000000617800000, 0x0000000617800000| Untracked 
| 177|0x0000000617a00000, 0x0000000617a00000, 0x0000000617c00000|  0%| F|  |TAMS 0x0000000617a00000, 0x0000000617a00000| Untracked 
| 178|0x0000000617c00000, 0x0000000617c00000, 0x0000000617e00000|  0%| F|  |TAMS 0x0000000617c00000, 0x0000000617c00000| Untracked 
| 179|0x0000000617e00000, 0x0000000617e00000, 0x0000000618000000|  0%| F|  |TAMS 0x0000000617e00000, 0x0000000617e00000| Untracked 
| 180|0x0000000618000000, 0x0000000618000000, 0x0000000618200000|  0%| F|  |TAMS 0x0000000618000000, 0x0000000618000000| Untracked 
| 181|0x0000000618200000, 0x0000000618200000, 0x0000000618400000|  0%| F|  |TAMS 0x0000000618200000, 0x0000000618200000| Untracked 
| 182|0x0000000618400000, 0x0000000618400000, 0x0000000618600000|  0%| F|  |TAMS 0x0000000618400000, 0x0000000618400000| Untracked 
| 183|0x0000000618600000, 0x0000000618600000, 0x0000000618800000|  0%| F|  |TAMS 0x0000000618600000, 0x0000000618600000| Untracked 
| 184|0x0000000618800000, 0x0000000618800000, 0x0000000618a00000|  0%| F|  |TAMS 0x0000000618800000, 0x0000000618800000| Untracked 
| 185|0x0000000618a00000, 0x0000000618a00000, 0x0000000618c00000|  0%| F|  |TAMS 0x0000000618a00000, 0x0000000618a00000| Untracked 
| 186|0x0000000618c00000, 0x0000000618c00000, 0x0000000618e00000|  0%| F|  |TAMS 0x0000000618c00000, 0x0000000618c00000| Untracked 
| 187|0x0000000618e00000, 0x0000000618e00000, 0x0000000619000000|  0%| F|  |TAMS 0x0000000618e00000, 0x0000000618e00000| Untracked 
| 188|0x0000000619000000, 0x0000000619000000, 0x0000000619200000|  0%| F|  |TAMS 0x0000000619000000, 0x0000000619000000| Untracked 
| 189|0x0000000619200000, 0x0000000619200000, 0x0000000619400000|  0%| F|  |TAMS 0x0000000619200000, 0x0000000619200000| Untracked 
| 190|0x0000000619400000, 0x0000000619400000, 0x0000000619600000|  0%| F|  |TAMS 0x0000000619400000, 0x0000000619400000| Untracked 
| 191|0x0000000619600000, 0x0000000619600000, 0x0000000619800000|  0%| F|  |TAMS 0x0000000619600000, 0x0000000619600000| Untracked 
| 192|0x0000000619800000, 0x0000000619800000, 0x0000000619a00000|  0%| F|  |TAMS 0x0000000619800000, 0x0000000619800000| Untracked 
| 193|0x0000000619a00000, 0x0000000619a00000, 0x0000000619c00000|  0%| F|  |TAMS 0x0000000619a00000, 0x0000000619a00000| Untracked 
| 194|0x0000000619c00000, 0x0000000619c00000, 0x0000000619e00000|  0%| F|  |TAMS 0x0000000619c00000, 0x0000000619c00000| Untracked 
| 195|0x0000000619e00000, 0x0000000619e00000, 0x000000061a000000|  0%| F|  |TAMS 0x0000000619e00000, 0x0000000619e00000| Untracked 
| 196|0x000000061a000000, 0x000000061a000000, 0x000000061a200000|  0%| F|  |TAMS 0x000000061a000000, 0x000000061a000000| Untracked 
| 197|0x000000061a200000, 0x000000061a200000, 0x000000061a400000|  0%| F|  |TAMS 0x000000061a200000, 0x000000061a200000| Untracked 
| 198|0x000000061a400000, 0x000000061a400000, 0x000000061a600000|  0%| F|  |TAMS 0x000000061a400000, 0x000000061a400000| Untracked 
| 199|0x000000061a600000, 0x000000061a600000, 0x000000061a800000|  0%| F|  |TAMS 0x000000061a600000, 0x000000061a600000| Untracked 
| 200|0x000000061a800000, 0x000000061a800000, 0x000000061aa00000|  0%| F|  |TAMS 0x000000061a800000, 0x000000061a800000| Untracked 
| 201|0x000000061aa00000, 0x000000061aa00000, 0x000000061ac00000|  0%| F|  |TAMS 0x000000061aa00000, 0x000000061aa00000| Untracked 
| 202|0x000000061ac00000, 0x000000061ac00000, 0x000000061ae00000|  0%| F|  |TAMS 0x000000061ac00000, 0x000000061ac00000| Untracked 
| 203|0x000000061ae00000, 0x000000061ae00000, 0x000000061b000000|  0%| F|  |TAMS 0x000000061ae00000, 0x000000061ae00000| Untracked 
| 204|0x000000061b000000, 0x000000061b000000, 0x000000061b200000|  0%| F|  |TAMS 0x000000061b000000, 0x000000061b000000| Untracked 
| 205|0x000000061b200000, 0x000000061b200000, 0x000000061b400000|  0%| F|  |TAMS 0x000000061b200000, 0x000000061b200000| Untracked 
| 206|0x000000061b400000, 0x000000061b400000, 0x000000061b600000|  0%| F|  |TAMS 0x000000061b400000, 0x000000061b400000| Untracked 
| 207|0x000000061b600000, 0x000000061b600000, 0x000000061b800000|  0%| F|  |TAMS 0x000000061b600000, 0x000000061b600000| Untracked 
| 208|0x000000061b800000, 0x000000061b800000, 0x000000061ba00000|  0%| F|  |TAMS 0x000000061b800000, 0x000000061b800000| Untracked 
| 209|0x000000061ba00000, 0x000000061ba00000, 0x000000061bc00000|  0%| F|  |TAMS 0x000000061ba00000, 0x000000061ba00000| Untracked 
| 210|0x000000061bc00000, 0x000000061bc00000, 0x000000061be00000|  0%| F|  |TAMS 0x000000061bc00000, 0x000000061bc00000| Untracked 
| 211|0x000000061be00000, 0x000000061be00000, 0x000000061c000000|  0%| F|  |TAMS 0x000000061be00000, 0x000000061be00000| Untracked 
| 212|0x000000061c000000, 0x000000061c000000, 0x000000061c200000|  0%| F|  |TAMS 0x000000061c000000, 0x000000061c000000| Untracked 
| 213|0x000000061c200000, 0x000000061c200000, 0x000000061c400000|  0%| F|  |TAMS 0x000000061c200000, 0x000000061c200000| Untracked 
| 214|0x000000061c400000, 0x000000061c400000, 0x000000061c600000|  0%| F|  |TAMS 0x000000061c400000, 0x000000061c400000| Untracked 
| 215|0x000000061c600000, 0x000000061c600000, 0x000000061c800000|  0%| F|  |TAMS 0x000000061c600000, 0x000000061c600000| Untracked 
| 216|0x000000061c800000, 0x000000061c800000, 0x000000061ca00000|  0%| F|  |TAMS 0x000000061c800000, 0x000000061c800000| Untracked 
| 217|0x000000061ca00000, 0x000000061ca00000, 0x000000061cc00000|  0%| F|  |TAMS 0x000000061ca00000, 0x000000061ca00000| Untracked 
| 218|0x000000061cc00000, 0x000000061cc00000, 0x000000061ce00000|  0%| F|  |TAMS 0x000000061cc00000, 0x000000061cc00000| Untracked 
| 219|0x000000061ce00000, 0x000000061ce00000, 0x000000061d000000|  0%| F|  |TAMS 0x000000061ce00000, 0x000000061ce00000| Untracked 
| 220|0x000000061d000000, 0x000000061d000000, 0x000000061d200000|  0%| F|  |TAMS 0x000000061d000000, 0x000000061d000000| Untracked 
| 221|0x000000061d200000, 0x000000061d200000, 0x000000061d400000|  0%| F|  |TAMS 0x000000061d200000, 0x000000061d200000| Untracked 
| 222|0x000000061d400000, 0x000000061d400000, 0x000000061d600000|  0%| F|  |TAMS 0x000000061d400000, 0x000000061d400000| Untracked 
| 223|0x000000061d600000, 0x000000061d600000, 0x000000061d800000|  0%| F|  |TAMS 0x000000061d600000, 0x000000061d600000| Untracked 
| 224|0x000000061d800000, 0x000000061d800000, 0x000000061da00000|  0%| F|  |TAMS 0x000000061d800000, 0x000000061d800000| Untracked 
| 225|0x000000061da00000, 0x000000061da00000, 0x000000061dc00000|  0%| F|  |TAMS 0x000000061da00000, 0x000000061da00000| Untracked 
| 226|0x000000061dc00000, 0x000000061dc00000, 0x000000061de00000|  0%| F|  |TAMS 0x000000061dc00000, 0x000000061dc00000| Untracked 
| 227|0x000000061de00000, 0x000000061de00000, 0x000000061e000000|  0%| F|  |TAMS 0x000000061de00000, 0x000000061de00000| Untracked 
| 228|0x000000061e000000, 0x000000061e000000, 0x000000061e200000|  0%| F|  |TAMS 0x000000061e000000, 0x000000061e000000| Untracked 
| 229|0x000000061e200000, 0x000000061e200000, 0x000000061e400000|  0%| F|  |TAMS 0x000000061e200000, 0x000000061e200000| Untracked 
| 230|0x000000061e400000, 0x000000061e400000, 0x000000061e600000|  0%| F|  |TAMS 0x000000061e400000, 0x000000061e400000| Untracked 
| 231|0x000000061e600000, 0x000000061e600000, 0x000000061e800000|  0%| F|  |TAMS 0x000000061e600000, 0x000000061e600000| Untracked 
| 232|0x000000061e800000, 0x000000061e800000, 0x000000061ea00000|  0%| F|  |TAMS 0x000000061e800000, 0x000000061e800000| Untracked 
| 233|0x000000061ea00000, 0x000000061ea00000, 0x000000061ec00000|  0%| F|  |TAMS 0x000000061ea00000, 0x000000061ea00000| Untracked 
| 234|0x000000061ec00000, 0x000000061ec00000, 0x000000061ee00000|  0%| F|  |TAMS 0x000000061ec00000, 0x000000061ec00000| Untracked 
| 235|0x000000061ee00000, 0x000000061ee00000, 0x000000061f000000|  0%| F|  |TAMS 0x000000061ee00000, 0x000000061ee00000| Untracked 
| 236|0x000000061f000000, 0x000000061f000000, 0x000000061f200000|  0%| F|  |TAMS 0x000000061f000000, 0x000000061f000000| Untracked 
| 237|0x000000061f200000, 0x000000061f200000, 0x000000061f400000|  0%| F|  |TAMS 0x000000061f200000, 0x000000061f200000| Untracked 
| 238|0x000000061f400000, 0x000000061f400000, 0x000000061f600000|  0%| F|  |TAMS 0x000000061f400000, 0x000000061f400000| Untracked 
| 239|0x000000061f600000, 0x000000061f600000, 0x000000061f800000|  0%| F|  |TAMS 0x000000061f600000, 0x000000061f600000| Untracked 
| 240|0x000000061f800000, 0x000000061f800000, 0x000000061fa00000|  0%| F|  |TAMS 0x000000061f800000, 0x000000061f800000| Untracked 
| 241|0x000000061fa00000, 0x000000061fa00000, 0x000000061fc00000|  0%| F|  |TAMS 0x000000061fa00000, 0x000000061fa00000| Untracked 
| 242|0x000000061fc00000, 0x000000061fc00000, 0x000000061fe00000|  0%| F|  |TAMS 0x000000061fc00000, 0x000000061fc00000| Untracked 
| 243|0x000000061fe00000, 0x000000061fe00000, 0x0000000620000000|  0%| F|  |TAMS 0x000000061fe00000, 0x000000061fe00000| Untracked 
| 244|0x0000000620000000, 0x0000000620000000, 0x0000000620200000|  0%| F|  |TAMS 0x0000000620000000, 0x0000000620000000| Untracked 
| 245|0x0000000620200000, 0x0000000620200000, 0x0000000620400000|  0%| F|  |TAMS 0x0000000620200000, 0x0000000620200000| Untracked 
| 246|0x0000000620400000, 0x0000000620400000, 0x0000000620600000|  0%| F|  |TAMS 0x0000000620400000, 0x0000000620400000| Untracked 
| 247|0x0000000620600000, 0x0000000620600000, 0x0000000620800000|  0%| F|  |TAMS 0x0000000620600000, 0x0000000620600000| Untracked 
| 248|0x0000000620800000, 0x0000000620800000, 0x0000000620a00000|  0%| F|  |TAMS 0x0000000620800000, 0x0000000620800000| Untracked 
| 249|0x0000000620a00000, 0x0000000620a00000, 0x0000000620c00000|  0%| F|  |TAMS 0x0000000620a00000, 0x0000000620a00000| Untracked 
| 250|0x0000000620c00000, 0x0000000620c00000, 0x0000000620e00000|  0%| F|  |TAMS 0x0000000620c00000, 0x0000000620c00000| Untracked 
| 251|0x0000000620e00000, 0x0000000620f72cd8, 0x0000000621000000| 72%| E|  |TAMS 0x0000000620e00000, 0x0000000620e00000| Complete 
| 252|0x0000000621000000, 0x0000000621200000, 0x0000000621200000|100%| E|CS|TAMS 0x0000000621000000, 0x0000000621000000| Complete 
| 253|0x0000000621200000, 0x0000000621400000, 0x0000000621400000|100%| E|CS|TAMS 0x0000000621200000, 0x0000000621200000| Complete 
| 254|0x0000000621400000, 0x0000000621600000, 0x0000000621600000|100%| E|CS|TAMS 0x0000000621400000, 0x0000000621400000| Complete 
| 255|0x0000000621600000, 0x0000000621800000, 0x0000000621800000|100%| E|CS|TAMS 0x0000000621600000, 0x0000000621600000| Complete 

Card table byte_map: [0x000001e2a4f00000,0x000001e2a5f00000] _byte_map_base: 0x000001e2a1ef4000

Marking Bits (Prev, Next): (CMBitMap*) 0x000001e28c42dfc8, (CMBitMap*) 0x000001e28c42e008
 Prev Bits: [0x000001e2a6f00000, 0x000001e2aeea0000)
 Next Bits: [0x000001e2aeea0000, 0x000001e2b6e40000)

Polling page: 0x000001e28a320000

Metaspace:

Usage:
  Non-class:      5.16 MB capacity,     2.33 MB ( 45%) used,     2.83 MB ( 55%) free+waste,     5.69 KB ( <1%) overhead. 
      Class:    533.00 KB capacity,   212.55 KB ( 40%) used,   317.20 KB ( 60%) free+waste,     3.25 KB ( <1%) overhead. 
       Both:      5.68 MB capacity,     2.53 MB ( 45%) used,     3.13 MB ( 55%) free+waste,     8.94 KB ( <1%) overhead. 

Virtual space:
  Non-class space:        8.00 MB reserved,       5.25 MB ( 66%) committed 
      Class space:        1.00 GB reserved,     640.00 KB ( <1%) committed 
             Both:        1.01 GB reserved,       5.88 MB ( <1%) committed 

Chunk freelists:
   Non-Class:  31.00 KB
       Class:  11.00 KB
        Both:  42.00 KB

MaxMetaspaceSize: 17179869184.00 GB
CompressedClassSpaceSize: 1.00 GB

CodeHeap 'non-profiled nmethods': size=120000Kb used=168Kb max_used=168Kb free=119831Kb
 bounds [0x000001e29c370000, 0x000001e29c5e0000, 0x000001e2a38a0000]
CodeHeap 'profiled nmethods': size=120000Kb used=891Kb max_used=891Kb free=119108Kb
 bounds [0x000001e294e40000, 0x000001e2950b0000, 0x000001e29c370000]
CodeHeap 'non-nmethods': size=5760Kb used=1513Kb max_used=1513Kb free=4246Kb
 bounds [0x000001e2948a0000, 0x000001e294b10000, 0x000001e294e40000]
 total_blobs=1794 nmethods=523 adapters=778
 compilation: enabled
              stopped_count=0, restarted_count=0
 full_count=0

Compilation events (20 events):
Event: 0.313 Thread 0x000001e2ba53e800  517       3       java.lang.reflect.Modifier::isPublic (12 bytes)
Event: 0.313 Thread 0x000001e2ba53e800 nmethod 517 0x000001e294f1c990 code [0x000001e294f1cb40, 0x000001e294f1ccd8]
Event: 0.313 Thread 0x000001e2ba53e800  516       3       java.lang.Module::isNamed (13 bytes)
Event: 0.313 Thread 0x000001e2ba53e800 nmethod 516 0x000001e294f1cd90 code [0x000001e294f1cf40, 0x000001e294f1d118]
Event: 0.313 Thread 0x000001e2ba53e800  512       3       java.lang.reflect.AccessibleObject::<init> (5 bytes)
Event: 0.313 Thread 0x000001e2ba53e800 nmethod 512 0x000001e294f1d190 code [0x000001e294f1d340, 0x000001e294f1d518]
Event: 0.313 Thread 0x000001e2ba53e800  520       3       java.lang.reflect.Field::setFieldAccessor (34 bytes)
Event: 0.313 Thread 0x000001e2ba53e800 nmethod 520 0x000001e294f1d610 code [0x000001e294f1d7e0, 0x000001e294f1dcb0]
Event: 0.313 Thread 0x000001e2ba53e800  521       3       java.lang.reflect.Modifier::isFinal (13 bytes)
Event: 0.313 Thread 0x000001e2ba53e800 nmethod 521 0x000001e294f1dd90 code [0x000001e294f1df40, 0x000001e294f1e0d8]
Event: 0.313 Thread 0x000001e2ba53e800  522       3       java.lang.Integer::valueOf (32 bytes)
Event: 0.313 Thread 0x000001e2ba53e800 nmethod 522 0x000001e294f1e190 code [0x000001e294f1e360, 0x000001e294f1e6d8]
Event: 0.313 Thread 0x000001e2ba53e800  515       1       java.lang.reflect.Field::getType (5 bytes)
Event: 0.313 Thread 0x000001e2ba53e800 nmethod 515 0x000001e29c399710 code [0x000001e29c3998a0, 0x000001e29c3999d8]
Event: 0.313 Thread 0x000001e2ba53e800  518       1       java.lang.reflect.Field::getRoot (5 bytes)
Event: 0.314 Thread 0x000001e2ba53e800 nmethod 518 0x000001e29c399a90 code [0x000001e29c399c20, 0x000001e29c399d58]
Event: 0.314 Thread 0x000001e2ba53e800  519       1       java.lang.reflect.Field::getDeclaringClass (5 bytes)
Event: 0.314 Thread 0x000001e2ba53e800 nmethod 519 0x000001e29c399e10 code [0x000001e29c399fa0, 0x000001e29c39a0d8]
Event: 0.314 Thread 0x000001e2ba53e800  513       3       jdk.internal.reflect.ReflectionFactory::copyField (10 bytes)
Event: 0.314 Thread 0x000001e2ba53e800 nmethod 513 0x000001e294f1e810 code [0x000001e294f1e9e0, 0x000001e294f1ed90]

GC Heap History (0 events):
No events

Deoptimization events (20 events):
Event: 0.111 Thread 0x000001e28c3a8000 DEOPT PACKING pc=0x000001e29c374aac sp=0x000000b94defae50
Event: 0.111 Thread 0x000001e28c3a8000 DEOPT UNPACKING pc=0x000001e2948e912f sp=0x000000b94defade8 mode 2
Event: 0.128 Thread 0x000001e28c3a8000 Uncommon trap: trap_request=0xffffff45 fr.pc=0x000001e29c3817d0 relative=0x0000000000000330
Event: 0.128 Thread 0x000001e28c3a8000 Uncommon trap: reason=unstable_if action=reinterpret pc=0x000001e29c3817d0 method=java.lang.StringLatin1.indexOf([BI[BII)I @ 91 c2
Event: 0.128 Thread 0x000001e28c3a8000 DEOPT PACKING pc=0x000001e29c3817d0 sp=0x000000b94defd3b0
Event: 0.128 Thread 0x000001e28c3a8000 DEOPT UNPACKING pc=0x000001e2948e912f sp=0x000000b94defd310 mode 2
Event: 0.128 Thread 0x000001e28c3a8000 Uncommon trap: trap_request=0xffffff45 fr.pc=0x000001e29c37e570 relative=0x0000000000000250
Event: 0.128 Thread 0x000001e28c3a8000 Uncommon trap: reason=unstable_if action=reinterpret pc=0x000001e29c37e570 method=java.lang.String.startsWith(Ljava/lang/String;I)Z @ 14 c2
Event: 0.128 Thread 0x000001e28c3a8000 DEOPT PACKING pc=0x000001e29c37e570 sp=0x000000b94defc600
Event: 0.128 Thread 0x000001e28c3a8000 DEOPT UNPACKING pc=0x000001e2948e912f sp=0x000000b94defc560 mode 2
Event: 0.164 Thread 0x000001e28c3a8000 DEOPT PACKING pc=0x000001e294eca9df sp=0x000000b94defc6b0
Event: 0.164 Thread 0x000001e28c3a8000 DEOPT UNPACKING pc=0x000001e2948e964e sp=0x000000b94defbb00 mode 0
Event: 0.179 Thread 0x000001e28c3a8000 Uncommon trap: trap_request=0xffffff45 fr.pc=0x000001e29c393898 relative=0x0000000000000178
Event: 0.179 Thread 0x000001e28c3a8000 Uncommon trap: reason=unstable_if action=reinterpret pc=0x000001e29c393898 method=java.util.zip.ZipFile$Source.isMetaName([BII)Z @ 43 c2
Event: 0.179 Thread 0x000001e28c3a8000 DEOPT PACKING pc=0x000001e29c393898 sp=0x000000b94defc880
Event: 0.179 Thread 0x000001e28c3a8000 DEOPT UNPACKING pc=0x000001e2948e912f sp=0x000000b94defc828 mode 2
Event: 0.200 Thread 0x000001e28c3a8000 DEOPT PACKING pc=0x000001e294eca9df sp=0x000000b94defd590
Event: 0.200 Thread 0x000001e28c3a8000 DEOPT UNPACKING pc=0x000001e2948e964e sp=0x000000b94defc9e0 mode 0
Event: 0.310 Thread 0x000001e28c3a8000 DEOPT PACKING pc=0x000001e294eca9df sp=0x000000b94defbce0
Event: 0.310 Thread 0x000001e28c3a8000 DEOPT UNPACKING pc=0x000001e2948e964e sp=0x000000b94defb130 mode 0

Classes unloaded (0 events):
No events

Classes redefined (0 events):
No events

Internal exceptions (7 events):
Event: 0.097 Thread 0x000001e28c3a8000 Exception <a 'java/lang/NoSuchMethodError'{0x00000006214e3960}: 'void java.lang.invoke.DirectMethodHandle$Holder.invokeSpecial(java.lang.Object, java.lang.Object)'> (0x00000006214e3960) 
thrown [t:/workspace/open/src/hotspot/share/interpreter/linkResolver.cpp, line 767]
Event: 0.124 Thread 0x000001e28c3a8000 Exception <a 'java/lang/NoSuchMethodError'{0x0000000621212de0}: 'void java.lang.invoke.DelegatingMethodHandle$Holder.delegate(java.lang.Object, java.lang.Object, int, java.lang.Object)'> (0x0000000621212de0) 
thrown [t:/workspace/open/src/hotspot/share/interpreter/linkResolver.cpp, line 767]
Event: 0.125 Thread 0x000001e28c3a8000 Exception <a 'java/lang/NoSuchMethodError'{0x0000000621219b38}: 'java.lang.Object java.lang.invoke.DirectMethodHandle$Holder.invokeStaticInit(java.lang.Object, java.lang.Object, java.lang.Object)'> (0x0000000621219b38) 
thrown [t:/workspace/open/src/hotspot/share/interpreter/linkResolver.cpp, line 767]
Event: 0.150 Thread 0x000001e28c3a8000 Exception <a 'sun/nio/fs/WindowsException'{0x00000006212908a0}> (0x00000006212908a0) 
thrown [t:/workspace/open/src/hotspot/share/prims/jni.cpp, line 598]
Event: 0.151 Thread 0x000001e28c3a8000 Exception <a 'sun/nio/fs/WindowsException'{0x0000000621290e10}> (0x0000000621290e10) 
thrown [t:/workspace/open/src/hotspot/share/prims/jni.cpp, line 598]
Event: 0.188 Thread 0x000001e28c3a8000 Exception <a 'sun/nio/fs/WindowsException'{0x0000000620e04ac8}> (0x0000000620e04ac8) 
thrown [t:/workspace/open/src/hotspot/share/prims/jni.cpp, line 598]
Event: 0.188 Thread 0x000001e28c3a8000 Exception <a 'sun/nio/fs/WindowsException'{0x0000000620e04e50}> (0x0000000620e04e50) 
thrown [t:/workspace/open/src/hotspot/share/prims/jni.cpp, line 598]

Events (20 events):
Event: 0.310 loading class org/lwjgl/system/MemoryUtil$MemoryAllocator
Event: 0.310 loading class org/lwjgl/system/MemoryUtil$MemoryAllocator done
Event: 0.310 loading class org/lwjgl/system/MemoryManage
Event: 0.310 loading class org/lwjgl/system/MemoryManage done
Event: 0.310 loading class org/lwjgl/system/jemalloc/JEmallocAllocator
Event: 0.310 loading class org/lwjgl/system/jemalloc/JEmallocAllocator done
Event: 0.311 loading class org/lwjgl/system/MemoryManage$StdlibAllocator
Event: 0.311 loading class org/lwjgl/system/MemoryManage$StdlibAllocator done
Event: 0.311 loading class org/lwjgl/system/dyncall/DynCallback
Event: 0.311 loading class org/lwjgl/system/dyncall/DynCallback done
Event: 0.311 loading class java/util/function/BiPredicate
Event: 0.311 loading class java/util/function/BiPredicate done
Event: 0.312 loading class jdk/internal/reflect/UnsafeQualifiedStaticIntegerFieldAccessorImpl
Event: 0.312 loading class jdk/internal/reflect/UnsafeQualifiedStaticIntegerFieldAccessorImpl done
Event: 0.313 loading class com/codered/window/WindowHint
Event: 0.313 loading class com/codered/window/WindowHint done
Event: 0.314 loading class com/codered/window/WindowHint$GLProfile
Event: 0.314 loading class com/codered/window/WindowHint$GLProfile done
Event: 0.314 loading class org/lwjgl/glfw/EventLoop$OffScreen
Event: 0.314 loading class org/lwjgl/glfw/EventLoop$OffScreen done


Dynamic libraries:
0x00007ff78fd80000 - 0x00007ff78fd8d000 	C:\Program Files\Java\jdk-13.0.2\bin\javaw.exe
0x00007ffb583c0000 - 0x00007ffb585b0000 	C:\WINDOWS\SYSTEM32\ntdll.dll
0x00007ffb576e0000 - 0x00007ffb57792000 	C:\WINDOWS\System32\KERNEL32.DLL
0x00007ffb560b0000 - 0x00007ffb56354000 	C:\WINDOWS\System32\KERNELBASE.dll
0x00007ffb553c0000 - 0x00007ffb554ba000 	C:\WINDOWS\System32\ucrtbase.dll
0x00007ffb36e00000 - 0x00007ffb36e18000 	C:\Program Files\Java\jdk-13.0.2\bin\jli.dll
0x00007ffb36de0000 - 0x00007ffb36df5000 	C:\Program Files\Java\jdk-13.0.2\bin\VCRUNTIME140.dll
0x00007ffb565a0000 - 0x00007ffb56734000 	C:\WINDOWS\System32\USER32.dll
0x00007ffb55690000 - 0x00007ffb556b1000 	C:\WINDOWS\System32\win32u.dll
0x00007ffb57fb0000 - 0x00007ffb57fd6000 	C:\WINDOWS\System32\GDI32.dll
0x00007ffb47190000 - 0x00007ffb47414000 	C:\WINDOWS\WinSxS\amd64_microsoft.windows.common-controls_6595b64144ccf1df_6.0.18362.959_none_e6c7bbbf130c62bb\COMCTL32.dll
0x00007ffb554c0000 - 0x00007ffb55656000 	C:\WINDOWS\System32\gdi32full.dll
0x00007ffb56a30000 - 0x00007ffb56ace000 	C:\WINDOWS\System32\msvcrt.dll
0x00007ffb55e50000 - 0x00007ffb55eee000 	C:\WINDOWS\System32\msvcp_win.dll
0x00007ffb56b50000 - 0x00007ffb56e85000 	C:\WINDOWS\System32\combase.dll
0x00007ffb58200000 - 0x00007ffb58320000 	C:\WINDOWS\System32\RPCRT4.dll
0x00007ffb55340000 - 0x00007ffb553c0000 	C:\WINDOWS\System32\bcryptPrimitives.dll
0x00007ffb56a00000 - 0x00007ffb56a2e000 	C:\WINDOWS\System32\IMM32.DLL
0x00007ffb36d40000 - 0x00007ffb36ddb000 	C:\Program Files\Java\jdk-13.0.2\bin\msvcp140.dll
0x00007ffb124b0000 - 0x00007ffb1300d000 	C:\Program Files\Java\jdk-13.0.2\bin\server\jvm.dll
0x00007ffb57300000 - 0x00007ffb573a3000 	C:\WINDOWS\System32\ADVAPI32.dll
0x00007ffb57460000 - 0x00007ffb574f7000 	C:\WINDOWS\System32\sechost.dll
0x00007ffb57fe0000 - 0x00007ffb57fe8000 	C:\WINDOWS\System32\PSAPI.DLL
0x00007ffb3c2a0000 - 0x00007ffb3c2a9000 	C:\WINDOWS\SYSTEM32\WSOCK32.dll
0x00007ffb531f0000 - 0x00007ffb53214000 	C:\WINDOWS\SYSTEM32\WINMM.dll
0x00007ffb4def0000 - 0x00007ffb4defa000 	C:\WINDOWS\SYSTEM32\VERSION.dll
0x00007ffb57510000 - 0x00007ffb5757f000 	C:\WINDOWS\System32\WS2_32.dll
0x00007ffb531c0000 - 0x00007ffb531ed000 	C:\WINDOWS\SYSTEM32\winmmbase.dll
0x00007ffb56040000 - 0x00007ffb5608a000 	C:\WINDOWS\System32\cfgmgr32.dll
0x00007ffb55280000 - 0x00007ffb55291000 	C:\WINDOWS\System32\kernel.appcore.dll
0x00007ffb41580000 - 0x00007ffb41590000 	C:\Program Files\Java\jdk-13.0.2\bin\verify.dll
0x00007ffb3c370000 - 0x00007ffb3c564000 	C:\WINDOWS\SYSTEM32\DBGHELP.DLL
0x00007ffb3c960000 - 0x00007ffb3c98a000 	C:\WINDOWS\SYSTEM32\dbgcore.DLL
0x00007ffb36d10000 - 0x00007ffb36d36000 	C:\Program Files\Java\jdk-13.0.2\bin\java.dll
0x00007ffb36cf0000 - 0x00007ffb36d07000 	C:\Program Files\Java\jdk-13.0.2\bin\zip.dll
0x00007ffb3ece0000 - 0x00007ffb3ecea000 	C:\Program Files\Java\jdk-13.0.2\bin\jimage.dll
0x00007ffb578c0000 - 0x00007ffb57fa6000 	C:\WINDOWS\System32\SHELL32.dll
0x00007ffb57800000 - 0x00007ffb578a9000 	C:\WINDOWS\System32\shcore.dll
0x00007ffb556c0000 - 0x00007ffb55e42000 	C:\WINDOWS\System32\windows.storage.dll
0x00007ffb552a0000 - 0x00007ffb552c3000 	C:\WINDOWS\System32\profapi.dll
0x00007ffb552d0000 - 0x00007ffb5531a000 	C:\WINDOWS\System32\powrprof.dll
0x00007ffb55270000 - 0x00007ffb55280000 	C:\WINDOWS\System32\UMPDC.dll
0x00007ffb58320000 - 0x00007ffb58372000 	C:\WINDOWS\System32\shlwapi.dll
0x00007ffb56090000 - 0x00007ffb560a7000 	C:\WINDOWS\System32\cryptsp.dll
0x00007ffb36cd0000 - 0x00007ffb36ce9000 	C:\Program Files\Java\jdk-13.0.2\bin\net.dll
0x00007ffb4d1e0000 - 0x00007ffb4d2d0000 	C:\WINDOWS\SYSTEM32\WINHTTP.dll
0x00007ffb54ae0000 - 0x00007ffb54b47000 	C:\WINDOWS\system32\mswsock.dll
0x00007ffb36cb0000 - 0x00007ffb36cc3000 	C:\Program Files\Java\jdk-13.0.2\bin\nio.dll
0x00007ffb357b0000 - 0x00007ffb35814000 	C:\Users\florian\AppData\Local\Temp\lwjglflorian\3.2.3-build-13\lwjgl.dll
0x00007ffb27330000 - 0x00007ffb27392000 	C:\Users\florian\AppData\Local\Temp\lwjglflorian\3.2.3-build-13\glfw.dll
0x00007ffb535c0000 - 0x00007ffb53659000 	C:\WINDOWS\system32\uxtheme.dll
0x00007ffb268b0000 - 0x00007ffb268f3000 	C:\WINDOWS\SYSTEM32\dinput8.dll
0x00007ffb39be0000 - 0x00007ffb39bf1000 	C:\WINDOWS\SYSTEM32\xinput1_4.dll
0x00007ffb55070000 - 0x00007ffb5509a000 	C:\WINDOWS\SYSTEM32\DEVOBJ.dll
0x00007ffb539f0000 - 0x00007ffb53a1d000 	C:\WINDOWS\SYSTEM32\dwmapi.dll
0x00007ffb4bd70000 - 0x00007ffb4be8b000 	C:\WINDOWS\SYSTEM32\inputhost.dll
0x00007ffb50b90000 - 0x00007ffb50ce3000 	C:\WINDOWS\SYSTEM32\wintypes.dll
0x00007ffb52d70000 - 0x00007ffb52e44000 	C:\WINDOWS\SYSTEM32\CoreMessaging.dll
0x00007ffb51c00000 - 0x00007ffb51cf0000 	C:\WINDOWS\SYSTEM32\PROPSYS.dll
0x00007ffb50680000 - 0x00007ffb509aa000 	C:\WINDOWS\SYSTEM32\CoreUIComponents.dll
0x00007ffb56470000 - 0x00007ffb56535000 	C:\WINDOWS\System32\OLEAUT32.dll
0x00007ffb542b0000 - 0x00007ffb542e1000 	C:\WINDOWS\SYSTEM32\ntmarta.dll
0x00007ffb580c0000 - 0x00007ffb581f5000 	C:\WINDOWS\System32\MSCTF.dll
0x00007ffb53e60000 - 0x00007ffb53e6e000 	C:\WINDOWS\SYSTEM32\HID.DLL
0x00007ffb56e90000 - 0x00007ffb57300000 	C:\WINDOWS\System32\SETUPAPI.DLL
0x00007ffb55660000 - 0x00007ffb55686000 	C:\WINDOWS\System32\bcrypt.dll
0x00007ffb56410000 - 0x00007ffb5646c000 	C:\WINDOWS\System32\WINTRUST.dll
0x00007ffb55320000 - 0x00007ffb55332000 	C:\WINDOWS\System32\MSASN1.dll
0x00007ffb55ef0000 - 0x00007ffb56039000 	C:\WINDOWS\System32\CRYPT32.dll

dbghelp: loaded successfully - version: 4.0.5 - missing functions: none
symbol engine: initialized successfully - sym options: 0x614 - pdb path: .;C:\Program Files\Java\jdk-13.0.2\bin;C:\WINDOWS\SYSTEM32;C:\WINDOWS\WinSxS\amd64_microsoft.windows.common-controls_6595b64144ccf1df_6.0.18362.959_none_e6c7bbbf130c62bb;C:\Program Files\Java\jdk-13.0.2\bin\server;C:\Users\florian\AppData\Local\Temp\lwjglflorian\3.2.3-build-13

VM Arguments:
jvm_args: -da -XX:+UseG1GC -Dfile.encoding=UTF-8 --enable-preview 
java_command: com.codered.demo.Main
java_class_path (initial): G:\picatrix1899_portable\workspace\git\CodeRed\CodeRedDemo\target\classes;C:\Users\florian\.m2\repository\org\json\json\20180813\json-20180813.jar;C:\Users\florian\.m2\repository\org\lwjgl\lwjgl\3.2.3\lwjgl-3.2.3.jar;C:\Users\florian\.m2\repository\org\lwjgl\lwjgl\3.2.3\lwjgl-3.2.3-natives-windows.jar;C:\Users\florian\.m2\repository\org\lwjgl\lwjgl-opengl\3.2.3\lwjgl-opengl-3.2.3.jar;C:\Users\florian\.m2\repository\org\lwjgl\lwjgl-opengl\3.2.3\lwjgl-opengl-3.2.3-natives-windows.jar;C:\Users\florian\.m2\repository\org\lwjgl\lwjgl-glfw\3.2.3\lwjgl-glfw-3.2.3.jar;C:\Users\florian\.m2\repository\org\lwjgl\lwjgl-glfw\3.2.3\lwjgl-glfw-3.2.3-natives-windows.jar;G:\picatrix1899_portable\workspace\git\barghos\barghos-core\target\classes;G:\picatrix1899_portable\workspace\git\barghos\barghos-math\target\classes;G:\picatrix1899_portable\workspace\git\barghos\barghos-structs\target\classes;G:\picatrix1899_portable\workspace\git\CodeRed\CodeRed\target\classes;C:\Users\florian\.m2\repository\org\lwjgl\lwjgl\3.2.3\lwjgl-3.2.3-natives-linux.jar;C:\Users\florian\.m2\repository\org\lwjgl\lwjgl-openal\3.2.3\lwjgl-openal-3.2.3.jar;C:\Users\florian\.m2\repository\org\lwjgl\lwjgl-openal\3.2.3\lwjgl-openal-3.2.3-natives-windows.jar;C:\Users\florian\.m2\repository\org\apache\poi\poi-ooxml\4.1.0\poi-ooxml-4.1.0.jar;C:\Users\florian\.m2\repository\org\apache\poi\poi\4.1.0\poi-4.1.0.jar;C:\Users\florian\.m2\repository\commons-codec\commons-codec\1.12\commons-codec-1.12.jar;C:\Users\florian\.m2\repository\org\apache\commons\commons-collections4\4.3\commons-collections4-4.3.jar;C:\Users\florian\.m2\repository\org\apache\commons\commons-math3\3.6.1\commons-math3-3.6.1.jar;C:\Users\florian\.m2\repository\org\apache\poi\poi-ooxml-schemas\4.1.0\poi-ooxml-schemas-4.1.0.jar;C:\Users\florian\.m2\repository\org\apache\xmlbeans\xmlbeans\3.1.0\xmlbeans-3.1.0.jar;C:\Users\florian\.m2\repository\org\apache\commons\commons-compress\1.18\commons-compress-1.18.jar;C:\Users\florian
Launcher Type: SUN_STANDARD

[Global flags]
     intx CICompilerCount                          = 4                                         {product} {ergonomic}
     uint ConcGCThreads                            = 3                                         {product} {ergonomic}
     uint G1ConcRefinementThreads                  = 10                                        {product} {ergonomic}
   size_t G1HeapRegionSize                         = 2097152                                   {product} {ergonomic}
    uintx GCDrainStackTargetSize                   = 64                                        {product} {ergonomic}
   size_t InitialHeapSize                          = 536870912                                 {product} {ergonomic}
   size_t MarkStackSize                            = 4194304                                   {product} {ergonomic}
   size_t MaxHeapSize                              = 8564768768                                {product} {ergonomic}
   size_t MaxNewSize                               = 5138022400                                {product} {ergonomic}
   size_t MinHeapDeltaBytes                        = 2097152                                   {product} {ergonomic}
   size_t MinHeapSize                              = 8388608                                   {product} {ergonomic}
    uintx NonNMethodCodeHeapSize                   = 5839372                                {pd product} {ergonomic}
    uintx NonProfiledCodeHeapSize                  = 122909434                              {pd product} {ergonomic}
    uintx ProfiledCodeHeapSize                     = 122909434                              {pd product} {ergonomic}
    uintx ReservedCodeCacheSize                    = 251658240                              {pd product} {ergonomic}
     bool SegmentedCodeCache                       = true                                      {product} {ergonomic}
   size_t SoftMaxHeapSize                          = 8564768768                             {manageable} {ergonomic}
     bool UseCompressedClassPointers               = true                                 {lp64_product} {ergonomic}
     bool UseCompressedOops                        = true                                 {lp64_product} {ergonomic}
     bool UseG1GC                                  = true                                      {product} {command line}
     bool UseLargePagesIndividualAllocation        = false                                  {pd product} {ergonomic}

Logging:
Log output configuration:
 #0: stdout all=warning uptime,level,tags
 #1: stderr all=off uptime,level,tags

Environment Variables:
JAVA_HOME=C:\Program Files\Java\jdk1.8.0_171
PATH=C:/Program Files/Java/jre1.8.0_201/bin/server;C:/Program Files/Java/jre1.8.0_201/bin;C:/Program Files/Java/jre1.8.0_201/lib/amd64;C:\Program Files\Oculus\Support\oculus-runtime;C:\Program Files (x86)\Razer Chroma SDK\bin;C:\Program Files\Razer Chroma SDK\bin;C:\Program Files (x86)\Intel\iCLS Client\;C:\Program Files\Intel\iCLS Client\;C:\Program Files (x86)\Razer\ChromaBroadcast\bin;C:\Program Files\Razer\ChromaBroadcast\bin;c:\program files (x86)\razer chroma sdk\bin;c:\program files\razer chroma sdk\bin;c:\program files (x86)\razer\chromabroadcast\bin;c:\program files\razer\chromabroadcast\bin;c:\program files (x86)\common files\intel\shared libraries\redist\intel64\compiler;c:\program files (x86)\common files\oracle\java\javapath;c:\windows\system32;c:\windows;c:\windows\system32\wbem;c:\windows\system32\windowspowershell\v1.0\;c:\windows\system32\openssh\;c:\program files\git\cmd;c:\program files\dotnet\;c:\program files (x86)\quicktime\qtsystem\;c:\program files\nvidia corporation\nvidia nvdlisr;c:\program files\gradle\gradle-5.1.1\bin;c:\program files\maven\apache-maven-3.6.0\bin;c:\program files\java\jdk1.8.0_181\bin;c:\program files\microsoft sql server\130\tools\binn\;c:\program files\microsoft sql server\client sdk\odbc\170\tools\binn\;c:\program files\microsoft vs code\bin;c:\program files\tortoisesvn\bin;c:\windows\system32;c:\windows;c:\windows\system32\wbem;c:\windows\system32\windowspowershell\v1.0\;c:\windows\system32\openssh\;c:\windows\system32\config\systemprofile\appdata\local\microsoft\windowsapps;C:\WINDOWS\system32\config\systemprofile\AppData\Local\Microsoft\WindowsApps;C:\Program Files\NVIDIA Corporation\NVIDIA NGX;C:\Program Files (x86)\NVIDIA Corporation\PhysX\Common;C:\Program Files\CMake\bin;C:\Program Files (x86)\Intel\Intel(R) Management Engine Components\DAL;C:\Program Files\Intel\Intel(R) Management Engine Components\DAL;C:\Program Files (x86)\Intel\Intel(R) Management Engine Components\IPT;C:\Program Files\Intel\Intel(R) Managemen
USERNAME=florian
OS=Windows_NT
PROCESSOR_IDENTIFIER=Intel64 Family 6 Model 79 Stepping 1, GenuineIntel



---------------  S Y S T E M  ---------------

OS: Windows 10 , 64 bit Build 18362 (10.0.18362.959)

CPU:total 12 (initial active 12) (6 cores per cpu, 2 threads per core) family 6 model 79 stepping 1, cmov, cx8, fxsr, mmx, sse, sse2, sse3, ssse3, sse4.1, sse4.2, popcnt, avx, avx2, aes, clmul, erms, rtm, 3dnowpref, lzcnt, ht, tsc, tscinvbit, bmi1, bmi2, adx, fma

Memory: 4k page, system-wide physical 32666M (20463M free)
TotalPageFile size 34714M (AvailPageFile size 16974M)
current process WorkingSet (physical memory assigned to process): 57M, peak: 57M
current process commit charge ("private bytes"): 628M, peak: 628M

vm_info: OpenJDK 64-Bit Server VM (13.0.2+8) for windows-amd64 JRE (13.0.2+8), built on Dec 11 2019 09:20:05 by "mach5one" with unknown MS VC++:1916

END.
