#
# A fatal error has been detected by the Java Runtime Environment:
#
#  EXCEPTION_ACCESS_VIOLATION (0xc0000005) at pc=0x00007ffee60fa1f2, pid=18572, tid=0x00000000000041f4
#
# JRE version: Java(TM) SE Runtime Environment (8.0_171-b11) (build 1.8.0_171-b11)
# Java VM: Java HotSpot(TM) 64-Bit Server VM (25.171-b11 mixed mode windows-amd64 compressed oops)
# Problematic frame:
# C  [assimp.dll+0x16a1f2]
#
# Failed to write core dump. Minidumps are not enabled by default on client versions of Windows
#
# If you would like to submit a bug report, please visit:
#   http://bugreport.java.com/bugreport/crash.jsp
# The crash happened outside the Java Virtual Machine in native code.
# See problematic frame for where to report the bug.
#

---------------  T H R E A D  ---------------

Current thread (0x0000000002ed3800):  JavaThread "CodeRedDemo" [_thread_in_native, id=16884, stack(0x0000000002d00000,0x0000000002e00000)]

siginfo: ExceptionCode=0xc0000005, reading address 0x0000000000000598

Registers:
RAX=0x0000000034761190, RBX=0x0000000000000000, RCX=0x000000007ffe0380, RDX=0x0000000000000598
RSP=0x0000000002dfd1e0, RBP=0x0000000002dfd2e0, RSI=0x00000000262a6020, RDI=0x0000000000004040
R8 =0x00000000000000e6, R9 =0x0000000000000040, R10=0x00000000000000c0, R11=0x0000000002dfd120
R12=0x0000000002dfddc0, R13=0x00000000345955b0, R14=0x00000000345edfd8, R15=0x0000000000000000
RIP=0x00007ffee60fa1f2, EFLAGS=0x0000000000010246

Top of Stack: (sp=0x0000000002dfd1e0)
0x0000000002dfd1e0:   0000000000000000 0000000034760c50
0x0000000002dfd1f0:   0000000002dfd2e0 0000000034760c50
0x0000000002dfd200:   00007ffee5fa6890 00007ffee639d1fa
0x0000000002dfd210:   0000000034760a50 0000000000000001
0x0000000002dfd220:   0000000000000001 0000000000000000
0x0000000002dfd230:   0000000034760e10 0000000000000001
0x0000000002dfd240:   0000000000000000 0000000000000000
0x0000000002dfd250:   0000000034760c50 0000000000000001
0x0000000002dfd260:   0000000034761190 0000000000000000
0x0000000002dfd270:   0000000034761290 0000000000000000
0x0000000002dfd280:   0000000000000000 0000000000000598
0x0000000002dfd290:   0000000000000000 00007ffee639c794
0x0000000002dfd2a0:   0000000002dfd380 0000000002dfd380
0x0000000002dfd2b0:   0000000002dfd3a8 0000000034761250
0x0000000002dfd2c0:   000000003442f460 00007ffee6103816
0x0000000002dfd2d0:   0000000000000004 0000000000000000 

Instructions: (pc=0x00007ffee60fa1f2)
0x00007ffee60fa1d2:   5d 88 e8 d7 7c eb ff 48 89 45 80 45 33 ff 44 89
0x00007ffee60fa1e2:   bd b8 07 00 00 48 8d 93 98 05 00 00 48 89 55 a8
0x00007ffee60fa1f2:   48 8b 12 48 85 d2 0f 84 5f 01 00 00 48 83 c2 38
0x00007ffee60fa202:   80 3a 00 0f 84 52 01 00 00 48 c7 45 c0 00 00 00 


Register to memory mapping:

RAX=0x0000000034761190 is an unknown value
RBX=0x0000000000000000 is an unknown value
RCX=0x000000007ffe0380 is an unknown value
RDX=0x0000000000000598 is an unknown value
RSP=0x0000000002dfd1e0 is pointing into the stack for thread: 0x0000000002ed3800
RBP=0x0000000002dfd2e0 is pointing into the stack for thread: 0x0000000002ed3800
RSI=0x00000000262a6020 is an unknown value
RDI=0x0000000000004040 is an unknown value
R8 =0x00000000000000e6 is an unknown value
R9 =0x0000000000000040 is an unknown value
R10=0x00000000000000c0 is an unknown value
R11=0x0000000002dfd120 is pointing into the stack for thread: 0x0000000002ed3800
R12=0x0000000002dfddc0 is pointing into the stack for thread: 0x0000000002ed3800
R13=0x00000000345955b0 is an unknown value
R14=0x00000000345edfd8 is an unknown value
R15=0x0000000000000000 is an unknown value


Stack: [0x0000000002d00000,0x0000000002e00000],  sp=0x0000000002dfd1e0,  free space=1012k
Native frames: (J=compiled Java code, j=interpreted, Vv=VM code, C=native code)
C  [assimp.dll+0x16a1f2]
C  [assimp.dll+0x16b675]
C  [assimp.dll+0x16bb1c]
C  [assimp.dll+0x167262]
C  [assimp.dll+0x1661b8]
C  [assimp.dll+0xe913]
C  [assimp.dll+0x1e108]
C  [assimp.dll+0x7495]
C  0x0000000002fe8d07

Java frames: (J=compiled Java code, j=interpreted, Vv=VM code)
j  org.lwjgl.system.JNI.invokePP(JIJ)J+0
j  org.lwjgl.assimp.Assimp.naiImportFile(JI)J+7
j  org.lwjgl.assimp.Assimp.aiImportFile(Ljava/lang/CharSequence;I)Lorg/lwjgl/assimp/AIScene;+25
j  com.codered.assimp.AssimpLoader.load(Ljava/lang/String;)Lcom/codered/assimp/ModelData;+3
j  com.codered.demo.Routine2.init()V+67
j  com.codered.window.WindowContext.init()V+118
j  com.codered.demo.DemoGame.init()V+38
j  com.codered.engine.Engine.run()V+1
j  com.codered.engine.Engine.start()V+10
j  com.codered.engine.EngineBootstrap.start()V+4
j  com.codered.engine.EngineBootstrap.boot()V+5
j  com.codered.demo.Main.main([Ljava/lang/String;)V+36
v  ~StubRoutines::call_stub

---------------  P R O C E S S  ---------------

Java Threads: ( => current thread )
  0x0000000023414000 JavaThread "pool-1-thread-2" [_thread_blocked, id=21684, stack(0x0000000033850000,0x0000000033950000)]
  0x0000000023413800 JavaThread "pool-1-thread-1" [_thread_blocked, id=16560, stack(0x0000000033750000,0x0000000033850000)]
  0x0000000023466800 JavaThread "Java2D Disposer" daemon [_thread_blocked, id=18244, stack(0x0000000032bd0000,0x0000000032cd0000)]
  0x0000000023144800 JavaThread "CodeRed - Texture Loader" daemon [_thread_blocked, id=17268, stack(0x0000000025460000,0x0000000025560000)]
  0x0000000022bef800 JavaThread "Service Thread" daemon [_thread_blocked, id=21296, stack(0x0000000024330000,0x0000000024430000)]
  0x0000000022b5a000 JavaThread "C1 CompilerThread3" daemon [_thread_blocked, id=18920, stack(0x0000000024230000,0x0000000024330000)]
  0x0000000022b51000 JavaThread "C2 CompilerThread2" daemon [_thread_blocked, id=21756, stack(0x0000000024130000,0x0000000024230000)]
  0x0000000022b4c800 JavaThread "C2 CompilerThread1" daemon [_thread_blocked, id=13948, stack(0x0000000024030000,0x0000000024130000)]
  0x0000000022b48000 JavaThread "C2 CompilerThread0" daemon [_thread_blocked, id=11628, stack(0x0000000023f30000,0x0000000024030000)]
  0x0000000022b47000 JavaThread "Attach Listener" daemon [_thread_blocked, id=18564, stack(0x0000000023e30000,0x0000000023f30000)]
  0x0000000022b46800 JavaThread "Signal Dispatcher" daemon [_thread_blocked, id=11524, stack(0x0000000023d30000,0x0000000023e30000)]
  0x0000000022b45800 JavaThread "Surrogate Locker Thread (Concurrent GC)" daemon [_thread_blocked, id=8224, stack(0x0000000023c30000,0x0000000023d30000)]
  0x0000000021ae9800 JavaThread "Finalizer" daemon [_thread_blocked, id=15920, stack(0x0000000022a30000,0x0000000022b30000)]
  0x0000000021ae3000 JavaThread "Reference Handler" daemon [_thread_blocked, id=19092, stack(0x0000000022830000,0x0000000022930000)]
=>0x0000000002ed3800 JavaThread "CodeRedDemo" [_thread_in_native, id=16884, stack(0x0000000002d00000,0x0000000002e00000)]

Other Threads:
  0x0000000021abf000 VMThread [stack: 0x0000000022730000,0x0000000022830000] [id=2056]
  0x0000000022b99800 WatcherThread [stack: 0x0000000024430000,0x0000000024530000] [id=9100]

VM state:not at safepoint (normal execution)

VM Mutex/Monitor currently owned by a thread: None

Heap:
 garbage-first heap   total 262144K, used 40850K [0x00000006c1800000, 0x00000006c1900800, 0x00000007c0000000)
  region size 1024K, 20 young (20480K), 2 survivors (2048K)
 Metaspace       used 12332K, capacity 12633K, committed 13056K, reserved 1060864K
  class space    used 1089K, capacity 1190K, committed 1280K, reserved 1048576K

Heap Regions: (Y=young(eden), SU=young(survivor), HS=humongous(starts), HC=humongous(continues), CS=collection set, F=free, TS=gc time stamp, PTAMS=previous top-at-mark-start, NTAMS=next top-at-mark-start)
AC   0  O    TS     1 PTAMS 0x00000006c1800000 NTAMS 0x00000006c1800000 space 1024K,  89% used [0x00000006c1800000, 0x00000006c1900000)
AC   0 HS    TS     0 PTAMS 0x00000006c1900000 NTAMS 0x00000006c1900000 space 4096K,  75% used [0x00000006c1900000, 0x00000006c1d00000)
AC   0 HC    TS     0 PTAMS 0x00000006c1a00000 NTAMS 0x00000006c1a00000 space 1024K, 100% used [0x00000006c1a00000, 0x00000006c1b00000)
AC   0 HC    TS     0 PTAMS 0x00000006c1b00000 NTAMS 0x00000006c1b00000 space 1024K, 100% used [0x00000006c1b00000, 0x00000006c1c00000)
AC   0 HC    TS     0 PTAMS 0x00000006c1c00000 NTAMS 0x00000006c1c00000 space 1024K,   0% used [0x00000006c1c00000, 0x00000006c1d00000)
AC   0 HS    TS     0 PTAMS 0x00000006c1d00000 NTAMS 0x00000006c1d00000 space 5120K,  80% used [0x00000006c1d00000, 0x00000006c2200000)
AC   0 HC    TS     0 PTAMS 0x00000006c1e00000 NTAMS 0x00000006c1e00000 space 1024K, 100% used [0x00000006c1e00000, 0x00000006c1f00000)
AC   0 HC    TS     0 PTAMS 0x00000006c1f00000 NTAMS 0x00000006c1f00000 space 1024K, 100% used [0x00000006c1f00000, 0x00000006c2000000)
AC   0 HC    TS     0 PTAMS 0x00000006c2000000 NTAMS 0x00000006c2000000 space 1024K, 100% used [0x00000006c2000000, 0x00000006c2100000)
AC   0 HC    TS     0 PTAMS 0x00000006c2100000 NTAMS 0x00000006c2100000 space 1024K,   0% used [0x00000006c2100000, 0x00000006c2200000)
AC   0 HS    TS     0 PTAMS 0x00000006c2200000 NTAMS 0x00000006c2200000 space 5120K,  80% used [0x00000006c2200000, 0x00000006c2700000)
AC   0 HC    TS     0 PTAMS 0x00000006c2300000 NTAMS 0x00000006c2300000 space 1024K, 100% used [0x00000006c2300000, 0x00000006c2400000)
AC   0 HC    TS     0 PTAMS 0x00000006c2400000 NTAMS 0x00000006c2400000 space 1024K, 100% used [0x00000006c2400000, 0x00000006c2500000)
AC   0 HC    TS     0 PTAMS 0x00000006c2500000 NTAMS 0x00000006c2500000 space 1024K, 100% used [0x00000006c2500000, 0x00000006c2600000)
AC   0 HC    TS     0 PTAMS 0x00000006c2600000 NTAMS 0x00000006c2600000 space 1024K,   0% used [0x00000006c2600000, 0x00000006c2700000)
AC   0 HS    TS     0 PTAMS 0x00000006c2700000 NTAMS 0x00000006c2700000 space 2048K,  50% used [0x00000006c2700000, 0x00000006c2900000)
AC   0 HC    TS     0 PTAMS 0x00000006c2800000 NTAMS 0x00000006c2800000 space 1024K,   0% used [0x00000006c2800000, 0x00000006c2900000)
AC   0 HS    TS     0 PTAMS 0x00000006c2900000 NTAMS 0x00000006c2900000 space 2048K,  50% used [0x00000006c2900000, 0x00000006c2b00000)
AC   0 HC    TS     0 PTAMS 0x00000006c2a00000 NTAMS 0x00000006c2a00000 space 1024K,   0% used [0x00000006c2a00000, 0x00000006c2b00000)
AC   0 HS    TS     0 PTAMS 0x00000006c2b00000 NTAMS 0x00000006c2b00000 space 2048K,  50% used [0x00000006c2b00000, 0x00000006c2d00000)
AC   0 HC    TS     0 PTAMS 0x00000006c2c00000 NTAMS 0x00000006c2c00000 space 1024K,   0% used [0x00000006c2c00000, 0x00000006c2d00000)
AC   0 HS    TS     0 PTAMS 0x00000006c2d00000 NTAMS 0x00000006c2d00000 space 2048K,  50% used [0x00000006c2d00000, 0x00000006c2f00000)
AC   0 HC    TS     0 PTAMS 0x00000006c2e00000 NTAMS 0x00000006c2e00000 space 1024K,   0% used [0x00000006c2e00000, 0x00000006c2f00000)
AC   0 HS    TS     0 PTAMS 0x00000006c2f00000 NTAMS 0x00000006c2f00000 space 2048K,  50% used [0x00000006c2f00000, 0x00000006c3100000)
AC   0 HC    TS     0 PTAMS 0x00000006c3000000 NTAMS 0x00000006c3000000 space 1024K,   0% used [0x00000006c3000000, 0x00000006c3100000)
AC   0 HS    TS     0 PTAMS 0x00000006c3100000 NTAMS 0x00000006c3100000 space 2048K,  50% used [0x00000006c3100000, 0x00000006c3300000)
AC   0 HC    TS     0 PTAMS 0x00000006c3200000 NTAMS 0x00000006c3200000 space 1024K,   0% used [0x00000006c3200000, 0x00000006c3300000)
AC   0 HS    TS     0 PTAMS 0x00000006c3300000 NTAMS 0x00000006c3300000 space 2048K,  50% used [0x00000006c3300000, 0x00000006c3500000)
AC   0 HC    TS     0 PTAMS 0x00000006c3400000 NTAMS 0x00000006c3400000 space 1024K,   0% used [0x00000006c3400000, 0x00000006c3500000)
AC   0 HS    TS     0 PTAMS 0x00000006c3500000 NTAMS 0x00000006c3500000 space 2048K,  50% used [0x00000006c3500000, 0x00000006c3700000)
AC   0 HC    TS     0 PTAMS 0x00000006c3600000 NTAMS 0x00000006c3600000 space 1024K,   0% used [0x00000006c3600000, 0x00000006c3700000)
AC   0 HS    TS     0 PTAMS 0x00000006c3700000 NTAMS 0x00000006c3700000 space 2048K,  50% used [0x00000006c3700000, 0x00000006c3900000)
AC   0 HC    TS     0 PTAMS 0x00000006c3800000 NTAMS 0x00000006c3800000 space 1024K,   0% used [0x00000006c3800000, 0x00000006c3900000)
AC   0  F    TS     0 PTAMS 0x00000006c3900000 NTAMS 0x00000006c3900000 space 1024K,   0% used [0x00000006c3900000, 0x00000006c3a00000)
AC   0  F    TS     0 PTAMS 0x00000006c3a00000 NTAMS 0x00000006c3a00000 space 1024K,   0% used [0x00000006c3a00000, 0x00000006c3b00000)
AC   0  F    TS     0 PTAMS 0x00000006c3b00000 NTAMS 0x00000006c3b00000 space 1024K,   0% used [0x00000006c3b00000, 0x00000006c3c00000)
AC   0  F    TS     0 PTAMS 0x00000006c3c00000 NTAMS 0x00000006c3c00000 space 1024K,   0% used [0x00000006c3c00000, 0x00000006c3d00000)
AC   0  F    TS     0 PTAMS 0x00000006c3d00000 NTAMS 0x00000006c3d00000 space 1024K,   0% used [0x00000006c3d00000, 0x00000006c3e00000)
AC   0  F    TS     0 PTAMS 0x00000006c3e00000 NTAMS 0x00000006c3e00000 space 1024K,   0% used [0x00000006c3e00000, 0x00000006c3f00000)
AC   0  F    TS     0 PTAMS 0x00000006c3f00000 NTAMS 0x00000006c3f00000 space 1024K,   0% used [0x00000006c3f00000, 0x00000006c4000000)
AC   0  F    TS     0 PTAMS 0x00000006c4000000 NTAMS 0x00000006c4000000 space 1024K,   0% used [0x00000006c4000000, 0x00000006c4100000)
AC   0  F    TS     0 PTAMS 0x00000006c4100000 NTAMS 0x00000006c4100000 space 1024K,   0% used [0x00000006c4100000, 0x00000006c4200000)
AC   0  F    TS     0 PTAMS 0x00000006c4200000 NTAMS 0x00000006c4200000 space 1024K,   0% used [0x00000006c4200000, 0x00000006c4300000)
AC   0  F    TS     0 PTAMS 0x00000006c4300000 NTAMS 0x00000006c4300000 space 1024K,   0% used [0x00000006c4300000, 0x00000006c4400000)
AC   0  F    TS     0 PTAMS 0x00000006c4400000 NTAMS 0x00000006c4400000 space 1024K,   0% used [0x00000006c4400000, 0x00000006c4500000)
AC   0  F    TS     0 PTAMS 0x00000006c4500000 NTAMS 0x00000006c4500000 space 1024K,   0% used [0x00000006c4500000, 0x00000006c4600000)
AC   0  F    TS     0 PTAMS 0x00000006c4600000 NTAMS 0x00000006c4600000 space 1024K,   0% used [0x00000006c4600000, 0x00000006c4700000)
AC   0  F    TS     0 PTAMS 0x00000006c4700000 NTAMS 0x00000006c4700000 space 1024K,   0% used [0x00000006c4700000, 0x00000006c4800000)
AC   0  F    TS     0 PTAMS 0x00000006c4800000 NTAMS 0x00000006c4800000 space 1024K,   0% used [0x00000006c4800000, 0x00000006c4900000)
AC   0  F    TS     0 PTAMS 0x00000006c4900000 NTAMS 0x00000006c4900000 space 1024K,   0% used [0x00000006c4900000, 0x00000006c4a00000)
AC   0  F    TS     0 PTAMS 0x00000006c4a00000 NTAMS 0x00000006c4a00000 space 1024K,   0% used [0x00000006c4a00000, 0x00000006c4b00000)
AC   0  F    TS     0 PTAMS 0x00000006c4b00000 NTAMS 0x00000006c4b00000 space 1024K,   0% used [0x00000006c4b00000, 0x00000006c4c00000)
AC   0  F    TS     0 PTAMS 0x00000006c4c00000 NTAMS 0x00000006c4c00000 space 1024K,   0% used [0x00000006c4c00000, 0x00000006c4d00000)
AC   0  F    TS     0 PTAMS 0x00000006c4d00000 NTAMS 0x00000006c4d00000 space 1024K,   0% used [0x00000006c4d00000, 0x00000006c4e00000)
AC   0  F    TS     0 PTAMS 0x00000006c4e00000 NTAMS 0x00000006c4e00000 space 1024K,   0% used [0x00000006c4e00000, 0x00000006c4f00000)
AC   0  F    TS     0 PTAMS 0x00000006c4f00000 NTAMS 0x00000006c4f00000 space 1024K,   0% used [0x00000006c4f00000, 0x00000006c5000000)
AC   0  F    TS     0 PTAMS 0x00000006c5000000 NTAMS 0x00000006c5000000 space 1024K,   0% used [0x00000006c5000000, 0x00000006c5100000)
AC   0  F    TS     0 PTAMS 0x00000006c5100000 NTAMS 0x00000006c5100000 space 1024K,   0% used [0x00000006c5100000, 0x00000006c5200000)
AC   0  F    TS     0 PTAMS 0x00000006c5200000 NTAMS 0x00000006c5200000 space 1024K,   0% used [0x00000006c5200000, 0x00000006c5300000)
AC   0  F    TS     0 PTAMS 0x00000006c5300000 NTAMS 0x00000006c5300000 space 1024K,   0% used [0x00000006c5300000, 0x00000006c5400000)
AC   0  F    TS     0 PTAMS 0x00000006c5400000 NTAMS 0x00000006c5400000 space 1024K,   0% used [0x00000006c5400000, 0x00000006c5500000)
AC   0  F    TS     0 PTAMS 0x00000006c5500000 NTAMS 0x00000006c5500000 space 1024K,   0% used [0x00000006c5500000, 0x00000006c5600000)
AC   0  F    TS     0 PTAMS 0x00000006c5600000 NTAMS 0x00000006c5600000 space 1024K,   0% used [0x00000006c5600000, 0x00000006c5700000)
AC   0  F    TS     0 PTAMS 0x00000006c5700000 NTAMS 0x00000006c5700000 space 1024K,   0% used [0x00000006c5700000, 0x00000006c5800000)
AC   0  F    TS     0 PTAMS 0x00000006c5800000 NTAMS 0x00000006c5800000 space 1024K,   0% used [0x00000006c5800000, 0x00000006c5900000)
AC   0  F    TS     0 PTAMS 0x00000006c5900000 NTAMS 0x00000006c5900000 space 1024K,   0% used [0x00000006c5900000, 0x00000006c5a00000)
AC   0  F    TS     0 PTAMS 0x00000006c5a00000 NTAMS 0x00000006c5a00000 space 1024K,   0% used [0x00000006c5a00000, 0x00000006c5b00000)
AC   0  F    TS     0 PTAMS 0x00000006c5b00000 NTAMS 0x00000006c5b00000 space 1024K,   0% used [0x00000006c5b00000, 0x00000006c5c00000)
AC   0  F    TS     0 PTAMS 0x00000006c5c00000 NTAMS 0x00000006c5c00000 space 1024K,   0% used [0x00000006c5c00000, 0x00000006c5d00000)
AC   0  F    TS     0 PTAMS 0x00000006c5d00000 NTAMS 0x00000006c5d00000 space 1024K,   0% used [0x00000006c5d00000, 0x00000006c5e00000)
AC   0  F    TS     0 PTAMS 0x00000006c5e00000 NTAMS 0x00000006c5e00000 space 1024K,   0% used [0x00000006c5e00000, 0x00000006c5f00000)
AC   0  F    TS     0 PTAMS 0x00000006c5f00000 NTAMS 0x00000006c5f00000 space 1024K,   0% used [0x00000006c5f00000, 0x00000006c6000000)
AC   0  F    TS     0 PTAMS 0x00000006c6000000 NTAMS 0x00000006c6000000 space 1024K,   0% used [0x00000006c6000000, 0x00000006c6100000)
AC   0  F    TS     0 PTAMS 0x00000006c6100000 NTAMS 0x00000006c6100000 space 1024K,   0% used [0x00000006c6100000, 0x00000006c6200000)
AC   0  F    TS     0 PTAMS 0x00000006c6200000 NTAMS 0x00000006c6200000 space 1024K,   0% used [0x00000006c6200000, 0x00000006c6300000)
AC   0  F    TS     0 PTAMS 0x00000006c6300000 NTAMS 0x00000006c6300000 space 1024K,   0% used [0x00000006c6300000, 0x00000006c6400000)
AC   0  F    TS     0 PTAMS 0x00000006c6400000 NTAMS 0x00000006c6400000 space 1024K,   0% used [0x00000006c6400000, 0x00000006c6500000)
AC   0  F    TS     0 PTAMS 0x00000006c6500000 NTAMS 0x00000006c6500000 space 1024K,   0% used [0x00000006c6500000, 0x00000006c6600000)
AC   0  F    TS     0 PTAMS 0x00000006c6600000 NTAMS 0x00000006c6600000 space 1024K,   0% used [0x00000006c6600000, 0x00000006c6700000)
AC   0  F    TS     0 PTAMS 0x00000006c6700000 NTAMS 0x00000006c6700000 space 1024K,   0% used [0x00000006c6700000, 0x00000006c6800000)
AC   0  F    TS     0 PTAMS 0x00000006c6800000 NTAMS 0x00000006c6800000 space 1024K,   0% used [0x00000006c6800000, 0x00000006c6900000)
AC   0  F    TS     0 PTAMS 0x00000006c6900000 NTAMS 0x00000006c6900000 space 1024K,   0% used [0x00000006c6900000, 0x00000006c6a00000)
AC   0  F    TS     0 PTAMS 0x00000006c6a00000 NTAMS 0x00000006c6a00000 space 1024K,   0% used [0x00000006c6a00000, 0x00000006c6b00000)
AC   0  F    TS     0 PTAMS 0x00000006c6b00000 NTAMS 0x00000006c6b00000 space 1024K,   0% used [0x00000006c6b00000, 0x00000006c6c00000)
AC   0  F    TS     0 PTAMS 0x00000006c6c00000 NTAMS 0x00000006c6c00000 space 1024K,   0% used [0x00000006c6c00000, 0x00000006c6d00000)
AC   0  F    TS     0 PTAMS 0x00000006c6d00000 NTAMS 0x00000006c6d00000 space 1024K,   0% used [0x00000006c6d00000, 0x00000006c6e00000)
AC   0  F    TS     0 PTAMS 0x00000006c6e00000 NTAMS 0x00000006c6e00000 space 1024K,   0% used [0x00000006c6e00000, 0x00000006c6f00000)
AC   0  F    TS     0 PTAMS 0x00000006c6f00000 NTAMS 0x00000006c6f00000 space 1024K,   0% used [0x00000006c6f00000, 0x00000006c7000000)
AC   0  F    TS     0 PTAMS 0x00000006c7000000 NTAMS 0x00000006c7000000 space 1024K,   0% used [0x00000006c7000000, 0x00000006c7100000)
AC   0  F    TS     0 PTAMS 0x00000006c7100000 NTAMS 0x00000006c7100000 space 1024K,   0% used [0x00000006c7100000, 0x00000006c7200000)
AC   0  F    TS     0 PTAMS 0x00000006c7200000 NTAMS 0x00000006c7200000 space 1024K,   0% used [0x00000006c7200000, 0x00000006c7300000)
AC   0  F    TS     0 PTAMS 0x00000006c7300000 NTAMS 0x00000006c7300000 space 1024K,   0% used [0x00000006c7300000, 0x00000006c7400000)
AC   0  F    TS     0 PTAMS 0x00000006c7400000 NTAMS 0x00000006c7400000 space 1024K,   0% used [0x00000006c7400000, 0x00000006c7500000)
AC   0  F    TS     0 PTAMS 0x00000006c7500000 NTAMS 0x00000006c7500000 space 1024K,   0% used [0x00000006c7500000, 0x00000006c7600000)
AC   0  F    TS     0 PTAMS 0x00000006c7600000 NTAMS 0x00000006c7600000 space 1024K,   0% used [0x00000006c7600000, 0x00000006c7700000)
AC   0  F    TS     0 PTAMS 0x00000006c7700000 NTAMS 0x00000006c7700000 space 1024K,   0% used [0x00000006c7700000, 0x00000006c7800000)
AC   0  F    TS     0 PTAMS 0x00000006c7800000 NTAMS 0x00000006c7800000 space 1024K,   0% used [0x00000006c7800000, 0x00000006c7900000)
AC   0  F    TS     0 PTAMS 0x00000006c7900000 NTAMS 0x00000006c7900000 space 1024K,   0% used [0x00000006c7900000, 0x00000006c7a00000)
AC   0  F    TS     0 PTAMS 0x00000006c7a00000 NTAMS 0x00000006c7a00000 space 1024K,   0% used [0x00000006c7a00000, 0x00000006c7b00000)
AC   0  F    TS     0 PTAMS 0x00000006c7b00000 NTAMS 0x00000006c7b00000 space 1024K,   0% used [0x00000006c7b00000, 0x00000006c7c00000)
AC   0  F    TS     0 PTAMS 0x00000006c7c00000 NTAMS 0x00000006c7c00000 space 1024K,   0% used [0x00000006c7c00000, 0x00000006c7d00000)
AC   0  F    TS     0 PTAMS 0x00000006c7d00000 NTAMS 0x00000006c7d00000 space 1024K,   0% used [0x00000006c7d00000, 0x00000006c7e00000)
AC   0  F    TS     0 PTAMS 0x00000006c7e00000 NTAMS 0x00000006c7e00000 space 1024K,   0% used [0x00000006c7e00000, 0x00000006c7f00000)
AC   0  F    TS     0 PTAMS 0x00000006c7f00000 NTAMS 0x00000006c7f00000 space 1024K,   0% used [0x00000006c7f00000, 0x00000006c8000000)
AC   0  F    TS     0 PTAMS 0x00000006c8000000 NTAMS 0x00000006c8000000 space 1024K,   0% used [0x00000006c8000000, 0x00000006c8100000)
AC   0  F    TS     0 PTAMS 0x00000006c8100000 NTAMS 0x00000006c8100000 space 1024K,   0% used [0x00000006c8100000, 0x00000006c8200000)
AC   0  F    TS     0 PTAMS 0x00000006c8200000 NTAMS 0x00000006c8200000 space 1024K,   0% used [0x00000006c8200000, 0x00000006c8300000)
AC   0  F    TS     0 PTAMS 0x00000006c8300000 NTAMS 0x00000006c8300000 space 1024K,   0% used [0x00000006c8300000, 0x00000006c8400000)
AC   0  F    TS     0 PTAMS 0x00000006c8400000 NTAMS 0x00000006c8400000 space 1024K,   0% used [0x00000006c8400000, 0x00000006c8500000)
AC   0  F    TS     0 PTAMS 0x00000006c8500000 NTAMS 0x00000006c8500000 space 1024K,   0% used [0x00000006c8500000, 0x00000006c8600000)
AC   0  F    TS     0 PTAMS 0x00000006c8600000 NTAMS 0x00000006c8600000 space 1024K,   0% used [0x00000006c8600000, 0x00000006c8700000)
AC   0  F    TS     0 PTAMS 0x00000006c8700000 NTAMS 0x00000006c8700000 space 1024K,   0% used [0x00000006c8700000, 0x00000006c8800000)
AC   0  F    TS     0 PTAMS 0x00000006c8800000 NTAMS 0x00000006c8800000 space 1024K,   0% used [0x00000006c8800000, 0x00000006c8900000)
AC   0  F    TS     0 PTAMS 0x00000006c8900000 NTAMS 0x00000006c8900000 space 1024K,   0% used [0x00000006c8900000, 0x00000006c8a00000)
AC   0  F    TS     0 PTAMS 0x00000006c8a00000 NTAMS 0x00000006c8a00000 space 1024K,   0% used [0x00000006c8a00000, 0x00000006c8b00000)
AC   0  F    TS     0 PTAMS 0x00000006c8b00000 NTAMS 0x00000006c8b00000 space 1024K,   0% used [0x00000006c8b00000, 0x00000006c8c00000)
AC   0  F    TS     0 PTAMS 0x00000006c8c00000 NTAMS 0x00000006c8c00000 space 1024K,   0% used [0x00000006c8c00000, 0x00000006c8d00000)
AC   0  F    TS     0 PTAMS 0x00000006c8d00000 NTAMS 0x00000006c8d00000 space 1024K,   0% used [0x00000006c8d00000, 0x00000006c8e00000)
AC   0  F    TS     0 PTAMS 0x00000006c8e00000 NTAMS 0x00000006c8e00000 space 1024K,   0% used [0x00000006c8e00000, 0x00000006c8f00000)
AC   0  F    TS     0 PTAMS 0x00000006c8f00000 NTAMS 0x00000006c8f00000 space 1024K,   0% used [0x00000006c8f00000, 0x00000006c9000000)
AC   0  F    TS     0 PTAMS 0x00000006c9000000 NTAMS 0x00000006c9000000 space 1024K,   0% used [0x00000006c9000000, 0x00000006c9100000)
AC   0  F    TS     0 PTAMS 0x00000006c9100000 NTAMS 0x00000006c9100000 space 1024K,   0% used [0x00000006c9100000, 0x00000006c9200000)
AC   0  F    TS     0 PTAMS 0x00000006c9200000 NTAMS 0x00000006c9200000 space 1024K,   0% used [0x00000006c9200000, 0x00000006c9300000)
AC   0  F    TS     0 PTAMS 0x00000006c9300000 NTAMS 0x00000006c9300000 space 1024K,   0% used [0x00000006c9300000, 0x00000006c9400000)
AC   0  F    TS     0 PTAMS 0x00000006c9400000 NTAMS 0x00000006c9400000 space 1024K,   0% used [0x00000006c9400000, 0x00000006c9500000)
AC   0  F    TS     0 PTAMS 0x00000006c9500000 NTAMS 0x00000006c9500000 space 1024K,   0% used [0x00000006c9500000, 0x00000006c9600000)
AC   0  F    TS     0 PTAMS 0x00000006c9600000 NTAMS 0x00000006c9600000 space 1024K,   0% used [0x00000006c9600000, 0x00000006c9700000)
AC   0  F    TS     0 PTAMS 0x00000006c9700000 NTAMS 0x00000006c9700000 space 1024K,   0% used [0x00000006c9700000, 0x00000006c9800000)
AC   0  F    TS     0 PTAMS 0x00000006c9800000 NTAMS 0x00000006c9800000 space 1024K,   0% used [0x00000006c9800000, 0x00000006c9900000)
AC   0  F    TS     0 PTAMS 0x00000006c9900000 NTAMS 0x00000006c9900000 space 1024K,   0% used [0x00000006c9900000, 0x00000006c9a00000)
AC   0  F    TS     0 PTAMS 0x00000006c9a00000 NTAMS 0x00000006c9a00000 space 1024K,   0% used [0x00000006c9a00000, 0x00000006c9b00000)
AC   0  F    TS     0 PTAMS 0x00000006c9b00000 NTAMS 0x00000006c9b00000 space 1024K,   0% used [0x00000006c9b00000, 0x00000006c9c00000)
AC   0  F    TS     0 PTAMS 0x00000006c9c00000 NTAMS 0x00000006c9c00000 space 1024K,   0% used [0x00000006c9c00000, 0x00000006c9d00000)
AC   0  F    TS     0 PTAMS 0x00000006c9d00000 NTAMS 0x00000006c9d00000 space 1024K,   0% used [0x00000006c9d00000, 0x00000006c9e00000)
AC   0  F    TS     0 PTAMS 0x00000006c9e00000 NTAMS 0x00000006c9e00000 space 1024K,   0% used [0x00000006c9e00000, 0x00000006c9f00000)
AC   0  F    TS     0 PTAMS 0x00000006c9f00000 NTAMS 0x00000006c9f00000 space 1024K,   0% used [0x00000006c9f00000, 0x00000006ca000000)
AC   0  F    TS     0 PTAMS 0x00000006ca000000 NTAMS 0x00000006ca000000 space 1024K,   0% used [0x00000006ca000000, 0x00000006ca100000)
AC   0  F    TS     0 PTAMS 0x00000006ca100000 NTAMS 0x00000006ca100000 space 1024K,   0% used [0x00000006ca100000, 0x00000006ca200000)
AC   0  F    TS     0 PTAMS 0x00000006ca200000 NTAMS 0x00000006ca200000 space 1024K,   0% used [0x00000006ca200000, 0x00000006ca300000)
AC   0  F    TS     0 PTAMS 0x00000006ca300000 NTAMS 0x00000006ca300000 space 1024K,   0% used [0x00000006ca300000, 0x00000006ca400000)
AC   0  F    TS     0 PTAMS 0x00000006ca400000 NTAMS 0x00000006ca400000 space 1024K,   0% used [0x00000006ca400000, 0x00000006ca500000)
AC   0  F    TS     0 PTAMS 0x00000006ca500000 NTAMS 0x00000006ca500000 space 1024K,   0% used [0x00000006ca500000, 0x00000006ca600000)
AC   0  F    TS     0 PTAMS 0x00000006ca600000 NTAMS 0x00000006ca600000 space 1024K,   0% used [0x00000006ca600000, 0x00000006ca700000)
AC   0  F    TS     0 PTAMS 0x00000006ca700000 NTAMS 0x00000006ca700000 space 1024K,   0% used [0x00000006ca700000, 0x00000006ca800000)
AC   0  F    TS     0 PTAMS 0x00000006ca800000 NTAMS 0x00000006ca800000 space 1024K,   0% used [0x00000006ca800000, 0x00000006ca900000)
AC   0  F    TS     0 PTAMS 0x00000006ca900000 NTAMS 0x00000006ca900000 space 1024K,   0% used [0x00000006ca900000, 0x00000006caa00000)
AC   0  F    TS     0 PTAMS 0x00000006caa00000 NTAMS 0x00000006caa00000 space 1024K,   0% used [0x00000006caa00000, 0x00000006cab00000)
AC   0  F    TS     0 PTAMS 0x00000006cab00000 NTAMS 0x00000006cab00000 space 1024K,   0% used [0x00000006cab00000, 0x00000006cac00000)
AC   0  F    TS     0 PTAMS 0x00000006cac00000 NTAMS 0x00000006cac00000 space 1024K,   0% used [0x00000006cac00000, 0x00000006cad00000)
AC   0  F    TS     0 PTAMS 0x00000006cad00000 NTAMS 0x00000006cad00000 space 1024K,   0% used [0x00000006cad00000, 0x00000006cae00000)
AC   0  F    TS     0 PTAMS 0x00000006cae00000 NTAMS 0x00000006cae00000 space 1024K,   0% used [0x00000006cae00000, 0x00000006caf00000)
AC   0  F    TS     0 PTAMS 0x00000006caf00000 NTAMS 0x00000006caf00000 space 1024K,   0% used [0x00000006caf00000, 0x00000006cb000000)
AC   0  F    TS     0 PTAMS 0x00000006cb000000 NTAMS 0x00000006cb000000 space 1024K,   0% used [0x00000006cb000000, 0x00000006cb100000)
AC   0  F    TS     0 PTAMS 0x00000006cb100000 NTAMS 0x00000006cb100000 space 1024K,   0% used [0x00000006cb100000, 0x00000006cb200000)
AC   0  F    TS     0 PTAMS 0x00000006cb200000 NTAMS 0x00000006cb200000 space 1024K,   0% used [0x00000006cb200000, 0x00000006cb300000)
AC   0  F    TS     0 PTAMS 0x00000006cb300000 NTAMS 0x00000006cb300000 space 1024K,   0% used [0x00000006cb300000, 0x00000006cb400000)
AC   0  F    TS     0 PTAMS 0x00000006cb400000 NTAMS 0x00000006cb400000 space 1024K,   0% used [0x00000006cb400000, 0x00000006cb500000)
AC   0  F    TS     0 PTAMS 0x00000006cb500000 NTAMS 0x00000006cb500000 space 1024K,   0% used [0x00000006cb500000, 0x00000006cb600000)
AC   0  F    TS     0 PTAMS 0x00000006cb600000 NTAMS 0x00000006cb600000 space 1024K,   0% used [0x00000006cb600000, 0x00000006cb700000)
AC   0  F    TS     0 PTAMS 0x00000006cb700000 NTAMS 0x00000006cb700000 space 1024K,   0% used [0x00000006cb700000, 0x00000006cb800000)
AC   0  F    TS     0 PTAMS 0x00000006cb800000 NTAMS 0x00000006cb800000 space 1024K,   0% used [0x00000006cb800000, 0x00000006cb900000)
AC   0  F    TS     0 PTAMS 0x00000006cb900000 NTAMS 0x00000006cb900000 space 1024K,   0% used [0x00000006cb900000, 0x00000006cba00000)
AC   0  F    TS     0 PTAMS 0x00000006cba00000 NTAMS 0x00000006cba00000 space 1024K,   0% used [0x00000006cba00000, 0x00000006cbb00000)
AC   0  F    TS     0 PTAMS 0x00000006cbb00000 NTAMS 0x00000006cbb00000 space 1024K,   0% used [0x00000006cbb00000, 0x00000006cbc00000)
AC   0  F    TS     0 PTAMS 0x00000006cbc00000 NTAMS 0x00000006cbc00000 space 1024K,   0% used [0x00000006cbc00000, 0x00000006cbd00000)
AC   0  F    TS     0 PTAMS 0x00000006cbd00000 NTAMS 0x00000006cbd00000 space 1024K,   0% used [0x00000006cbd00000, 0x00000006cbe00000)
AC   0  F    TS     0 PTAMS 0x00000006cbe00000 NTAMS 0x00000006cbe00000 space 1024K,   0% used [0x00000006cbe00000, 0x00000006cbf00000)
AC   0  F    TS     0 PTAMS 0x00000006cbf00000 NTAMS 0x00000006cbf00000 space 1024K,   0% used [0x00000006cbf00000, 0x00000006cc000000)
AC   0  F    TS     0 PTAMS 0x00000006cc000000 NTAMS 0x00000006cc000000 space 1024K,   0% used [0x00000006cc000000, 0x00000006cc100000)
AC   0  F    TS     0 PTAMS 0x00000006cc100000 NTAMS 0x00000006cc100000 space 1024K,   0% used [0x00000006cc100000, 0x00000006cc200000)
AC   0  F    TS     0 PTAMS 0x00000006cc200000 NTAMS 0x00000006cc200000 space 1024K,   0% used [0x00000006cc200000, 0x00000006cc300000)
AC   0  F    TS     0 PTAMS 0x00000006cc300000 NTAMS 0x00000006cc300000 space 1024K,   0% used [0x00000006cc300000, 0x00000006cc400000)
AC   0  F    TS     0 PTAMS 0x00000006cc400000 NTAMS 0x00000006cc400000 space 1024K,   0% used [0x00000006cc400000, 0x00000006cc500000)
AC   0  F    TS     0 PTAMS 0x00000006cc500000 NTAMS 0x00000006cc500000 space 1024K,   0% used [0x00000006cc500000, 0x00000006cc600000)
AC   0  F    TS     0 PTAMS 0x00000006cc600000 NTAMS 0x00000006cc600000 space 1024K,   0% used [0x00000006cc600000, 0x00000006cc700000)
AC   0  F    TS     0 PTAMS 0x00000006cc700000 NTAMS 0x00000006cc700000 space 1024K,   0% used [0x00000006cc700000, 0x00000006cc800000)
AC   0  F    TS     0 PTAMS 0x00000006cc800000 NTAMS 0x00000006cc800000 space 1024K,   0% used [0x00000006cc800000, 0x00000006cc900000)
AC   0  F    TS     0 PTAMS 0x00000006cc900000 NTAMS 0x00000006cc900000 space 1024K,   0% used [0x00000006cc900000, 0x00000006cca00000)
AC   0  F    TS     0 PTAMS 0x00000006cca00000 NTAMS 0x00000006cca00000 space 1024K,   0% used [0x00000006cca00000, 0x00000006ccb00000)
AC   0  F    TS     0 PTAMS 0x00000006ccb00000 NTAMS 0x00000006ccb00000 space 1024K,   0% used [0x00000006ccb00000, 0x00000006ccc00000)
AC   0  F    TS     0 PTAMS 0x00000006ccc00000 NTAMS 0x00000006ccc00000 space 1024K,   0% used [0x00000006ccc00000, 0x00000006ccd00000)
AC   0  F    TS     0 PTAMS 0x00000006ccd00000 NTAMS 0x00000006ccd00000 space 1024K,   0% used [0x00000006ccd00000, 0x00000006cce00000)
AC   0  F    TS     0 PTAMS 0x00000006cce00000 NTAMS 0x00000006cce00000 space 1024K,   0% used [0x00000006cce00000, 0x00000006ccf00000)
AC   0  F    TS     0 PTAMS 0x00000006ccf00000 NTAMS 0x00000006ccf00000 space 1024K,   0% used [0x00000006ccf00000, 0x00000006cd000000)
AC   0  F    TS     0 PTAMS 0x00000006cd000000 NTAMS 0x00000006cd000000 space 1024K,   0% used [0x00000006cd000000, 0x00000006cd100000)
AC   0  F    TS     0 PTAMS 0x00000006cd100000 NTAMS 0x00000006cd100000 space 1024K,   0% used [0x00000006cd100000, 0x00000006cd200000)
AC   0  F    TS     0 PTAMS 0x00000006cd200000 NTAMS 0x00000006cd200000 space 1024K,   0% used [0x00000006cd200000, 0x00000006cd300000)
AC   0  F    TS     0 PTAMS 0x00000006cd300000 NTAMS 0x00000006cd300000 space 1024K,   0% used [0x00000006cd300000, 0x00000006cd400000)
AC   0  F    TS     0 PTAMS 0x00000006cd400000 NTAMS 0x00000006cd400000 space 1024K,   0% used [0x00000006cd400000, 0x00000006cd500000)
AC   0  F    TS     0 PTAMS 0x00000006cd500000 NTAMS 0x00000006cd500000 space 1024K,   0% used [0x00000006cd500000, 0x00000006cd600000)
AC   0  F    TS     0 PTAMS 0x00000006cd600000 NTAMS 0x00000006cd600000 space 1024K,   0% used [0x00000006cd600000, 0x00000006cd700000)
AC   0  F    TS     0 PTAMS 0x00000006cd700000 NTAMS 0x00000006cd700000 space 1024K,   0% used [0x00000006cd700000, 0x00000006cd800000)
AC   0  F    TS     0 PTAMS 0x00000006cd800000 NTAMS 0x00000006cd800000 space 1024K,   0% used [0x00000006cd800000, 0x00000006cd900000)
AC   0  F    TS     0 PTAMS 0x00000006cd900000 NTAMS 0x00000006cd900000 space 1024K,   0% used [0x00000006cd900000, 0x00000006cda00000)
AC   0  F    TS     0 PTAMS 0x00000006cda00000 NTAMS 0x00000006cda00000 space 1024K,   0% used [0x00000006cda00000, 0x00000006cdb00000)
AC   0  F    TS     0 PTAMS 0x00000006cdb00000 NTAMS 0x00000006cdb00000 space 1024K,   0% used [0x00000006cdb00000, 0x00000006cdc00000)
AC   0  F    TS     0 PTAMS 0x00000006cdc00000 NTAMS 0x00000006cdc00000 space 1024K,   0% used [0x00000006cdc00000, 0x00000006cdd00000)
AC   0  F    TS     0 PTAMS 0x00000006cdd00000 NTAMS 0x00000006cdd00000 space 1024K,   0% used [0x00000006cdd00000, 0x00000006cde00000)
AC   0  F    TS     0 PTAMS 0x00000006cde00000 NTAMS 0x00000006cde00000 space 1024K,   0% used [0x00000006cde00000, 0x00000006cdf00000)
AC   0  F    TS     0 PTAMS 0x00000006cdf00000 NTAMS 0x00000006cdf00000 space 1024K,   0% used [0x00000006cdf00000, 0x00000006ce000000)
AC   0  F    TS     0 PTAMS 0x00000006ce000000 NTAMS 0x00000006ce000000 space 1024K,   0% used [0x00000006ce000000, 0x00000006ce100000)
AC   0  F    TS     0 PTAMS 0x00000006ce100000 NTAMS 0x00000006ce100000 space 1024K,   0% used [0x00000006ce100000, 0x00000006ce200000)
AC   0  F    TS     0 PTAMS 0x00000006ce200000 NTAMS 0x00000006ce200000 space 1024K,   0% used [0x00000006ce200000, 0x00000006ce300000)
AC   0  F    TS     0 PTAMS 0x00000006ce300000 NTAMS 0x00000006ce300000 space 1024K,   0% used [0x00000006ce300000, 0x00000006ce400000)
AC   0  F    TS     0 PTAMS 0x00000006ce400000 NTAMS 0x00000006ce400000 space 1024K,   0% used [0x00000006ce400000, 0x00000006ce500000)
AC   0  F    TS     0 PTAMS 0x00000006ce500000 NTAMS 0x00000006ce500000 space 1024K,   0% used [0x00000006ce500000, 0x00000006ce600000)
AC   0  F    TS     0 PTAMS 0x00000006ce600000 NTAMS 0x00000006ce600000 space 1024K,   0% used [0x00000006ce600000, 0x00000006ce700000)
AC   0  F    TS     0 PTAMS 0x00000006ce700000 NTAMS 0x00000006ce700000 space 1024K,   0% used [0x00000006ce700000, 0x00000006ce800000)
AC   0  F    TS     0 PTAMS 0x00000006ce800000 NTAMS 0x00000006ce800000 space 1024K,   0% used [0x00000006ce800000, 0x00000006ce900000)
AC   0  F    TS     0 PTAMS 0x00000006ce900000 NTAMS 0x00000006ce900000 space 1024K,   0% used [0x00000006ce900000, 0x00000006cea00000)
AC   0  F    TS     0 PTAMS 0x00000006cea00000 NTAMS 0x00000006cea00000 space 1024K,   0% used [0x00000006cea00000, 0x00000006ceb00000)
AC   0  F    TS     0 PTAMS 0x00000006ceb00000 NTAMS 0x00000006ceb00000 space 1024K,   0% used [0x00000006ceb00000, 0x00000006cec00000)
AC   0  F    TS     0 PTAMS 0x00000006cec00000 NTAMS 0x00000006cec00000 space 1024K,   0% used [0x00000006cec00000, 0x00000006ced00000)
AC   0  F    TS     0 PTAMS 0x00000006ced00000 NTAMS 0x00000006ced00000 space 1024K,   0% used [0x00000006ced00000, 0x00000006cee00000)
AC   0  F    TS     0 PTAMS 0x00000006cee00000 NTAMS 0x00000006cee00000 space 1024K,   0% used [0x00000006cee00000, 0x00000006cef00000)
AC   0  F    TS     0 PTAMS 0x00000006cef00000 NTAMS 0x00000006cef00000 space 1024K,   0% used [0x00000006cef00000, 0x00000006cf000000)
AC   0  F    TS     0 PTAMS 0x00000006cf000000 NTAMS 0x00000006cf000000 space 1024K,   0% used [0x00000006cf000000, 0x00000006cf100000)
AC   0  F    TS     0 PTAMS 0x00000006cf100000 NTAMS 0x00000006cf100000 space 1024K,   0% used [0x00000006cf100000, 0x00000006cf200000)
AC   0  F    TS     0 PTAMS 0x00000006cf200000 NTAMS 0x00000006cf200000 space 1024K,   0% used [0x00000006cf200000, 0x00000006cf300000)
AC   0  F    TS     0 PTAMS 0x00000006cf300000 NTAMS 0x00000006cf300000 space 1024K,   0% used [0x00000006cf300000, 0x00000006cf400000)
AC   0  F    TS     0 PTAMS 0x00000006cf400000 NTAMS 0x00000006cf400000 space 1024K,   0% used [0x00000006cf400000, 0x00000006cf500000)
AC   0  F    TS     0 PTAMS 0x00000006cf500000 NTAMS 0x00000006cf500000 space 1024K,   0% used [0x00000006cf500000, 0x00000006cf600000)
AC   0  F    TS     0 PTAMS 0x00000006cf600000 NTAMS 0x00000006cf600000 space 1024K,   0% used [0x00000006cf600000, 0x00000006cf700000)
AC   0  F    TS     0 PTAMS 0x00000006cf700000 NTAMS 0x00000006cf700000 space 1024K,   0% used [0x00000006cf700000, 0x00000006cf800000)
AC   0  F    TS     0 PTAMS 0x00000006cf800000 NTAMS 0x00000006cf800000 space 1024K,   0% used [0x00000006cf800000, 0x00000006cf900000)
AC   0  F    TS     0 PTAMS 0x00000006cf900000 NTAMS 0x00000006cf900000 space 1024K,   0% used [0x00000006cf900000, 0x00000006cfa00000)
AC   0  F    TS     0 PTAMS 0x00000006cfa00000 NTAMS 0x00000006cfa00000 space 1024K,   0% used [0x00000006cfa00000, 0x00000006cfb00000)
AC   0  F    TS     0 PTAMS 0x00000006cfb00000 NTAMS 0x00000006cfb00000 space 1024K,   0% used [0x00000006cfb00000, 0x00000006cfc00000)
AC   0  F    TS     0 PTAMS 0x00000006cfc00000 NTAMS 0x00000006cfc00000 space 1024K,   0% used [0x00000006cfc00000, 0x00000006cfd00000)
AC   0  F    TS     0 PTAMS 0x00000006cfd00000 NTAMS 0x00000006cfd00000 space 1024K,   0% used [0x00000006cfd00000, 0x00000006cfe00000)
AC   0  F    TS     0 PTAMS 0x00000006cfe00000 NTAMS 0x00000006cfe00000 space 1024K,   0% used [0x00000006cfe00000, 0x00000006cff00000)
AC   0  F    TS     0 PTAMS 0x00000006cff00000 NTAMS 0x00000006cff00000 space 1024K,   0% used [0x00000006cff00000, 0x00000006d0000000)
AC   0  F    TS     0 PTAMS 0x00000006d0000000 NTAMS 0x00000006d0000000 space 1024K,   0% used [0x00000006d0000000, 0x00000006d0100000)
AC   0  F    TS     0 PTAMS 0x00000006d0100000 NTAMS 0x00000006d0100000 space 1024K,   0% used [0x00000006d0100000, 0x00000006d0200000)
AC   0  F    TS     0 PTAMS 0x00000006d0200000 NTAMS 0x00000006d0200000 space 1024K,   0% used [0x00000006d0200000, 0x00000006d0300000)
AC   0  F    TS     0 PTAMS 0x00000006d0300000 NTAMS 0x00000006d0300000 space 1024K,   0% used [0x00000006d0300000, 0x00000006d0400000)
AC   0  E    TS     0 PTAMS 0x00000006d0400000 NTAMS 0x00000006d0400000 space 1024K,  50% used [0x00000006d0400000, 0x00000006d0500000)
AC   0  E CS TS     0 PTAMS 0x00000006d0500000 NTAMS 0x00000006d0500000 space 1024K, 100% used [0x00000006d0500000, 0x00000006d0600000)
AC   0  E CS TS     0 PTAMS 0x00000006d0600000 NTAMS 0x00000006d0600000 space 1024K, 100% used [0x00000006d0600000, 0x00000006d0700000)
AC   0  E CS TS     0 PTAMS 0x00000006d0700000 NTAMS 0x00000006d0700000 space 1024K, 100% used [0x00000006d0700000, 0x00000006d0800000)
AC   0  E CS TS     0 PTAMS 0x00000006d0800000 NTAMS 0x00000006d0800000 space 1024K, 100% used [0x00000006d0800000, 0x00000006d0900000)
AC   0  E CS TS     0 PTAMS 0x00000006d0900000 NTAMS 0x00000006d0900000 space 1024K, 100% used [0x00000006d0900000, 0x00000006d0a00000)
AC   0  S CS TS     1 PTAMS 0x00000006d0a00000 NTAMS 0x00000006d0a00000 space 1024K, 100% used [0x00000006d0a00000, 0x00000006d0b00000)
AC   0  S CS TS     1 PTAMS 0x00000006d0b00000 NTAMS 0x00000006d0b00000 space 1024K, 100% used [0x00000006d0b00000, 0x00000006d0c00000)
AC   0  E CS TS     0 PTAMS 0x00000006d0c00000 NTAMS 0x00000006d0c00000 space 1024K, 100% used [0x00000006d0c00000, 0x00000006d0d00000)
AC   0  E CS TS     0 PTAMS 0x00000006d0d00000 NTAMS 0x00000006d0d00000 space 1024K, 100% used [0x00000006d0d00000, 0x00000006d0e00000)
AC   0  E CS TS     0 PTAMS 0x00000006d0e00000 NTAMS 0x00000006d0e00000 space 1024K, 100% used [0x00000006d0e00000, 0x00000006d0f00000)
AC   0  E CS TS     0 PTAMS 0x00000006d0f00000 NTAMS 0x00000006d0f00000 space 1024K, 100% used [0x00000006d0f00000, 0x00000006d1000000)
AC   0  E CS TS     0 PTAMS 0x00000006d1000000 NTAMS 0x00000006d1000000 space 1024K, 100% used [0x00000006d1000000, 0x00000006d1100000)
AC   0  E CS TS     0 PTAMS 0x00000006d1100000 NTAMS 0x00000006d1100000 space 1024K, 100% used [0x00000006d1100000, 0x00000006d1200000)
AC   0  E CS TS     0 PTAMS 0x00000006d1200000 NTAMS 0x00000006d1200000 space 1024K, 100% used [0x00000006d1200000, 0x00000006d1300000)
AC   0  E CS TS     0 PTAMS 0x00000006d1300000 NTAMS 0x00000006d1300000 space 1024K, 100% used [0x00000006d1300000, 0x00000006d1400000)
AC   0  E CS TS     0 PTAMS 0x00000006d1400000 NTAMS 0x00000006d1400000 space 1024K, 100% used [0x00000006d1400000, 0x00000006d1500000)
AC   0  E CS TS     0 PTAMS 0x00000006d1500000 NTAMS 0x00000006d1500000 space 1024K, 100% used [0x00000006d1500000, 0x00000006d1600000)
AC   0  E CS TS     0 PTAMS 0x00000006d1600000 NTAMS 0x00000006d1600000 space 1024K, 100% used [0x00000006d1600000, 0x00000006d1700000)
AC   0  E CS TS     0 PTAMS 0x00000006d1700000 NTAMS 0x00000006d1700000 space 1024K, 100% used [0x00000006d1700000, 0x00000006d1800000)

Card table byte_map: [0x0000000015350000,0x0000000015b50000] byte_map_base: 0x0000000011d44000

Marking Bits (Prev, Next): (CMBitMap*) 0x0000000002f4e718, (CMBitMap*) 0x0000000002f4e770
 Prev Bits: [0x0000000016350000, 0x000000001a2f0000)
 Next Bits: [0x000000001a2f0000, 0x000000001e290000)

Polling page: 0x00000000013d0000

CodeCache: size=245760Kb used=3849Kb max_used=3849Kb free=241910Kb
 bounds [0x0000000002fd0000, 0x00000000033a0000, 0x0000000011fd0000]
 total_blobs=1974 nmethods=1002 adapters=885
 compilation: enabled

Compilation events (10 events):
Event: 1.967 Thread 0x0000000022b5a000  997       3       org.barghos.math.vector.vec2.Vec2::getX (5 bytes)
Event: 1.967 Thread 0x0000000022b5a000 nmethod 997 0x0000000003393590 code [0x00000000033936e0, 0x0000000003393830]
Event: 1.967 Thread 0x0000000022b5a000 1000       1       org.barghos.math.vector.vec3.Vec3::getY (5 bytes)
Event: 1.967 Thread 0x0000000022b5a000 nmethod 1000 0x00000000033938d0 code [0x0000000003393a20, 0x0000000003393b30]
Event: 1.967 Thread 0x0000000022b5a000 1001       1       org.barghos.math.vector.vec3.Vec3::getZ (5 bytes)
Event: 1.967 Thread 0x0000000022b5a000 nmethod 1001 0x0000000003393b90 code [0x0000000003393ce0, 0x0000000003393df0]
Event: 1.967 Thread 0x0000000022b5a000 1002       1       org.barghos.math.vector.vec3.Vec3::getX (5 bytes)
Event: 1.967 Thread 0x0000000022b5a000 nmethod 1002 0x0000000003393e50 code [0x0000000003393fa0, 0x00000000033940b0]
Event: 1.967 Thread 0x0000000022b5a000  998       3       org.barghos.math.vector.vec2.Vec2::getY (5 bytes)
Event: 1.967 Thread 0x0000000022b5a000 nmethod 998 0x0000000003394110 code [0x0000000003394260, 0x00000000033943b0]

GC Heap History (2 events):
Event: 1.120 GC heap before
{Heap before GC invocations=0 (full 0):
 garbage-first heap   total 262144K, used 12288K [0x00000006c1800000, 0x00000006c1900800, 0x00000007c0000000)
  region size 1024K, 12 young (12288K), 0 survivors (0K)
 Metaspace       used 8494K, capacity 8757K, committed 8832K, reserved 1056768K
  class space    used 790K, capacity 884K, committed 896K, reserved 1048576K
Event: 1.125 GC heap after
Heap after GC invocations=1 (full 0):
 garbage-first heap   total 262144K, used 2962K [0x00000006c1800000, 0x00000006c1900800, 0x00000007c0000000)
  region size 1024K, 2 young (2048K), 2 survivors (2048K)
 Metaspace       used 8494K, capacity 8757K, committed 8832K, reserved 1056768K
  class space    used 790K, capacity 884K, committed 896K, reserved 1048576K
}

Deoptimization events (10 events):
Event: 1.795 Thread 0x0000000002ed3800 Uncommon trap: reason=unstable_if action=reinterpret pc=0x0000000003321fbc method=com.codered.resource.texture.TextureLoader.loadResource(Ljava/io/InputStream;)Lcom/codered/resource/texture/TextureData; @ 176
Event: 1.797 Thread 0x0000000002ed3800 Uncommon trap: reason=unstable_if action=reinterpret pc=0x0000000003319380 method=sun.awt.image.ByteInterleavedRaster.putByteData(IIII[B)V @ 395
Event: 1.803 Thread 0x0000000002ed3800 Uncommon trap: reason=unstable_if action=reinterpret pc=0x000000000332263c method=java.awt.image.ComponentColorModel.getRGB(Ljava/lang/Object;)I @ 4
Event: 1.803 Thread 0x0000000002ed3800 Uncommon trap: reason=unstable_if action=reinterpret pc=0x0000000003315f20 method=java.awt.image.ComponentColorModel.getAlpha(Ljava/lang/Object;)I @ 4
Event: 1.803 Thread 0x0000000002ed3800 Uncommon trap: reason=unstable_if action=reinterpret pc=0x0000000003320b10 method=java.awt.image.ComponentColorModel.extractComponent(Ljava/lang/Object;II)I @ 4
Event: 1.805 Thread 0x0000000002ed3800 Uncommon trap: reason=unstable_if action=reinterpret pc=0x000000000332b11c method=java.awt.image.ComponentColorModel.getAlpha(Ljava/lang/Object;)I @ 4
Event: 1.873 Thread 0x0000000023413800 Uncommon trap: reason=unstable_if action=reinterpret pc=0x00000000032f0140 method=java.lang.ThreadLocal.get()Ljava/lang/Object; @ 11
Event: 1.873 Thread 0x0000000023414000 Uncommon trap: reason=unstable_if action=reinterpret pc=0x00000000032f0140 method=java.lang.ThreadLocal.get()Ljava/lang/Object; @ 11
Event: 1.894 Thread 0x0000000023413800 Uncommon trap: reason=unstable_if action=reinterpret pc=0x0000000003343c1c method=java.awt.image.BufferedImage.getRGB(IIII[III)[I @ 163
Event: 1.909 Thread 0x0000000023414000 Uncommon trap: reason=unstable_if action=reinterpret pc=0x000000000334a778 method=java.awt.image.BufferedImage.getRGB(IIII[III)[I @ 163

Classes redefined (0 events):
No events

Internal exceptions (10 events):
Event: 0.194 Thread 0x0000000002ed3800 Exception <a 'java/security/PrivilegedActionException'> (0x00000006d12189e0) thrown at [C:\re\workspace\8-2-build-windows-amd64-cygwin\jdk8u171\10807\hotspot\src\share\vm\prims\jvm.cpp, line 1435]
Event: 0.194 Thread 0x0000000002ed3800 Exception <a 'java/security/PrivilegedActionException'> (0x00000006d121eb88) thrown at [C:\re\workspace\8-2-build-windows-amd64-cygwin\jdk8u171\10807\hotspot\src\share\vm\prims\jvm.cpp, line 1435]
Event: 0.194 Thread 0x0000000002ed3800 Exception <a 'java/security/PrivilegedActionException'> (0x00000006d121ed98) thrown at [C:\re\workspace\8-2-build-windows-amd64-cygwin\jdk8u171\10807\hotspot\src\share\vm\prims\jvm.cpp, line 1435]
Event: 0.287 Thread 0x0000000002ed3800 Exception <a 'java/security/PrivilegedActionException'> (0x00000006d11655b0) thrown at [C:\re\workspace\8-2-build-windows-amd64-cygwin\jdk8u171\10807\hotspot\src\share\vm\prims\jvm.cpp, line 1435]
Event: 0.287 Thread 0x0000000002ed3800 Exception <a 'java/security/PrivilegedActionException'> (0x00000006d11659a8) thrown at [C:\re\workspace\8-2-build-windows-amd64-cygwin\jdk8u171\10807\hotspot\src\share\vm\prims\jvm.cpp, line 1435]
Event: 0.983 Thread 0x0000000002ed3800 Exception <a 'sun/nio/fs/WindowsException'> (0x00000006d10dbb28) thrown at [C:\re\workspace\8-2-build-windows-amd64-cygwin\jdk8u171\10807\hotspot\src\share\vm\prims\jni.cpp, line 709]
Event: 0.983 Thread 0x0000000002ed3800 Exception <a 'sun/nio/fs/WindowsException'> (0x00000006d10dc338) thrown at [C:\re\workspace\8-2-build-windows-amd64-cygwin\jdk8u171\10807\hotspot\src\share\vm\prims\jni.cpp, line 709]
Event: 1.269 Thread 0x0000000002ed3800 Exception <a 'java/io/FileNotFoundException'> (0x00000006d1164950) thrown at [C:\re\workspace\8-2-build-windows-amd64-cygwin\jdk8u171\10807\hotspot\src\share\vm\prims\jni.cpp, line 709]
Event: 1.873 Thread 0x0000000023413800 Implicit null exception at 0x00000000032f002d to 0x00000000032f0131
Event: 1.873 Thread 0x0000000023414000 Implicit null exception at 0x00000000032f002d to 0x00000000032f0131

Events (10 events):
Event: 1.963 loading class com/codered/assimp/ModelData
Event: 1.963 loading class com/codered/assimp/ModelData done
Event: 1.963 loading class com/codered/managing/models/Mesh
Event: 1.963 loading class com/codered/managing/models/Mesh done
Event: 1.964 loading class com/codered/CodeRed
Event: 1.964 loading class com/codered/CodeRed done
Event: 1.965 loading class org/barghos/core/ListUtils
Event: 1.965 loading class org/barghos/core/ListUtils done
Event: 1.965 loading class com/codered/utils/BindingUtils
Event: 1.965 loading class com/codered/utils/BindingUtils done


Dynamic libraries:
0x00007ff711b90000 - 0x00007ff711bc7000 	C:\Program Files\Java\jdk1.8.0_171\bin\javaw.exe
0x00007fff1efc0000 - 0x00007fff1f1b0000 	C:\WINDOWS\SYSTEM32\ntdll.dll
0x00007fff1eec0000 - 0x00007fff1ef72000 	C:\WINDOWS\System32\KERNEL32.DLL
0x00007fff1cbc0000 - 0x00007fff1ce63000 	C:\WINDOWS\System32\KERNELBASE.dll
0x00007fff1d790000 - 0x00007fff1d833000 	C:\WINDOWS\System32\ADVAPI32.dll
0x00007fff1e990000 - 0x00007fff1ea2e000 	C:\WINDOWS\System32\msvcrt.dll
0x00007fff1d6f0000 - 0x00007fff1d787000 	C:\WINDOWS\System32\sechost.dll
0x00007fff1d870000 - 0x00007fff1d990000 	C:\WINDOWS\System32\RPCRT4.dll
0x00007fff1e770000 - 0x00007fff1e904000 	C:\WINDOWS\System32\USER32.dll
0x00007fff1ce70000 - 0x00007fff1ce91000 	C:\WINDOWS\System32\win32u.dll
0x00007fff1d840000 - 0x00007fff1d866000 	C:\WINDOWS\System32\GDI32.dll
0x00007fff1ced0000 - 0x00007fff1d064000 	C:\WINDOWS\System32\gdi32full.dll
0x00007fff1ca70000 - 0x00007fff1cb0e000 	C:\WINDOWS\System32\msvcp_win.dll
0x00007fff1bf50000 - 0x00007fff1c04a000 	C:\WINDOWS\System32\ucrtbase.dll
0x00007fff11380000 - 0x00007fff11605000 	C:\WINDOWS\WinSxS\amd64_microsoft.windows.common-controls_6595b64144ccf1df_6.0.18362.476_none_e6c4b11b130f2595\COMCTL32.dll
0x00007fff1e380000 - 0x00007fff1e6b6000 	C:\WINDOWS\System32\combase.dll
0x00007fff1c7d0000 - 0x00007fff1c850000 	C:\WINDOWS\System32\bcryptPrimitives.dll
0x00007fff1e130000 - 0x00007fff1e15e000 	C:\WINDOWS\System32\IMM32.DLL
0x00000000779d0000 - 0x0000000077aa2000 	C:\Program Files\Java\jdk1.8.0_171\jre\bin\msvcr100.dll
0x0000000076710000 - 0x0000000076fb0000 	C:\Program Files\Java\jdk1.8.0_171\jre\bin\server\jvm.dll
0x00007fff1ea30000 - 0x00007fff1ea38000 	C:\WINDOWS\System32\PSAPI.DLL
0x00007fff026c0000 - 0x00007fff026c9000 	C:\WINDOWS\SYSTEM32\WSOCK32.dll
0x00007fff189a0000 - 0x00007fff189c4000 	C:\WINDOWS\SYSTEM32\WINMM.dll
0x00007fff14e70000 - 0x00007fff14e7a000 	C:\WINDOWS\SYSTEM32\VERSION.dll
0x00007fff1eba0000 - 0x00007fff1ec0f000 	C:\WINDOWS\System32\WS2_32.dll
0x00007fff18970000 - 0x00007fff1899d000 	C:\WINDOWS\SYSTEM32\WINMMBASE.dll
0x00007fff1ca20000 - 0x00007fff1ca6a000 	C:\WINDOWS\System32\cfgmgr32.dll
0x0000000050000000 - 0x000000005000f000 	C:\Program Files\Java\jdk1.8.0_171\jre\bin\verify.dll
0x00000000779a0000 - 0x00000000779c9000 	C:\Program Files\Java\jdk1.8.0_171\jre\bin\java.dll
0x0000000077980000 - 0x0000000077996000 	C:\Program Files\Java\jdk1.8.0_171\jre\bin\zip.dll
0x00007fff1da40000 - 0x00007fff1e125000 	C:\WINDOWS\System32\SHELL32.dll
0x00007fff1d990000 - 0x00007fff1da39000 	C:\WINDOWS\System32\shcore.dll
0x00007fff1c050000 - 0x00007fff1c7ce000 	C:\WINDOWS\System32\windows.storage.dll
0x00007fff1bf30000 - 0x00007fff1bf4f000 	C:\WINDOWS\System32\profapi.dll
0x00007fff1bec0000 - 0x00007fff1bf0a000 	C:\WINDOWS\System32\powrprof.dll
0x00007fff1be90000 - 0x00007fff1bea0000 	C:\WINDOWS\System32\UMPDC.dll
0x00007fff1e1e0000 - 0x00007fff1e232000 	C:\WINDOWS\System32\shlwapi.dll
0x00007fff1bea0000 - 0x00007fff1beb1000 	C:\WINDOWS\System32\kernel.appcore.dll
0x00007fff1c9a0000 - 0x00007fff1c9b7000 	C:\WINDOWS\System32\cryptsp.dll
0x0000000077960000 - 0x000000007797a000 	C:\Program Files\Java\jdk1.8.0_171\jre\bin\net.dll
0x00007fff1b700000 - 0x00007fff1b767000 	C:\WINDOWS\system32\mswsock.dll
0x0000000077940000 - 0x0000000077951000 	C:\Program Files\Java\jdk1.8.0_171\jre\bin\nio.dll
0x00007ffef0ab0000 - 0x00007ffef0b22000 	C:\Users\florian\AppData\Local\Temp\lwjglflorian\3.2.2-build-10\lwjgl.dll
0x00007ffef2470000 - 0x00007ffef24ce000 	C:\Users\florian\AppData\Local\Temp\lwjglflorian\3.2.2-build-10\glfw.dll
0x00007fff1a150000 - 0x00007fff1a1e9000 	C:\WINDOWS\system32\uxtheme.dll
0x00007ffef2770000 - 0x00007ffef27b3000 	C:\WINDOWS\SYSTEM32\dinput8.dll
0x00007fff18a60000 - 0x00007fff18a71000 	C:\WINDOWS\SYSTEM32\xinput1_4.dll
0x00007fff1bc90000 - 0x00007fff1bcba000 	C:\WINDOWS\SYSTEM32\DEVOBJ.dll
0x00007fff1a610000 - 0x00007fff1a63d000 	C:\WINDOWS\SYSTEM32\dwmapi.dll
0x00007fff10790000 - 0x00007fff108aa000 	C:\WINDOWS\SYSTEM32\inputhost.dll
0x00007fff19e00000 - 0x00007fff19ed4000 	C:\WINDOWS\SYSTEM32\CoreMessaging.dll
0x00007fff175f0000 - 0x00007fff17743000 	C:\WINDOWS\SYSTEM32\wintypes.dll
0x00007fff16570000 - 0x00007fff1689a000 	C:\WINDOWS\SYSTEM32\CoreUIComponents.dll
0x00007fff18080000 - 0x00007fff1816f000 	C:\WINDOWS\SYSTEM32\PROPSYS.dll
0x00007fff1ec90000 - 0x00007fff1ed54000 	C:\WINDOWS\System32\OLEAUT32.dll
0x00007fff1aed0000 - 0x00007fff1af01000 	C:\WINDOWS\SYSTEM32\ntmarta.dll
0x00007fff1e240000 - 0x00007fff1e376000 	C:\WINDOWS\System32\MSCTF.dll
0x00007fff1aa80000 - 0x00007fff1aa8e000 	C:\WINDOWS\SYSTEM32\HID.DLL
0x00007fff1d070000 - 0x00007fff1d4e0000 	C:\WINDOWS\System32\SETUPAPI.DLL
0x00007fff1cea0000 - 0x00007fff1cec6000 	C:\WINDOWS\System32\bcrypt.dll
0x00007fff1c9c0000 - 0x00007fff1ca1c000 	C:\WINDOWS\System32\WINTRUST.dll
0x00007fff1bf10000 - 0x00007fff1bf22000 	C:\WINDOWS\System32\MSASN1.dll
0x00007fff1c850000 - 0x00007fff1c999000 	C:\WINDOWS\System32\CRYPT32.dll
0x00007ffee9cc0000 - 0x00007ffee9e16000 	C:\WINDOWS\SYSTEM32\opengl32.dll
0x00007fff0b9b0000 - 0x00007fff0b9dc000 	C:\WINDOWS\SYSTEM32\GLU32.dll
0x00007fff1aae0000 - 0x00007fff1ab00000 	C:\WINDOWS\SYSTEM32\dxcore.dll
0x00000000740d0000 - 0x0000000076709000 	C:\WINDOWS\System32\DriverStore\FileRepository\nv_dispi.inf_amd64_830a0263f2ee97ce\nvoglv64.dll
0x00007fff1ed60000 - 0x00007fff1eeb6000 	C:\WINDOWS\System32\ole32.dll
0x00007fff17d10000 - 0x00007fff17d23000 	C:\WINDOWS\SYSTEM32\WTSAPI32.dll
0x00007fff1af40000 - 0x00007fff1af9c000 	C:\WINDOWS\SYSTEM32\WINSTA.dll
0x00007fff108b0000 - 0x00007fff1094e000 	C:\WINDOWS\System32\TextInputFramework.dll
0x00007fff0ee30000 - 0x00007fff0f0d6000 	C:\WINDOWS\System32\iertutil.dll
0x00007fff11280000 - 0x00007fff112e5000 	C:\WINDOWS\system32\Oleacc.dll
0x00007ffef0a50000 - 0x00007ffef0aa8000 	C:\Users\florian\AppData\Local\Temp\lwjglflorian\3.2.2-build-10\lwjgl_opengl.dll
0x0000000073f30000 - 0x00000000740c8000 	C:\Program Files\Java\jdk1.8.0_171\jre\bin\awt.dll
0x00007fff1a010000 - 0x00007fff1a09f000 	C:\WINDOWS\SYSTEM32\apphelp.dll
0x00007fff1b270000 - 0x00007fff1b2a3000 	C:\WINDOWS\system32\rsaenh.dll
0x00007fff1bdb0000 - 0x00007fff1bdd5000 	C:\WINDOWS\SYSTEM32\USERENV.dll
0x00007fff1b8d0000 - 0x00007fff1b8dc000 	C:\WINDOWS\SYSTEM32\CRYPTBASE.dll
0x00007fff1b410000 - 0x00007fff1b44a000 	C:\WINDOWS\SYSTEM32\IPHLPAPI.DLL
0x00007fff1ea40000 - 0x00007fff1ea48000 	C:\WINDOWS\System32\NSI.dll
0x00007fff15ce0000 - 0x00007fff15cf6000 	C:\WINDOWS\SYSTEM32\dhcpcsvc6.DLL
0x00007fff15f80000 - 0x00007fff15f9c000 	C:\WINDOWS\SYSTEM32\dhcpcsvc.DLL
0x00007fff1b450000 - 0x00007fff1b51a000 	C:\WINDOWS\SYSTEM32\DNSAPI.dll
0x00007ffee5f90000 - 0x00007ffee6664000 	C:\Users\florian\AppData\Local\Temp\lwjglflorian\3.2.2-build-10\assimp.dll
0x00007fff06650000 - 0x00007fff06844000 	C:\WINDOWS\SYSTEM32\dbghelp.dll

VM Arguments:
jvm_args: -da -XX:+UseG1GC -Dfile.encoding=UTF-8 
java_command: com.codered.demo.Main
java_class_path (initial): G:\picatrix1899_portable\workspace\git\CodeRed3\CodeRedDemo\target\classes;G:\picatrix1899_portable\workspace\git\CodeRed3\CodeRed\target\classes;C:\Users\florian\.m2\repository\org\lwjgl\lwjgl-assimp\3.2.2\lwjgl-assimp-3.2.2.jar;C:\Users\florian\.m2\repository\org\lwjgl\lwjgl-assimp\3.2.2\lwjgl-assimp-3.2.2-natives-windows.jar;C:\Users\florian\.m2\repository\org\apache\poi\poi-ooxml\4.1.0\poi-ooxml-4.1.0.jar;C:\Users\florian\.m2\repository\org\apache\poi\poi\4.1.0\poi-4.1.0.jar;C:\Users\florian\.m2\repository\commons-codec\commons-codec\1.12\commons-codec-1.12.jar;C:\Users\florian\.m2\repository\org\apache\commons\commons-collections4\4.3\commons-collections4-4.3.jar;C:\Users\florian\.m2\repository\org\apache\commons\commons-math3\3.6.1\commons-math3-3.6.1.jar;C:\Users\florian\.m2\repository\org\apache\poi\poi-ooxml-schemas\4.1.0\poi-ooxml-schemas-4.1.0.jar;C:\Users\florian\.m2\repository\org\apache\xmlbeans\xmlbeans\3.1.0\xmlbeans-3.1.0.jar;C:\Users\florian\.m2\repository\org\apache\commons\commons-compress\1.18\commons-compress-1.18.jar;C:\Users\florian\.m2\repository\com\github\virtuald\curvesapi\1.06\curvesapi-1.06.jar;C:\Users\florian\.m2\repository\org\json\json\20180813\json-20180813.jar;C:\Users\florian\.m2\repository\org\lwjgl\lwjgl\3.2.2\lwjgl-3.2.2.jar;C:\Users\florian\.m2\repository\org\lwjgl\lwjgl\3.2.2\lwjgl-3.2.2-natives-windows.jar;C:\Users\florian\.m2\repository\org\lwjgl\lwjgl-opengl\3.2.2\lwjgl-opengl-3.2.2.jar;C:\Users\florian\.m2\repository\org\lwjgl\lwjgl-opengl\3.2.2\lwjgl-opengl-3.2.2-natives-windows.jar;C:\Users\florian\.m2\repository\org\lwjgl\lwjgl-glfw\3.2.2\lwjgl-glfw-3.2.2.jar;C:\Users\florian\.m2\repository\org\lwjgl\lwjgl-glfw\3.2.2\lwjgl-glfw-3.2.2-natives-windows.jar;G:\picatrix1899_portable\workspace\git\barghos\barghos-core\target\classes;G:\picatrix1899_portable\workspace\git\barghos\barghos-math\target\classes;G:\picatrix1899_portable\workspace\git\barghos\barghos-structs\target\classes
Launcher Type: SUN_STANDARD

Environment Variables:
JAVA_HOME=C:\Program Files\Java\jdk1.8.0_171
USERNAME=florian
OS=Windows_NT
PROCESSOR_IDENTIFIER=Intel64 Family 6 Model 79 Stepping 1, GenuineIntel



---------------  S Y S T E M  ---------------

OS: Windows 10.0 , 64 bit Build 18362 (10.0.18362.329)

CPU:total 12 (initial active 12) (6 cores per cpu, 2 threads per core) family 6 model 79 stepping 1, cmov, cx8, fxsr, mmx, sse, sse2, sse3, ssse3, sse4.1, sse4.2, popcnt, avx, avx2, aes, clmul, erms, rtm, 3dnowpref, lzcnt, ht, tsc, tscinvbit, bmi1, bmi2, adx

Memory: 4k page, physical 16673432k(8844560k free), swap 27159192k(8465648k free)

vm_info: Java HotSpot(TM) 64-Bit Server VM (25.171-b11) for windows-amd64 JRE (1.8.0_171-b11), built on Mar 28 2018 16:06:12 by "java_re" with MS VC++ 10.0 (VS2010)

time: Sat Dec 14 00:13:49 2019
elapsed time: 2 seconds (0d 0h 0m 2s)

