#
# A fatal error has been detected by the Java Runtime Environment:
#
#  EXCEPTION_ACCESS_VIOLATION (0xc0000005) at pc=0x00007ffa10a34518, pid=12580, tid=0x0000000000002a2c
#
# JRE version: Java(TM) SE Runtime Environment (8.0_121-b13) (build 1.8.0_121-b13)
# Java VM: Java HotSpot(TM) 64-Bit Server VM (25.121-b13 mixed mode windows-amd64 compressed oops)
# Problematic frame:
# C  [glfw.dll+0x4518]
#
# Failed to write core dump. Minidumps are not enabled by default on client versions of Windows
#
# If you would like to submit a bug report, please visit:
#   http://bugreport.java.com/bugreport/crash.jsp
# The crash happened outside the Java Virtual Machine in native code.
# See problematic frame for where to report the bug.
#

---------------  T H R E A D  ---------------

Current thread (0x000000002128b000):  JavaThread "Thread-0" [_thread_in_native, id=10796, stack(0x0000000022840000,0x0000000022940000)]

siginfo: ExceptionCode=0xc0000005, reading address 0x0000000000000000

Registers:
RAX=0x0000000000000000, RBX=0x00000000025ef310, RCX=0x0000000000000000, RDX=0x0000000000000000
RSP=0x000000002293ea60, RBP=0x000000002293eaf0, RSI=0x0000000000000108, RDI=0x0000000000000037
R8 =0x0000000000000000, R9 =0x0000000000000000, R10=0x00007ffa147c1b10, R11=0x00000000025ef5b0
R12=0x0000000000000000, R13=0x000000002293eb10, R14=0x000000002293eae0, R15=0x000000002128b000
RIP=0x00007ffa10a34518, EFLAGS=0x0000000000010287

Top of Stack: (sp=0x000000002293ea60)
0x000000002293ea60:   00000000025ef310 00000000043e7b75
0x000000002293ea70:   000000002293eac8 00000000043e7b75
0x000000002293ea80:   000000001d9ceff0 00000000047d65ca
0x000000002293ea90:   000000001da200d9 000000002293eae8
0x000000002293eaa0:   000000001da20190 0000000000000000
0x000000002293eab0:   000000001da20118 0000000000000000
0x000000002293eac0:   000000002293eae8 000000002293eb30
0x000000002293ead0:   00000000043e835d 000000076e686648
0x000000002293eae0:   000000076b34ba10 000000076b44d840
0x000000002293eaf0:   000000002293eb70 00000000043e835d
0x000000002293eb00:   000000002293eb40 00000000043e835d
0x000000002293eb10:   00000000025ef310 000000001da1e3b8
0x000000002293eb20:   00007ffa10a344b0 000000002293eb40
0x000000002293eb30:   000000002293eb30 000000001d90ee26
0x000000002293eb40:   000000002293eb98 000000001d918fe0
0x000000002293eb50:   0000000000000000 000000001d90ee50 

Instructions: (pc=0x00007ffa10a34518)
0x00007ffa10a344f8:   e8 33 d7 ff ff 48 8b cb e8 9b 39 00 00 48 39 1d
0x00007ffa10a34508:   cc 1a 03 00 48 8d 05 c5 1a 03 00 74 08 48 8b 00
0x00007ffa10a34518:   48 39 18 75 f8 48 8b 0b 48 89 08 48 8b cb 48 83
0x00007ffa10a34528:   c4 20 5b e9 9c 0f 01 00 48 83 c4 20 5b c3 cc cc 


Register to memory mapping:

RAX=0x0000000000000000 is an unknown value
RBX=0x00000000025ef310 is an unknown value
RCX=0x0000000000000000 is an unknown value
RDX=0x0000000000000000 is an unknown value
RSP=0x000000002293ea60 is pointing into the stack for thread: 0x000000002128b000
RBP=0x000000002293eaf0 is pointing into the stack for thread: 0x000000002128b000
RSI=0x0000000000000108 is an unknown value
RDI=0x0000000000000037 is an unknown value
R8 =0x0000000000000000 is an unknown value
R9 =0x0000000000000000 is an unknown value
R10=0x00007ffa147c1b10 is an unknown value
R11=0x00000000025ef5b0 is an unknown value
R12=0x0000000000000000 is an unknown value
R13=0x000000002293eb10 is pointing into the stack for thread: 0x000000002128b000
R14=0x000000002293eae0 is pointing into the stack for thread: 0x000000002128b000
R15=0x000000002128b000 is a thread


Stack: [0x0000000022840000,0x0000000022940000],  sp=0x000000002293ea60,  free space=1018k
Native frames: (J=compiled Java code, j=interpreted, Vv=VM code, C=native code)
C  [glfw.dll+0x4518]
C  0x00000000047d65ca

Java frames: (J=compiled Java code, j=interpreted, Vv=VM code)
J 999  org.lwjgl.system.JNI.invokePV(JJ)V (0 bytes) @ 0x00000000047d6544 [0x00000000047d6500+0x44]
j  org.lwjgl.glfw.GLFW.glfwDestroyWindow(J)V+6
j  com.codered.engine.window.Window.internalRelease()V+29
j  com.codered.engine.window.WindowManager.end()V+21
J 1001 C1 com.codered.engine.window.Window.update(D)V (42 bytes) @ 0x00000000047d5614 [0x00000000047d51c0+0x454]
J 846% C2 com.codered.engine.window.WindowTickRoutine.run()V (194 bytes) @ 0x00000000047748d0 [0x0000000004774820+0xb0]
j  java.lang.Thread.run()V+11
v  ~StubRoutines::call_stub

---------------  P R O C E S S  ---------------

Java Threads: ( => current thread )
  0x0000000021873000 JavaThread "Java2D Disposer" daemon [_thread_blocked, id=6404, stack(0x00000000289e0000,0x0000000028ae0000)]
  0x00000000042e2800 JavaThread "DestroyJavaVM" [_thread_blocked, id=9740, stack(0x00000000041e0000,0x00000000042e0000)]
=>0x000000002128b000 JavaThread "Thread-0" [_thread_in_native, id=10796, stack(0x0000000022840000,0x0000000022940000)]
  0x000000001feb0000 JavaThread "Service Thread" daemon [_thread_blocked, id=12976, stack(0x0000000020b10000,0x0000000020c10000)]
  0x000000001fe28800 JavaThread "C1 CompilerThread3" daemon [_thread_blocked, id=820, stack(0x0000000020a10000,0x0000000020b10000)]
  0x000000001fe23800 JavaThread "C2 CompilerThread2" daemon [_thread_blocked, id=11208, stack(0x0000000020910000,0x0000000020a10000)]
  0x000000001fe21800 JavaThread "C2 CompilerThread1" daemon [_thread_blocked, id=4180, stack(0x0000000020810000,0x0000000020910000)]
  0x000000001fe1d000 JavaThread "C2 CompilerThread0" daemon [_thread_blocked, id=7756, stack(0x0000000020710000,0x0000000020810000)]
  0x000000001fe19800 JavaThread "Attach Listener" daemon [_thread_blocked, id=376, stack(0x0000000020610000,0x0000000020710000)]
  0x000000001defe800 JavaThread "Signal Dispatcher" daemon [_thread_blocked, id=12576, stack(0x0000000020510000,0x0000000020610000)]
  0x00000000043d9000 JavaThread "Finalizer" daemon [_thread_blocked, id=4212, stack(0x00000000201f0000,0x00000000202f0000)]
  0x00000000043d6000 JavaThread "Reference Handler" daemon [_thread_blocked, id=8252, stack(0x000000001fcf0000,0x000000001fdf0000)]

Other Threads:
  0x000000001dee6800 VMThread [stack: 0x000000001fbf0000,0x000000001fcf0000] [id=6512]
  0x000000001fedb800 WatcherThread [stack: 0x0000000020fc0000,0x00000000210c0000] [id=7276]

VM state:not at safepoint (normal execution)

VM Mutex/Monitor currently owned by a thread: None

Heap:
 PSYoungGen      total 76288K, used 64066K [0x000000076ae00000, 0x0000000770300000, 0x00000007c0000000)
  eden space 65536K, 97% used [0x000000076ae00000,0x000000076ec90b90,0x000000076ee00000)
  from space 10752K, 0% used [0x000000076f880000,0x000000076f880000,0x0000000770300000)
  to   space 10752K, 0% used [0x000000076ee00000,0x000000076ee00000,0x000000076f880000)
 ParOldGen       total 175104K, used 0K [0x00000006c0a00000, 0x00000006cb500000, 0x000000076ae00000)
  object space 175104K, 0% used [0x00000006c0a00000,0x00000006c0a00000,0x00000006cb500000)
 Metaspace       used 10952K, capacity 11221K, committed 11392K, reserved 1058816K
  class space    used 971K, capacity 1062K, committed 1152K, reserved 1048576K

Card table byte_map: [0x00000000137a0000,0x0000000013fa0000] byte_map_base: 0x000000001019b000

Marking Bits: (ParMarkBitMap*) 0x0000000051d1b6d0
 Begin Bits: [0x0000000014d00000, 0x0000000018cd8000)
 End Bits:   [0x0000000018cd8000, 0x000000001ccb0000)

Polling page: 0x0000000002560000

CodeCache: size=245760Kb used=4047Kb max_used=4056Kb free=241712Kb
 bounds [0x00000000043e0000, 0x00000000047e0000, 0x00000000133e0000]
 total_blobs=1868 nmethods=1007 adapters=774
 compilation: enabled

Compilation events (10 events):
Event: 7.361 Thread 0x000000001fe28800 nmethod 1000 0x00000000047d6090 code [0x00000000047d61e0, 0x00000000047d6310]
Event: 7.377 Thread 0x000000001fe28800 1001       3       com.codered.engine.window.Window::update (42 bytes)
Event: 7.378 Thread 0x000000001fe28800 nmethod 1001 0x00000000047d4f90 code [0x00000000047d51c0, 0x00000000047d5af8]
Event: 7.378 Thread 0x000000001fe28800 1002       3       org.lwjgl.glfw.GLFW::glfwPollEvents (12 bytes)
Event: 7.378 Thread 0x000000001fe28800 nmethod 1002 0x00000000047d4b90 code [0x00000000047d4d00, 0x00000000047d4ec8]
Event: 7.378 Thread 0x000000001fe28800 1003       3       org.lwjgl.glfw.GLFW::glfwSwapBuffers (21 bytes)
Event: 7.378 Thread 0x000000001fe28800 nmethod 1003 0x00000000047d4590 code [0x00000000047d4720, 0x00000000047d49f8]
Event: 7.797 Thread 0x000000001fe23800 1006       4       org.lwjgl.opengl.GL::getCapabilities (25 bytes)
Event: 7.798 Thread 0x000000001fe23800 nmethod 1006 0x00000000047d3a90 code [0x00000000047d3be0, 0x00000000047d3c78]
Event: 7.894 Thread 0x000000001fe28800 1007       3       java.util.HashMap$HashIterator::nextNode (100 bytes)

GC Heap History (0 events):
No events

Deoptimization events (10 events):
Event: 2.490 Thread 0x000000002129d800 Uncommon trap: reason=predicate action=maybe_recompile pc=0x00000000046f658c method=java.util.AbstractCollection.toArray([Ljava/lang/Object;)[Ljava/lang/Object; @ 49
Event: 2.600 Thread 0x000000002128b000 Uncommon trap: reason=unstable_if action=reinterpret pc=0x000000000473b07c method=java.awt.image.ComponentColorModel.getRGB(Ljava/lang/Object;)I @ 4
Event: 2.600 Thread 0x000000002128b000 Uncommon trap: reason=unstable_if action=reinterpret pc=0x00000000047235a0 method=java.awt.image.ComponentColorModel.getAlpha(Ljava/lang/Object;)I @ 4
Event: 2.600 Thread 0x000000002128b000 Uncommon trap: reason=unstable_if action=reinterpret pc=0x0000000004727810 method=java.awt.image.ComponentColorModel.extractComponent(Ljava/lang/Object;II)I @ 4
Event: 2.603 Thread 0x000000002128b000 Uncommon trap: reason=unstable_if action=reinterpret pc=0x0000000004746f54 method=java.awt.image.ComponentColorModel.getAlpha(Ljava/lang/Object;)I @ 4
Event: 2.636 Thread 0x000000002129d800 Uncommon trap: reason=unstable_if action=reinterpret pc=0x000000000475ddbc method=com.codered.engine.managing.loader.TextureLoader.loadTexture(Ljava/lang/String;)Lcom/codered/engine/managing/loader/data/TextureData; @ 191
Event: 2.658 Thread 0x000000002128b000 Uncommon trap: reason=unstable_if action=reinterpret pc=0x00000000047632fc method=java.awt.image.BufferedImage.getRGB(IIII[III)[I @ 163
Event: 2.697 Thread 0x000000002129d800 Uncommon trap: reason=unstable_if action=reinterpret pc=0x000000000476bd18 method=com.codered.engine.window.WindowTickRoutine.run()V @ 161
Event: 2.724 Thread 0x000000002128b000 Uncommon trap: reason=unstable_if action=reinterpret pc=0x000000000476bd18 method=com.codered.engine.window.WindowTickRoutine.run()V @ 161
Event: 7.894 Thread 0x000000002129d800 Uncommon trap: reason=unstable_if action=reinterpret pc=0x00000000047749c0 method=com.codered.engine.window.WindowTickRoutine.run()V @ 190

Internal exceptions (10 events):
Event: 0.063 Thread 0x00000000042e2800 Exception <a 'java/io/FileNotFoundException'> (0x000000076ae6ecf0) thrown at [C:\re\workspace\8-2-build-windows-amd64-cygwin\jdk8u121\8372\hotspot\src\share\vm\prims\jni.cpp, line 709]
Event: 0.105 Thread 0x00000000042e2800 Exception <a 'java/security/PrivilegedActionException'> (0x000000076b0df060) thrown at [C:\re\workspace\8-2-build-windows-amd64-cygwin\jdk8u121\8372\hotspot\src\share\vm\prims\jvm.cpp, line 1390]
Event: 0.105 Thread 0x00000000042e2800 Exception <a 'java/security/PrivilegedActionException'> (0x000000076b0df270) thrown at [C:\re\workspace\8-2-build-windows-amd64-cygwin\jdk8u121\8372\hotspot\src\share\vm\prims\jvm.cpp, line 1390]
Event: 0.106 Thread 0x00000000042e2800 Exception <a 'java/security/PrivilegedActionException'> (0x000000076b0e2ee0) thrown at [C:\re\workspace\8-2-build-windows-amd64-cygwin\jdk8u121\8372\hotspot\src\share\vm\prims\jvm.cpp, line 1390]
Event: 0.106 Thread 0x00000000042e2800 Exception <a 'java/security/PrivilegedActionException'> (0x000000076b0e30f0) thrown at [C:\re\workspace\8-2-build-windows-amd64-cygwin\jdk8u121\8372\hotspot\src\share\vm\prims\jvm.cpp, line 1390]
Event: 0.136 Thread 0x00000000042e2800 Exception <a 'java/lang/NoSuchFieldError': method resolution failed> (0x000000076b1cc8e0) thrown at [C:\re\workspace\8-2-build-windows-amd64-cygwin\jdk8u121\8372\hotspot\src\share\vm\prims\methodHandles.cpp, line 1146]
Event: 0.137 Thread 0x00000000042e2800 Exception <a 'java/lang/NoSuchFieldError': method resolution failed> (0x000000076b1da0e8) thrown at [C:\re\workspace\8-2-build-windows-amd64-cygwin\jdk8u121\8372\hotspot\src\share\vm\prims\methodHandles.cpp, line 1146]
Event: 2.122 Thread 0x000000002128b000 Exception <a 'sun/nio/fs/WindowsException'> (0x000000076b8617b0) thrown at [C:\re\workspace\8-2-build-windows-amd64-cygwin\jdk8u121\8372\hotspot\src\share\vm\prims\jni.cpp, line 709]
Event: 2.123 Thread 0x000000002128b000 Exception <a 'sun/nio/fs/WindowsException'> (0x000000076b862c48) thrown at [C:\re\workspace\8-2-build-windows-amd64-cygwin\jdk8u121\8372\hotspot\src\share\vm\prims\jni.cpp, line 709]
Event: 2.486 Thread 0x000000002128b000 Exception <a 'java/io/FileNotFoundException'> (0x000000076ce7e200) thrown at [C:\re\workspace\8-2-build-windows-amd64-cygwin\jdk8u121\8372\hotspot\src\share\vm\prims\jni.cpp, line 709]

Events (10 events):
Event: 2.723 Thread 0x000000002129d800 DEOPT UNPACKING pc=0x000000000442787f sp=0x0000000022a3f408 mode 0
Event: 2.724 Thread 0x000000002128b000 Uncommon trap: trap_request=0xffffff65 fr.pc=0x000000000476bd18
Event: 2.724 Thread 0x000000002128b000 DEOPT PACKING pc=0x000000000476bd18 sp=0x000000002293ed20
Event: 2.724 Thread 0x000000002128b000 DEOPT UNPACKING pc=0x000000000442582a sp=0x000000002293ec98 mode 2
Event: 4.068 Executing VM operation: EnableBiasedLocking
Event: 4.068 Executing VM operation: EnableBiasedLocking done
Event: 7.894 Thread 0x000000002129d800 Uncommon trap: trap_request=0xffffff65 fr.pc=0x00000000047749c0
Event: 7.894 Thread 0x000000002129d800 DEOPT PACKING pc=0x00000000047749c0 sp=0x0000000022a3f720
Event: 7.894 Thread 0x000000002129d800 DEOPT UNPACKING pc=0x000000000442582a sp=0x0000000022a3f698 mode 2
Event: 7.894 Thread 0x000000002129d800 Thread exited: 0x000000002129d800


Dynamic libraries:
0x00007ff602ec0000 - 0x00007ff602ef7000 	C:\Program Files\Java\jre1.8.0_121\bin\javaw.exe
0x00007ffa30620000 - 0x00007ffa30800000 	C:\WINDOWS\SYSTEM32\ntdll.dll
0x00007ffa2fe20000 - 0x00007ffa2fece000 	C:\WINDOWS\System32\KERNEL32.DLL
0x00007ffa2d880000 - 0x00007ffa2dae6000 	C:\WINDOWS\System32\KERNELBASE.dll
0x00007ffa2f880000 - 0x00007ffa2f921000 	C:\WINDOWS\System32\ADVAPI32.dll
0x00007ffa2f450000 - 0x00007ffa2f4ed000 	C:\WINDOWS\System32\msvcrt.dll
0x00007ffa2fa00000 - 0x00007ffa2fa5b000 	C:\WINDOWS\System32\sechost.dll
0x00007ffa2f560000 - 0x00007ffa2f67f000 	C:\WINDOWS\System32\RPCRT4.dll
0x00007ffa2de30000 - 0x00007ffa2dfbf000 	C:\WINDOWS\System32\USER32.dll
0x00007ffa2d690000 - 0x00007ffa2d6b0000 	C:\WINDOWS\System32\win32u.dll
0x00007ffa2ddf0000 - 0x00007ffa2de18000 	C:\WINDOWS\System32\GDI32.dll
0x00007ffa2d270000 - 0x00007ffa2d403000 	C:\WINDOWS\System32\gdi32full.dll
0x00007ffa2d5f0000 - 0x00007ffa2d68b000 	C:\WINDOWS\System32\msvcp_win.dll
0x00007ffa2ca20000 - 0x00007ffa2cb16000 	C:\WINDOWS\System32\ucrtbase.dll
0x00007ffa18d20000 - 0x00007ffa18f89000 	C:\WINDOWS\WinSxS\amd64_microsoft.windows.common-controls_6595b64144ccf1df_6.0.16299.371_none_15c7d1789365a290\COMCTL32.dll
0x00007ffa2fb10000 - 0x00007ffa2fe18000 	C:\WINDOWS\System32\combase.dll
0x00007ffa2d520000 - 0x00007ffa2d592000 	C:\WINDOWS\System32\bcryptPrimitives.dll
0x00007ffa2f420000 - 0x00007ffa2f44d000 	C:\WINDOWS\System32\IMM32.DLL
0x0000000051e00000 - 0x0000000051ed2000 	C:\Program Files\Java\jre1.8.0_121\bin\msvcr100.dll
0x0000000051500000 - 0x0000000051d9b000 	C:\Program Files\Java\jre1.8.0_121\bin\server\jvm.dll
0x00007ffa2fa60000 - 0x00007ffa2fa68000 	C:\WINDOWS\System32\PSAPI.DLL
0x00007ffa27990000 - 0x00007ffa2799a000 	C:\WINDOWS\SYSTEM32\VERSION.dll
0x00007ffa29c30000 - 0x00007ffa29c53000 	C:\WINDOWS\SYSTEM32\WINMM.dll
0x00007ffa1fb10000 - 0x00007ffa1fb19000 	C:\WINDOWS\SYSTEM32\WSOCK32.dll
0x00007ffa300d0000 - 0x00007ffa3013c000 	C:\WINDOWS\System32\WS2_32.dll
0x00007ffa29bd0000 - 0x00007ffa29bfa000 	C:\WINDOWS\SYSTEM32\WINMMBASE.dll
0x00007ffa2d5a0000 - 0x00007ffa2d5ea000 	C:\WINDOWS\System32\cfgmgr32.dll
0x00000000514f0000 - 0x00000000514ff000 	C:\Program Files\Java\jre1.8.0_121\bin\verify.dll
0x00000000514c0000 - 0x00000000514e9000 	C:\Program Files\Java\jre1.8.0_121\bin\java.dll
0x00000000514a0000 - 0x00000000514b6000 	C:\Program Files\Java\jre1.8.0_121\bin\zip.dll
0x00007ffa2dfe0000 - 0x00007ffa2f416000 	C:\WINDOWS\System32\SHELL32.dll
0x00007ffa30020000 - 0x00007ffa300c6000 	C:\WINDOWS\System32\shcore.dll
0x00007ffa2cb20000 - 0x00007ffa2d267000 	C:\WINDOWS\System32\windows.storage.dll
0x00007ffa30590000 - 0x00007ffa305e1000 	C:\WINDOWS\System32\shlwapi.dll
0x00007ffa2c9e0000 - 0x00007ffa2c9f1000 	C:\WINDOWS\System32\kernel.appcore.dll
0x00007ffa2c990000 - 0x00007ffa2c9dc000 	C:\WINDOWS\System32\powrprof.dll
0x00007ffa2c970000 - 0x00007ffa2c98b000 	C:\WINDOWS\System32\profapi.dll
0x0000000051480000 - 0x000000005149a000 	C:\Program Files\Java\jre1.8.0_121\bin\net.dll
0x00007ffa2beb0000 - 0x00007ffa2bf16000 	C:\WINDOWS\system32\mswsock.dll
0x0000000051460000 - 0x0000000051471000 	C:\Program Files\Java\jre1.8.0_121\bin\nio.dll
0x00007ffa147c0000 - 0x00007ffa14815000 	C:\Users\necrostyle1\AppData\Local\Temp\lwjglnecrostyle1\3.1.0-build-40\lwjgl.dll
0x00007ffa10a30000 - 0x00007ffa10a6c000 	C:\Users\necrostyle1\AppData\Local\Temp\lwjglnecrostyle1\3.1.0-build-40\glfw.dll
0x00007ffa2c070000 - 0x00007ffa2c07b000 	C:\WINDOWS\SYSTEM32\CRYPTBASE.DLL
0x00007ffa2a3e0000 - 0x00007ffa2a475000 	C:\WINDOWS\system32\uxtheme.dll
0x00007ffa109e0000 - 0x00007ffa10a23000 	C:\WINDOWS\SYSTEM32\dinput8.dll
0x00007ffa22260000 - 0x00007ffa22270000 	C:\WINDOWS\SYSTEM32\xinput1_4.dll
0x00007ffa2c780000 - 0x00007ffa2c7a7000 	C:\WINDOWS\SYSTEM32\DEVOBJ.dll
0x00007ffa26d40000 - 0x00007ffa26d6e000 	C:\WINDOWS\SYSTEM32\inputhost.dll
0x00007ffa27070000 - 0x00007ffa2735e000 	C:\WINDOWS\SYSTEM32\CoreUIComponents.dll
0x00007ffa28fb0000 - 0x00007ffa2908c000 	C:\WINDOWS\SYSTEM32\CoreMessaging.dll
0x00007ffa2b710000 - 0x00007ffa2b741000 	C:\WINDOWS\SYSTEM32\ntmarta.dll
0x00007ffa26f30000 - 0x00007ffa27066000 	C:\WINDOWS\SYSTEM32\wintypes.dll
0x00007ffa2a790000 - 0x00007ffa2a7ba000 	C:\WINDOWS\SYSTEM32\dwmapi.dll
0x00007ffa1f9f0000 - 0x00007ffa1fa99000 	C:\Program Files\Common Files\microsoft shared\ink\tiptsf.dll
0x00007ffa2f930000 - 0x00007ffa2f9f5000 	C:\WINDOWS\System32\OLEAUT32.dll
0x00007ffa2b830000 - 0x00007ffa2b83c000 	C:\WINDOWS\SYSTEM32\HID.DLL
0x00007ffa30140000 - 0x00007ffa3058e000 	C:\WINDOWS\System32\SETUPAPI.DLL
0x00007ffa2d410000 - 0x00007ffa2d468000 	C:\WINDOWS\System32\WINTRUST.dll
0x00007ffa2ca00000 - 0x00007ffa2ca12000 	C:\WINDOWS\System32\MSASN1.dll
0x00007ffa2d6b0000 - 0x00007ffa2d87e000 	C:\WINDOWS\System32\CRYPT32.dll
0x00007ffa2dc80000 - 0x00007ffa2dde7000 	C:\WINDOWS\System32\MSCTF.dll
0x00007ffa04eb0000 - 0x00007ffa04fce000 	C:\WINDOWS\SYSTEM32\opengl32.dll
0x00007ffa14630000 - 0x00007ffa1465c000 	C:\WINDOWS\SYSTEM32\GLU32.dll
0x0000000075eb0000 - 0x0000000078000000 	C:\WINDOWS\SYSTEM32\nvoglv64.DLL
0x00007ffa290e0000 - 0x00007ffa290f3000 	C:\WINDOWS\SYSTEM32\WTSAPI32.dll
0x00007ffa2b7d0000 - 0x00007ffa2b825000 	C:\WINDOWS\SYSTEM32\WINSTA.dll
0x00007ffa2ae70000 - 0x00007ffa2af1f000 	C:\WINDOWS\SYSTEM32\dxgi.dll
0x00007ffa28cc0000 - 0x00007ffa28fa2000 	C:\WINDOWS\SYSTEM32\d3d11.dll
0x00007ffa24a80000 - 0x00007ffa261b1000 	C:\WINDOWS\System32\DriverStore\FileRepository\nvddi.inf_amd64_ecf4171f88569c29\nvwgf2umx.dll
0x00007ffa2c430000 - 0x00007ffa2c455000 	C:\WINDOWS\SYSTEM32\bcrypt.dll
0x00007ffa217c0000 - 0x00007ffa2198b000 	C:\WINDOWS\system32\nvspcap64.dll
0x00007ffa2fed0000 - 0x00007ffa30019000 	C:\WINDOWS\System32\ole32.dll
0x00007ffa21dc0000 - 0x00007ffa21e9e000 	C:\WINDOWS\SYSTEM32\WINHTTP.dll
0x00007ffa13970000 - 0x00007ffa13d6b000 	C:\WINDOWS\system32\nvapi64.dll
0x00007ffa248c0000 - 0x00007ffa24958000 	C:\WINDOWS\System32\TextInputFramework.dll
0x00007ffa2fa70000 - 0x00007ffa2fb0e000 	C:\WINDOWS\System32\clbcatq.dll
0x0000000051270000 - 0x0000000051408000 	C:\Program Files\Java\jre1.8.0_121\bin\awt.dll
0x00007ffa2a310000 - 0x00007ffa2a398000 	C:\WINDOWS\SYSTEM32\apphelp.dll
0x00007ffa23060000 - 0x00007ffa23266000 	C:\Windows\System32\uiautomationcore.dll
0x00007ffa2c7d0000 - 0x00007ffa2c86a000 	C:\WINDOWS\SYSTEM32\sxs.dll
0x00007ffa13ff0000 - 0x00007ffa1405e000 	C:\Windows\System32\OLEACC.dll
0x00007ffa2c460000 - 0x00007ffa2c628000 	C:\WINDOWS\SYSTEM32\dbghelp.dll

VM Arguments:
jvm_args: -Djava.library.path=K:\picatrix1899_portable\workspace\git\CodeRed3\CodeRed\lib\natives -Dfile.encoding=Cp1252 
java_command: com.codered.demo.Main
java_class_path (initial): K:\picatrix1899_portable\workspace\git\CodeRed3\CodeRedDemo\bin;K:\picatrix1899_portable\workspace\git\utilslib\utilslib\bin;K:\picatrix1899_portable\workspace\git\CodeRed3\CodeRedDemo\lib\lwjgl-glfw.jar;K:\picatrix1899_portable\workspace\git\CodeRed3\CodeRedDemo\lib\lwjgl.jar;K:\picatrix1899_portable\workspace\git\CodeRed3\CodeRedDemo\lib\lwjgl-natives-windows.jar;K:\picatrix1899_portable\workspace\git\CodeRed3\CodeRedDemo\lib\lwjgl-opengl.jar;K:\picatrix1899_portable\workspace\git\CodeRed3\CodeRedDemo\lib\guava-19.0.jar;K:\picatrix1899_portable\workspace\git\CodeRed3\CodeRed\bin;K:\picatrix1899_portable\workspace\git\CodeRed3\CodeRed\lib\guava-19.0.jar;K:\picatrix1899_portable\workspace\git\CodeRed3\CodeRed\lib\jorbis-0.0.15.jar;K:\picatrix1899_portable\workspace\git\CodeRed3\CodeRed\lib\jogg-0.0.7.jar;K:\picatrix1899_portable\workspace\git\CodeRed3\CodeRed\lib\lwjgl-glfw-natives-windows.jar;K:\picatrix1899_portable\workspace\git\CodeRed3\CodeRed\lib\lwjgl-glfw.jar;K:\picatrix1899_portable\workspace\git\CodeRed3\CodeRed\lib\lwjgl-natives-windows.jar;K:\picatrix1899_portable\workspace\git\CodeRed3\CodeRed\lib\lwjgl-nuklear-natives-windows.jar;K:\picatrix1899_portable\workspace\git\CodeRed3\CodeRed\lib\lwjgl-nuklear.jar;K:\picatrix1899_portable\workspace\git\CodeRed3\CodeRed\lib\lwjgl-openal.jar;K:\picatrix1899_portable\workspace\git\CodeRed3\CodeRed\lib\lwjgl-opencl.jar;K:\picatrix1899_portable\workspace\git\CodeRed3\CodeRed\lib\lwjgl-opengl.jar;K:\picatrix1899_portable\workspace\git\CodeRed3\CodeRed\lib\lwjgl-ovr.jar;K:\picatrix1899_portable\workspace\git\CodeRed3\CodeRed\lib\lwjgl-ovr-natives-windows.jar;K:\picatrix1899_portable\workspace\git\CodeRed3\CodeRed\lib\lwjgl-openal-natives-windows.jar;K:\picatrix1899_portable\workspace\git\CodeRed3\CodeRed\lib\lwjgl.jar
Launcher Type: SUN_STANDARD

Environment Variables:
JAVA_HOME=C:\Program Files\Java\jdk1.8.0_121
JRE_HOME=C:\Program Files\Java\jdk1.8.0_121\jre
CLASSPATH=.;C:\Program Files\Java\jdk1.8.0_121\lib;C:\Program Files\Java\jdk1.8.0_121\jre\lib
PATH=C:/Program Files/Java/jre1.8.0_121/bin/server;C:/Program Files/Java/jre1.8.0_121/bin;C:/Program Files/Java/jre1.8.0_121/lib/amd64;C:\ProgramData\Oracle\Java\javapath;C:\Program Files (x86)\Microsoft DirectX SDK (August 2006)\Utilities\Bin\x86;C:\Program Files (x86)\Intel\iCLS Client\;C:\Program Files\Intel\iCLS Client\;C:\WINDOWS\system32;C:\WINDOWS;C:\WINDOWS\System32\Wbem;C:\WINDOWS\System32\WindowsPowerShell\v1.0\;C:\Program Files (x86)\EgisTec MyWinLocker\x64;C:\Program Files (x86)\EgisTec MyWinLocker\;C:\Program Files (x86)\ATI Technologies\ATI.ACE\Core-Static;C:\Program Files\Intel\Intel(R) Management Engine Components\DAL;C:\Program Files\Intel\Intel(R) Management Engine Components\IPT;C:\Program Files (x86)\Intel\Intel(R) Management Engine Components\DAL;C:\Program Files (x86)\Intel\Intel(R) Management Engine Components\IPT;C:\Program Files (x86)\Microsoft SQL Server\90\Tools\binn\;c:\Program Files (x86)\Microsoft SQL Server\100\Tools\Binn\;c:\Program Files (x86)\Microsoft SQL Server\100\DTS\Binn\;C:\Program Files\Common Files\Autodesk Shared\;C:\Program Files\Microsoft SQL Server\110\Tools\Binn\;C:\Program Files (x86)\AMD\ATI.ACE\Core-Static;C:\Program Files\Git\cmd;C:\Users\necrostyle1\.dnx\bin;C:\Program Files\Microsoft DNX\Dnvm\;C:\Program Files (x86)\Windows Kits\8.1\Windows Performance Toolkit\;C:\Program Files\Microsoft SQL Server\120\Tools\Binn\;C:\Program Files (x86)\QuickTime\QTSystem\;C:\Program Files (x86)\NVIDIA Corporation\PhysX\Common;D:\Tools\Mingw\bin;C:\Program Files (x86)\Skype\Phone\;C:\Program Files\WorldPainter;C:\WINDOWS\system32;C:\WINDOWS;C:\WINDOWS\System32\Wbem;C:\WINDOWS\System32\WindowsPowerShell\v1.0\;C:\Program Files\Java\jdk1.8.0_121\bin;C:\Program Files\Java\jdk1.8.0_121\bin;%USERPROFILE%\AppData\Local\Microsoft\WindowsApps;;K:\picatrix1899_portable\eclipse oxygen;
USERNAME=necrostyle1
OS=Windows_NT
PROCESSOR_IDENTIFIER=Intel64 Family 6 Model 58 Stepping 9, GenuineIntel



---------------  S Y S T E M  ---------------

OS: Windows 10.0 , 64 bit Build 16299 (10.0.16299.15)

CPU:total 8 (4 cores per cpu, 2 threads per core) family 6 model 58 stepping 9, cmov, cx8, fxsr, mmx, sse, sse2, sse3, ssse3, sse4.1, sse4.2, popcnt, avx, clmul, erms, ht, tsc, tscinvbit, tscinv

Memory: 4k page, physical 16734036k(11170772k free), swap 28294152k(20769952k free)

vm_info: Java HotSpot(TM) 64-Bit Server VM (25.121-b13) for windows-amd64 JRE (1.8.0_121-b13), built on Dec 12 2016 18:21:36 by "java_re" with MS VC++ 10.0 (VS2010)

time: Sun Apr 22 10:08:46 2018
elapsed time: 8 seconds (0d 0h 0m 8s)

