#
# A fatal error has been detected by the Java Runtime Environment:
#
#  EXCEPTION_ACCESS_VIOLATION (0xc0000005) at pc=0x00007ff836ac4518, pid=14968, tid=0x0000000000005714
#
# JRE version: Java(TM) SE Runtime Environment (8.0_171-b11) (build 1.8.0_171-b11)
# Java VM: Java HotSpot(TM) 64-Bit Server VM (25.171-b11 mixed mode windows-amd64 compressed oops)
# Problematic frame:
# C  [glfw.dll+0x4518]
#
# Failed to write core dump. Minidumps are not enabled by default on client versions of Windows
#
# If you would like to submit a bug report, please visit:
#   http://bugreport.java.com/bugreport/crash.jsp
# The crash happened outside the Java Virtual Machine in native code.
# See problematic frame for where to report the bug.
#

---------------  T H R E A D  ---------------

Current thread (0x000000001fe01800):  JavaThread "WindowTickRoutine" [_thread_in_native, id=22292, stack(0x0000000021470000,0x0000000021570000)]

siginfo: ExceptionCode=0xc0000005, reading address 0x0000000000000000

Registers:
RAX=0x0000000000000000, RBX=0x0000000000d7b190, RCX=0x0000000000000000, RDX=0x0000000000000000
RSP=0x000000002156f0d0, RBP=0x000000002156f180, RSI=0x0000000000000108, RDI=0x000000000000002b
R8 =0x0000000000000000, R9 =0x0000000000000000, R10=0x0000000002c38c3b, R11=0x0000000000d7b430
R12=0x0000000000000000, R13=0x000000001c3b1a78, R14=0x000000002156f1b8, R15=0x000000001fe01800
RIP=0x00007ff836ac4518, EFLAGS=0x0000000000010283

Top of Stack: (sp=0x000000002156f0d0)
0x000000002156f0d0:   0000000000d7b190 000000001c1e01a0
0x000000002156f0e0:   0000000000000000 000000001c1dfeb0
0x000000002156f0f0:   000000001c3b1a78 0000000002c38c67
0x000000002156f100:   000000002156f158 0000000002c27b75
0x000000002156f110:   000000076b954958 000000002156f118
0x000000002156f120:   000000001c3fdbaf 000000002156f178
0x000000002156f130:   000000001c3fdc50 0000000000000000
0x000000002156f140:   000000002156f140 0000000000000000
0x000000002156f150:   000000002156f1b8 000000001c3cd810
0x000000002156f160:   0000000000000000 000000001c3b1a78
0x000000002156f170:   0000000000000000 000000002156f1a0
0x000000002156f180:   000000002156f200 0000000002c2835d
0x000000002156f190:   00000006c1801868 0000000002c321d8
0x000000002156f1a0:   0000000000d7b190 000000001c3eb010
0x000000002156f1b0:   00007ff836ac44b0 000000002156f1d0
0x000000002156f1c0:   000000002156f1c0 000000001c2d05be 

Instructions: (pc=0x00007ff836ac4518)
0x00007ff836ac44f8:   e8 33 d7 ff ff 48 8b cb e8 9b 39 00 00 48 39 1d
0x00007ff836ac4508:   cc 1a 03 00 48 8d 05 c5 1a 03 00 74 08 48 8b 00
0x00007ff836ac4518:   48 39 18 75 f8 48 8b 0b 48 89 08 48 8b cb 48 83
0x00007ff836ac4528:   c4 20 5b e9 9c 0f 01 00 48 83 c4 20 5b c3 cc cc 


Register to memory mapping:

RAX=0x0000000000000000 is an unknown value
RBX=0x0000000000d7b190 is an unknown value
RCX=0x0000000000000000 is an unknown value
RDX=0x0000000000000000 is an unknown value
RSP=0x000000002156f0d0 is pointing into the stack for thread: 0x000000001fe01800
RBP=0x000000002156f180 is pointing into the stack for thread: 0x000000001fe01800
RSI=0x0000000000000108 is an unknown value
RDI=0x000000000000002b is an unknown value
R8 =0x0000000000000000 is an unknown value
R9 =0x0000000000000000 is an unknown value
R10=0x0000000002c38c3b is at code_begin+891 in an Interpreter codelet
method entry point (kind = native)  [0x0000000002c388c0, 0x0000000002c39280]  2496 bytes
R11=0x0000000000d7b430 is an unknown value
R12=0x0000000000000000 is an unknown value
R13={method} {0x000000001c3b1a80} 'invokePV' '(JJ)V' in 'org/lwjgl/system/JNI'
R14=0x000000002156f1b8 is pointing into the stack for thread: 0x000000001fe01800
R15=0x000000001fe01800 is a thread


Stack: [0x0000000021470000,0x0000000021570000],  sp=0x000000002156f0d0,  free space=1020k
Native frames: (J=compiled Java code, j=interpreted, Vv=VM code, C=native code)
C  [glfw.dll+0x4518]
C  0x0000000002c38c67

Java frames: (J=compiled Java code, j=interpreted, Vv=VM code)
j  org.lwjgl.system.JNI.invokePV(JJ)V+0
j  org.lwjgl.glfw.GLFW.glfwDestroyWindow(J)V+6
j  com.codered.engine.window.WindowImpl.release()V+18
j  com.codered.engine.window.WindowImpl.update(D)V+21
J 766% C2 com.codered.engine.window.WindowTickRoutineImpl.run()V (194 bytes) @ 0x0000000002f77110 [0x0000000002f77060+0xb0]
v  ~StubRoutines::call_stub

---------------  P R O C E S S  ---------------

Java Threads: ( => current thread )
  0x0000000020315000 JavaThread "Java2D Disposer" daemon [_thread_blocked, id=65012, stack(0x000000002b710000,0x000000002b810000)]
  0x0000000002b22800 JavaThread "DestroyJavaVM" [_thread_blocked, id=22348, stack(0x0000000002a20000,0x0000000002b20000)]
=>0x000000001fe01800 JavaThread "WindowTickRoutine" [_thread_in_native, id=22292, stack(0x0000000021470000,0x0000000021570000)]
  0x000000001e01c800 JavaThread "Service Thread" daemon [_thread_blocked, id=26068, stack(0x000000001fa00000,0x000000001fb00000)]
  0x000000001df9d000 JavaThread "C1 CompilerThread3" daemon [_thread_blocked, id=14756, stack(0x000000001f900000,0x000000001fa00000)]
  0x000000001df9b800 JavaThread "C2 CompilerThread2" daemon [_thread_blocked, id=23268, stack(0x000000001f800000,0x000000001f900000)]
  0x000000001df92800 JavaThread "C2 CompilerThread1" daemon [_thread_blocked, id=25348, stack(0x000000001f700000,0x000000001f800000)]
  0x000000001df8d800 JavaThread "C2 CompilerThread0" daemon [_thread_blocked, id=25932, stack(0x000000001f600000,0x000000001f700000)]
  0x000000001df8b800 JavaThread "Attach Listener" daemon [_thread_blocked, id=23460, stack(0x000000001f500000,0x000000001f600000)]
  0x000000001c8be800 JavaThread "Signal Dispatcher" daemon [_thread_blocked, id=25840, stack(0x000000001f400000,0x000000001f500000)]
  0x000000001df83000 JavaThread "Finalizer" daemon [_thread_blocked, id=26024, stack(0x000000001f1e0000,0x000000001f2e0000)]
  0x0000000002c1c000 JavaThread "Reference Handler" daemon [_thread_blocked, id=49020, stack(0x000000001f0e0000,0x000000001f1e0000)]

Other Threads:
  0x000000001df62800 VMThread [stack: 0x000000001efe0000,0x000000001f0e0000] [id=25080]
  0x000000001e049000 WatcherThread [stack: 0x000000001fb00000,0x000000001fc00000] [id=2944]

VM state:not at safepoint (normal execution)

VM Mutex/Monitor currently owned by a thread: None

Heap:
 PSYoungGen      total 76288K, used 22121K [0x000000076b300000, 0x0000000770800000, 0x00000007c0000000)
  eden space 65536K, 17% used [0x000000076b300000,0x000000076be1aba8,0x000000076f300000)
  from space 10752K, 99% used [0x000000076f300000,0x000000076fd7fc30,0x000000076fd80000)
  to   space 10752K, 0% used [0x000000076fd80000,0x000000076fd80000,0x0000000770800000)
 ParOldGen       total 175104K, used 5200K [0x00000006c1800000, 0x00000006cc300000, 0x000000076b300000)
  object space 175104K, 2% used [0x00000006c1800000,0x00000006c1d143a8,0x00000006cc300000)
 Metaspace       used 11281K, capacity 11513K, committed 11904K, reserved 1060864K
  class space    used 1004K, capacity 1070K, committed 1152K, reserved 1048576K

Card table byte_map: [0x0000000011fe0000,0x00000000127e0000] byte_map_base: 0x000000000e9d4000

Marking Bits: (ParMarkBitMap*) 0x000000005c5c08c0
 Begin Bits: [0x0000000013730000, 0x00000000176d0000)
 End Bits:   [0x00000000176d0000, 0x000000001b670000)

Polling page: 0x00000000009c0000

CodeCache: size=245760Kb used=3542Kb max_used=3553Kb free=242217Kb
 bounds [0x0000000002c20000, 0x0000000002fa0000, 0x0000000011c20000]
 total_blobs=1712 nmethods=844 adapters=781
 compilation: enabled

Compilation events (10 events):
Event: 3.314 Thread 0x000000001df9d000  840       3       cmn.utilslib.math.matrix.Matrix4f::initModelMatrix (40 bytes)
Event: 3.315 Thread 0x000000001df9d000 nmethod 840 0x0000000002f94590 code [0x0000000002f94880, 0x0000000002f95938]
Event: 3.315 Thread 0x000000001df9d000  841       1       com.codered.engine.managing.Texture::getId (5 bytes)
Event: 3.315 Thread 0x000000001df9d000 nmethod 841 0x0000000002f96590 code [0x0000000002f966e0, 0x0000000002f967f0]
Event: 3.465 Thread 0x000000001df9d000  842       3       java.util.ArrayList::isEmpty (13 bytes)
Event: 3.465 Thread 0x000000001df9d000 nmethod 842 0x0000000002f96850 code [0x0000000002f969a0, 0x0000000002f96b50]
Event: 3.646 Thread 0x000000001df8d800  843       4       java.lang.Integer::valueOf (32 bytes)
Event: 3.647 Thread 0x000000001df8d800 nmethod 843 0x0000000002f998d0 code [0x0000000002f99a20, 0x0000000002f99b18]
Event: 3.796 Thread 0x000000001df9b800  844       4       java.lang.Integer::hashCode (8 bytes)
Event: 3.796 Thread 0x000000001df9b800 nmethod 844 0x0000000002f99c10 code [0x0000000002f99d40, 0x0000000002f99d98]

GC Heap History (2 events):
Event: 1.481 GC heap before
{Heap before GC invocations=1 (full 0):
 PSYoungGen      total 76288K, used 61749K [0x000000076b300000, 0x0000000770800000, 0x00000007c0000000)
  eden space 65536K, 94% used [0x000000076b300000,0x000000076ef4d5d0,0x000000076f300000)
  from space 10752K, 0% used [0x000000076fd80000,0x000000076fd80000,0x0000000770800000)
  to   space 10752K, 0% used [0x000000076f300000,0x000000076f300000,0x000000076fd80000)
 ParOldGen       total 175104K, used 0K [0x00000006c1800000, 0x00000006cc300000, 0x000000076b300000)
  object space 175104K, 0% used [0x00000006c1800000,0x00000006c1800000,0x00000006cc300000)
 Metaspace       used 11034K, capacity 11297K, committed 11648K, reserved 1060864K
  class space    used 982K, capacity 1066K, committed 1152K, reserved 1048576K
Event: 1.487 GC heap after
Heap after GC invocations=1 (full 0):
 PSYoungGen      total 76288K, used 10751K [0x000000076b300000, 0x0000000770800000, 0x00000007c0000000)
  eden space 65536K, 0% used [0x000000076b300000,0x000000076b300000,0x000000076f300000)
  from space 10752K, 99% used [0x000000076f300000,0x000000076fd7fc30,0x000000076fd80000)
  to   space 10752K, 0% used [0x000000076fd80000,0x000000076fd80000,0x0000000770800000)
 ParOldGen       total 175104K, used 5200K [0x00000006c1800000, 0x00000006cc300000, 0x000000076b300000)
  object space 175104K, 2% used [0x00000006c1800000,0x00000006c1d143a8,0x00000006cc300000)
 Metaspace       used 11034K, capacity 11297K, committed 11648K, reserved 1060864K
  class space    used 982K, capacity 1066K, committed 1152K, reserved 1048576K
}

Deoptimization events (9 events):
Event: 1.324 Thread 0x000000001fe01800 Uncommon trap: reason=unstable_if action=reinterpret pc=0x0000000002f2703c method=com.codered.engine.managing.loader.TextureLoader.loadTexture(Ljava/io/File;)Lcom/codered/engine/managing/loader/data/TextureData; @ 176
Event: 1.345 Thread 0x000000001fe01800 Uncommon trap: reason=unstable_if action=reinterpret pc=0x0000000002f091e4 method=sun.awt.image.ByteInterleavedRaster.putByteData(IIII[B)V @ 395
Event: 1.388 Thread 0x000000001fe01800 Uncommon trap: reason=unstable_if action=reinterpret pc=0x0000000002f23cc8 method=java.awt.image.ComponentColorModel.getRGB(Ljava/lang/Object;)I @ 4
Event: 1.389 Thread 0x000000001fe01800 Uncommon trap: reason=unstable_if action=reinterpret pc=0x0000000002f282dc method=java.awt.image.ComponentColorModel.getAlpha(Ljava/lang/Object;)I @ 4
Event: 1.389 Thread 0x000000001fe01800 Uncommon trap: reason=unstable_if action=reinterpret pc=0x0000000002f3441c method=java.awt.image.ComponentColorModel.extractComponent(Ljava/lang/Object;II)I @ 4
Event: 1.390 Thread 0x000000001fe01800 Uncommon trap: reason=unstable_if action=reinterpret pc=0x0000000002f4028c method=java.awt.image.ComponentColorModel.getAlpha(Ljava/lang/Object;)I @ 4
Event: 1.431 Thread 0x000000001fe01800 Uncommon trap: reason=unstable_if action=reinterpret pc=0x0000000002f57924 method=java.awt.image.BufferedImage.getRGB(IIII[III)[I @ 163
Event: 1.515 Thread 0x000000001fe01800 Uncommon trap: reason=unstable_if action=reinterpret pc=0x0000000002f5ad24 method=java.awt.image.BufferedImage.getRGB(IIII[III)[I @ 163
Event: 1.572 Thread 0x000000001fe01800 Uncommon trap: reason=unstable_if action=reinterpret pc=0x0000000002f71ed8 method=com.codered.engine.window.WindowTickRoutineImpl.run()V @ 161

Classes redefined (0 events):
No events

Internal exceptions (10 events):
Event: 0.024 Thread 0x0000000002b22800 Exception <a 'java/lang/NoSuchMethodError': Method sun.misc.Unsafe.prefetchRead(Ljava/lang/Object;J)V name or signature does not match> (0x000000076b307f98) thrown at [C:\re\workspace\8-2-build-windows-amd64-cygwin\jdk8u171\10807\hotspot\src\share\vm\prim
Event: 0.089 Thread 0x0000000002b22800 Exception <a 'java/security/PrivilegedActionException'> (0x000000076b5e2cd0) thrown at [C:\re\workspace\8-2-build-windows-amd64-cygwin\jdk8u171\10807\hotspot\src\share\vm\prims\jvm.cpp, line 1435]
Event: 0.089 Thread 0x0000000002b22800 Exception <a 'java/security/PrivilegedActionException'> (0x000000076b5e2ee0) thrown at [C:\re\workspace\8-2-build-windows-amd64-cygwin\jdk8u171\10807\hotspot\src\share\vm\prims\jvm.cpp, line 1435]
Event: 0.089 Thread 0x0000000002b22800 Exception <a 'java/security/PrivilegedActionException'> (0x000000076b5e6df0) thrown at [C:\re\workspace\8-2-build-windows-amd64-cygwin\jdk8u171\10807\hotspot\src\share\vm\prims\jvm.cpp, line 1435]
Event: 0.089 Thread 0x0000000002b22800 Exception <a 'java/security/PrivilegedActionException'> (0x000000076b5e7000) thrown at [C:\re\workspace\8-2-build-windows-amd64-cygwin\jdk8u171\10807\hotspot\src\share\vm\prims\jvm.cpp, line 1435]
Event: 0.115 Thread 0x0000000002b22800 Exception <a 'java/lang/NoSuchFieldError': method resolution failed> (0x000000076b6d4478) thrown at [C:\re\workspace\8-2-build-windows-amd64-cygwin\jdk8u171\10807\hotspot\src\share\vm\prims\methodHandles.cpp, line 1167]
Event: 0.116 Thread 0x0000000002b22800 Exception <a 'java/lang/NoSuchFieldError': method resolution failed> (0x000000076b6e1be0) thrown at [C:\re\workspace\8-2-build-windows-amd64-cygwin\jdk8u171\10807\hotspot\src\share\vm\prims\methodHandles.cpp, line 1167]
Event: 0.910 Thread 0x000000001fe01800 Exception <a 'sun/nio/fs/WindowsException'> (0x000000076bb24568) thrown at [C:\re\workspace\8-2-build-windows-amd64-cygwin\jdk8u171\10807\hotspot\src\share\vm\prims\jni.cpp, line 709]
Event: 0.910 Thread 0x000000001fe01800 Exception <a 'sun/nio/fs/WindowsException'> (0x000000076bb259f0) thrown at [C:\re\workspace\8-2-build-windows-amd64-cygwin\jdk8u171\10807\hotspot\src\share\vm\prims\jni.cpp, line 709]
Event: 1.187 Thread 0x000000001fe01800 Exception <a 'java/io/FileNotFoundException'> (0x000000076c71c228) thrown at [C:\re\workspace\8-2-build-windows-amd64-cygwin\jdk8u171\10807\hotspot\src\share\vm\prims\jni.cpp, line 709]

Events (10 events):
Event: 1.572 Thread 0x000000001fe01800 DEOPT PACKING pc=0x0000000002f71ed8 sp=0x000000002156f2f0
Event: 1.572 Thread 0x000000001fe01800 DEOPT UNPACKING pc=0x0000000002c6583b sp=0x000000002156f268 mode 2
Event: 1.573 loading class com/codered/engine/CodeRed
Event: 1.573 loading class com/codered/engine/CodeRed done
Event: 1.573 loading class com/codered/engine/utils/EvalFunc
Event: 1.573 loading class com/codered/engine/utils/EvalFunc done
Event: 1.574 loading class cmn/utilslib/math/Quaternion
Event: 1.574 loading class cmn/utilslib/math/Quaternion done
Event: 1.580 Thread 0x000000001fe01800 DEOPT PACKING pc=0x0000000002f74a85 sp=0x000000002156f1c0
Event: 1.580 Thread 0x000000001fe01800 DEOPT UNPACKING pc=0x0000000002c67890 sp=0x000000002156efd8 mode 0


Dynamic libraries:
0x00007ff7fcfa0000 - 0x00007ff7fcfd7000 	C:\Program Files\Java\jdk1.8.0_171\bin\javaw.exe
0x00007ff855240000 - 0x00007ff855421000 	C:\WINDOWS\SYSTEM32\ntdll.dll
0x00007ff8545a0000 - 0x00007ff854652000 	C:\WINDOWS\System32\KERNEL32.DLL
0x00007ff851aa0000 - 0x00007ff851d13000 	C:\WINDOWS\System32\KERNELBASE.dll
0x00007ff8541d0000 - 0x00007ff854271000 	C:\WINDOWS\System32\ADVAPI32.dll
0x00007ff854d20000 - 0x00007ff854dbe000 	C:\WINDOWS\System32\msvcrt.dll
0x00007ff854960000 - 0x00007ff8549bb000 	C:\WINDOWS\System32\sechost.dll
0x00007ff854f20000 - 0x00007ff855044000 	C:\WINDOWS\System32\RPCRT4.dll
0x00007ff854760000 - 0x00007ff8548f0000 	C:\WINDOWS\System32\USER32.dll
0x00007ff851610000 - 0x00007ff851630000 	C:\WINDOWS\System32\win32u.dll
0x00007ff8551e0000 - 0x00007ff855208000 	C:\WINDOWS\System32\GDI32.dll
0x00007ff851710000 - 0x00007ff8518a2000 	C:\WINDOWS\System32\gdi32full.dll
0x00007ff851e20000 - 0x00007ff851ebf000 	C:\WINDOWS\System32\msvcp_win.dll
0x00007ff851d20000 - 0x00007ff851e1a000 	C:\WINDOWS\System32\ucrtbase.dll
0x00007ff843cd0000 - 0x00007ff843f39000 	C:\WINDOWS\WinSxS\amd64_microsoft.windows.common-controls_6595b64144ccf1df_6.0.17134.112_none_fb3f961b30681c12\COMCTL32.dll
0x00007ff8549c0000 - 0x00007ff854ce3000 	C:\WINDOWS\System32\combase.dll
0x00007ff851690000 - 0x00007ff85170a000 	C:\WINDOWS\System32\bcryptPrimitives.dll
0x00007ff854cf0000 - 0x00007ff854d1d000 	C:\WINDOWS\System32\IMM32.DLL
0x000000005bcc0000 - 0x000000005bd92000 	C:\Program Files\Java\jdk1.8.0_171\jre\bin\msvcr100.dll
0x000000005bda0000 - 0x000000005c640000 	C:\Program Files\Java\jdk1.8.0_171\jre\bin\server\jvm.dll
0x00007ff854950000 - 0x00007ff854958000 	C:\WINDOWS\System32\PSAPI.DLL
0x00007ff84f860000 - 0x00007ff84f869000 	C:\WINDOWS\SYSTEM32\WSOCK32.dll
0x00007ff84f7c0000 - 0x00007ff84f7e3000 	C:\WINDOWS\SYSTEM32\WINMM.dll
0x00007ff84aa80000 - 0x00007ff84aa8a000 	C:\WINDOWS\SYSTEM32\VERSION.dll
0x00007ff855100000 - 0x00007ff85516c000 	C:\WINDOWS\System32\WS2_32.dll
0x00007ff84f790000 - 0x00007ff84f7ba000 	C:\WINDOWS\SYSTEM32\WINMMBASE.dll
0x00007ff852680000 - 0x00007ff8526c9000 	C:\WINDOWS\System32\cfgmgr32.dll
0x000000005bcb0000 - 0x000000005bcbf000 	C:\Program Files\Java\jdk1.8.0_171\jre\bin\verify.dll
0x000000005bc80000 - 0x000000005bca9000 	C:\Program Files\Java\jdk1.8.0_171\jre\bin\java.dll
0x000000005bc60000 - 0x000000005bc76000 	C:\Program Files\Java\jdk1.8.0_171\jre\bin\zip.dll
0x00007ff852750000 - 0x00007ff853b90000 	C:\WINDOWS\System32\SHELL32.dll
0x00007ff855050000 - 0x00007ff8550f9000 	C:\WINDOWS\System32\shcore.dll
0x00007ff851f70000 - 0x00007ff85267d000 	C:\WINDOWS\System32\windows.storage.dll
0x00007ff855180000 - 0x00007ff8551d1000 	C:\WINDOWS\System32\shlwapi.dll
0x00007ff8515d0000 - 0x00007ff8515e1000 	C:\WINDOWS\System32\kernel.appcore.dll
0x00007ff8515f0000 - 0x00007ff85160f000 	C:\WINDOWS\System32\profapi.dll
0x00007ff851570000 - 0x00007ff8515bc000 	C:\WINDOWS\System32\powrprof.dll
0x00007ff8515c0000 - 0x00007ff8515ca000 	C:\WINDOWS\System32\FLTLIB.DLL
0x000000005bc40000 - 0x000000005bc5a000 	C:\Program Files\Java\jdk1.8.0_171\jre\bin\net.dll
0x00007ff850dd0000 - 0x00007ff850e36000 	C:\WINDOWS\system32\mswsock.dll
0x000000005bc20000 - 0x000000005bc31000 	C:\Program Files\Java\jdk1.8.0_171\jre\bin\nio.dll
0x00007ff828240000 - 0x00007ff828295000 	C:\Users\florian\AppData\Local\Temp\lwjglflorian\3.1.0-build-40\lwjgl.dll
0x00007ff836ac0000 - 0x00007ff836afc000 	C:\Users\florian\AppData\Local\Temp\lwjglflorian\3.1.0-build-40\glfw.dll
0x00007ff850f80000 - 0x00007ff850f8b000 	C:\WINDOWS\SYSTEM32\CRYPTBASE.DLL
0x00007ff84f9e0000 - 0x00007ff84fa78000 	C:\WINDOWS\system32\uxtheme.dll
0x00007ff827650000 - 0x00007ff827693000 	C:\WINDOWS\SYSTEM32\dinput8.dll
0x00007ff8475e0000 - 0x00007ff8475f0000 	C:\WINDOWS\SYSTEM32\xinput1_4.dll
0x00007ff851360000 - 0x00007ff851387000 	C:\WINDOWS\SYSTEM32\DEVOBJ.dll
0x00007ff84fcc0000 - 0x00007ff84fce9000 	C:\WINDOWS\SYSTEM32\dwmapi.dll
0x00007ff846150000 - 0x00007ff8461c9000 	C:\WINDOWS\SYSTEM32\inputhost.dll
0x00007ff84f590000 - 0x00007ff84f66a000 	C:\WINDOWS\SYSTEM32\CoreMessaging.dll
0x00007ff84d3e0000 - 0x00007ff84d52d000 	C:\WINDOWS\SYSTEM32\wintypes.dll
0x00007ff84b770000 - 0x00007ff84ba8e000 	C:\WINDOWS\SYSTEM32\CoreUIComponents.dll
0x00007ff850730000 - 0x00007ff850761000 	C:\WINDOWS\SYSTEM32\ntmarta.dll
0x00007ff850260000 - 0x00007ff85026c000 	C:\WINDOWS\SYSTEM32\HID.DLL
0x00007ff853b90000 - 0x00007ff853fdb000 	C:\WINDOWS\System32\SETUPAPI.DLL
0x00007ff851630000 - 0x00007ff851687000 	C:\WINDOWS\System32\WINTRUST.dll
0x00007ff851550000 - 0x00007ff851562000 	C:\WINDOWS\System32\MSASN1.dll
0x00007ff8518b0000 - 0x00007ff851a92000 	C:\WINDOWS\System32\CRYPT32.dll
0x00007ff854420000 - 0x00007ff854595000 	C:\WINDOWS\System32\MSCTF.dll
0x00007ff8540a0000 - 0x00007ff854162000 	C:\WINDOWS\System32\OLEAUT32.dll
0x00007ff808940000 - 0x00007ff808a60000 	C:\WINDOWS\SYSTEM32\opengl32.dll
0x00007ff8360e0000 - 0x00007ff83610c000 	C:\WINDOWS\SYSTEM32\GLU32.dll
0x0000000058bd0000 - 0x000000005b254000 	C:\WINDOWS\System32\DriverStore\FileRepository\nvddi.inf_amd64_932aa56f94c69d29\nvoglv64.dll
0x00007ff854dc0000 - 0x00007ff854f11000 	C:\WINDOWS\System32\ole32.dll
0x00007ff84db00000 - 0x00007ff84db13000 	C:\WINDOWS\SYSTEM32\WTSAPI32.dll
0x00007ff8506d0000 - 0x00007ff850726000 	C:\WINDOWS\SYSTEM32\WINSTA.dll
0x00007ff8461d0000 - 0x00007ff846268000 	C:\WINDOWS\System32\TextInputFramework.dll
0x000000005ba30000 - 0x000000005bbc8000 	C:\Program Files\Java\jdk1.8.0_171\jre\bin\awt.dll
0x00007ff84f8b0000 - 0x00007ff84f93b000 	C:\WINDOWS\SYSTEM32\apphelp.dll
0x00007ff8277d0000 - 0x00007ff827999000 	C:\WINDOWS\SYSTEM32\dbghelp.dll

VM Arguments:
jvm_args: -Djava.library.path=G:\picatrix1899_portable\workspace\git\CodeRed3\CodeRed\lib\natives -Dfile.encoding=Cp1252 
java_command: com.codered.demo.Main
java_class_path (initial): G:\picatrix1899_portable\workspace\git\CodeRed3\CodeRedDemo\bin;G:\picatrix1899_portable\workspace\git\utilslib\utilslib\bin;G:\picatrix1899_portable\workspace\git\CodeRed3\CodeRedDemo\lib\lwjgl-glfw.jar;G:\picatrix1899_portable\workspace\git\CodeRed3\CodeRedDemo\lib\lwjgl.jar;G:\picatrix1899_portable\workspace\git\CodeRed3\CodeRedDemo\lib\lwjgl-natives-windows.jar;G:\picatrix1899_portable\workspace\git\CodeRed3\CodeRedDemo\lib\lwjgl-opengl.jar;G:\picatrix1899_portable\workspace\git\CodeRed3\CodeRedDemo\lib\guava-19.0.jar;G:\picatrix1899_portable\workspace\git\CodeRed3\CodeRed\bin;G:\picatrix1899_portable\workspace\git\CodeRed3\CodeRed\lib\guava-19.0.jar;G:\picatrix1899_portable\workspace\git\CodeRed3\CodeRed\lib\jorbis-0.0.15.jar;G:\picatrix1899_portable\workspace\git\CodeRed3\CodeRed\lib\jogg-0.0.7.jar;G:\picatrix1899_portable\workspace\git\CodeRed3\CodeRed\lib\lwjgl-glfw-natives-windows.jar;G:\picatrix1899_portable\workspace\git\CodeRed3\CodeRed\lib\lwjgl-glfw.jar;G:\picatrix1899_portable\workspace\git\CodeRed3\CodeRed\lib\lwjgl-natives-windows.jar;G:\picatrix1899_portable\workspace\git\CodeRed3\CodeRed\lib\lwjgl-nuklear-natives-windows.jar;G:\picatrix1899_portable\workspace\git\CodeRed3\CodeRed\lib\lwjgl-nuklear.jar;G:\picatrix1899_portable\workspace\git\CodeRed3\CodeRed\lib\lwjgl-openal.jar;G:\picatrix1899_portable\workspace\git\CodeRed3\CodeRed\lib\lwjgl-opencl.jar;G:\picatrix1899_portable\workspace\git\CodeRed3\CodeRed\lib\lwjgl-opengl.jar;G:\picatrix1899_portable\workspace\git\CodeRed3\CodeRed\lib\lwjgl-ovr.jar;G:\picatrix1899_portable\workspace\git\CodeRed3\CodeRed\lib\lwjgl-ovr-natives-windows.jar;G:\picatrix1899_portable\workspace\git\CodeRed3\CodeRed\lib\lwjgl-openal-natives-windows.jar;G:\picatrix1899_portable\workspace\git\CodeRed3\CodeRed\lib\lwjgl.jar
Launcher Type: SUN_STANDARD

Environment Variables:
JAVA_HOME=C:\Program Files\Java\jdk1.8.0_171
PATH=C:/Program Files/Java/jdk1.8.0_171/bin/../jre/bin/server;C:/Program Files/Java/jdk1.8.0_171/bin/../jre/bin;C:/Program Files/Java/jdk1.8.0_171/bin/../jre/lib/amd64;C:\WINDOWS\system32;C:\WINDOWS;C:\WINDOWS\System32\Wbem;C:\WINDOWS\System32\WindowsPowerShell\v1.0\;C:\WINDOWS\System32\OpenSSH\;C:\Program Files\Git\cmd;C:\Users\florian\AppData\Local\Microsoft\WindowsApps;C:\Program Files\Java\jdk1.8.0_171\bin;;G:\picatrix1899_portable\eclipse oxygen;
USERNAME=florian
OS=Windows_NT
PROCESSOR_IDENTIFIER=Intel64 Family 6 Model 79 Stepping 1, GenuineIntel



---------------  S Y S T E M  ---------------

OS: Windows 10.0 , 64 bit Build 17134 (10.0.17134.1)

CPU:total 12 (initial active 12) (6 cores per cpu, 2 threads per core) family 6 model 79 stepping 1, cmov, cx8, fxsr, mmx, sse, sse2, sse3, ssse3, sse4.1, sse4.2, popcnt, avx, avx2, aes, clmul, erms, rtm, 3dnowpref, lzcnt, ht, tsc, tscinvbit, bmi1, bmi2, adx

Memory: 4k page, physical 16673752k(10720476k free), swap 19688408k(11407868k free)

vm_info: Java HotSpot(TM) 64-Bit Server VM (25.171-b11) for windows-amd64 JRE (1.8.0_171-b11), built on Mar 28 2018 16:06:12 by "java_re" with MS VC++ 10.0 (VS2010)

time: Sat Jun 16 20:22:43 2018
elapsed time: 3 seconds (0d 0h 0m 3s)

