#
# A fatal error has been detected by the Java Runtime Environment:
#
#  EXCEPTION_ACCESS_VIOLATION (0xc0000005) at pc=0x000000005996f885, pid=51904, tid=0x00000000000105ac
#
# JRE version: Java(TM) SE Runtime Environment (8.0_171-b11) (build 1.8.0_171-b11)
# Java VM: Java HotSpot(TM) 64-Bit Server VM (25.171-b11 mixed mode windows-amd64 compressed oops)
# Problematic frame:
# C  [nvoglv64.dll+0xd9f885]
#
# Failed to write core dump. Minidumps are not enabled by default on client versions of Windows
#
# If you would like to submit a bug report, please visit:
#   http://bugreport.java.com/bugreport/crash.jsp
# The crash happened outside the Java Virtual Machine in native code.
# See problematic frame for where to report the bug.
#

---------------  T H R E A D  ---------------

Current thread (0x000000001f848000):  JavaThread "WindowTickRoutine" [_thread_in_native, id=66988, stack(0x0000000020ec0000,0x0000000020fc0000)]

siginfo: ExceptionCode=0xc0000005, reading address 0x0000000000000000

Registers:
RAX=0x0000000023aa7598, RBX=0x0000000021616a90, RCX=0x000000005996f885, RDX=0x0000000000000000
RSP=0x0000000020fbf068, RBP=0x0000000000000001, RSI=0x0000000000000002, RDI=0x0000000023aa7598
R8 =0x0000000000000010, R9 =0x0000000058bd0000, R10=0x0000000000000000, R11=0x0000000023aa7598
R12=0x0000000000000000, R13=0x0000000058bd0000, R14=0x0000000000000000, R15=0x0000000021616810
RIP=0x000000005996f885, EFLAGS=0x0000000000010202

Top of Stack: (sp=0x0000000020fbf068)
0x0000000020fbf068:   00000000594af28a 0000000000000000
0x0000000020fbf078:   0000000020fbf130 0000000000000000
0x0000000020fbf088:   00000000593467cb 000000001f848000
0x0000000020fbf098:   0000000000000002 0000000000000000
0x0000000020fbf0a8:   000000000001010b 0000000021616810
0x0000000020fbf0b8:   00000000594b0072 0000000021616080
0x0000000020fbf0c8:   0000000000000005 0000000000000000
0x0000000020fbf0d8:   00000000029dcf8a 000000001f848000
0x0000000020fbf0e8:   0000000020fbf1d8 000000001be1a4d0
0x0000000020fbf0f8:   0000000000000000 0000000000000919
0x0000000020fbf108:   0000000002698c67 000000001be1a4d0
0x0000000020fbf118:   0000000020fbf198 0000000000000138
0x0000000020fbf128:   000000001be19988 0000000600000000
0x0000000020fbf138:   0000000000000002 0000000020fbf1b0
0x0000000020fbf148:   000000000268835d 000000000268835d
0x0000000020fbf158:   0000000020fbf158 0000000000000000 

Instructions: (pc=0x000000005996f885)
0x000000005996f865:   89 08 c3 48 8b 0a 48 89 08 c3 0f b7 0a 44 0f b6
0x000000005996f875:   42 02 66 89 08 44 88 40 02 c3 0f b6 0a 88 08 c3
0x000000005996f885:   f3 0f 6f 02 f3 0f 7f 00 c3 66 90 4c 8b 02 0f b7
0x000000005996f895:   4a 08 44 0f b6 4a 0a 4c 89 00 66 89 48 08 44 88 


Register to memory mapping:

RAX=0x0000000023aa7598 is an unknown value
RBX=0x0000000021616a90 is an unknown value
RCX=0x000000005996f885 is an unknown value
RDX=0x0000000000000000 is an unknown value
RSP=0x0000000020fbf068 is pointing into the stack for thread: 0x000000001f848000
RBP=0x0000000000000001 is an unknown value
RSI=0x0000000000000002 is an unknown value
RDI=0x0000000023aa7598 is an unknown value
R8 =0x0000000000000010 is an unknown value
R9 =0x0000000058bd0000 is an unknown value
R10=0x0000000000000000 is an unknown value
R11=0x0000000023aa7598 is an unknown value
R12=0x0000000000000000 is an unknown value
R13=0x0000000058bd0000 is an unknown value
R14=0x0000000000000000 is an unknown value
R15=0x0000000021616810 is an unknown value


Stack: [0x0000000020ec0000,0x0000000020fc0000],  sp=0x0000000020fbf068,  free space=1020k
Native frames: (J=compiled Java code, j=interpreted, Vv=VM code, C=native code)
C  [nvoglv64.dll+0xd9f885]
C  [nvoglv64.dll+0x8df28a]
C  [nvoglv64.dll+0x8e0072]
C  0x0000000002698c67

Java frames: (J=compiled Java code, j=interpreted, Vv=VM code)
j  org.lwjgl.system.JNI.callV(JIII)V+0
j  org.lwjgl.opengl.GL11.glDrawArrays(III)V+11
j  com.codered.engine.managing.UnityScreen.draw()V+20
j  com.codered.demo.DemoWindowContext1.blurH()V+93
j  com.codered.demo.DemoWindowContext1.render(D)V+99
j  com.codered.engine.window.WindowImpl.render(D)V+17
J 754% C2 com.codered.engine.window.WindowTickRoutineImpl.run()V (194 bytes) @ 0x00000000029d7090 [0x00000000029d6fa0+0xf0]
v  ~StubRoutines::call_stub

---------------  P R O C E S S  ---------------

Java Threads: ( => current thread )
  0x000000001f9c4800 JavaThread "Java2D Disposer" daemon [_thread_blocked, id=50536, stack(0x000000002b150000,0x000000002b250000)]
  0x0000000002582800 JavaThread "DestroyJavaVM" [_thread_blocked, id=47116, stack(0x0000000002480000,0x0000000002580000)]
=>0x000000001f848000 JavaThread "WindowTickRoutine" [_thread_in_native, id=66988, stack(0x0000000020ec0000,0x0000000020fc0000)]
  0x000000001da71800 JavaThread "Service Thread" daemon [_thread_blocked, id=63780, stack(0x000000001f450000,0x000000001f550000)]
  0x000000001d9f3000 JavaThread "C1 CompilerThread3" daemon [_thread_blocked, id=63732, stack(0x000000001f350000,0x000000001f450000)]
  0x000000001d9f1000 JavaThread "C2 CompilerThread2" daemon [_thread_blocked, id=50132, stack(0x000000001f250000,0x000000001f350000)]
  0x000000001d9ee000 JavaThread "C2 CompilerThread1" daemon [_thread_blocked, id=40416, stack(0x000000001f150000,0x000000001f250000)]
  0x000000001d9e8800 JavaThread "C2 CompilerThread0" daemon [_thread_blocked, id=58960, stack(0x000000001f050000,0x000000001f150000)]
  0x000000001d9e6800 JavaThread "Attach Listener" daemon [_thread_blocked, id=51080, stack(0x000000001ef50000,0x000000001f050000)]
  0x000000001d9e5800 JavaThread "Signal Dispatcher" daemon [_thread_blocked, id=22604, stack(0x000000001ee50000,0x000000001ef50000)]
  0x000000000267c000 JavaThread "Finalizer" daemon [_thread_blocked, id=50712, stack(0x000000001ec30000,0x000000001ed30000)]
  0x000000000267b000 JavaThread "Reference Handler" daemon [_thread_blocked, id=44620, stack(0x000000001eb30000,0x000000001ec30000)]

Other Threads:
  0x000000001d9b2800 VMThread [stack: 0x000000001ea30000,0x000000001eb30000] [id=13644]
  0x000000001da13000 WatcherThread [stack: 0x000000001f550000,0x000000001f650000] [id=49092]

VM state:not at safepoint (normal execution)

VM Mutex/Monitor currently owned by a thread: None

Heap:
 PSYoungGen      total 76288K, used 22121K [0x000000076b300000, 0x0000000770800000, 0x00000007c0000000)
  eden space 65536K, 17% used [0x000000076b300000,0x000000076be1ab88,0x000000076f300000)
  from space 10752K, 99% used [0x000000076f300000,0x000000076fd7fc30,0x000000076fd80000)
  to   space 10752K, 0% used [0x000000076fd80000,0x000000076fd80000,0x0000000770800000)
 ParOldGen       total 175104K, used 5215K [0x00000006c1800000, 0x00000006cc300000, 0x000000076b300000)
  object space 175104K, 2% used [0x00000006c1800000,0x00000006c1d17f18,0x00000006cc300000)
 Metaspace       used 11242K, capacity 11513K, committed 11904K, reserved 1060864K
  class space    used 1005K, capacity 1070K, committed 1152K, reserved 1048576K

Card table byte_map: [0x0000000011a40000,0x0000000012240000] byte_map_base: 0x000000000e434000

Marking Bits: (ParMarkBitMap*) 0x000000005c5c08c0
 Begin Bits: [0x0000000013190000, 0x0000000017130000)
 End Bits:   [0x0000000017130000, 0x000000001b0d0000)

Polling page: 0x0000000002380000

CodeCache: size=245760Kb used=3518Kb max_used=3518Kb free=242241Kb
 bounds [0x0000000002680000, 0x0000000002a00000, 0x0000000011680000]
 total_blobs=1691 nmethods=823 adapters=781
 compilation: enabled

Compilation events (10 events):
Event: 2.358 Thread 0x000000001d9f3000  819       3       sun.misc.Cleaner::create (19 bytes)
Event: 2.358 Thread 0x000000001d9f3000 nmethod 819 0x00000000029ecdd0 code [0x00000000029ecf60, 0x00000000029ed610]
Event: 2.358 Thread 0x000000001d9f3000  820       3       sun.misc.Cleaner::<init> (24 bytes)
Event: 2.358 Thread 0x000000001d9f3000 nmethod 820 0x00000000029ed8d0 code [0x00000000029eda40, 0x00000000029edd50]
Event: 2.358 Thread 0x000000001d9f3000  821       3       java.nio.ByteBuffer::allocateDirect (9 bytes)
Event: 2.358 Thread 0x000000001d9f3000 nmethod 821 0x00000000029ede90 code [0x00000000029ee000, 0x00000000029ee1c8]
Event: 2.391 Thread 0x000000001d9f3000  822       3       cmn.utilslib.math.matrix.Matrix4f::initIdendity (50 bytes)
Event: 2.391 Thread 0x000000001d9f3000 nmethod 822 0x00000000029ee290 code [0x00000000029ee4a0, 0x00000000029eee50]
Event: 2.391 Thread 0x000000001d9f3000  823       3       cmn.utilslib.math.EulerRotation::getRotation (19 bytes)
Event: 2.392 Thread 0x000000001d9f3000 nmethod 823 0x00000000029ef410 code [0x00000000029ef6c0, 0x00000000029f0488]

GC Heap History (2 events):
Event: 1.468 GC heap before
{Heap before GC invocations=1 (full 0):
 PSYoungGen      total 76288K, used 61749K [0x000000076b300000, 0x0000000770800000, 0x00000007c0000000)
  eden space 65536K, 94% used [0x000000076b300000,0x000000076ef4d598,0x000000076f300000)
  from space 10752K, 0% used [0x000000076fd80000,0x000000076fd80000,0x0000000770800000)
  to   space 10752K, 0% used [0x000000076f300000,0x000000076f300000,0x000000076fd80000)
 ParOldGen       total 175104K, used 0K [0x00000006c1800000, 0x00000006cc300000, 0x000000076b300000)
  object space 175104K, 0% used [0x00000006c1800000,0x00000006c1800000,0x00000006cc300000)
 Metaspace       used 10983K, capacity 11233K, committed 11392K, reserved 1058816K
  class space    used 979K, capacity 1066K, committed 1152K, reserved 1048576K
Event: 1.473 GC heap after
Heap after GC invocations=1 (full 0):
 PSYoungGen      total 76288K, used 10751K [0x000000076b300000, 0x0000000770800000, 0x00000007c0000000)
  eden space 65536K, 0% used [0x000000076b300000,0x000000076b300000,0x000000076f300000)
  from space 10752K, 99% used [0x000000076f300000,0x000000076fd7fc30,0x000000076fd80000)
  to   space 10752K, 0% used [0x000000076fd80000,0x000000076fd80000,0x0000000770800000)
 ParOldGen       total 175104K, used 5215K [0x00000006c1800000, 0x00000006cc300000, 0x000000076b300000)
  object space 175104K, 2% used [0x00000006c1800000,0x00000006c1d17f18,0x00000006cc300000)
 Metaspace       used 10983K, capacity 11233K, committed 11392K, reserved 1058816K
  class space    used 979K, capacity 1066K, committed 1152K, reserved 1048576K
}

Deoptimization events (9 events):
Event: 1.320 Thread 0x000000001f848000 Uncommon trap: reason=unstable_if action=reinterpret pc=0x00000000029887bc method=com.codered.engine.managing.loader.TextureLoader.loadTexture(Ljava/io/File;)Lcom/codered/engine/managing/loader/data/TextureData; @ 176
Event: 1.337 Thread 0x000000001f848000 Uncommon trap: reason=unstable_if action=reinterpret pc=0x0000000002967764 method=sun.awt.image.ByteInterleavedRaster.putByteData(IIII[B)V @ 395
Event: 1.380 Thread 0x000000001f848000 Uncommon trap: reason=unstable_if action=reinterpret pc=0x0000000002980f88 method=java.awt.image.ComponentColorModel.getRGB(Ljava/lang/Object;)I @ 4
Event: 1.380 Thread 0x000000001f848000 Uncommon trap: reason=unstable_if action=reinterpret pc=0x00000000029891dc method=java.awt.image.ComponentColorModel.getAlpha(Ljava/lang/Object;)I @ 4
Event: 1.380 Thread 0x000000001f848000 Uncommon trap: reason=unstable_if action=reinterpret pc=0x00000000029878dc method=java.awt.image.ComponentColorModel.extractComponent(Ljava/lang/Object;II)I @ 4
Event: 1.381 Thread 0x000000001f848000 Uncommon trap: reason=unstable_if action=reinterpret pc=0x000000000299940c method=java.awt.image.ComponentColorModel.getAlpha(Ljava/lang/Object;)I @ 4
Event: 1.420 Thread 0x000000001f848000 Uncommon trap: reason=unstable_if action=reinterpret pc=0x00000000029b2be4 method=java.awt.image.BufferedImage.getRGB(IIII[III)[I @ 163
Event: 1.500 Thread 0x000000001f848000 Uncommon trap: reason=unstable_if action=reinterpret pc=0x00000000029b5fe4 method=java.awt.image.BufferedImage.getRGB(IIII[III)[I @ 163
Event: 1.557 Thread 0x000000001f848000 Uncommon trap: reason=unstable_if action=reinterpret pc=0x00000000029d0218 method=com.codered.engine.window.WindowTickRoutineImpl.run()V @ 161

Classes redefined (0 events):
No events

Internal exceptions (10 events):
Event: 0.024 Thread 0x0000000002582800 Exception <a 'java/lang/NoSuchMethodError': Method sun.misc.Unsafe.prefetchRead(Ljava/lang/Object;J)V name or signature does not match> (0x000000076b307f98) thrown at [C:\re\workspace\8-2-build-windows-amd64-cygwin\jdk8u171\10807\hotspot\src\share\vm\prim
Event: 0.088 Thread 0x0000000002582800 Exception <a 'java/security/PrivilegedActionException'> (0x000000076b5e2eb0) thrown at [C:\re\workspace\8-2-build-windows-amd64-cygwin\jdk8u171\10807\hotspot\src\share\vm\prims\jvm.cpp, line 1435]
Event: 0.088 Thread 0x0000000002582800 Exception <a 'java/security/PrivilegedActionException'> (0x000000076b5e30c0) thrown at [C:\re\workspace\8-2-build-windows-amd64-cygwin\jdk8u171\10807\hotspot\src\share\vm\prims\jvm.cpp, line 1435]
Event: 0.089 Thread 0x0000000002582800 Exception <a 'java/security/PrivilegedActionException'> (0x000000076b5e6fd0) thrown at [C:\re\workspace\8-2-build-windows-amd64-cygwin\jdk8u171\10807\hotspot\src\share\vm\prims\jvm.cpp, line 1435]
Event: 0.089 Thread 0x0000000002582800 Exception <a 'java/security/PrivilegedActionException'> (0x000000076b5e71e0) thrown at [C:\re\workspace\8-2-build-windows-amd64-cygwin\jdk8u171\10807\hotspot\src\share\vm\prims\jvm.cpp, line 1435]
Event: 0.114 Thread 0x0000000002582800 Exception <a 'java/lang/NoSuchFieldError': method resolution failed> (0x000000076b6d4658) thrown at [C:\re\workspace\8-2-build-windows-amd64-cygwin\jdk8u171\10807\hotspot\src\share\vm\prims\methodHandles.cpp, line 1167]
Event: 0.115 Thread 0x0000000002582800 Exception <a 'java/lang/NoSuchFieldError': method resolution failed> (0x000000076b6e1dd8) thrown at [C:\re\workspace\8-2-build-windows-amd64-cygwin\jdk8u171\10807\hotspot\src\share\vm\prims\methodHandles.cpp, line 1167]
Event: 0.923 Thread 0x000000001f848000 Exception <a 'sun/nio/fs/WindowsException'> (0x000000076bb24588) thrown at [C:\re\workspace\8-2-build-windows-amd64-cygwin\jdk8u171\10807\hotspot\src\share\vm\prims\jni.cpp, line 709]
Event: 0.923 Thread 0x000000001f848000 Exception <a 'sun/nio/fs/WindowsException'> (0x000000076bb25a10) thrown at [C:\re\workspace\8-2-build-windows-amd64-cygwin\jdk8u171\10807\hotspot\src\share\vm\prims\jni.cpp, line 709]
Event: 1.189 Thread 0x000000001f848000 Exception <a 'java/io/FileNotFoundException'> (0x000000076c708328) thrown at [C:\re\workspace\8-2-build-windows-amd64-cygwin\jdk8u171\10807\hotspot\src\share\vm\prims\jni.cpp, line 709]

Events (10 events):
Event: 1.559 loading class com/codered/engine/utils/EvalFunc
Event: 1.559 loading class com/codered/engine/utils/EvalFunc done
Event: 1.559 loading class cmn/utilslib/math/Quaternion
Event: 1.559 loading class cmn/utilslib/math/Quaternion done
Event: 1.561 loading class com/codered/engine/managing/UnityScreen
Event: 1.561 loading class com/codered/engine/managing/UnityScreen done
Event: 1.588 loading class com/codered/engine/managing/models/RawModel
Event: 1.588 loading class com/codered/engine/managing/models/RawModel done
Event: 1.595 Thread 0x000000001f848000 DEOPT PACKING pc=0x00000000029d328c sp=0x0000000020fbf2b0
Event: 1.595 Thread 0x000000001f848000 DEOPT UNPACKING pc=0x00000000026c7890 sp=0x0000000020fbf0c8 mode 0


Dynamic libraries:
0x00007ff7fcfa0000 - 0x00007ff7fcfd7000 	C:\Program Files\Java\jdk1.8.0_171\bin\javaw.exe
0x00007ff855240000 - 0x00007ff855421000 	C:\WINDOWS\SYSTEM32\ntdll.dll
0x00007ff8545a0000 - 0x00007ff854652000 	C:\WINDOWS\System32\KERNEL32.DLL
0x00007ff851aa0000 - 0x00007ff851d13000 	C:\WINDOWS\System32\KERNELBASE.dll
0x00007ff8541d0000 - 0x00007ff854271000 	C:\WINDOWS\System32\ADVAPI32.dll
0x00007ff854d20000 - 0x00007ff854dbe000 	C:\WINDOWS\System32\msvcrt.dll
0x00007ff854960000 - 0x00007ff8549bb000 	C:\WINDOWS\System32\sechost.dll
0x00007ff854f20000 - 0x00007ff855044000 	C:\WINDOWS\System32\RPCRT4.dll
0x00007ff854760000 - 0x00007ff8548f0000 	C:\WINDOWS\System32\USER32.dll
0x00007ff851610000 - 0x00007ff851630000 	C:\WINDOWS\System32\win32u.dll
0x00007ff8551e0000 - 0x00007ff855208000 	C:\WINDOWS\System32\GDI32.dll
0x00007ff851710000 - 0x00007ff8518a2000 	C:\WINDOWS\System32\gdi32full.dll
0x00007ff851e20000 - 0x00007ff851ebf000 	C:\WINDOWS\System32\msvcp_win.dll
0x00007ff851d20000 - 0x00007ff851e1a000 	C:\WINDOWS\System32\ucrtbase.dll
0x00007ff843cd0000 - 0x00007ff843f39000 	C:\WINDOWS\WinSxS\amd64_microsoft.windows.common-controls_6595b64144ccf1df_6.0.17134.112_none_fb3f961b30681c12\COMCTL32.dll
0x00007ff8549c0000 - 0x00007ff854ce3000 	C:\WINDOWS\System32\combase.dll
0x00007ff851690000 - 0x00007ff85170a000 	C:\WINDOWS\System32\bcryptPrimitives.dll
0x00007ff854cf0000 - 0x00007ff854d1d000 	C:\WINDOWS\System32\IMM32.DLL
0x000000005bcc0000 - 0x000000005bd92000 	C:\Program Files\Java\jdk1.8.0_171\jre\bin\msvcr100.dll
0x000000005bda0000 - 0x000000005c640000 	C:\Program Files\Java\jdk1.8.0_171\jre\bin\server\jvm.dll
0x00007ff854950000 - 0x00007ff854958000 	C:\WINDOWS\System32\PSAPI.DLL
0x00007ff84f860000 - 0x00007ff84f869000 	C:\WINDOWS\SYSTEM32\WSOCK32.dll
0x00007ff84aa80000 - 0x00007ff84aa8a000 	C:\WINDOWS\SYSTEM32\VERSION.dll
0x00007ff84f7c0000 - 0x00007ff84f7e3000 	C:\WINDOWS\SYSTEM32\WINMM.dll
0x00007ff855100000 - 0x00007ff85516c000 	C:\WINDOWS\System32\WS2_32.dll
0x00007ff84f790000 - 0x00007ff84f7ba000 	C:\WINDOWS\SYSTEM32\WINMMBASE.dll
0x00007ff852680000 - 0x00007ff8526c9000 	C:\WINDOWS\System32\cfgmgr32.dll
0x000000005bcb0000 - 0x000000005bcbf000 	C:\Program Files\Java\jdk1.8.0_171\jre\bin\verify.dll
0x000000005bc80000 - 0x000000005bca9000 	C:\Program Files\Java\jdk1.8.0_171\jre\bin\java.dll
0x000000005bc60000 - 0x000000005bc76000 	C:\Program Files\Java\jdk1.8.0_171\jre\bin\zip.dll
0x00007ff852750000 - 0x00007ff853b90000 	C:\WINDOWS\System32\SHELL32.dll
0x00007ff855050000 - 0x00007ff8550f9000 	C:\WINDOWS\System32\shcore.dll
0x00007ff851f70000 - 0x00007ff85267d000 	C:\WINDOWS\System32\windows.storage.dll
0x00007ff855180000 - 0x00007ff8551d1000 	C:\WINDOWS\System32\shlwapi.dll
0x00007ff8515d0000 - 0x00007ff8515e1000 	C:\WINDOWS\System32\kernel.appcore.dll
0x00007ff8515f0000 - 0x00007ff85160f000 	C:\WINDOWS\System32\profapi.dll
0x00007ff851570000 - 0x00007ff8515bc000 	C:\WINDOWS\System32\powrprof.dll
0x00007ff8515c0000 - 0x00007ff8515ca000 	C:\WINDOWS\System32\FLTLIB.DLL
0x000000005bc40000 - 0x000000005bc5a000 	C:\Program Files\Java\jdk1.8.0_171\jre\bin\net.dll
0x00007ff850dd0000 - 0x00007ff850e36000 	C:\WINDOWS\system32\mswsock.dll
0x000000005bc20000 - 0x000000005bc31000 	C:\Program Files\Java\jdk1.8.0_171\jre\bin\nio.dll
0x00007ff828240000 - 0x00007ff828295000 	C:\Users\florian\AppData\Local\Temp\lwjglflorian\3.1.0-build-40\lwjgl.dll
0x00007ff8360d0000 - 0x00007ff83610c000 	C:\Users\florian\AppData\Local\Temp\lwjglflorian\3.1.0-build-40\glfw.dll
0x00007ff850f80000 - 0x00007ff850f8b000 	C:\WINDOWS\SYSTEM32\CRYPTBASE.DLL
0x00007ff84f9e0000 - 0x00007ff84fa78000 	C:\WINDOWS\system32\uxtheme.dll
0x00007ff8276d0000 - 0x00007ff827713000 	C:\WINDOWS\SYSTEM32\dinput8.dll
0x00007ff8475e0000 - 0x00007ff8475f0000 	C:\WINDOWS\SYSTEM32\xinput1_4.dll
0x00007ff851360000 - 0x00007ff851387000 	C:\WINDOWS\SYSTEM32\DEVOBJ.dll
0x00007ff84fcc0000 - 0x00007ff84fce9000 	C:\WINDOWS\SYSTEM32\dwmapi.dll
0x00007ff846150000 - 0x00007ff8461c9000 	C:\WINDOWS\SYSTEM32\inputhost.dll
0x00007ff84f590000 - 0x00007ff84f66a000 	C:\WINDOWS\SYSTEM32\CoreMessaging.dll
0x00007ff84d3e0000 - 0x00007ff84d52d000 	C:\WINDOWS\SYSTEM32\wintypes.dll
0x00007ff84b770000 - 0x00007ff84ba8e000 	C:\WINDOWS\SYSTEM32\CoreUIComponents.dll
0x00007ff850730000 - 0x00007ff850761000 	C:\WINDOWS\SYSTEM32\ntmarta.dll
0x00007ff850260000 - 0x00007ff85026c000 	C:\WINDOWS\SYSTEM32\HID.DLL
0x00007ff853b90000 - 0x00007ff853fdb000 	C:\WINDOWS\System32\SETUPAPI.DLL
0x00007ff851630000 - 0x00007ff851687000 	C:\WINDOWS\System32\WINTRUST.dll
0x00007ff851550000 - 0x00007ff851562000 	C:\WINDOWS\System32\MSASN1.dll
0x00007ff8518b0000 - 0x00007ff851a92000 	C:\WINDOWS\System32\CRYPT32.dll
0x00007ff854420000 - 0x00007ff854595000 	C:\WINDOWS\System32\MSCTF.dll
0x00007ff8540a0000 - 0x00007ff854162000 	C:\WINDOWS\System32\OLEAUT32.dll
0x00007ff808940000 - 0x00007ff808a60000 	C:\WINDOWS\SYSTEM32\opengl32.dll
0x00007ff82a7a0000 - 0x00007ff82a7cc000 	C:\WINDOWS\SYSTEM32\GLU32.dll
0x0000000058bd0000 - 0x000000005b254000 	C:\WINDOWS\System32\DriverStore\FileRepository\nvddi.inf_amd64_932aa56f94c69d29\nvoglv64.dll
0x00007ff854dc0000 - 0x00007ff854f11000 	C:\WINDOWS\System32\ole32.dll
0x00007ff84db00000 - 0x00007ff84db13000 	C:\WINDOWS\SYSTEM32\WTSAPI32.dll
0x00007ff8506d0000 - 0x00007ff850726000 	C:\WINDOWS\SYSTEM32\WINSTA.dll
0x00007ff8461d0000 - 0x00007ff846268000 	C:\WINDOWS\System32\TextInputFramework.dll
0x000000005ba30000 - 0x000000005bbc8000 	C:\Program Files\Java\jdk1.8.0_171\jre\bin\awt.dll
0x00007ff84f8b0000 - 0x00007ff84f93b000 	C:\WINDOWS\SYSTEM32\apphelp.dll
0x00007ff8277d0000 - 0x00007ff827999000 	C:\WINDOWS\SYSTEM32\dbghelp.dll

VM Arguments:
jvm_args: -Djava.library.path=G:\picatrix1899_portable\workspace\git\CodeRed3\CodeRed\lib\natives -Dfile.encoding=Cp1252 
java_command: com.codered.demo.Main
java_class_path (initial): G:\picatrix1899_portable\workspace\git\CodeRed3\CodeRedDemo\bin;G:\picatrix1899_portable\workspace\git\utilslib\utilslib\bin;G:\picatrix1899_portable\workspace\git\CodeRed3\CodeRedDemo\lib\lwjgl-glfw.jar;G:\picatrix1899_portable\workspace\git\CodeRed3\CodeRedDemo\lib\lwjgl.jar;G:\picatrix1899_portable\workspace\git\CodeRed3\CodeRedDemo\lib\lwjgl-natives-windows.jar;G:\picatrix1899_portable\workspace\git\CodeRed3\CodeRedDemo\lib\lwjgl-opengl.jar;G:\picatrix1899_portable\workspace\git\CodeRed3\CodeRedDemo\lib\guava-19.0.jar;G:\picatrix1899_portable\workspace\git\CodeRed3\CodeRed\bin;G:\picatrix1899_portable\workspace\git\CodeRed3\CodeRed\lib\guava-19.0.jar;G:\picatrix1899_portable\workspace\git\CodeRed3\CodeRed\lib\jorbis-0.0.15.jar;G:\picatrix1899_portable\workspace\git\CodeRed3\CodeRed\lib\jogg-0.0.7.jar;G:\picatrix1899_portable\workspace\git\CodeRed3\CodeRed\lib\lwjgl-glfw-natives-windows.jar;G:\picatrix1899_portable\workspace\git\CodeRed3\CodeRed\lib\lwjgl-glfw.jar;G:\picatrix1899_portable\workspace\git\CodeRed3\CodeRed\lib\lwjgl-natives-windows.jar;G:\picatrix1899_portable\workspace\git\CodeRed3\CodeRed\lib\lwjgl-nuklear-natives-windows.jar;G:\picatrix1899_portable\workspace\git\CodeRed3\CodeRed\lib\lwjgl-nuklear.jar;G:\picatrix1899_portable\workspace\git\CodeRed3\CodeRed\lib\lwjgl-openal.jar;G:\picatrix1899_portable\workspace\git\CodeRed3\CodeRed\lib\lwjgl-opencl.jar;G:\picatrix1899_portable\workspace\git\CodeRed3\CodeRed\lib\lwjgl-opengl.jar;G:\picatrix1899_portable\workspace\git\CodeRed3\CodeRed\lib\lwjgl-ovr.jar;G:\picatrix1899_portable\workspace\git\CodeRed3\CodeRed\lib\lwjgl-ovr-natives-windows.jar;G:\picatrix1899_portable\workspace\git\CodeRed3\CodeRed\lib\lwjgl-openal-natives-windows.jar;G:\picatrix1899_portable\workspace\git\CodeRed3\CodeRed\lib\lwjgl.jar
Launcher Type: SUN_STANDARD

Environment Variables:
JAVA_HOME=C:\Program Files\Java\jdk1.8.0_171
PATH=C:/Program Files/Java/jdk1.8.0_171/bin/../jre/bin/server;C:/Program Files/Java/jdk1.8.0_171/bin/../jre/bin;C:/Program Files/Java/jdk1.8.0_171/bin/../jre/lib/amd64;C:\WINDOWS\system32;C:\WINDOWS;C:\WINDOWS\System32\Wbem;C:\WINDOWS\System32\WindowsPowerShell\v1.0\;C:\WINDOWS\System32\OpenSSH\;C:\Program Files\Git\cmd;C:\Users\florian\AppData\Local\Microsoft\WindowsApps;C:\Program Files\Java\jdk1.8.0_171\bin;;G:\picatrix1899_portable\eclipse oxygen;
USERNAME=florian
OS=Windows_NT
PROCESSOR_IDENTIFIER=Intel64 Family 6 Model 79 Stepping 1, GenuineIntel



---------------  S Y S T E M  ---------------

OS: Windows 10.0 , 64 bit Build 17134 (10.0.17134.1)

CPU:total 12 (initial active 12) (6 cores per cpu, 2 threads per core) family 6 model 79 stepping 1, cmov, cx8, fxsr, mmx, sse, sse2, sse3, ssse3, sse4.1, sse4.2, popcnt, avx, avx2, aes, clmul, erms, rtm, 3dnowpref, lzcnt, ht, tsc, tscinvbit, bmi1, bmi2, adx

Memory: 4k page, physical 16673752k(12446896k free), swap 19688408k(11373200k free)

vm_info: Java HotSpot(TM) 64-Bit Server VM (25.171-b11) for windows-amd64 JRE (1.8.0_171-b11), built on Mar 28 2018 16:06:12 by "java_re" with MS VC++ 10.0 (VS2010)

time: Sat Jun 16 21:25:22 2018
elapsed time: 2 seconds (0d 0h 0m 2s)

