#
# A fatal error has been detected by the Java Runtime Environment:
#
#  EXCEPTION_ACCESS_VIOLATION (0xc0000005) at pc=0x000000005996f885, pid=66520, tid=0x000000000000b544
#
# JRE version: Java(TM) SE Runtime Environment (8.0_171-b11) (build 1.8.0_171-b11)
# Java VM: Java HotSpot(TM) 64-Bit Server VM (25.171-b11 mixed mode windows-amd64 compressed oops)
# Problematic frame:
# C  [nvoglv64.dll+0xd9f885]
#
# Failed to write core dump. Minidumps are not enabled by default on client versions of Windows
#
# If you would like to submit a bug report, please visit:
#   http://bugreport.java.com/bugreport/crash.jsp
# The crash happened outside the Java Virtual Machine in native code.
# See problematic frame for where to report the bug.
#

---------------  T H R E A D  ---------------

Current thread (0x000000001f633000):  JavaThread "WindowTickRoutine" [_thread_in_native, id=46404, stack(0x0000000020ce0000,0x0000000020de0000)]

siginfo: ExceptionCode=0xc0000005, reading address 0x0000000000000000

Registers:
RAX=0x00000000238e4170, RBX=0x0000000021436a90, RCX=0x000000005996f885, RDX=0x0000000000000000
RSP=0x0000000020ddf168, RBP=0x0000000000000001, RSI=0x0000000000000002, RDI=0x00000000238e4170
R8 =0x0000000000000010, R9 =0x0000000058bd0000, R10=0x0000000000000000, R11=0x00000000238e4170
R12=0x0000000000000000, R13=0x0000000058bd0000, R14=0x0000000000000000, R15=0x0000000021436810
RIP=0x000000005996f885, EFLAGS=0x0000000000010202

Top of Stack: (sp=0x0000000020ddf168)
0x0000000020ddf168:   00000000594af28a 0000000000000000
0x0000000020ddf178:   0000000020ddf230 0000000700000000
0x0000000020ddf188:   00000000593467cb 000000001f633000
0x0000000020ddf198:   0000000000000002 0000000000000000
0x0000000020ddf1a8:   000000000001010b 0000000021436810
0x0000000020ddf1b8:   00000000594b0072 0000000021436080
0x0000000020ddf1c8:   0000000000000005 0000000000000000
0x0000000020ddf1d8:   000000000287d58a 000000001f633000
0x0000000020ddf1e8:   0000000020ddf2d8 000000001bc674d0
0x0000000020ddf1f8:   0000000000000000 0000000000000001
0x0000000020ddf208:   0000000002538c67 000000001bc674d0
0x0000000020ddf218:   0000000020ddf298 0000000000000001
0x0000000020ddf228:   000000000289c2fc 0000000000000000
0x0000000020ddf238:   0000000000000002 00000006c1801740
0x0000000020ddf248:   000000005be95b7b 0000000020ddf398
0x0000000020ddf258:   0000000020ddf258 0000000000000000 

Instructions: (pc=0x000000005996f885)
0x000000005996f865:   89 08 c3 48 8b 0a 48 89 08 c3 0f b7 0a 44 0f b6
0x000000005996f875:   42 02 66 89 08 44 88 40 02 c3 0f b6 0a 88 08 c3
0x000000005996f885:   f3 0f 6f 02 f3 0f 7f 00 c3 66 90 4c 8b 02 0f b7
0x000000005996f895:   4a 08 44 0f b6 4a 0a 4c 89 00 66 89 48 08 44 88 


Register to memory mapping:

RAX=0x00000000238e4170 is an unknown value
RBX=0x0000000021436a90 is an unknown value
RCX=0x000000005996f885 is an unknown value
RDX=0x0000000000000000 is an unknown value
RSP=0x0000000020ddf168 is pointing into the stack for thread: 0x000000001f633000
RBP=0x0000000000000001 is an unknown value
RSI=0x0000000000000002 is an unknown value
RDI=0x00000000238e4170 is an unknown value
R8 =0x0000000000000010 is an unknown value
R9 =0x0000000058bd0000 is an unknown value
R10=0x0000000000000000 is an unknown value
R11=0x00000000238e4170 is an unknown value
R12=0x0000000000000000 is an unknown value
R13=0x0000000058bd0000 is an unknown value
R14=0x0000000000000000 is an unknown value
R15=0x0000000021436810 is an unknown value


Stack: [0x0000000020ce0000,0x0000000020de0000],  sp=0x0000000020ddf168,  free space=1020k
Native frames: (J=compiled Java code, j=interpreted, Vv=VM code, C=native code)
C  [nvoglv64.dll+0xd9f885]
C  [nvoglv64.dll+0x8df28a]
C  [nvoglv64.dll+0x8e0072]
C  0x0000000002538c67

Java frames: (J=compiled Java code, j=interpreted, Vv=VM code)
j  org.lwjgl.system.JNI.callV(JIII)V+0
j  org.lwjgl.opengl.GL11.glDrawArrays(III)V+11
j  com.codered.engine.managing.UnityScreen.draw()V+20
j  com.codered.demo.DemoWindowContext1.blurH()V+93
j  com.codered.demo.DemoWindowContext1.render(D)V+99
j  com.codered.engine.window.WindowImpl.render(D)V+17
J 771% C2 com.codered.engine.window.WindowTickRoutineImpl.run()V (194 bytes) @ 0x000000000287a8d0 [0x000000000287a7e0+0xf0]
v  ~StubRoutines::call_stub

---------------  P R O C E S S  ---------------

Java Threads: ( => current thread )
  0x0000000029f57000 JavaThread "Java2D Disposer" daemon [_thread_blocked, id=43500, stack(0x000000002af60000,0x000000002b060000)]
  0x0000000002422800 JavaThread "DestroyJavaVM" [_thread_blocked, id=58796, stack(0x0000000002290000,0x0000000002390000)]
=>0x000000001f633000 JavaThread "WindowTickRoutine" [_thread_in_native, id=46404, stack(0x0000000020ce0000,0x0000000020de0000)]
  0x000000001d8e6000 JavaThread "Service Thread" daemon [_thread_blocked, id=63872, stack(0x000000001f2c0000,0x000000001f3c0000)]
  0x000000001d867800 JavaThread "C1 CompilerThread3" daemon [_thread_blocked, id=16652, stack(0x000000001f1c0000,0x000000001f2c0000)]
  0x000000001d867000 JavaThread "C2 CompilerThread2" daemon [_thread_blocked, id=52604, stack(0x000000001f0c0000,0x000000001f1c0000)]
  0x000000001d859000 JavaThread "C2 CompilerThread1" daemon [_thread_blocked, id=30124, stack(0x000000001efc0000,0x000000001f0c0000)]
  0x000000001d854000 JavaThread "C2 CompilerThread0" daemon [_thread_blocked, id=47200, stack(0x000000001eec0000,0x000000001efc0000)]
  0x000000001d84d800 JavaThread "Attach Listener" daemon [_thread_blocked, id=46388, stack(0x000000001edc0000,0x000000001eec0000)]
  0x000000001d84c800 JavaThread "Signal Dispatcher" daemon [_thread_blocked, id=63724, stack(0x000000001ecc0000,0x000000001edc0000)]
  0x000000001d843000 JavaThread "Finalizer" daemon [_thread_blocked, id=41940, stack(0x000000001eaa0000,0x000000001eba0000)]
  0x000000001c15d000 JavaThread "Reference Handler" daemon [_thread_blocked, id=11288, stack(0x000000001e9a0000,0x000000001eaa0000)]

Other Threads:
  0x000000001d822800 VMThread [stack: 0x000000001e8a0000,0x000000001e9a0000] [id=25844]
  0x000000001d880800 WatcherThread [stack: 0x000000001f3c0000,0x000000001f4c0000] [id=47940]

VM state:not at safepoint (normal execution)

VM Mutex/Monitor currently owned by a thread: None

Heap:
 PSYoungGen      total 76288K, used 23318K [0x000000076b300000, 0x0000000770800000, 0x00000007c0000000)
  eden space 65536K, 19% used [0x000000076b300000,0x000000076bf49e80,0x000000076f300000)
  from space 10752K, 99% used [0x000000076f300000,0x000000076fd7b990,0x000000076fd80000)
  to   space 10752K, 0% used [0x000000076fd80000,0x000000076fd80000,0x0000000770800000)
 ParOldGen       total 175104K, used 5222K [0x00000006c1800000, 0x00000006cc300000, 0x000000076b300000)
  object space 175104K, 2% used [0x00000006c1800000,0x00000006c1d19a30,0x00000006cc300000)
 Metaspace       used 11295K, capacity 11501K, committed 11904K, reserved 1060864K
  class space    used 1005K, capacity 1070K, committed 1152K, reserved 1048576K

Card table byte_map: [0x00000000118e0000,0x00000000120e0000] byte_map_base: 0x000000000e2d4000

Marking Bits: (ParMarkBitMap*) 0x000000005c5c08c0
 Begin Bits: [0x0000000013030000, 0x0000000016fd0000)
 End Bits:   [0x0000000016fd0000, 0x000000001af70000)

Polling page: 0x0000000000a40000

CodeCache: size=245760Kb used=3726Kb max_used=3737Kb free=242033Kb
 bounds [0x0000000002520000, 0x00000000028d0000, 0x0000000011520000]
 total_blobs=1802 nmethods=934 adapters=781
 compilation: enabled

Compilation events (10 events):
Event: 4.718 Thread 0x000000001d867800  922       3       com.codered.engine.shader.UniformMatrix4x4::set (6 bytes)
Event: 4.718 Thread 0x000000001d867800 nmethod 922 0x00000000028c0750 code [0x00000000028c08a0, 0x00000000028c0a10]
Event: 4.718 Thread 0x000000001d867800  923       3       com.codered.engine.entities.Camera::getTotalPos (8 bytes)
Event: 4.718 Thread 0x000000001d867800 nmethod 923 0x00000000028c0a90 code [0x00000000028c0c20, 0x00000000028c0ef8]
Event: 4.718 Thread 0x000000001d867800  924       3       cmn.utilslib.math.Transform::getTransformedPos (27 bytes)
Event: 4.718 Thread 0x000000001d867800 nmethod 924 0x00000000028c1090 code [0x00000000028c1200, 0x00000000028c1458]
Event: 4.718 Thread 0x000000001d867800  925       3       cmn.utilslib.math.Transform::getTransformationMatrix (59 bytes)
Event: 4.719 Thread 0x000000001d867800 nmethod 925 0x00000000028c1550 code [0x00000000028c19c0, 0x00000000028c3898]
Event: 4.750 Thread 0x000000001d859000  934       4       cmn.utilslib.math.Quaternion::<init> (38 bytes)
Event: 4.750 Thread 0x000000001d859000 nmethod 934 0x00000000028ad650 code [0x00000000028ad780, 0x00000000028ad7f8]

GC Heap History (2 events):
Event: 1.461 GC heap before
{Heap before GC invocations=1 (full 0):
 PSYoungGen      total 76288K, used 61749K [0x000000076b300000, 0x0000000770800000, 0x00000007c0000000)
  eden space 65536K, 94% used [0x000000076b300000,0x000000076ef4d5b0,0x000000076f300000)
  from space 10752K, 0% used [0x000000076fd80000,0x000000076fd80000,0x0000000770800000)
  to   space 10752K, 0% used [0x000000076f300000,0x000000076f300000,0x000000076fd80000)
 ParOldGen       total 175104K, used 0K [0x00000006c1800000, 0x00000006cc300000, 0x000000076b300000)
  object space 175104K, 0% used [0x00000006c1800000,0x00000006c1800000,0x00000006cc300000)
 Metaspace       used 11002K, capacity 11285K, committed 11648K, reserved 1060864K
  class space    used 979K, capacity 1066K, committed 1152K, reserved 1048576K
Event: 1.465 GC heap after
Heap after GC invocations=1 (full 0):
 PSYoungGen      total 76288K, used 10734K [0x000000076b300000, 0x0000000770800000, 0x00000007c0000000)
  eden space 65536K, 0% used [0x000000076b300000,0x000000076b300000,0x000000076f300000)
  from space 10752K, 99% used [0x000000076f300000,0x000000076fd7b990,0x000000076fd80000)
  to   space 10752K, 0% used [0x000000076fd80000,0x000000076fd80000,0x0000000770800000)
 ParOldGen       total 175104K, used 5222K [0x00000006c1800000, 0x00000006cc300000, 0x000000076b300000)
  object space 175104K, 2% used [0x00000006c1800000,0x00000006c1d19a30,0x00000006cc300000)
 Metaspace       used 11002K, capacity 11285K, committed 11648K, reserved 1060864K
  class space    used 979K, capacity 1066K, committed 1152K, reserved 1048576K
}

Deoptimization events (9 events):
Event: 1.310 Thread 0x000000001f633000 Uncommon trap: reason=unstable_if action=reinterpret pc=0x00000000028269bc method=com.codered.engine.managing.loader.TextureLoader.loadTexture(Ljava/io/File;)Lcom/codered/engine/managing/loader/data/TextureData; @ 176
Event: 1.328 Thread 0x000000001f633000 Uncommon trap: reason=unstable_if action=reinterpret pc=0x00000000028180a4 method=sun.awt.image.ByteInterleavedRaster.putByteData(IIII[B)V @ 395
Event: 1.371 Thread 0x000000001f633000 Uncommon trap: reason=unstable_if action=reinterpret pc=0x000000000282da08 method=java.awt.image.ComponentColorModel.getRGB(Ljava/lang/Object;)I @ 4
Event: 1.371 Thread 0x000000001f633000 Uncommon trap: reason=unstable_if action=reinterpret pc=0x000000000282cd1c method=java.awt.image.ComponentColorModel.getAlpha(Ljava/lang/Object;)I @ 4
Event: 1.371 Thread 0x000000001f633000 Uncommon trap: reason=unstable_if action=reinterpret pc=0x000000000282f19c method=java.awt.image.ComponentColorModel.extractComponent(Ljava/lang/Object;II)I @ 4
Event: 1.373 Thread 0x000000001f633000 Uncommon trap: reason=unstable_if action=reinterpret pc=0x000000000283e64c method=java.awt.image.ComponentColorModel.getAlpha(Ljava/lang/Object;)I @ 4
Event: 1.413 Thread 0x000000001f633000 Uncommon trap: reason=unstable_if action=reinterpret pc=0x0000000002858324 method=java.awt.image.BufferedImage.getRGB(IIII[III)[I @ 163
Event: 1.492 Thread 0x000000001f633000 Uncommon trap: reason=unstable_if action=reinterpret pc=0x000000000285b724 method=java.awt.image.BufferedImage.getRGB(IIII[III)[I @ 163
Event: 1.550 Thread 0x000000001f633000 Uncommon trap: reason=unstable_if action=reinterpret pc=0x0000000002873498 method=com.codered.engine.window.WindowTickRoutineImpl.run()V @ 161

Classes redefined (0 events):
No events

Internal exceptions (10 events):
Event: 0.023 Thread 0x0000000002422800 Exception <a 'java/lang/NoSuchMethodError': Method sun.misc.Unsafe.prefetchRead(Ljava/lang/Object;J)V name or signature does not match> (0x000000076b307f98) thrown at [C:\re\workspace\8-2-build-windows-amd64-cygwin\jdk8u171\10807\hotspot\src\share\vm\prim
Event: 0.088 Thread 0x0000000002422800 Exception <a 'java/security/PrivilegedActionException'> (0x000000076b5e2e48) thrown at [C:\re\workspace\8-2-build-windows-amd64-cygwin\jdk8u171\10807\hotspot\src\share\vm\prims\jvm.cpp, line 1435]
Event: 0.088 Thread 0x0000000002422800 Exception <a 'java/security/PrivilegedActionException'> (0x000000076b5e3058) thrown at [C:\re\workspace\8-2-build-windows-amd64-cygwin\jdk8u171\10807\hotspot\src\share\vm\prims\jvm.cpp, line 1435]
Event: 0.088 Thread 0x0000000002422800 Exception <a 'java/security/PrivilegedActionException'> (0x000000076b5e6f68) thrown at [C:\re\workspace\8-2-build-windows-amd64-cygwin\jdk8u171\10807\hotspot\src\share\vm\prims\jvm.cpp, line 1435]
Event: 0.088 Thread 0x0000000002422800 Exception <a 'java/security/PrivilegedActionException'> (0x000000076b5e7178) thrown at [C:\re\workspace\8-2-build-windows-amd64-cygwin\jdk8u171\10807\hotspot\src\share\vm\prims\jvm.cpp, line 1435]
Event: 0.113 Thread 0x0000000002422800 Exception <a 'java/lang/NoSuchFieldError': method resolution failed> (0x000000076b6d45f0) thrown at [C:\re\workspace\8-2-build-windows-amd64-cygwin\jdk8u171\10807\hotspot\src\share\vm\prims\methodHandles.cpp, line 1167]
Event: 0.114 Thread 0x0000000002422800 Exception <a 'java/lang/NoSuchFieldError': method resolution failed> (0x000000076b6e1d50) thrown at [C:\re\workspace\8-2-build-windows-amd64-cygwin\jdk8u171\10807\hotspot\src\share\vm\prims\methodHandles.cpp, line 1167]
Event: 0.918 Thread 0x000000001f633000 Exception <a 'sun/nio/fs/WindowsException'> (0x000000076bb24528) thrown at [C:\re\workspace\8-2-build-windows-amd64-cygwin\jdk8u171\10807\hotspot\src\share\vm\prims\jni.cpp, line 709]
Event: 0.919 Thread 0x000000001f633000 Exception <a 'sun/nio/fs/WindowsException'> (0x000000076bb259b0) thrown at [C:\re\workspace\8-2-build-windows-amd64-cygwin\jdk8u171\10807\hotspot\src\share\vm\prims\jni.cpp, line 709]
Event: 1.181 Thread 0x000000001f633000 Exception <a 'java/io/FileNotFoundException'> (0x000000076c708228) thrown at [C:\re\workspace\8-2-build-windows-amd64-cygwin\jdk8u171\10807\hotspot\src\share\vm\prims\jni.cpp, line 709]

Events (10 events):
Event: 1.553 loading class com/codered/engine/managing/UnityScreen
Event: 1.553 loading class com/codered/engine/managing/UnityScreen done
Event: 1.581 loading class com/codered/engine/managing/models/RawModel
Event: 1.581 loading class com/codered/engine/managing/models/RawModel done
Event: 1.587 Thread 0x000000001f633000 DEOPT PACKING pc=0x000000000287650c sp=0x0000000020ddf3b0
Event: 1.588 Thread 0x000000001f633000 DEOPT UNPACKING pc=0x0000000002567890 sp=0x0000000020ddf1c8 mode 0
Event: 1.590 Thread 0x000000001f633000 DEOPT PACKING pc=0x0000000002876485 sp=0x0000000020ddf3b0
Event: 1.590 Thread 0x000000001f633000 DEOPT UNPACKING pc=0x0000000002567890 sp=0x0000000020ddf1c8 mode 0
Event: 4.083 Executing VM operation: EnableBiasedLocking
Event: 4.083 Executing VM operation: EnableBiasedLocking done


Dynamic libraries:
0x00007ff7fcfa0000 - 0x00007ff7fcfd7000 	C:\Program Files\Java\jdk1.8.0_171\bin\javaw.exe
0x00007ff855240000 - 0x00007ff855421000 	C:\WINDOWS\SYSTEM32\ntdll.dll
0x00007ff8545a0000 - 0x00007ff854652000 	C:\WINDOWS\System32\KERNEL32.DLL
0x00007ff851aa0000 - 0x00007ff851d13000 	C:\WINDOWS\System32\KERNELBASE.dll
0x00007ff8541d0000 - 0x00007ff854271000 	C:\WINDOWS\System32\ADVAPI32.dll
0x00007ff854d20000 - 0x00007ff854dbe000 	C:\WINDOWS\System32\msvcrt.dll
0x00007ff854960000 - 0x00007ff8549bb000 	C:\WINDOWS\System32\sechost.dll
0x00007ff854f20000 - 0x00007ff855044000 	C:\WINDOWS\System32\RPCRT4.dll
0x00007ff854760000 - 0x00007ff8548f0000 	C:\WINDOWS\System32\USER32.dll
0x00007ff851610000 - 0x00007ff851630000 	C:\WINDOWS\System32\win32u.dll
0x00007ff8551e0000 - 0x00007ff855208000 	C:\WINDOWS\System32\GDI32.dll
0x00007ff851710000 - 0x00007ff8518a2000 	C:\WINDOWS\System32\gdi32full.dll
0x00007ff851e20000 - 0x00007ff851ebf000 	C:\WINDOWS\System32\msvcp_win.dll
0x00007ff851d20000 - 0x00007ff851e1a000 	C:\WINDOWS\System32\ucrtbase.dll
0x00007ff843cd0000 - 0x00007ff843f39000 	C:\WINDOWS\WinSxS\amd64_microsoft.windows.common-controls_6595b64144ccf1df_6.0.17134.112_none_fb3f961b30681c12\COMCTL32.dll
0x00007ff8549c0000 - 0x00007ff854ce3000 	C:\WINDOWS\System32\combase.dll
0x00007ff851690000 - 0x00007ff85170a000 	C:\WINDOWS\System32\bcryptPrimitives.dll
0x00007ff854cf0000 - 0x00007ff854d1d000 	C:\WINDOWS\System32\IMM32.DLL
0x000000005bcc0000 - 0x000000005bd92000 	C:\Program Files\Java\jdk1.8.0_171\jre\bin\msvcr100.dll
0x000000005bda0000 - 0x000000005c640000 	C:\Program Files\Java\jdk1.8.0_171\jre\bin\server\jvm.dll
0x00007ff854950000 - 0x00007ff854958000 	C:\WINDOWS\System32\PSAPI.DLL
0x00007ff84f860000 - 0x00007ff84f869000 	C:\WINDOWS\SYSTEM32\WSOCK32.dll
0x00007ff84f7c0000 - 0x00007ff84f7e3000 	C:\WINDOWS\SYSTEM32\WINMM.dll
0x00007ff84aa80000 - 0x00007ff84aa8a000 	C:\WINDOWS\SYSTEM32\VERSION.dll
0x00007ff855100000 - 0x00007ff85516c000 	C:\WINDOWS\System32\WS2_32.dll
0x00007ff84f790000 - 0x00007ff84f7ba000 	C:\WINDOWS\SYSTEM32\winmmbase.dll
0x00007ff852680000 - 0x00007ff8526c9000 	C:\WINDOWS\System32\cfgmgr32.dll
0x000000005bcb0000 - 0x000000005bcbf000 	C:\Program Files\Java\jdk1.8.0_171\jre\bin\verify.dll
0x000000005bc80000 - 0x000000005bca9000 	C:\Program Files\Java\jdk1.8.0_171\jre\bin\java.dll
0x000000005bc60000 - 0x000000005bc76000 	C:\Program Files\Java\jdk1.8.0_171\jre\bin\zip.dll
0x00007ff852750000 - 0x00007ff853b90000 	C:\WINDOWS\System32\SHELL32.dll
0x00007ff855050000 - 0x00007ff8550f9000 	C:\WINDOWS\System32\shcore.dll
0x00007ff851f70000 - 0x00007ff85267d000 	C:\WINDOWS\System32\windows.storage.dll
0x00007ff855180000 - 0x00007ff8551d1000 	C:\WINDOWS\System32\shlwapi.dll
0x00007ff8515d0000 - 0x00007ff8515e1000 	C:\WINDOWS\System32\kernel.appcore.dll
0x00007ff8515f0000 - 0x00007ff85160f000 	C:\WINDOWS\System32\profapi.dll
0x00007ff851570000 - 0x00007ff8515bc000 	C:\WINDOWS\System32\powrprof.dll
0x00007ff8515c0000 - 0x00007ff8515ca000 	C:\WINDOWS\System32\FLTLIB.DLL
0x000000005bc40000 - 0x000000005bc5a000 	C:\Program Files\Java\jdk1.8.0_171\jre\bin\net.dll
0x00007ff850dd0000 - 0x00007ff850e36000 	C:\WINDOWS\system32\mswsock.dll
0x000000005bc20000 - 0x000000005bc31000 	C:\Program Files\Java\jdk1.8.0_171\jre\bin\nio.dll
0x00007ff828240000 - 0x00007ff828295000 	C:\Users\florian\AppData\Local\Temp\lwjglflorian\3.1.0-build-40\lwjgl.dll
0x00007ff8360d0000 - 0x00007ff83610c000 	C:\Users\florian\AppData\Local\Temp\lwjglflorian\3.1.0-build-40\glfw.dll
0x00007ff850f80000 - 0x00007ff850f8b000 	C:\WINDOWS\SYSTEM32\CRYPTBASE.DLL
0x00007ff84f9e0000 - 0x00007ff84fa78000 	C:\WINDOWS\system32\uxtheme.dll
0x00007ff8276d0000 - 0x00007ff827713000 	C:\WINDOWS\SYSTEM32\dinput8.dll
0x00007ff8475e0000 - 0x00007ff8475f0000 	C:\WINDOWS\SYSTEM32\xinput1_4.dll
0x00007ff851360000 - 0x00007ff851387000 	C:\WINDOWS\SYSTEM32\DEVOBJ.dll
0x00007ff84fcc0000 - 0x00007ff84fce9000 	C:\WINDOWS\SYSTEM32\dwmapi.dll
0x00007ff846150000 - 0x00007ff8461c9000 	C:\WINDOWS\SYSTEM32\inputhost.dll
0x00007ff84d3e0000 - 0x00007ff84d52d000 	C:\WINDOWS\SYSTEM32\wintypes.dll
0x00007ff84f590000 - 0x00007ff84f66a000 	C:\WINDOWS\SYSTEM32\CoreMessaging.dll
0x00007ff84b770000 - 0x00007ff84ba8e000 	C:\WINDOWS\SYSTEM32\CoreUIComponents.dll
0x00007ff850730000 - 0x00007ff850761000 	C:\WINDOWS\SYSTEM32\ntmarta.dll
0x00007ff850260000 - 0x00007ff85026c000 	C:\WINDOWS\SYSTEM32\HID.DLL
0x00007ff853b90000 - 0x00007ff853fdb000 	C:\WINDOWS\System32\SETUPAPI.DLL
0x00007ff851630000 - 0x00007ff851687000 	C:\WINDOWS\System32\WINTRUST.dll
0x00007ff851550000 - 0x00007ff851562000 	C:\WINDOWS\System32\MSASN1.dll
0x00007ff8518b0000 - 0x00007ff851a92000 	C:\WINDOWS\System32\CRYPT32.dll
0x00007ff854420000 - 0x00007ff854595000 	C:\WINDOWS\System32\MSCTF.dll
0x00007ff8540a0000 - 0x00007ff854162000 	C:\WINDOWS\System32\OLEAUT32.dll
0x00007ff808940000 - 0x00007ff808a60000 	C:\WINDOWS\SYSTEM32\opengl32.dll
0x00007ff82a7a0000 - 0x00007ff82a7cc000 	C:\WINDOWS\SYSTEM32\GLU32.dll
0x0000000058bd0000 - 0x000000005b254000 	C:\WINDOWS\System32\DriverStore\FileRepository\nvddi.inf_amd64_932aa56f94c69d29\nvoglv64.dll
0x00007ff854dc0000 - 0x00007ff854f11000 	C:\WINDOWS\System32\ole32.dll
0x00007ff84db00000 - 0x00007ff84db13000 	C:\WINDOWS\SYSTEM32\WTSAPI32.dll
0x00007ff8506d0000 - 0x00007ff850726000 	C:\WINDOWS\SYSTEM32\WINSTA.dll
0x00007ff8461d0000 - 0x00007ff846268000 	C:\WINDOWS\System32\TextInputFramework.dll
0x000000005ba30000 - 0x000000005bbc8000 	C:\Program Files\Java\jdk1.8.0_171\jre\bin\awt.dll
0x00007ff84f8b0000 - 0x00007ff84f93b000 	C:\WINDOWS\SYSTEM32\apphelp.dll
0x00007ff8277d0000 - 0x00007ff827999000 	C:\WINDOWS\SYSTEM32\dbghelp.dll

VM Arguments:
jvm_args: -Djava.library.path=G:\picatrix1899_portable\workspace\git\CodeRed3\CodeRed\lib\natives -Dfile.encoding=Cp1252 
java_command: com.codered.demo.Main
java_class_path (initial): G:\picatrix1899_portable\workspace\git\CodeRed3\CodeRedDemo\bin;G:\picatrix1899_portable\workspace\git\utilslib\utilslib\bin;G:\picatrix1899_portable\workspace\git\CodeRed3\CodeRedDemo\lib\lwjgl-glfw.jar;G:\picatrix1899_portable\workspace\git\CodeRed3\CodeRedDemo\lib\lwjgl.jar;G:\picatrix1899_portable\workspace\git\CodeRed3\CodeRedDemo\lib\lwjgl-natives-windows.jar;G:\picatrix1899_portable\workspace\git\CodeRed3\CodeRedDemo\lib\lwjgl-opengl.jar;G:\picatrix1899_portable\workspace\git\CodeRed3\CodeRedDemo\lib\guava-19.0.jar;G:\picatrix1899_portable\workspace\git\CodeRed3\CodeRed\bin;G:\picatrix1899_portable\workspace\git\CodeRed3\CodeRed\lib\guava-19.0.jar;G:\picatrix1899_portable\workspace\git\CodeRed3\CodeRed\lib\jorbis-0.0.15.jar;G:\picatrix1899_portable\workspace\git\CodeRed3\CodeRed\lib\jogg-0.0.7.jar;G:\picatrix1899_portable\workspace\git\CodeRed3\CodeRed\lib\lwjgl-glfw-natives-windows.jar;G:\picatrix1899_portable\workspace\git\CodeRed3\CodeRed\lib\lwjgl-glfw.jar;G:\picatrix1899_portable\workspace\git\CodeRed3\CodeRed\lib\lwjgl-natives-windows.jar;G:\picatrix1899_portable\workspace\git\CodeRed3\CodeRed\lib\lwjgl-nuklear-natives-windows.jar;G:\picatrix1899_portable\workspace\git\CodeRed3\CodeRed\lib\lwjgl-nuklear.jar;G:\picatrix1899_portable\workspace\git\CodeRed3\CodeRed\lib\lwjgl-openal.jar;G:\picatrix1899_portable\workspace\git\CodeRed3\CodeRed\lib\lwjgl-opencl.jar;G:\picatrix1899_portable\workspace\git\CodeRed3\CodeRed\lib\lwjgl-opengl.jar;G:\picatrix1899_portable\workspace\git\CodeRed3\CodeRed\lib\lwjgl-ovr.jar;G:\picatrix1899_portable\workspace\git\CodeRed3\CodeRed\lib\lwjgl-ovr-natives-windows.jar;G:\picatrix1899_portable\workspace\git\CodeRed3\CodeRed\lib\lwjgl-openal-natives-windows.jar;G:\picatrix1899_portable\workspace\git\CodeRed3\CodeRed\lib\lwjgl.jar
Launcher Type: SUN_STANDARD

Environment Variables:
JAVA_HOME=C:\Program Files\Java\jdk1.8.0_171
PATH=C:/Program Files/Java/jdk1.8.0_171/bin/../jre/bin/server;C:/Program Files/Java/jdk1.8.0_171/bin/../jre/bin;C:/Program Files/Java/jdk1.8.0_171/bin/../jre/lib/amd64;C:\WINDOWS\system32;C:\WINDOWS;C:\WINDOWS\System32\Wbem;C:\WINDOWS\System32\WindowsPowerShell\v1.0\;C:\WINDOWS\System32\OpenSSH\;C:\Program Files\Git\cmd;C:\Users\florian\AppData\Local\Microsoft\WindowsApps;C:\Program Files\Java\jdk1.8.0_171\bin;;G:\picatrix1899_portable\eclipse oxygen;
USERNAME=florian
OS=Windows_NT
PROCESSOR_IDENTIFIER=Intel64 Family 6 Model 79 Stepping 1, GenuineIntel



---------------  S Y S T E M  ---------------

OS: Windows 10.0 , 64 bit Build 17134 (10.0.17134.1)

CPU:total 12 (initial active 12) (6 cores per cpu, 2 threads per core) family 6 model 79 stepping 1, cmov, cx8, fxsr, mmx, sse, sse2, sse3, ssse3, sse4.1, sse4.2, popcnt, avx, avx2, aes, clmul, erms, rtm, 3dnowpref, lzcnt, ht, tsc, tscinvbit, bmi1, bmi2, adx

Memory: 4k page, physical 16673752k(12399436k free), swap 19688408k(11396812k free)

vm_info: Java HotSpot(TM) 64-Bit Server VM (25.171-b11) for windows-amd64 JRE (1.8.0_171-b11), built on Mar 28 2018 16:06:12 by "java_re" with MS VC++ 10.0 (VS2010)

time: Sat Jun 16 21:26:02 2018
elapsed time: 4 seconds (0d 0h 0m 4s)

