#
# A fatal error has been detected by the Java Runtime Environment:
#
#  EXCEPTION_ACCESS_VIOLATION (0xc0000005) at pc=0x000000006c6526d9, pid=13180, tid=0x00000000000027f4
#
# JRE version: Java(TM) SE Runtime Environment (8.0_121-b13) (build 1.8.0_121-b13)
# Java VM: Java HotSpot(TM) 64-Bit Server VM (25.121-b13 mixed mode windows-amd64 compressed oops)
# Problematic frame:
# C  [nvoglv64.DLL+0x15c26d9]
#
# Failed to write core dump. Minidumps are not enabled by default on client versions of Windows
#
# If you would like to submit a bug report, please visit:
#   http://bugreport.java.com/bugreport/crash.jsp
# The crash happened outside the Java Virtual Machine in native code.
# See problematic frame for where to report the bug.
#

---------------  T H R E A D  ---------------

Current thread (0x0000000004ce2800):  JavaThread "main" [_thread_in_native, id=10228, stack(0x0000000004be0000,0x0000000004ce0000)]

siginfo: ExceptionCode=0xc0000005, reading address 0x0000000000000000

Registers:
RAX=0x0000000000000040, RBX=0x00000000237b0aa8, RCX=0x0000000000000040, RDX=0xffffffffdc2133c4
RSP=0x0000000004cdf008, RBP=0x0000000000000001, RSI=0x0000000000000000, RDI=0x0000000023decc3c
R8 =0x0000000000000040, R9 =0x0000000000000004, R10=0x0000000000000000, R11=0x0000000023decc3c
R12=0x0000000000000000, R13=0x000000006b090000, R14=0x0000000000000003, R15=0x00000000237b0828
RIP=0x000000006c6526d9, EFLAGS=0x0000000000010207

Top of Stack: (sp=0x0000000004cdf008)
0x0000000004cdf008:   0000000000000004 0000000023decc3c
0x0000000004cdf018:   000000006bb5392c 0000000000000004
0x0000000004cdf028:   000000006a68671f 0000000000000000
0x0000000004cdf038:   000000006b9f45db 0000000000000000
0x0000000004cdf048:   0000000000000000 0000000000000000
0x0000000004cdf058:   000000000004810b 00000000237b0828
0x0000000004cdf068:   000000006bb546de 00000000237b0080
0x0000000004cdf078:   0000000000000004 0000000000000005
0x0000000004cdf088:   000000001e432dc8 0000000004ce2800
0x0000000004cdf098:   0000000004cdf188 000000001e392430
0x0000000004cdf0a8:   0000000000000000 000000000000055c
0x0000000004cdf0b8:   0000000004df7f74 000000001e392430
0x0000000004cdf0c8:   0000000004cdf148 0000000000000138
0x0000000004cdf0d8:   0000000004cdf0d8 0000000000000000
0x0000000004cdf0e8:   0000000000000004 000000001e432dc8
0x0000000004cdf0f8:   000000006a6ccec4 0000000029395c38 

Instructions: (pc=0x000000006c6526d9)
0x000000006c6526b9:   03 c0 48 3b c8 0f 8c 96 03 00 00 0f ba 25 8c ba
0x000000006c6526c9:   a2 00 01 73 13 57 56 48 8b f9 49 8b f2 49 8b c8
0x000000006c6526d9:   f3 a4 5e 5f 49 8b c3 c3 0f ba 25 6f ba a2 00 02
0x000000006c6526e9:   0f 82 56 02 00 00 f6 c1 07 74 36 f6 c1 01 74 0b 


Register to memory mapping:

RAX=0x0000000000000040 is an unknown value
RBX=0x00000000237b0aa8 is an unknown value
RCX=0x0000000000000040 is an unknown value
RDX=0xffffffffdc2133c4 is an unknown value
RSP=0x0000000004cdf008 is pointing into the stack for thread: 0x0000000004ce2800
RBP=0x0000000000000001 is an unknown value
RSI=0x0000000000000000 is an unknown value
RDI=0x0000000023decc3c is an unknown value
R8 =0x0000000000000040 is an unknown value
R9 =0x0000000000000004 is an unknown value
R10=0x0000000000000000 is an unknown value
R11=0x0000000023decc3c is an unknown value
R12=0x0000000000000000 is an unknown value
R13=0x000000006b090000 is an unknown value
R14=0x0000000000000003 is an unknown value
R15=0x00000000237b0828 is an unknown value


Stack: [0x0000000004be0000,0x0000000004ce0000],  sp=0x0000000004cdf008,  free space=1020k
Native frames: (J=compiled Java code, j=interpreted, Vv=VM code, C=native code)
C  [nvoglv64.DLL+0x15c26d9]
C  0x0000000000000004

Java frames: (J=compiled Java code, j=interpreted, Vv=VM code)
j  org.lwjgl.system.JNI.callV(JIII)V+0
j  org.lwjgl.opengl.GL11.glDrawArrays(III)V+11
j  com.codered.engine.gui.GUI.drawText(Ljava/lang/String;FFFFLcom/codered/engine/managing/loader/LambdaFont;)V+363
j  com.codered.engine.gui.elements.GUIELabel.render()V+26
j  com.codered.engine.gui.GUIWindow.render()V+27
j  com.codered.demo.GUIIngameOverlay.render()V+69
j  com.codered.demo.DemoGame.render()V+108
j  com.codered.engine.GameRoutine.run()V+122
j  com.codered.engine.GameRoutine.start()V+10
j  com.codered.engine.Game.start()V+4
j  com.codered.demo.Main.main([Ljava/lang/String;)V+9
v  ~StubRoutines::call_stub

---------------  P R O C E S S  ---------------

Java Threads: ( => current thread )
  0x0000000021f33000 JavaThread "Java2D Disposer" daemon [_thread_blocked, id=7084, stack(0x0000000028de0000,0x0000000028ee0000)]
  0x0000000020854800 JavaThread "Service Thread" daemon [_thread_blocked, id=12408, stack(0x00000000214b0000,0x00000000215b0000)]
  0x00000000207c9800 JavaThread "C1 CompilerThread3" daemon [_thread_blocked, id=2420, stack(0x00000000213b0000,0x00000000214b0000)]
  0x00000000207c6800 JavaThread "C2 CompilerThread2" daemon [_thread_blocked, id=6652, stack(0x00000000212b0000,0x00000000213b0000)]
  0x00000000207c8800 JavaThread "C2 CompilerThread1" daemon [_thread_blocked, id=2028, stack(0x00000000211b0000,0x00000000212b0000)]
  0x00000000207bc000 JavaThread "C2 CompilerThread0" daemon [_thread_blocked, id=1300, stack(0x00000000210b0000,0x00000000211b0000)]
  0x00000000207b9000 JavaThread "Attach Listener" daemon [_thread_blocked, id=11548, stack(0x0000000020fb0000,0x00000000210b0000)]
  0x00000000207c2800 JavaThread "Signal Dispatcher" daemon [_thread_blocked, id=3660, stack(0x0000000020eb0000,0x0000000020fb0000)]
  0x0000000004dd9000 JavaThread "Finalizer" daemon [_thread_blocked, id=11904, stack(0x0000000020b90000,0x0000000020c90000)]
  0x0000000004dd6000 JavaThread "Reference Handler" daemon [_thread_blocked, id=9588, stack(0x0000000020690000,0x0000000020790000)]
=>0x0000000004ce2800 JavaThread "main" [_thread_in_native, id=10228, stack(0x0000000004be0000,0x0000000004ce0000)]

Other Threads:
  0x000000001e896800 VMThread [stack: 0x0000000020590000,0x0000000020690000] [id=10644]
  0x0000000020881800 WatcherThread [stack: 0x0000000021960000,0x0000000021a60000] [id=2536]

VM state:not at safepoint (normal execution)

VM Mutex/Monitor currently owned by a thread: None

Heap:
 PSYoungGen      total 76288K, used 45375K [0x000000076ae00000, 0x0000000770300000, 0x00000007c0000000)
  eden space 65536K, 62% used [0x000000076ae00000,0x000000076d5cc910,0x000000076ee00000)
  from space 10752K, 42% used [0x000000076f880000,0x000000076fd034c0,0x0000000770300000)
  to   space 10752K, 0% used [0x000000076ee00000,0x000000076ee00000,0x000000076f880000)
 ParOldGen       total 175104K, used 36904K [0x00000006c0a00000, 0x00000006cb500000, 0x000000076ae00000)
  object space 175104K, 21% used [0x00000006c0a00000,0x00000006c2e0a030,0x00000006cb500000)
 Metaspace       used 11674K, capacity 11911K, committed 12288K, reserved 1060864K
  class space    used 1083K, capacity 1175K, committed 1280K, reserved 1048576K

Card table byte_map: [0x00000000141a0000,0x00000000149a0000] byte_map_base: 0x0000000010b9b000

Marking Bits: (ParMarkBitMap*) 0x000000006adbb6d0
 Begin Bits: [0x0000000015700000, 0x00000000196d8000)
 End Bits:   [0x00000000196d8000, 0x000000001d6b0000)

Polling page: 0x0000000003290000

CodeCache: size=245760Kb used=4127Kb max_used=4129Kb free=241632Kb
 bounds [0x0000000004de0000, 0x00000000051f0000, 0x0000000013de0000]
 total_blobs=1941 nmethods=1072 adapters=782
 compilation: enabled

Compilation events (10 events):
Event: 4.778 Thread 0x00000000207c9800 1067 %     3       com.codered.engine.GameRoutine::run @ 26 (136 bytes)
Event: 4.778 Thread 0x00000000207c9800 nmethod 1067% 0x00000000051e8f10 code [0x00000000051e9100, 0x00000000051e9a58]
Event: 4.779 Thread 0x00000000207c9800 1068       3       com.codered.engine.GameRoutine::run (136 bytes)
Event: 4.779 Thread 0x00000000207c9800 nmethod 1068 0x00000000051e73d0 code [0x00000000051e75c0, 0x00000000051e7e18]
Event: 4.779 Thread 0x00000000207bc000 1069 %     4       com.codered.engine.GameRoutine::run @ 26 (136 bytes)
Event: 4.781 Thread 0x00000000207bc000 nmethod 1069% 0x00000000051e5a90 code [0x00000000051e5be0, 0x00000000051e5d58]
Event: 4.819 Thread 0x00000000207c9800 1070       3       java.lang.invoke.MethodType$ConcurrentWeakInternSet::add (66 bytes)
Event: 4.820 Thread 0x00000000207c9800 nmethod 1070 0x00000000051ea110 code [0x00000000051ea340, 0x00000000051eb128]
Event: 4.820 Thread 0x00000000207c9800 1071       3       jdk.internal.org.objectweb.asm.Label::resolve (214 bytes)
Event: 4.820 Thread 0x00000000207c9800 nmethod 1071 0x00000000051e6910 code [0x00000000051e6aa0, 0x00000000051e6f70]

GC Heap History (8 events):
Event: 3.073 GC heap before
{Heap before GC invocations=1 (full 0):
 PSYoungGen      total 76288K, used 65536K [0x000000076ae00000, 0x0000000770300000, 0x00000007c0000000)
  eden space 65536K, 100% used [0x000000076ae00000,0x000000076ee00000,0x000000076ee00000)
  from space 10752K, 0% used [0x000000076f880000,0x000000076f880000,0x0000000770300000)
  to   space 10752K, 0% used [0x000000076ee00000,0x000000076ee00000,0x000000076f880000)
 ParOldGen       total 175104K, used 0K [0x00000006c0a00000, 0x00000006cb500000, 0x000000076ae00000)
  object space 175104K, 0% used [0x00000006c0a00000,0x00000006c0a00000,0x00000006cb500000)
 Metaspace       used 10762K, capacity 11019K, committed 11392K, reserved 1058816K
  class space    used 958K, capacity 1037K, committed 1152K, reserved 1048576K
Event: 3.077 GC heap after
Heap after GC invocations=1 (full 0):
 PSYoungGen      total 76288K, used 5311K [0x000000076ae00000, 0x0000000770300000, 0x00000007c0000000)
  eden space 65536K, 0% used [0x000000076ae00000,0x000000076ae00000,0x000000076ee00000)
  from space 10752K, 49% used [0x000000076ee00000,0x000000076f32fcd8,0x000000076f880000)
  to   space 10752K, 0% used [0x000000076f880000,0x000000076f880000,0x0000000770300000)
 ParOldGen       total 175104K, used 16K [0x00000006c0a00000, 0x00000006cb500000, 0x000000076ae00000)
  object space 175104K, 0% used [0x00000006c0a00000,0x00000006c0a04000,0x00000006cb500000)
 Metaspace       used 10762K, capacity 11019K, committed 11392K, reserved 1058816K
  class space    used 958K, capacity 1037K, committed 1152K, reserved 1048576K
}
Event: 3.493 GC heap before
{Heap before GC invocations=2 (full 0):
 PSYoungGen      total 76288K, used 69855K [0x000000076ae00000, 0x0000000770300000, 0x00000007c0000000)
  eden space 65536K, 98% used [0x000000076ae00000,0x000000076ed081a0,0x000000076ee00000)
  from space 10752K, 49% used [0x000000076ee00000,0x000000076f32fcd8,0x000000076f880000)
  to   space 10752K, 0% used [0x000000076f880000,0x000000076f880000,0x0000000770300000)
 ParOldGen       total 175104K, used 16K [0x00000006c0a00000, 0x00000006cb500000, 0x000000076ae00000)
  object space 175104K, 0% used [0x00000006c0a00000,0x00000006c0a04000,0x00000006cb500000)
 Metaspace       used 10791K, capacity 11019K, committed 11392K, reserved 1058816K
  class space    used 960K, capacity 1037K, committed 1152K, reserved 1048576K
Event: 3.497 GC heap after
Heap after GC invocations=2 (full 0):
 PSYoungGen      total 76288K, used 6702K [0x000000076ae00000, 0x0000000770300000, 0x00000007c0000000)
  eden space 65536K, 0% used [0x000000076ae00000,0x000000076ae00000,0x000000076ee00000)
  from space 10752K, 62% used [0x000000076f880000,0x000000076ff0b8d0,0x0000000770300000)
  to   space 10752K, 0% used [0x000000076ee00000,0x000000076ee00000,0x000000076f880000)
 ParOldGen       total 175104K, used 24K [0x00000006c0a00000, 0x00000006cb500000, 0x000000076ae00000)
  object space 175104K, 0% used [0x00000006c0a00000,0x00000006c0a06000,0x00000006cb500000)
 Metaspace       used 10791K, capacity 11019K, committed 11392K, reserved 1058816K
  class space    used 960K, capacity 1037K, committed 1152K, reserved 1048576K
}
Event: 3.977 GC heap before
{Heap before GC invocations=3 (full 0):
 PSYoungGen      total 76288K, used 70593K [0x000000076ae00000, 0x0000000770300000, 0x00000007c0000000)
  eden space 65536K, 97% used [0x000000076ae00000,0x000000076ec64c40,0x000000076ee00000)
  from space 10752K, 62% used [0x000000076f880000,0x000000076ff0b8d0,0x0000000770300000)
  to   space 10752K, 0% used [0x000000076ee00000,0x000000076ee00000,0x000000076f880000)
 ParOldGen       total 175104K, used 24K [0x00000006c0a00000, 0x00000006cb500000, 0x000000076ae00000)
  object space 175104K, 0% used [0x00000006c0a00000,0x00000006c0a06000,0x00000006cb500000)
 Metaspace       used 10797K, capacity 11019K, committed 11392K, reserved 1058816K
  class space    used 960K, capacity 1037K, committed 1152K, reserved 1048576K
Event: 3.980 GC heap after
Heap after GC invocations=3 (full 0):
 PSYoungGen      total 76288K, used 4638K [0x000000076ae00000, 0x0000000770300000, 0x00000007c0000000)
  eden space 65536K, 0% used [0x000000076ae00000,0x000000076ae00000,0x000000076ee00000)
  from space 10752K, 43% used [0x000000076ee00000,0x000000076f2878c0,0x000000076f880000)
  to   space 10752K, 0% used [0x000000076f880000,0x000000076f880000,0x0000000770300000)
 ParOldGen       total 175104K, used 32K [0x00000006c0a00000, 0x00000006cb500000, 0x000000076ae00000)
  object space 175104K, 0% used [0x00000006c0a00000,0x00000006c0a08000,0x00000006cb500000)
 Metaspace       used 10797K, capacity 11019K, committed 11392K, reserved 1058816K
  class space    used 960K, capacity 1037K, committed 1152K, reserved 1048576K
}
Event: 4.424 GC heap before
{Heap before GC invocations=4 (full 0):
 PSYoungGen      total 76288K, used 68186K [0x000000076ae00000, 0x0000000770300000, 0x00000007c0000000)
  eden space 65536K, 96% used [0x000000076ae00000,0x000000076ec0f290,0x000000076ee00000)
  from space 10752K, 43% used [0x000000076ee00000,0x000000076f2878c0,0x000000076f880000)
  to   space 10752K, 0% used [0x000000076f880000,0x000000076f880000,0x0000000770300000)
 ParOldGen       total 175104K, used 32K [0x00000006c0a00000, 0x00000006cb500000, 0x000000076ae00000)
  object space 175104K, 0% used [0x00000006c0a00000,0x00000006c0a08000,0x00000006cb500000)
 Metaspace       used 10799K, capacity 11019K, committed 11392K, reserved 1058816K
  class space    used 960K, capacity 1037K, committed 1152K, reserved 1048576K
Event: 4.432 GC heap after
Heap after GC invocations=4 (full 0):
 PSYoungGen      total 76288K, used 4621K [0x000000076ae00000, 0x0000000770300000, 0x00000007c0000000)
  eden space 65536K, 0% used [0x000000076ae00000,0x000000076ae00000,0x000000076ee00000)
  from space 10752K, 42% used [0x000000076f880000,0x000000076fd034c0,0x0000000770300000)
  to   space 10752K, 0% used [0x000000076ee00000,0x000000076ee00000,0x000000076f880000)
 ParOldGen       total 175104K, used 36904K [0x00000006c0a00000, 0x00000006cb500000, 0x000000076ae00000)
  object space 175104K, 21% used [0x00000006c0a00000,0x00000006c2e0a030,0x00000006cb500000)
 Metaspace       used 10799K, capacity 11019K, committed 11392K, reserved 1058816K
  class space    used 960K, capacity 1037K, committed 1152K, reserved 1048576K
}

Deoptimization events (10 events):
Event: 3.339 Thread 0x0000000004ce2800 Uncommon trap: reason=unstable_if action=reinterpret pc=0x0000000005093e20 method=java.awt.image.ComponentColorModel.getAlpha(Ljava/lang/Object;)I @ 4
Event: 3.374 Thread 0x0000000004ce2800 Uncommon trap: reason=unstable_if action=reinterpret pc=0x0000000005171e90 method=java.awt.image.BufferedImage.getRGB(IIII[III)[I @ 163
Event: 3.442 Thread 0x0000000004ce2800 Uncommon trap: reason=unstable_if action=reinterpret pc=0x0000000005174740 method=java.awt.image.BufferedImage.getRGB(IIII[III)[I @ 163
Event: 3.741 Thread 0x0000000004ce2800 Uncommon trap: reason=unstable_if action=reinterpret pc=0x0000000005105ff4 method=sun.misc.FloatingDecimal.readJavaFormatString(Ljava/lang/String;)Lsun/misc/FloatingDecimal$ASCIIToBinaryConverter; @ 445
Event: 4.716 Thread 0x0000000004ce2800 Uncommon trap: reason=class_check action=maybe_recompile pc=0x0000000005104140 method=java.util.Arrays.copyOf([Ljava/lang/Object;ILjava/lang/Class;)[Ljava/lang/Object; @ 24
Event: 4.716 Thread 0x0000000004ce2800 Uncommon trap: reason=class_check action=maybe_recompile pc=0x0000000005104140 method=java.util.Arrays.copyOf([Ljava/lang/Object;ILjava/lang/Class;)[Ljava/lang/Object; @ 24
Event: 4.717 Thread 0x0000000004ce2800 Uncommon trap: reason=unstable_if action=reinterpret pc=0x000000000519bac4 method=java.util.HashMap.getNode(ILjava/lang/Object;)Ljava/util/HashMap$Node; @ 62
Event: 4.719 Thread 0x0000000004ce2800 Uncommon trap: reason=class_check action=maybe_recompile pc=0x0000000005104140 method=java.util.Arrays.copyOf([Ljava/lang/Object;ILjava/lang/Class;)[Ljava/lang/Object; @ 24
Event: 4.720 Thread 0x0000000004ce2800 Uncommon trap: reason=class_check action=maybe_recompile pc=0x0000000005104140 method=java.util.Arrays.copyOf([Ljava/lang/Object;ILjava/lang/Class;)[Ljava/lang/Object; @ 24
Event: 4.807 Thread 0x0000000004ce2800 Uncommon trap: reason=unstable_if action=reinterpret pc=0x00000000051e5d04 method=com.codered.engine.GameRoutine.run()V @ 110

Internal exceptions (10 events):
Event: 0.063 Thread 0x0000000004ce2800 Exception <a 'java/io/FileNotFoundException'> (0x000000076ae6ecf0) thrown at [C:\re\workspace\8-2-build-windows-amd64-cygwin\jdk8u121\8372\hotspot\src\share\vm\prims\jni.cpp, line 709]
Event: 0.122 Thread 0x0000000004ce2800 Exception <a 'java/security/PrivilegedActionException'> (0x000000076b0ff978) thrown at [C:\re\workspace\8-2-build-windows-amd64-cygwin\jdk8u121\8372\hotspot\src\share\vm\prims\jvm.cpp, line 1390]
Event: 0.122 Thread 0x0000000004ce2800 Exception <a 'java/security/PrivilegedActionException'> (0x000000076b0ffb88) thrown at [C:\re\workspace\8-2-build-windows-amd64-cygwin\jdk8u121\8372\hotspot\src\share\vm\prims\jvm.cpp, line 1390]
Event: 0.123 Thread 0x0000000004ce2800 Exception <a 'java/security/PrivilegedActionException'> (0x000000076b1037f8) thrown at [C:\re\workspace\8-2-build-windows-amd64-cygwin\jdk8u121\8372\hotspot\src\share\vm\prims\jvm.cpp, line 1390]
Event: 0.123 Thread 0x0000000004ce2800 Exception <a 'java/security/PrivilegedActionException'> (0x000000076b103a08) thrown at [C:\re\workspace\8-2-build-windows-amd64-cygwin\jdk8u121\8372\hotspot\src\share\vm\prims\jvm.cpp, line 1390]
Event: 0.152 Thread 0x0000000004ce2800 Exception <a 'java/lang/NoSuchFieldError': method resolution failed> (0x000000076b1ed1c8) thrown at [C:\re\workspace\8-2-build-windows-amd64-cygwin\jdk8u121\8372\hotspot\src\share\vm\prims\methodHandles.cpp, line 1146]
Event: 0.154 Thread 0x0000000004ce2800 Exception <a 'java/lang/NoSuchFieldError': method resolution failed> (0x000000076b1fa8e8) thrown at [C:\re\workspace\8-2-build-windows-amd64-cygwin\jdk8u121\8372\hotspot\src\share\vm\prims\methodHandles.cpp, line 1146]
Event: 2.243 Thread 0x0000000004ce2800 Exception <a 'sun/nio/fs/WindowsException'> (0x000000076b460940) thrown at [C:\re\workspace\8-2-build-windows-amd64-cygwin\jdk8u121\8372\hotspot\src\share\vm\prims\jni.cpp, line 709]
Event: 2.243 Thread 0x0000000004ce2800 Exception <a 'sun/nio/fs/WindowsException'> (0x000000076b461db8) thrown at [C:\re\workspace\8-2-build-windows-amd64-cygwin\jdk8u121\8372\hotspot\src\share\vm\prims\jni.cpp, line 709]
Event: 2.729 Thread 0x0000000004ce2800 Exception <a 'java/io/FileNotFoundException'> (0x000000076bc85810) thrown at [C:\re\workspace\8-2-build-windows-amd64-cygwin\jdk8u121\8372\hotspot\src\share\vm\prims\jni.cpp, line 709]

Events (10 events):
Event: 4.819 loading class cmn/utilslib/dmap/dmappings/DMapping2
Event: 4.819 loading class cmn/utilslib/dmap/dmappings/DMapping2 done
Event: 4.819 loading class cmn/utilslib/dmap/dmaps/api/IDMap2Base
Event: 4.819 loading class cmn/utilslib/dmap/dmaps/api/IDMap2Base done
Event: 4.820 loading class cmn/utilslib/dmap/dmaps/api/IDMap2Base
Event: 4.820 loading class cmn/utilslib/dmap/dmaps/api/IDMap2Base done
Event: 4.820 loading class cmn/utilslib/dmap/dmappings/DMapping2
Event: 4.820 loading class cmn/utilslib/dmap/dmappings/DMapping2 done
Event: 4.820 loading class cmn/utilslib/essentials/SimpleMemoryIterator
Event: 4.820 loading class cmn/utilslib/essentials/SimpleMemoryIterator done


Dynamic libraries:
0x00007ff71a390000 - 0x00007ff71a3c7000 	C:\Program Files\Java\jre1.8.0_121\bin\javaw.exe
0x00007ffb4baa0000 - 0x00007ffb4bc80000 	C:\WINDOWS\SYSTEM32\ntdll.dll
0x00007ffb49560000 - 0x00007ffb4960e000 	C:\WINDOWS\System32\KERNEL32.DLL
0x00007ffb482b0000 - 0x00007ffb48516000 	C:\WINDOWS\System32\KERNELBASE.dll
0x00007ffb491a0000 - 0x00007ffb49241000 	C:\WINDOWS\System32\ADVAPI32.dll
0x00007ffb49100000 - 0x00007ffb4919d000 	C:\WINDOWS\System32\msvcrt.dll
0x00007ffb4b190000 - 0x00007ffb4b1eb000 	C:\WINDOWS\System32\sechost.dll
0x00007ffb4b4e0000 - 0x00007ffb4b5ff000 	C:\WINDOWS\System32\RPCRT4.dll
0x00007ffb48f70000 - 0x00007ffb490ff000 	C:\WINDOWS\System32\USER32.dll
0x00007ffb48230000 - 0x00007ffb48250000 	C:\WINDOWS\System32\win32u.dll
0x00007ffb4b160000 - 0x00007ffb4b188000 	C:\WINDOWS\System32\GDI32.dll
0x00007ffb47ef0000 - 0x00007ffb48083000 	C:\WINDOWS\System32\gdi32full.dll
0x00007ffb48090000 - 0x00007ffb4812b000 	C:\WINDOWS\System32\msvcp_win.dll
0x00007ffb48130000 - 0x00007ffb48226000 	C:\WINDOWS\System32\ucrtbase.dll
0x00007ffb33380000 - 0x00007ffb335e9000 	C:\WINDOWS\WinSxS\amd64_microsoft.windows.common-controls_6595b64144ccf1df_6.0.16299.309_none_15cfd4c4935e6b11\COMCTL32.dll
0x00007ffb49250000 - 0x00007ffb49558000 	C:\WINDOWS\System32\combase.dll
0x00007ffb487a0000 - 0x00007ffb48812000 	C:\WINDOWS\System32\bcryptPrimitives.dll
0x00007ffb4b4b0000 - 0x00007ffb4b4dd000 	C:\WINDOWS\System32\IMM32.DLL
0x000000006a460000 - 0x000000006a532000 	C:\Program Files\Java\jre1.8.0_121\bin\msvcr100.dll
0x000000006a5a0000 - 0x000000006ae3b000 	C:\Program Files\Java\jre1.8.0_121\bin\server\jvm.dll
0x00007ffb4ba60000 - 0x00007ffb4ba68000 	C:\WINDOWS\System32\PSAPI.DLL
0x00007ffb456b0000 - 0x00007ffb456d3000 	C:\WINDOWS\SYSTEM32\WINMM.dll
0x00007ffb3c770000 - 0x00007ffb3c779000 	C:\WINDOWS\SYSTEM32\WSOCK32.dll
0x00007ffb43c40000 - 0x00007ffb43c4a000 	C:\WINDOWS\SYSTEM32\VERSION.dll
0x00007ffb4b0f0000 - 0x00007ffb4b15c000 	C:\WINDOWS\System32\WS2_32.dll
0x00007ffb45680000 - 0x00007ffb456aa000 	C:\WINDOWS\SYSTEM32\WINMMBASE.dll
0x00007ffb47ea0000 - 0x00007ffb47eea000 	C:\WINDOWS\System32\cfgmgr32.dll
0x000000006def0000 - 0x000000006deff000 	C:\Program Files\Java\jre1.8.0_121\bin\verify.dll
0x000000006af70000 - 0x000000006af99000 	C:\Program Files\Java\jre1.8.0_121\bin\java.dll
0x000000006af50000 - 0x000000006af66000 	C:\Program Files\Java\jre1.8.0_121\bin\zip.dll
0x00007ffb49b60000 - 0x00007ffb4af96000 	C:\WINDOWS\System32\SHELL32.dll
0x00007ffb4b8d0000 - 0x00007ffb4b976000 	C:\WINDOWS\System32\shcore.dll
0x00007ffb48820000 - 0x00007ffb48f67000 	C:\WINDOWS\System32\windows.storage.dll
0x00007ffb4b810000 - 0x00007ffb4b861000 	C:\WINDOWS\System32\shlwapi.dll
0x00007ffb47df0000 - 0x00007ffb47e01000 	C:\WINDOWS\System32\kernel.appcore.dll
0x00007ffb47e30000 - 0x00007ffb47e7c000 	C:\WINDOWS\System32\powrprof.dll
0x00007ffb47e10000 - 0x00007ffb47e2b000 	C:\WINDOWS\System32\profapi.dll
0x000000006af30000 - 0x000000006af4a000 	C:\Program Files\Java\jre1.8.0_121\bin\net.dll
0x00007ffb47330000 - 0x00007ffb47396000 	C:\WINDOWS\system32\mswsock.dll
0x000000006af10000 - 0x000000006af21000 	C:\Program Files\Java\jre1.8.0_121\bin\nio.dll
0x00007ffb26580000 - 0x00007ffb265d5000 	C:\Users\necrostyle1\AppData\Local\Temp\lwjglnecrostyle1\3.1.0-build-40\lwjgl.dll
0x00007ffb3ba80000 - 0x00007ffb3babc000 	C:\Users\necrostyle1\AppData\Local\Temp\lwjglnecrostyle1\3.1.0-build-40\glfw.dll
0x00007ffb474f0000 - 0x00007ffb474fb000 	C:\WINDOWS\SYSTEM32\CRYPTBASE.DLL
0x00007ffb45900000 - 0x00007ffb45995000 	C:\WINDOWS\system32\uxtheme.dll
0x00007ffb24f50000 - 0x00007ffb24f93000 	C:\WINDOWS\SYSTEM32\dinput8.dll
0x00007ffb3e490000 - 0x00007ffb3e4a0000 	C:\WINDOWS\SYSTEM32\xinput1_4.dll
0x00007ffb47c00000 - 0x00007ffb47c27000 	C:\WINDOWS\SYSTEM32\DEVOBJ.dll
0x00007ffb43cc0000 - 0x00007ffb43cee000 	C:\WINDOWS\SYSTEM32\inputhost.dll
0x00007ffb43a60000 - 0x00007ffb43b3c000 	C:\WINDOWS\SYSTEM32\CoreMessaging.dll
0x00007ffb41650000 - 0x00007ffb4193e000 	C:\WINDOWS\SYSTEM32\CoreUIComponents.dll
0x00007ffb46b90000 - 0x00007ffb46bc1000 	C:\WINDOWS\SYSTEM32\ntmarta.dll
0x00007ffb42360000 - 0x00007ffb42496000 	C:\WINDOWS\SYSTEM32\wintypes.dll
0x00007ffb45a70000 - 0x00007ffb45a9a000 	C:\WINDOWS\SYSTEM32\dwmapi.dll
0x00007ffb33770000 - 0x00007ffb33819000 	C:\Program Files\Common Files\microsoft shared\ink\tiptsf.dll
0x00007ffb4b980000 - 0x00007ffb4ba45000 	C:\WINDOWS\System32\OLEAUT32.dll
0x00007ffb46cb0000 - 0x00007ffb46cbc000 	C:\WINDOWS\SYSTEM32\HID.DLL
0x00007ffb496b0000 - 0x00007ffb49afe000 	C:\WINDOWS\System32\SETUPAPI.DLL
0x00007ffb48250000 - 0x00007ffb482a8000 	C:\WINDOWS\System32\WINTRUST.dll
0x00007ffb47e80000 - 0x00007ffb47e92000 	C:\WINDOWS\System32\MSASN1.dll
0x00007ffb485d0000 - 0x00007ffb4879e000 	C:\WINDOWS\System32\CRYPT32.dll
0x00007ffb4b620000 - 0x00007ffb4b787000 	C:\WINDOWS\System32\MSCTF.dll
0x00007ffb253e0000 - 0x00007ffb254fe000 	C:\WINDOWS\SYSTEM32\opengl32.dll
0x00007ffb2d900000 - 0x00007ffb2d92c000 	C:\WINDOWS\SYSTEM32\GLU32.dll
0x000000006b090000 - 0x000000006d1e0000 	C:\WINDOWS\SYSTEM32\nvoglv64.DLL
0x00007ffb44060000 - 0x00007ffb44073000 	C:\WINDOWS\SYSTEM32\WTSAPI32.dll
0x00007ffb46c50000 - 0x00007ffb46ca5000 	C:\WINDOWS\SYSTEM32\WINSTA.dll
0x00007ffb46870000 - 0x00007ffb4691f000 	C:\WINDOWS\SYSTEM32\dxgi.dll
0x00007ffb43610000 - 0x00007ffb438f2000 	C:\WINDOWS\SYSTEM32\d3d11.dll
0x00007ffb3f910000 - 0x00007ffb41041000 	C:\WINDOWS\System32\DriverStore\FileRepository\nvddi.inf_amd64_ecf4171f88569c29\nvwgf2umx.dll
0x00007ffb47920000 - 0x00007ffb47945000 	C:\WINDOWS\SYSTEM32\bcrypt.dll
0x00007ffb39d30000 - 0x00007ffb39efb000 	C:\WINDOWS\system32\nvspcap64.dll
0x00007ffb4afa0000 - 0x00007ffb4b0e9000 	C:\WINDOWS\System32\ole32.dll
0x00007ffb42960000 - 0x00007ffb42a3e000 	C:\WINDOWS\SYSTEM32\WINHTTP.dll
0x00007ffb33f50000 - 0x00007ffb3434b000 	C:\WINDOWS\system32\nvapi64.dll
0x00007ffb3de10000 - 0x00007ffb3dea8000 	C:\WINDOWS\System32\TextInputFramework.dll
0x00007ffb49610000 - 0x00007ffb496ae000 	C:\WINDOWS\System32\clbcatq.dll
0x000000006a2c0000 - 0x000000006a458000 	C:\Program Files\Java\jre1.8.0_121\bin\awt.dll
0x00007ffb45330000 - 0x00007ffb453b8000 	C:\WINDOWS\SYSTEM32\apphelp.dll
0x00007ffb3c490000 - 0x00007ffb3c696000 	C:\Windows\System32\uiautomationcore.dll
0x00007ffb47c50000 - 0x00007ffb47cea000 	C:\WINDOWS\SYSTEM32\sxs.dll
0x00007ffb32df0000 - 0x00007ffb32e5e000 	C:\Windows\System32\OLEACC.dll
0x00007ffb47970000 - 0x00007ffb47b38000 	C:\WINDOWS\SYSTEM32\dbghelp.dll

VM Arguments:
jvm_args: -Djava.library.path=K:\picatrix1899_portable\workspace\git\CodeRed3\CodeRed\lib\natives -Dfile.encoding=Cp1252 
java_command: com.codered.demo.Main
java_class_path (initial): K:\picatrix1899_portable\workspace\git\CodeRed3\CodeRedDemo\bin;K:\picatrix1899_portable\workspace\git\utilslib\utilslib\bin;K:\picatrix1899_portable\workspace\git\CodeRed3\CodeRedDemo\lib\lwjgl-glfw.jar;K:\picatrix1899_portable\workspace\git\CodeRed3\CodeRedDemo\lib\lwjgl.jar;K:\picatrix1899_portable\workspace\git\CodeRed3\CodeRedDemo\lib\lwjgl-natives-windows.jar;K:\picatrix1899_portable\workspace\git\CodeRed3\CodeRedDemo\lib\lwjgl-opengl.jar;K:\picatrix1899_portable\workspace\git\CodeRed3\CodeRedDemo\lib\guava-19.0.jar;K:\picatrix1899_portable\workspace\git\CodeRed3\CodeRed\bin;K:\picatrix1899_portable\workspace\git\CodeRed3\CodeRed\lib\guava-19.0.jar;K:\picatrix1899_portable\workspace\git\CodeRed3\CodeRed\lib\jorbis-0.0.15.jar;K:\picatrix1899_portable\workspace\git\CodeRed3\CodeRed\lib\jogg-0.0.7.jar;K:\picatrix1899_portable\workspace\git\CodeRed3\CodeRed\lib\lwjgl-glfw-natives-windows.jar;K:\picatrix1899_portable\workspace\git\CodeRed3\CodeRed\lib\lwjgl-glfw.jar;K:\picatrix1899_portable\workspace\git\CodeRed3\CodeRed\lib\lwjgl-natives-windows.jar;K:\picatrix1899_portable\workspace\git\CodeRed3\CodeRed\lib\lwjgl-nuklear-natives-windows.jar;K:\picatrix1899_portable\workspace\git\CodeRed3\CodeRed\lib\lwjgl-nuklear.jar;K:\picatrix1899_portable\workspace\git\CodeRed3\CodeRed\lib\lwjgl-openal.jar;K:\picatrix1899_portable\workspace\git\CodeRed3\CodeRed\lib\lwjgl-opencl.jar;K:\picatrix1899_portable\workspace\git\CodeRed3\CodeRed\lib\lwjgl-opengl.jar;K:\picatrix1899_portable\workspace\git\CodeRed3\CodeRed\lib\lwjgl-ovr.jar;K:\picatrix1899_portable\workspace\git\CodeRed3\CodeRed\lib\lwjgl-ovr-natives-windows.jar;K:\picatrix1899_portable\workspace\git\CodeRed3\CodeRed\lib\lwjgl-openal-natives-windows.jar;K:\picatrix1899_portable\workspace\git\CodeRed3\CodeRed\lib\lwjgl.jar
Launcher Type: SUN_STANDARD

Environment Variables:
JAVA_HOME=C:\Program Files\Java\jdk1.8.0_121
JRE_HOME=C:\Program Files\Java\jdk1.8.0_121\jre
CLASSPATH=.;C:\Program Files\Java\jdk1.8.0_121\lib;C:\Program Files\Java\jdk1.8.0_121\jre\lib
PATH=C:/Program Files/Java/jre1.8.0_121/bin/server;C:/Program Files/Java/jre1.8.0_121/bin;C:/Program Files/Java/jre1.8.0_121/lib/amd64;C:\ProgramData\Oracle\Java\javapath;C:\Program Files (x86)\Microsoft DirectX SDK (August 2006)\Utilities\Bin\x86;C:\Program Files (x86)\Intel\iCLS Client\;C:\Program Files\Intel\iCLS Client\;C:\WINDOWS\system32;C:\WINDOWS;C:\WINDOWS\System32\Wbem;C:\WINDOWS\System32\WindowsPowerShell\v1.0\;C:\Program Files (x86)\EgisTec MyWinLocker\x64;C:\Program Files (x86)\EgisTec MyWinLocker\;C:\Program Files (x86)\ATI Technologies\ATI.ACE\Core-Static;C:\Program Files\Intel\Intel(R) Management Engine Components\DAL;C:\Program Files\Intel\Intel(R) Management Engine Components\IPT;C:\Program Files (x86)\Intel\Intel(R) Management Engine Components\DAL;C:\Program Files (x86)\Intel\Intel(R) Management Engine Components\IPT;C:\Program Files (x86)\Microsoft SQL Server\90\Tools\binn\;c:\Program Files (x86)\Microsoft SQL Server\100\Tools\Binn\;c:\Program Files (x86)\Microsoft SQL Server\100\DTS\Binn\;C:\Program Files\Common Files\Autodesk Shared\;C:\Program Files\Microsoft SQL Server\110\Tools\Binn\;C:\Program Files (x86)\AMD\ATI.ACE\Core-Static;C:\Program Files\Git\cmd;C:\Users\necrostyle1\.dnx\bin;C:\Program Files\Microsoft DNX\Dnvm\;C:\Program Files (x86)\Windows Kits\8.1\Windows Performance Toolkit\;C:\Program Files\Microsoft SQL Server\120\Tools\Binn\;C:\Program Files (x86)\QuickTime\QTSystem\;C:\Program Files (x86)\NVIDIA Corporation\PhysX\Common;D:\Tools\Mingw\bin;C:\Program Files (x86)\Skype\Phone\;C:\Program Files\WorldPainter;C:\WINDOWS\system32;C:\WINDOWS;C:\WINDOWS\System32\Wbem;C:\WINDOWS\System32\WindowsPowerShell\v1.0\;C:\Program Files\Java\jdk1.8.0_121\bin;C:\Program Files\Java\jdk1.8.0_121\bin;%USERPROFILE%\AppData\Local\Microsoft\WindowsApps;;K:\picatrix1899_portable\eclipse oxygen;
USERNAME=necrostyle1
OS=Windows_NT
PROCESSOR_IDENTIFIER=Intel64 Family 6 Model 58 Stepping 9, GenuineIntel



---------------  S Y S T E M  ---------------

OS: Windows 10.0 , 64 bit Build 16299 (10.0.16299.15)

CPU:total 8 (4 cores per cpu, 2 threads per core) family 6 model 58 stepping 9, cmov, cx8, fxsr, mmx, sse, sse2, sse3, ssse3, sse4.1, sse4.2, popcnt, avx, clmul, erms, ht, tsc, tscinvbit, tscinv

Memory: 4k page, physical 16734036k(6523508k free), swap 29841236k(10111220k free)

vm_info: Java HotSpot(TM) 64-Bit Server VM (25.121-b13) for windows-amd64 JRE (1.8.0_121-b13), built on Dec 12 2016 18:21:36 by "java_re" with MS VC++ 10.0 (VS2010)

time: Sun Apr 01 18:46:12 2018
elapsed time: 4 seconds (0d 0h 0m 4s)

